[0.013s] Invoking command in '/workspace/ros2_ws/build/cobot_fds': CMAKE_PREFIX_PATH=${CMAKE_PREFIX_PATH}:/opt/ros/iron /usr/bin/cmake --build /workspace/ros2_ws/build/cobot_fds -- -j8 -l8
[0.070s] [35m[1mConsolidate compiler generated dependencies of target cobot_drive_main[0m
[0.092s] [ 33%] [32mBuilding CXX object CMakeFiles/cobot_drive_main.dir/src/cobot_drive_main.cpp.o[0m
[3.344s] In file included from [01m[K/workspace/ros2_ws/cobot_fds/src/cobot_drive_main.cpp:22[m[K:
[3.344s] [01m[K/workspace/ros2_ws/cobot_fds/include/cobot_drive_main.hpp:19:38:[m[K [01;31m[Kerror: [m[K‘[01m[Kcobot_raw_status[m[K’ is not a member of ‘[01m[Kmessages::msg[m[K’; did you mean ‘[01m[KCobotRawStatus[m[K’?
[3.344s]    19 |     rclcpp::Publisher<messages::msg::[01;31m[Kcobot_raw_status[m[K>::SharedPtr cobotRawStatusPublisher;
[3.344s]       |                                      [01;31m[K^~~~~~~~~~~~~~~~[m[K
[3.344s]       |                                      [32m[KCobotRawStatus[m[K
[3.344s] [01m[K/workspace/ros2_ws/cobot_fds/include/cobot_drive_main.hpp:19:54:[m[K [01;31m[Kerror: [m[Ktemplate argument 1 is invalid
[3.344s]    19 |     rclcpp::Publisher<messages::msg::cobot_raw_status[01;31m[K>[m[K::SharedPtr cobotRawStatusPublisher;
[3.345s]       |                                                      [01;31m[K^[m[K
[3.345s] [01m[K/workspace/ros2_ws/cobot_fds/include/cobot_drive_main.hpp:19:57:[m[K [01;31m[Kerror: [m[Kexpected ‘[01m[K;[m[K’ at end of member declaration
[3.345s]    19 |     rclcpp::Publisher<messages::msg::cobot_raw_status>::[01;31m[KSharedPtr[m[K cobotRawStatusPublisher;
[3.345s]       |                                                         [01;31m[K^~~~~~~~~[m[K
[3.345s]       |                                                                  [32m[K;[m[K
[3.349s] [01m[K/workspace/ros2_ws/cobot_fds/include/cobot_drive_main.hpp:19:67:[m[K [01;31m[Kerror: [m[K‘[01m[KcobotRawStatusPublisher[m[K’ does not name a type
[3.349s]    19 |     rclcpp::Publisher<messages::msg::cobot_raw_status>::SharedPtr [01;31m[KcobotRawStatusPublisher[m[K;
[3.349s]       |                                                                   [01;31m[K^~~~~~~~~~~~~~~~~~~~~~~[m[K
[3.424s] [01m[K/workspace/ros2_ws/cobot_fds/src/cobot_drive_main.cpp:31:64:[m[K [01;31m[Kerror: [m[K‘[01m[KTwistStampedPtr[m[K’ in namespace ‘[01m[Kgeometry_msgs[m[K’ does not name a type
[3.424s]    31 | void cobot_drive_main::cobotDriveCallback(const geometry_msgs::[01;31m[KTwistStampedPtr[m[K& msg) {
[3.424s]       |                                                                [01;31m[K^~~~~~~~~~~~~~~[m[K
[3.424s] [01m[K/workspace/ros2_ws/cobot_fds/src/cobot_drive_main.cpp:31:6:[m[K [01;31m[Kerror: [m[Kno declaration matches ‘[01m[Kvoid cobot_drive_main::cobotDriveCallback(const int&)[m[K’
[3.425s]    31 | void [01;31m[Kcobot_drive_main[m[K::cobotDriveCallback(const geometry_msgs::TwistStampedPtr& msg) {
[3.425s]       |      [01;31m[K^~~~~~~~~~~~~~~~[m[K
[3.425s] In file included from [01m[K/workspace/ros2_ws/cobot_fds/src/cobot_drive_main.cpp:22[m[K:
[3.425s] [01m[K/workspace/ros2_ws/cobot_fds/include/cobot_drive_main.hpp:29:10:[m[K [01;36m[Knote: [m[Kcandidate is: ‘[01m[Kvoid cobot_drive_main::cobotDriveCallback(geometry_msgs::msg::TwistStamped_<std::allocator<void> >::SharedPtr)[m[K’
[3.425s]    29 |     void [01;36m[KcobotDriveCallback[m[K(const geometry_msgs::msg::TwistStamped::SharedPtr msg);
[3.425s]       |          [01;36m[K^~~~~~~~~~~~~~~~~~[m[K
[3.426s] [01m[K/workspace/ros2_ws/cobot_fds/include/cobot_drive_main.hpp:14:7:[m[K [01;36m[Knote: [m[K‘[01m[Kclass cobot_drive_main[m[K’ defined here
[3.426s]    14 | class [01;36m[Kcobot_drive_main[m[K : public rclcpp::Node
[3.426s]       |       [01;36m[K^~~~~~~~~~~~~~~~[m[K
[3.426s] [01m[K/workspace/ros2_ws/cobot_fds/src/cobot_drive_main.cpp:[m[K In function ‘[01m[Kvoid timerEvent()[m[K’:
[3.426s] [01m[K/workspace/ros2_ws/cobot_fds/src/cobot_drive_main.cpp:37:29:[m[K [01;31m[Kerror: [m[K‘[01m[Know[m[K’ is not a member of ‘[01m[Krclcpp::Time[m[K’
[3.426s]    37 |   auto tNow = rclcpp::Time::[01;31m[Know[m[K();
[3.427s]       |                             [01;31m[K^~~[m[K
[3.428s] [01m[K/workspace/ros2_ws/cobot_fds/src/cobot_drive_main.cpp:46:3:[m[K [01;31m[Kerror: [m[K‘[01m[KcobotDrive[m[K’ was not declared in this scope; did you mean ‘[01m[KCobotDrive[m[K’?
[3.429s]    46 |   [01;31m[KcobotDrive[m[K->run();
[3.429s]       |   [01;31m[K^~~~~~~~~~[m[K
[3.429s]       |   [32m[KCobotDrive[m[K
[3.429s] [01m[K/workspace/ros2_ws/cobot_fds/src/cobot_drive_main.cpp:65:15:[m[K [01;31m[Kerror: [m[K‘[01m[Kmessages::msgs[m[K’ has not been declared
[3.429s]    65 |     messages::[01;31m[Kmsgs[m[K::cobot_raw_status cobotRawStatusMsg;
[3.430s]       |               [01;31m[K^~~~[m[K
[3.436s] [01m[K/workspace/ros2_ws/cobot_fds/src/cobot_drive_main.cpp:66:5:[m[K [01;31m[Kerror: [m[K‘[01m[KcobotRawStatusMsg[m[K’ was not declared in this scope
[3.436s]    66 |     [01;31m[KcobotRawStatusMsg[m[K.dr = dr;
[3.436s]       |     [01;31m[K^~~~~~~~~~~~~~~~~[m[K
[3.436s] [01m[K/workspace/ros2_ws/cobot_fds/src/cobot_drive_main.cpp:86:24:[m[K [01;31m[Kerror: [m[K‘[01m[Kusing _header_type = struct std_msgs::msg::Header_<std::allocator<void> >[m[K’ {aka ‘[01m[Kstruct std_msgs::msg::Header_<std::allocator<void> >[m[K’} has no member named ‘[01m[Kseq[m[K’
[3.437s]    86 |     odometryMsg.header.[01;31m[Kseq[m[K ++;
[3.437s]       |                        [01;31m[K^~~[m[K
[3.437s] [01m[K/workspace/ros2_ws/cobot_fds/src/cobot_drive_main.cpp:87:46:[m[K [01;31m[Kerror: [m[K‘[01m[Know[m[K’ is not a member of ‘[01m[Krclcpp::Time[m[K’
[3.437s]    87 |     odometryMsg.header.stamp = rclcpp::Time::[01;31m[Know[m[K();
[3.437s]       |                                              [01;31m[K^~~[m[K
[3.446s] [01m[K/workspace/ros2_ws/cobot_fds/src/cobot_drive_main.cpp:112:7:[m[K [01;31m[Kerror: [m[K‘[01m[KcobotRawStatusPublisher[m[K’ was not declared in this scope
[3.446s]   112 |       [01;31m[KcobotRawStatusPublisher[m[K->publish(cobotRawStatusMsg);
[3.446s]       |       [01;31m[K^~~~~~~~~~~~~~~~~~~~~~~[m[K
[3.446s] [01m[K/workspace/ros2_ws/cobot_fds/src/cobot_drive_main.cpp:114:7:[m[K [01;31m[Kerror: [m[K‘[01m[Ktf[m[K’ has not been declared
[3.447s]   114 |       [01;31m[Ktf[m[K::Transform transform;
[3.447s]       |       [01;31m[K^~[m[K
[3.447s] [01m[K/workspace/ros2_ws/cobot_fds/src/cobot_drive_main.cpp:115:7:[m[K [01;31m[Kerror: [m[K‘[01m[Ktransform[m[K’ was not declared in this scope; did you mean ‘[01m[Kstd::transform[m[K’?
[3.447s]   115 |       [01;31m[Ktransform[m[K.setOrigin(tf::Vector3(curLoc[0],curLoc[1], 0.0));
[3.447s]       |       [01;31m[K^~~~~~~~~[m[K
[3.447s]       |       [32m[Kstd::transform[m[K
[3.448s] In file included from [01m[K/usr/include/c++/11/algorithm:74[m[K,
[3.448s]                  from [01m[K/workspace/ros2_ws/cobot_fds/include/drive.h:29[m[K,
[3.448s]                  from [01m[K/workspace/ros2_ws/cobot_fds/include/cobot_drive_main.hpp:3[m[K,
[3.448s]                  from [01m[K/workspace/ros2_ws/cobot_fds/src/cobot_drive_main.cpp:22[m[K:
[3.448s] [01m[K/usr/include/c++/11/pstl/glue_algorithm_defs.h:162:1:[m[K [01;36m[Knote: [m[K‘[01m[Kstd::transform[m[K’ declared here
[3.448s]   162 | [01;36m[Ktransform[m[K(_ExecutionPolicy&& __exec, _ForwardIterator1 __first1, _ForwardIterator1 __last1, _ForwardIterator2 __first2,
[3.448s]       | [01;36m[K^~~~~~~~~[m[K
[3.449s] [01m[K/workspace/ros2_ws/cobot_fds/src/cobot_drive_main.cpp:115:27:[m[K [01;31m[Kerror: [m[K‘[01m[Ktf[m[K’ has not been declared
[3.449s]   115 |       transform.setOrigin([01;31m[Ktf[m[K::Vector3(curLoc[0],curLoc[1], 0.0));
[3.449s]       |                           [01;31m[K^~[m[K
[3.449s] [01m[K/workspace/ros2_ws/cobot_fds/src/cobot_drive_main.cpp:116:29:[m[K [01;31m[Kerror: [m[K‘[01m[Ktf[m[K’ has not been declared
[3.449s]   116 |       transform.setRotation([01;31m[Ktf[m[K::Quaternion(tf::Vector3(1,0,0),curAngle));
[3.449s]       |                             [01;31m[K^~[m[K
[3.449s] [01m[K/workspace/ros2_ws/cobot_fds/src/cobot_drive_main.cpp:116:44:[m[K [01;31m[Kerror: [m[K‘[01m[Ktf[m[K’ has not been declared
[3.449s]   116 |       transform.setRotation(tf::Quaternion([01;31m[Ktf[m[K::Vector3(1,0,0),curAngle));
[3.450s]       |                                            [01;31m[K^~[m[K
[3.454s] [01m[K/workspace/ros2_ws/cobot_fds/src/cobot_drive_main.cpp:117:7:[m[K [01;31m[Kerror: [m[K‘[01m[KtfBroadcaster[m[K’ was not declared in this scope
[3.454s]   117 |       [01;31m[KtfBroadcaster[m[K->sendTransform(
[3.454s]       |       [01;31m[K^~~~~~~~~~~~~[m[K
[3.454s] [01m[K/workspace/ros2_ws/cobot_fds/src/cobot_drive_main.cpp:118:11:[m[K [01;31m[Kerror: [m[K‘[01m[Ktf[m[K’ has not been declared
[3.454s]   118 |           [01;31m[Ktf[m[K::StampedTransform(transform, ros::Time::now(),
[3.454s]       |           [01;31m[K^~[m[K
[3.454s] [01m[K/workspace/ros2_ws/cobot_fds/src/cobot_drive_main.cpp:118:43:[m[K [01;31m[Kerror: [m[K‘[01m[Kros[m[K’ has not been declared
[3.455s]   118 |           tf::StampedTransform(transform, [01;31m[Kros[m[K::Time::now(),
[3.455s]       |                                           [01;31m[K^~~[m[K
[3.455s] [01m[K/workspace/ros2_ws/cobot_fds/src/cobot_drive_main.cpp:121:27:[m[K [01;31m[Kerror: [m[K‘[01m[Ktf[m[K’ has not been declared
[3.455s]   121 |       transform.setOrigin([01;31m[Ktf[m[K::Vector3(0.0 ,0.0, 0.0));
[3.455s]       |                           [01;31m[K^~[m[K
[3.455s] [01m[K/workspace/ros2_ws/cobot_fds/src/cobot_drive_main.cpp:122:29:[m[K [01;31m[Kerror: [m[K‘[01m[Ktf[m[K’ has not been declared
[3.455s]   122 |       transform.setRotation([01;31m[Ktf[m[K::Quaternion(0, 0, 0, 1));
[3.456s]       |                             [01;31m[K^~[m[K
[3.456s] [01m[K/workspace/ros2_ws/cobot_fds/src/cobot_drive_main.cpp:124:11:[m[K [01;31m[Kerror: [m[K‘[01m[Ktf[m[K’ has not been declared
[3.456s]   124 |           [01;31m[Ktf[m[K::StampedTransform(transform, ros::Time::now(),
[3.456s]       |           [01;31m[K^~[m[K
[3.456s] [01m[K/workspace/ros2_ws/cobot_fds/src/cobot_drive_main.cpp:124:43:[m[K [01;31m[Kerror: [m[K‘[01m[Kros[m[K’ has not been declared
[3.456s]   124 |           tf::StampedTransform(transform, [01;31m[Kros[m[K::Time::now(),
[3.456s]       |                                           [01;31m[K^~~[m[K
[3.463s] [01m[K/workspace/ros2_ws/cobot_fds/src/cobot_drive_main.cpp:127:7:[m[K [01;31m[Kerror: [m[K‘[01m[KcobotOdometryPublisher[m[K’ was not declared in this scope
[3.463s]   127 |       [01;31m[KcobotOdometryPublisher[m[K->publish(odometryMsg);
[3.464s]       |       [01;31m[K^~~~~~~~~~~~~~~~~~~~~~[m[K
[3.469s] [01m[K/workspace/ros2_ws/cobot_fds/src/cobot_drive_main.cpp:[m[K In function ‘[01m[Kint main(int, char**)[m[K’:
[3.470s] [01m[K/workspace/ros2_ws/cobot_fds/src/cobot_drive_main.cpp:167:3:[m[K [01;31m[Kerror: [m[K‘[01m[KcobotDrive[m[K’ was not declared in this scope; did you mean ‘[01m[KCobotDrive[m[K’?
[3.470s]   167 |   [01;31m[KcobotDrive[m[K = new CobotDrive(motorProps);
[3.470s]       |   [01;31m[K^~~~~~~~~~[m[K
[3.470s]       |   [32m[KCobotDrive[m[K
[3.470s] [01m[K/workspace/ros2_ws/cobot_fds/src/cobot_drive_main.cpp:189:28:[m[K [01;31m[Kerror: [m[Kinvalid initialization of reference of type ‘[01m[Kconst rclcpp::InitOptions&[m[K’ from expression of type ‘[01m[Kconst char [20][m[K’
[3.471s]   189 |   rclcpp::init(argc, argv, [01;31m[K"Cobot2_Drive_Module"[m[K);
[3.471s]       |                            [01;31m[K^~~~~~~~~~~~~~~~~~~~~[m[K
[3.471s] In file included from [01m[K/opt/ros/iron/include/rclcpp/rclcpp/logging.hpp:25[m[K,
[3.471s]                  from [01m[K/opt/ros/iron/include/rclcpp/rclcpp/client.hpp:43[m[K,
[3.471s]                  from [01m[K/opt/ros/iron/include/rclcpp/rclcpp/callback_group.hpp:24[m[K,
[3.471s]                  from [01m[K/opt/ros/iron/include/rclcpp/rclcpp/any_executable.hpp:20[m[K,
[3.472s]                  from [01m[K/opt/ros/iron/include/rclcpp/rclcpp/memory_strategy.hpp:25[m[K,
[3.472s]                  from [01m[K/opt/ros/iron/include/rclcpp/rclcpp/memory_strategies.hpp:18[m[K,
[3.472s]                  from [01m[K/opt/ros/iron/include/rclcpp/rclcpp/executor_options.hpp:20[m[K,
[3.472s]                  from [01m[K/opt/ros/iron/include/rclcpp/rclcpp/executor.hpp:37[m[K,
[3.472s]                  from [01m[K/opt/ros/iron/include/rclcpp/rclcpp/executors/multi_threaded_executor.hpp:25[m[K,
[3.472s]                  from [01m[K/opt/ros/iron/include/rclcpp/rclcpp/executors.hpp:21[m[K,
[3.472s]                  from [01m[K/opt/ros/iron/include/rclcpp/rclcpp/rclcpp.hpp:167[m[K,
[3.473s]                  from [01m[K/workspace/ros2_ws/cobot_fds/include/cobot_drive_main.hpp:5[m[K,
[3.473s]                  from [01m[K/workspace/ros2_ws/cobot_fds/src/cobot_drive_main.cpp:22[m[K:
[3.473s] [01m[K/opt/ros/iron/include/rclcpp/rclcpp/utilities.hpp:78:23:[m[K [01;36m[Knote: [m[Kin passing argument 3 of ‘[01m[Kvoid rclcpp::init(int, const char* const*, const rclcpp::InitOptions&, rclcpp::SignalHandlerOptions)[m[K’
[3.473s]    78 |   [01;36m[Kconst InitOptions & init_options = InitOptions()[m[K,
[3.473s]       |   [01;36m[K~~~~~~~~~~~~~~~~~~~~^~~~~~~~~~~~~~~~~~~~~~~~~~~~[m[K
[3.476s] [01m[K/workspace/ros2_ws/cobot_fds/src/cobot_drive_main.cpp:191:3:[m[K [01;31m[Kerror: [m[K‘[01m[Kdrive_sub[m[K’ was not declared in this scope
[3.476s]   191 |   [01;31m[Kdrive_sub[m[K = n.subscribe("Cobot/Drive", 1, cobotDriveCallback);
[3.476s]       |   [01;31m[K^~~~~~~~~[m[K
[3.480s] [01m[K/workspace/ros2_ws/cobot_fds/src/cobot_drive_main.cpp:191:15:[m[K [01;31m[Kerror: [m[K‘[01m[Kn[m[K’ was not declared in this scope; did you mean ‘[01m[Kyn[m[K’?
[3.480s]   191 |   drive_sub = [01;31m[Kn[m[K.subscribe("Cobot/Drive", 1, cobotDriveCallback);
[3.480s]       |               [01;31m[K^[m[K
[3.481s]       |               [32m[Kyn[m[K
[3.489s] [01m[K/workspace/ros2_ws/cobot_fds/src/cobot_drive_main.cpp:191:45:[m[K [01;31m[Kerror: [m[K‘[01m[KcobotDriveCallback[m[K’ was not declared in this scope
[3.490s]   191 |   drive_sub = n.subscribe("Cobot/Drive", 1, [01;31m[KcobotDriveCallback[m[K);
[3.490s]       |                                             [01;31m[K^~~~~~~~~~~~~~~~~~[m[K
[3.500s] [01m[K/workspace/ros2_ws/cobot_fds/src/cobot_drive_main.cpp:192:3:[m[K [01;31m[Kerror: [m[K‘[01m[KcobotRawStatusPublisher[m[K’ was not declared in this scope
[3.500s]   192 |   [01;31m[KcobotRawStatusPublisher[m[K = n.advertise<messages::CobotRawStatus>("Cobot/RawStatus",1);
[3.500s]       |   [01;31m[K^~~~~~~~~~~~~~~~~~~~~~~[m[K
[3.501s] [01m[K/workspace/ros2_ws/cobot_fds/src/cobot_drive_main.cpp:192:51:[m[K [01;31m[Kerror: [m[K‘[01m[KCobotRawStatus[m[K’ is not a member of ‘[01m[Kmessages[m[K’; did you mean ‘[01m[Kmessages::msg::CobotRawStatus[m[K’?
[3.501s]   192 |   cobotRawStatusPublisher = n.advertise<messages::[01;31m[KCobotRawStatus[m[K>("Cobot/RawStatus",1);
[3.502s]       |                                                   [01;31m[K^~~~~~~~~~~~~~[m[K
[3.502s] In file included from [01m[K/workspace/ros2_ws/install/messages/include/messages/messages/msg/cobot_raw_status.hpp:7[m[K,
[3.502s]                  from [01m[K/workspace/ros2_ws/cobot_fds/include/cobot_drive_main.hpp:11[m[K,
[3.502s]                  from [01m[K/workspace/ros2_ws/cobot_fds/src/cobot_drive_main.cpp:22[m[K:
[3.502s] [01m[K/workspace/ros2_ws/install/messages/include/messages/messages/msg/detail/cobot_raw_status__struct.hpp:293:7:[m[K [01;36m[Knote: [m[K‘[01m[Kmessages::msg::CobotRawStatus[m[K’ declared here
[3.502s]   293 | using [01;36m[KCobotRawStatus[m[K =
[3.503s]       |       [01;36m[K^~~~~~~~~~~~~~[m[K
[3.503s] [01m[K/workspace/ros2_ws/cobot_fds/src/cobot_drive_main.cpp:192:67:[m[K [01;35m[Kwarning: [m[Kleft operand of comma operator has no effect [[01;35m[K-Wunused-value[m[K]
[3.503s]   192 |   cobotRawStatusPublisher = n.advertise<messages::CobotRawStatus>([01;35m[K"Cobot/RawStatus"[m[K,1);
[3.503s]       |                                                                   [01;35m[K^~~~~~~~~~~~~~~~~[m[K
[3.512s] [01m[K/workspace/ros2_ws/cobot_fds/src/cobot_drive_main.cpp:193:3:[m[K [01;31m[Kerror: [m[K‘[01m[KcobotOdometryPublisher[m[K’ was not declared in this scope
[3.512s]   193 |   [01;31m[KcobotOdometryPublisher[m[K = n.advertise<nav_msgs::Odometry>("Cobot/DriveRaw",1);
[3.512s]       |   [01;31m[K^~~~~~~~~~~~~~~~~~~~~~[m[K
[3.513s] [01m[K/workspace/ros2_ws/cobot_fds/src/cobot_drive_main.cpp:193:50:[m[K [01;31m[Kerror: [m[K‘[01m[KOdometry[m[K’ is not a member of ‘[01m[Knav_msgs[m[K’; did you mean ‘[01m[Knav_msgs::msg::Odometry[m[K’?
[3.513s]   193 |   cobotOdometryPublisher = n.advertise<nav_msgs::[01;31m[KOdometry[m[K>("Cobot/DriveRaw",1);
[3.513s]       |                                                  [01;31m[K^~~~~~~~[m[K
[3.514s] In file included from [01m[K/opt/ros/iron/include/nav_msgs/nav_msgs/msg/odometry.hpp:7[m[K,
[3.514s]                  from [01m[K/workspace/ros2_ws/cobot_fds/include/cobot_drive_main.hpp:7[m[K,
[3.514s]                  from [01m[K/workspace/ros2_ws/cobot_fds/src/cobot_drive_main.cpp:22[m[K:
[3.514s] [01m[K/opt/ros/iron/include/nav_msgs/nav_msgs/msg/detail/odometry__struct.hpp:172:7:[m[K [01;36m[Knote: [m[K‘[01m[Knav_msgs::msg::Odometry[m[K’ declared here
[3.514s]   172 | using [01;36m[KOdometry[m[K =
[3.514s]       |       [01;36m[K^~~~~~~~[m[K
[3.514s] [01m[K/workspace/ros2_ws/cobot_fds/src/cobot_drive_main.cpp:193:60:[m[K [01;35m[Kwarning: [m[Kleft operand of comma operator has no effect [[01;35m[K-Wunused-value[m[K]
[3.515s]   193 |   cobotOdometryPublisher = n.advertise<nav_msgs::Odometry>([01;35m[K"Cobot/DriveRaw"[m[K,1);
[3.515s]       |                                                            [01;35m[K^~~~~~~~~~~~~~~~[m[K
[3.520s] [01m[K/workspace/ros2_ws/cobot_fds/src/cobot_drive_main.cpp:194:3:[m[K [01;31m[Kerror: [m[K‘[01m[KtfBroadcaster[m[K’ was not declared in this scope
[3.521s]   194 |   [01;31m[KtfBroadcaster[m[K = new tf::TransformBroadcaster();
[3.521s]       |   [01;31m[K^~~~~~~~~~~~~[m[K
[3.522s] [01m[K/workspace/ros2_ws/cobot_fds/src/cobot_drive_main.cpp:194:23:[m[K [01;31m[Kerror: [m[K‘[01m[Ktf[m[K’ does not name a type; did you mean ‘[01m[Ktm[m[K’?
[3.522s]   194 |   tfBroadcaster = new [01;31m[Ktf[m[K::TransformBroadcaster();
[3.522s]       |                       [01;31m[K^~[m[K
[3.523s]       |                       [32m[Ktm[m[K
[3.523s] [01m[K/workspace/ros2_ws/cobot_fds/src/cobot_drive_main.cpp:196:3:[m[K [01;31m[Kerror: [m[K‘[01m[Kros[m[K’ has not been declared
[3.523s]   196 |   [01;31m[Kros[m[K::Timer timer = n.createTimer(ros::Duration(1.0), timerEvent);
[3.523s]       |   [01;31m[K^~~[m[K
[3.523s] [01m[K/workspace/ros2_ws/cobot_fds/src/cobot_drive_main.cpp:200:17:[m[K [01;31m[Kerror: [m[Kno matching function for call to ‘[01m[Kspin()[m[K’
[3.523s]   200 |     [01;31m[Krclcpp::spin()[m[K;
[3.524s]       |     [01;31m[K~~~~~~~~~~~~^~[m[K
[3.524s] In file included from [01m[K/opt/ros/iron/include/rclcpp/rclcpp/rclcpp.hpp:167[m[K,
[3.524s]                  from [01m[K/workspace/ros2_ws/cobot_fds/include/cobot_drive_main.hpp:5[m[K,
[3.524s]                  from [01m[K/workspace/ros2_ws/cobot_fds/src/cobot_drive_main.cpp:22[m[K:
[3.524s] [01m[K/opt/ros/iron/include/rclcpp/rclcpp/executors.hpp:46:1:[m[K [01;36m[Knote: [m[Kcandidate: ‘[01m[Kvoid rclcpp::spin(rclcpp::node_interfaces::NodeBaseInterface::SharedPtr)[m[K’
[3.524s]    46 | [01;36m[Kspin[m[K(rclcpp::node_interfaces::NodeBaseInterface::SharedPtr node_ptr);
[3.524s]       | [01;36m[K^~~~[m[K
[3.525s] [01m[K/opt/ros/iron/include/rclcpp/rclcpp/executors.hpp:46:1:[m[K [01;36m[Knote: [m[K  candidate expects 1 argument, 0 provided
[3.525s] [01m[K/opt/ros/iron/include/rclcpp/rclcpp/executors.hpp:50:1:[m[K [01;36m[Knote: [m[Kcandidate: ‘[01m[Kvoid rclcpp::spin(rclcpp::Node::SharedPtr)[m[K’
[3.525s]    50 | [01;36m[Kspin[m[K(rclcpp::Node::SharedPtr node_ptr);
[3.525s]       | [01;36m[K^~~~[m[K
[3.525s] [01m[K/opt/ros/iron/include/rclcpp/rclcpp/executors.hpp:50:1:[m[K [01;36m[Knote: [m[K  candidate expects 1 argument, 0 provided
[4.126s] In file included from [01m[K/workspace/ros2_ws/cobot_fds/include/cobot_drive_main.hpp:3[m[K,
[4.126s]                  from [01m[K/workspace/ros2_ws/cobot_fds/src/cobot_drive_main.cpp:22[m[K:
[4.126s] [01m[K/workspace/ros2_ws/cobot_fds/include/drive.h:[m[K At global scope:
[4.127s] [01m[K/workspace/ros2_ws/cobot_fds/include/drive.h:47:17:[m[K [01;35m[Kwarning: [m[K‘[01m[Kvector2d normalize(const vector2d&, double)[m[K’ defined but not used [[01;35m[K-Wunused-function[m[K]
[4.127s]    47 | static vector2d [01;35m[Knormalize[m[K(const vector2d& v, double len) {
[4.127s]       |                 [01;35m[K^~~~~~~~~[m[K
[4.166s] gmake[2]: *** [CMakeFiles/cobot_drive_main.dir/build.make:90: CMakeFiles/cobot_drive_main.dir/src/cobot_drive_main.cpp.o] Error 1
[4.166s] gmake[1]: *** [CMakeFiles/Makefile2:137: CMakeFiles/cobot_drive_main.dir/all] Error 2
[4.166s] gmake: *** [Makefile:146: all] Error 2
[4.170s] Invoked command in '/workspace/ros2_ws/build/cobot_fds' returned '2': CMAKE_PREFIX_PATH=${CMAKE_PREFIX_PATH}:/opt/ros/iron /usr/bin/cmake --build /workspace/ros2_ws/build/cobot_fds -- -j8 -l8
