[0.018s] Invoking command in '/workspace/ros2/build/urg_node2': CMAKE_PREFIX_PATH=${CMAKE_PREFIX_PATH}:/opt/ros/iron /usr/bin/cmake /workspace/ros2/hardware/urg_node2 -DCMAKE_INSTALL_PREFIX=/workspace/ros2/install/urg_node2
[0.077s] -- The C compiler identification is GNU 11.4.0
[0.137s] -- The CXX compiler identification is GNU 11.4.0
[0.144s] -- Detecting C compiler ABI info
[0.228s] -- Detecting C compiler ABI info - done
[0.234s] -- Check for working C compiler: /usr/bin/cc - skipped
[0.235s] -- Detecting C compile features
[0.236s] -- Detecting C compile features - done
[0.241s] -- Detecting CXX compiler ABI info
[0.340s] -- Detecting CXX compiler ABI info - done
[0.347s] -- Check for working CXX compiler: /usr/bin/c++ - skipped
[0.348s] -- Detecting CXX compile features
[0.348s] -- Detecting CXX compile features - done
[0.350s] -- Found ament_cmake: 2.0.5 (/opt/ros/iron/share/ament_cmake/cmake)
[0.513s] -- Found Python3: /usr/bin/python3.10 (found version "3.10.12") found components: Interpreter 
[0.628s] -- Found rclcpp: 21.0.6 (/opt/ros/iron/share/rclcpp/cmake)
[0.678s] -- Found rosidl_generator_c: 4.0.1 (/opt/ros/iron/share/rosidl_generator_c/cmake)
[0.693s] -- Found rosidl_generator_cpp: 4.0.1 (/opt/ros/iron/share/rosidl_generator_cpp/cmake)
[0.714s] -- Using all available rosidl_typesupport_c: rosidl_typesupport_fastrtps_c;rosidl_typesupport_introspection_c
[0.737s] -- Using all available rosidl_typesupport_cpp: rosidl_typesupport_fastrtps_cpp;rosidl_typesupport_introspection_cpp
[0.951s] -- Found rmw_implementation_cmake: 7.1.0 (/opt/ros/iron/share/rmw_implementation_cmake/cmake)
[0.953s] -- Found rmw_fastrtps_cpp: 7.1.3 (/opt/ros/iron/share/rmw_fastrtps_cpp/cmake)
[1.081s] -- Found OpenSSL: /usr/lib/x86_64-linux-gnu/libcrypto.so (found version "3.0.2")  
[1.105s] -- Found FastRTPS: /opt/ros/iron/include  
[1.154s] -- Using RMW implementation 'rmw_fastrtps_cpp' as default
[1.332s] -- Found rclcpp_components: 21.0.6 (/opt/ros/iron/share/rclcpp_components/cmake)
[1.451s] -- Found rclcpp_lifecycle: 21.0.6 (/opt/ros/iron/share/rclcpp_lifecycle/cmake)
[1.586s] -- Found sensor_msgs: 5.0.0 (/opt/ros/iron/share/sensor_msgs/cmake)
[1.812s] -- Found diagnostic_updater: 3.1.2 (/opt/ros/iron/share/diagnostic_updater/cmake)
[1.911s] -- Found laser_proc: 1.0.2 (/opt/ros/iron/share/laser_proc/cmake)
[1.935s] -- Found ament_cmake_gtest: 2.0.5 (/opt/ros/iron/share/ament_cmake_gtest/cmake)
[1.943s] -- Found gtest sources under '/opt/ros/iron/src/gtest_vendor': C++ tests using 'Google Test' will be built
[1.950s] -- Looking for pthread.h
[2.046s] -- Looking for pthread.h - found
[2.046s] -- Performing Test CMAKE_HAVE_LIBC_PTHREAD
[2.152s] -- Performing Test CMAKE_HAVE_LIBC_PTHREAD - Success
[2.154s] -- Found Threads: TRUE  
[2.239s] -- Configuring done
[2.244s] [31mCMake Error at CMakeLists.txt:34 (add_library):
[2.244s]   Cannot find source file:
[2.244s] 
[2.244s]     urg_library/current/src/urg_sensor.c
[2.245s] 
[2.245s]   Tried extensions .c .C .c++ .cc .cpp .cxx .cu .mpp .m .M .mm .ixx .cppm .h
[2.245s]   .hh .h++ .hm .hpp .hxx .in .txx .f .F .for .f77 .f90 .f95 .f03 .hip .ispc
[2.245s] 
[2.245s] [0m
[2.248s] [31mCMake Error at CMakeLists.txt:34 (add_library):
[2.248s]   No SOURCES given to target: urg_c
[2.248s] 
[2.248s] [0m
[2.248s] [0mCMake Generate step failed.  Build files cannot be regenerated correctly.[0m
[2.258s] Invoked command in '/workspace/ros2/build/urg_node2' returned '1': CMAKE_PREFIX_PATH=${CMAKE_PREFIX_PATH}:/opt/ros/iron /usr/bin/cmake /workspace/ros2/hardware/urg_node2 -DCMAKE_INSTALL_PREFIX=/workspace/ros2/install/urg_node2
