[0.021s] Invoking command in '/workspace/ros2/build/urg_node': CMAKE_PREFIX_PATH=${CMAKE_PREFIX_PATH}:/opt/ros/iron /usr/bin/cmake --build /workspace/ros2/build/urg_node -- -j8 -l8
[0.108s] [ 28%] Built target urg_node_driver
[0.116s] [ 71%] Built target urg_node
[0.153s] [100%] Built target getID
[0.168s] Invoked command in '/workspace/ros2/build/urg_node' returned '0': CMAKE_PREFIX_PATH=${CMAKE_PREFIX_PATH}:/opt/ros/iron /usr/bin/cmake --build /workspace/ros2/build/urg_node -- -j8 -l8
[0.221s] Invoking command in '/workspace/ros2/build/urg_node': CMAKE_PREFIX_PATH=${CMAKE_PREFIX_PATH}:/opt/ros/iron /usr/bin/cmake --install /workspace/ros2/build/urg_node
[0.243s] -- Install configuration: ""
[0.243s] -- Up-to-date: /workspace/ros2/install/urg_node/lib/urg_node/urg_node_driver
[0.243s] -- Up-to-date: /workspace/ros2/install/urg_node/lib/liburg_node.so
[0.244s] -- Up-to-date: /workspace/ros2/install/urg_node/lib/urg_node/getID
[0.244s] -- Up-to-date: /workspace/ros2/install/urg_node/include
[0.244s] -- Up-to-date: /workspace/ros2/install/urg_node/include/urg_node
[0.244s] -- Up-to-date: /workspace/ros2/install/urg_node/include/urg_node/urg_node.hpp
[0.244s] -- Up-to-date: /workspace/ros2/install/urg_node/include/urg_node/urg_c_wrapper.hpp
[0.245s] -- Up-to-date: /workspace/ros2/install/urg_node/lib/urg_node/set_urg_ip.py
[0.245s] -- Up-to-date: /workspace/ros2/install/urg_node/share/urg_node/launch
[0.245s] -- Up-to-date: /workspace/ros2/install/urg_node/share/urg_node/launch/urg_node_ethernet.yaml
[0.245s] -- Up-to-date: /workspace/ros2/install/urg_node/share/urg_node/launch/urg_node_serial.yaml
[0.245s] -- Up-to-date: /workspace/ros2/install/urg_node/share/urg_node/launch/urg_lidar.launch
[0.245s] -- Up-to-date: /workspace/ros2/install/urg_node/share/urg_node/launch/urg_node_launch.py
[0.245s] -- Up-to-date: /workspace/ros2/install/urg_node/share/urg_node/launch/hokuyo_laser.urdf
[0.245s] -- Up-to-date: /workspace/ros2/install/urg_node/share/urg_node/meshes
[0.245s] -- Up-to-date: /workspace/ros2/install/urg_node/share/urg_node/meshes/hokuyo_ust10.stl
[0.245s] -- Up-to-date: /workspace/ros2/install/urg_node/share/urg_node/urdf
[0.245s] -- Up-to-date: /workspace/ros2/install/urg_node/share/urg_node/urdf/hokuyo_ust10.urdf.xacro
[0.246s] -- Up-to-date: /workspace/ros2/install/urg_node/share/urg_node/environment/library_path.sh
[0.246s] -- Up-to-date: /workspace/ros2/install/urg_node/share/urg_node/environment/library_path.dsv
[0.246s] -- Up-to-date: /workspace/ros2/install/urg_node/share/ament_index/resource_index/package_run_dependencies/urg_node
[0.246s] -- Up-to-date: /workspace/ros2/install/urg_node/share/ament_index/resource_index/parent_prefix_path/urg_node
[0.246s] -- Up-to-date: /workspace/ros2/install/urg_node/share/urg_node/environment/ament_prefix_path.sh
[0.246s] -- Up-to-date: /workspace/ros2/install/urg_node/share/urg_node/environment/ament_prefix_path.dsv
[0.246s] -- Up-to-date: /workspace/ros2/install/urg_node/share/urg_node/environment/path.sh
[0.246s] -- Up-to-date: /workspace/ros2/install/urg_node/share/urg_node/environment/path.dsv
[0.246s] -- Up-to-date: /workspace/ros2/install/urg_node/share/urg_node/local_setup.bash
[0.246s] -- Up-to-date: /workspace/ros2/install/urg_node/share/urg_node/local_setup.sh
[0.246s] -- Up-to-date: /workspace/ros2/install/urg_node/share/urg_node/local_setup.zsh
[0.247s] -- Up-to-date: /workspace/ros2/install/urg_node/share/urg_node/local_setup.dsv
[0.247s] -- Installing: /workspace/ros2/install/urg_node/share/urg_node/package.dsv
[0.247s] -- Up-to-date: /workspace/ros2/install/urg_node/share/ament_index/resource_index/packages/urg_node
[0.247s] -- Up-to-date: /workspace/ros2/install/urg_node/share/ament_index/resource_index/rclcpp_components/urg_node
[0.247s] -- Up-to-date: /workspace/ros2/install/urg_node/share/urg_node/cmake/ament_cmake_export_dependencies-extras.cmake
[0.247s] -- Up-to-date: /workspace/ros2/install/urg_node/share/urg_node/cmake/ament_cmake_export_include_directories-extras.cmake
[0.247s] -- Up-to-date: /workspace/ros2/install/urg_node/share/urg_node/cmake/ament_cmake_export_libraries-extras.cmake
[0.247s] -- Up-to-date: /workspace/ros2/install/urg_node/share/urg_node/cmake/urg_nodeConfig.cmake
[0.247s] -- Up-to-date: /workspace/ros2/install/urg_node/share/urg_node/cmake/urg_nodeConfig-version.cmake
[0.247s] -- Up-to-date: /workspace/ros2/install/urg_node/share/urg_node/package.xml
[0.250s] Invoked command in '/workspace/ros2/build/urg_node' returned '0': CMAKE_PREFIX_PATH=${CMAKE_PREFIX_PATH}:/opt/ros/iron /usr/bin/cmake --install /workspace/ros2/build/urg_node
