[0.011s] Invoking command in '/workspace/ros2_ws/build/cobot_fds': CMAKE_PREFIX_PATH=/opt/ros/iron /usr/bin/cmake --build /workspace/ros2_ws/build/cobot_fds -- -j8 -l8
[0.044s] -- Found ament_cmake: 2.0.5 (/opt/ros/iron/share/ament_cmake/cmake)
[0.192s] -- Found rclcpp: 21.0.6 (/opt/ros/iron/share/rclcpp/cmake)
[0.213s] -- Found rosidl_generator_c: 4.0.1 (/opt/ros/iron/share/rosidl_generator_c/cmake)
[0.220s] -- Found rosidl_generator_cpp: 4.0.1 (/opt/ros/iron/share/rosidl_generator_cpp/cmake)
[0.231s] -- Using all available rosidl_typesupport_c: rosidl_typesupport_fastrtps_c;rosidl_typesupport_introspection_c
[0.245s] -- Using all available rosidl_typesupport_cpp: rosidl_typesupport_fastrtps_cpp;rosidl_typesupport_introspection_cpp
[0.381s] -- Found rmw_implementation_cmake: 7.1.0 (/opt/ros/iron/share/rmw_implementation_cmake/cmake)
[0.382s] -- Found rmw_fastrtps_cpp: 7.1.3 (/opt/ros/iron/share/rmw_fastrtps_cpp/cmake)
[0.480s] -- Using RMW implementation 'rmw_fastrtps_cpp' as default
[0.628s] -- Found std_msgs: 5.0.0 (/opt/ros/iron/share/std_msgs/cmake)
[0.655s] -- Found tf2_ros: 0.31.6 (/opt/ros/iron/share/tf2_ros/cmake)
[1.068s] -- Found nav_msgs: 5.0.0 (/opt/ros/iron/share/nav_msgs/cmake)
[1.187s] -- Found ament_lint_auto: 0.14.3 (/opt/ros/iron/share/ament_lint_auto/cmake)
[1.258s] -- Added test 'copyright' to check source files copyright and LICENSE
[1.259s] -- Added test 'cppcheck' to perform static code analysis on C / C++ code
[1.259s] -- Configured cppcheck include dirs: /workspace/ros2_ws/cobot_fds/include
[1.259s] -- Configured cppcheck exclude dirs and/or files: 
[1.260s] -- Added test 'cpplint' to check C / C++ code against the Google style
[1.260s] -- Configured cpplint exclude dirs and/or files: 
[1.260s] -- Added test 'lint_cmake' to check CMake code style
[1.261s] -- Added test 'uncrustify' to check C / C++ code style
[1.261s] -- Configured uncrustify additional arguments: 
[1.261s] -- Added test 'xmllint' to check XML markup files
[1.262s] -- Configuring done
[1.273s] -- Generating done
[1.274s] -- Build files have been written to: /workspace/ros2_ws/build/cobot_fds
[1.313s] [ 50%] [32mBuilding CXX object CMakeFiles/cobot_drive_main.dir/src/cobot_drive_main.cpp.o[0m
[1.641s] [01m[K/workspace/ros2_ws/cobot_fds/src/cobot_drive_main.cpp:28:10:[m[K [01;31m[Kfatal error: [m[Knav_msgs/Odometry.h: No such file or directory
[1.641s]    28 | #include [01;31m[K<nav_msgs/Odometry.h>[m[K
[1.641s]       |          [01;31m[K^~~~~~~~~~~~~~~~~~~~~[m[K
[1.641s] compilation terminated.
[1.650s] gmake[2]: *** [CMakeFiles/cobot_drive_main.dir/build.make:76: CMakeFiles/cobot_drive_main.dir/src/cobot_drive_main.cpp.o] Error 1
[1.650s] gmake[1]: *** [CMakeFiles/Makefile2:137: CMakeFiles/cobot_drive_main.dir/all] Error 2
[1.650s] gmake: *** [Makefile:146: all] Error 2
[1.654s] Invoked command in '/workspace/ros2_ws/build/cobot_fds' returned '2': CMAKE_PREFIX_PATH=/opt/ros/iron /usr/bin/cmake --build /workspace/ros2_ws/build/cobot_fds -- -j8 -l8
