[0.020s] Invoking command in '/workspace/ros2/build/cobot_drive': CMAKE_PREFIX_PATH=/opt/ros/iron /usr/bin/cmake /workspace/ros2/hardware/cobot_drive -DCMAKE_INSTALL_PREFIX=/workspace/ros2/install/cobot_drive
[0.035s] -- Found ament_cmake: 2.0.5 (/opt/ros/iron/share/ament_cmake/cmake)
[0.183s] -- Found rclcpp: 21.0.6 (/opt/ros/iron/share/rclcpp/cmake)
[0.206s] -- Found rosidl_generator_c: 4.0.1 (/opt/ros/iron/share/rosidl_generator_c/cmake)
[0.214s] -- Found rosidl_generator_cpp: 4.0.1 (/opt/ros/iron/share/rosidl_generator_cpp/cmake)
[0.227s] -- Using all available rosidl_typesupport_c: rosidl_typesupport_fastrtps_c;rosidl_typesupport_introspection_c
[0.243s] -- Using all available rosidl_typesupport_cpp: rosidl_typesupport_fastrtps_cpp;rosidl_typesupport_introspection_cpp
[0.397s] -- Found rmw_implementation_cmake: 7.1.0 (/opt/ros/iron/share/rmw_implementation_cmake/cmake)
[0.398s] -- Found rmw_fastrtps_cpp: 7.1.3 (/opt/ros/iron/share/rmw_fastrtps_cpp/cmake)
[0.509s] -- Using RMW implementation 'rmw_fastrtps_cpp' as default
[0.704s] -- Found std_msgs: 5.0.0 (/opt/ros/iron/share/std_msgs/cmake)
[0.742s] -- Found tf2_ros: 0.31.6 (/opt/ros/iron/share/tf2_ros/cmake)
[1.259s] -- Found nav_msgs: 5.0.0 (/opt/ros/iron/share/nav_msgs/cmake)
[1.402s] [31mCMake Error at CMakeLists.txt:17 (find_package):
[1.402s]   By not providing "Findmessages.cmake" in CMAKE_MODULE_PATH this project has
[1.402s]   asked CMake to find a package configuration file provided by "messages",
[1.402s]   but CMake did not find one.
[1.403s] 
[1.403s]   Could not find a package configuration file provided by "messages" with any
[1.403s]   of the following names:
[1.403s] 
[1.403s]     messagesConfig.cmake
[1.403s]     messages-config.cmake
[1.403s] 
[1.404s]   Add the installation prefix of "messages" to CMAKE_PREFIX_PATH or set
[1.404s]   "messages_DIR" to a directory containing one of the above files.  If
[1.404s]   "messages" provides a separate development package or SDK, be sure it has
[1.404s]   been installed.
[1.405s] 
[1.405s] [0m
[1.405s] -- Configuring incomplete, errors occurred!
[1.405s] See also "/workspace/ros2/build/cobot_drive/CMakeFiles/CMakeOutput.log".
[1.409s] Invoked command in '/workspace/ros2/build/cobot_drive' returned '1': CMAKE_PREFIX_PATH=/opt/ros/iron /usr/bin/cmake /workspace/ros2/hardware/cobot_drive -DCMAKE_INSTALL_PREFIX=/workspace/ros2/install/cobot_drive
