[0.014s] Invoking command in '/workspace/ros2_ws/build/cobot_fds': CMAKE_PREFIX_PATH=/opt/ros/iron /usr/bin/cmake --build /workspace/ros2_ws/build/cobot_fds -- -j8 -l8
[0.038s] -- Found ament_cmake: 2.0.5 (/opt/ros/iron/share/ament_cmake/cmake)
[0.186s] -- Found rclcpp: 21.0.6 (/opt/ros/iron/share/rclcpp/cmake)
[0.229s] -- Found rosidl_generator_c: 4.0.1 (/opt/ros/iron/share/rosidl_generator_c/cmake)
[0.240s] -- Found rosidl_generator_cpp: 4.0.1 (/opt/ros/iron/share/rosidl_generator_cpp/cmake)
[0.257s] -- Using all available rosidl_typesupport_c: rosidl_typesupport_fastrtps_c;rosidl_typesupport_introspection_c
[0.277s] -- Using all available rosidl_typesupport_cpp: rosidl_typesupport_fastrtps_cpp;rosidl_typesupport_introspection_cpp
[0.447s] -- Found rmw_implementation_cmake: 7.1.0 (/opt/ros/iron/share/rmw_implementation_cmake/cmake)
[0.449s] -- Found rmw_fastrtps_cpp: 7.1.3 (/opt/ros/iron/share/rmw_fastrtps_cpp/cmake)
[0.573s] -- Found OpenSSL: /usr/lib/x86_64-linux-gnu/libcrypto.so (found version "3.0.2")  
[0.605s] -- Found FastRTPS: /opt/ros/iron/include  
[0.642s] -- Using RMW implementation 'rmw_fastrtps_cpp' as default
[0.813s] -- Found ament_lint_auto: 0.14.3 (/opt/ros/iron/share/ament_lint_auto/cmake)
[0.882s] -- Added test 'cppcheck' to perform static code analysis on C / C++ code
[0.882s] -- Configured cppcheck include dirs: 
[0.882s] -- Configured cppcheck exclude dirs and/or files: 
[0.883s] -- Added test 'lint_cmake' to check CMake code style
[0.883s] -- Added test 'uncrustify' to check C / C++ code style
[0.884s] -- Configured uncrustify additional arguments: 
[0.884s] -- Added test 'xmllint' to check XML markup files
[0.885s] -- Configuring done
[0.889s] -- Generating done
[0.890s] -- Build files have been written to: /workspace/ros2_ws/build/cobot_fds
[0.916s] Invoked command in '/workspace/ros2_ws/build/cobot_fds' returned '0': CMAKE_PREFIX_PATH=/opt/ros/iron /usr/bin/cmake --build /workspace/ros2_ws/build/cobot_fds -- -j8 -l8
[0.959s] Invoking command in '/workspace/ros2_ws/build/cobot_fds': CMAKE_PREFIX_PATH=/opt/ros/iron /usr/bin/cmake --install /workspace/ros2_ws/build/cobot_fds
[0.965s] -- Install configuration: ""
[0.965s] -- Up-to-date: /workspace/ros2_ws/install/cobot_fds/share/ament_index/resource_index/package_run_dependencies/cobot_fds
[0.965s] -- Up-to-date: /workspace/ros2_ws/install/cobot_fds/share/ament_index/resource_index/parent_prefix_path/cobot_fds
[0.965s] -- Up-to-date: /workspace/ros2_ws/install/cobot_fds/share/cobot_fds/environment/ament_prefix_path.sh
[0.965s] -- Up-to-date: /workspace/ros2_ws/install/cobot_fds/share/cobot_fds/environment/ament_prefix_path.dsv
[0.966s] -- Up-to-date: /workspace/ros2_ws/install/cobot_fds/share/cobot_fds/environment/path.sh
[0.966s] -- Up-to-date: /workspace/ros2_ws/install/cobot_fds/share/cobot_fds/environment/path.dsv
[0.966s] -- Up-to-date: /workspace/ros2_ws/install/cobot_fds/share/cobot_fds/local_setup.bash
[0.966s] -- Up-to-date: /workspace/ros2_ws/install/cobot_fds/share/cobot_fds/local_setup.sh
[0.966s] -- Up-to-date: /workspace/ros2_ws/install/cobot_fds/share/cobot_fds/local_setup.zsh
[0.966s] -- Up-to-date: /workspace/ros2_ws/install/cobot_fds/share/cobot_fds/local_setup.dsv
[0.966s] -- Installing: /workspace/ros2_ws/install/cobot_fds/share/cobot_fds/package.dsv
[0.966s] -- Up-to-date: /workspace/ros2_ws/install/cobot_fds/share/ament_index/resource_index/packages/cobot_fds
[0.966s] -- Up-to-date: /workspace/ros2_ws/install/cobot_fds/share/cobot_fds/cmake/cobot_fdsConfig.cmake
[0.967s] -- Up-to-date: /workspace/ros2_ws/install/cobot_fds/share/cobot_fds/cmake/cobot_fdsConfig-version.cmake
[0.967s] -- Up-to-date: /workspace/ros2_ws/install/cobot_fds/share/cobot_fds/package.xml
[0.968s] Invoked command in '/workspace/ros2_ws/build/cobot_fds' returned '0': CMAKE_PREFIX_PATH=/opt/ros/iron /usr/bin/cmake --install /workspace/ros2_ws/build/cobot_fds
