[0.101s] DEBUG:colcon:Command line arguments: ['/usr/bin/colcon', 'build']
[0.101s] DEBUG:colcon:Parsed command line arguments: Namespace(log_base=None, log_level=None, verb_name='build', build_base='build', install_base='install', merge_install=False, symlink_install=False, test_result_base=None, continue_on_error=False, executor='parallel', parallel_workers=8, event_handlers=None, ignore_user_meta=False, metas=['./colcon.meta'], base_paths=['.'], packages_ignore=None, packages_ignore_regex=None, paths=None, packages_up_to=None, packages_up_to_regex=None, packages_above=None, packages_above_and_dependencies=None, packages_above_depth=None, packages_select_by_dep=None, packages_skip_by_dep=None, packages_skip_up_to=None, packages_select_build_failed=False, packages_skip_build_finished=False, packages_select_test_failures=False, packages_skip_test_passed=False, packages_select=None, packages_skip=None, packages_select_regex=None, packages_skip_regex=None, packages_start=None, packages_end=None, cmake_args=None, cmake_target=None, cmake_target_skip_unavailable=False, cmake_clean_cache=False, cmake_clean_first=False, cmake_force_configure=False, ament_cmake_args=None, catkin_cmake_args=None, catkin_skip_building_tests=False, mixin_files=None, mixin=None, verb_parser=<colcon_mixin.mixin.mixin_argument.MixinArgumentDecorator object at 0x7f09cb6ea1a0>, verb_extension=<colcon_core.verb.build.BuildVerb object at 0x7f09cb7fe830>, main=<bound method BuildVerb.main of <colcon_core.verb.build.BuildVerb object at 0x7f09cb7fe830>>, mixin_verb=('build',))
[0.203s] Level 1:colcon.colcon_core.package_discovery:discover_packages(colcon_meta) check parameters
[0.204s] INFO:colcon.colcon_metadata.package_discovery.colcon_meta:Using configuration from '/root/.colcon/metadata/default/Gazebo.meta'
[0.204s] INFO:colcon.colcon_metadata.package_discovery.colcon_meta:Using configuration from '/root/.colcon/metadata/default/fastrtps.meta'
[0.204s] Level 1:colcon.colcon_core.package_discovery:discover_packages(recursive) check parameters
[0.204s] Level 1:colcon.colcon_core.package_discovery:discover_packages(ignore) check parameters
[0.204s] Level 1:colcon.colcon_core.package_discovery:discover_packages(path) check parameters
[0.204s] Level 1:colcon.colcon_core.package_discovery:discover_packages(colcon_meta) discover
[0.204s] Level 1:colcon.colcon_core.package_discovery:discover_packages(recursive) discover
[0.205s] INFO:colcon.colcon_core.package_discovery:Crawling recursively for packages in '/workspace/ros2'
[0.205s] Level 1:colcon.colcon_core.package_identification:_identify(.) by extensions ['ignore', 'ignore_ament_install']
[0.205s] Level 1:colcon.colcon_core.package_identification:_identify(.) by extension 'ignore'
[0.205s] Level 1:colcon.colcon_core.package_identification:_identify(.) by extension 'ignore_ament_install'
[0.205s] Level 1:colcon.colcon_core.package_identification:_identify(.) by extensions ['colcon_pkg']
[0.205s] Level 1:colcon.colcon_core.package_identification:_identify(.) by extension 'colcon_pkg'
[0.205s] Level 1:colcon.colcon_core.package_identification:_identify(.) by extensions ['colcon_meta']
[0.205s] Level 1:colcon.colcon_core.package_identification:_identify(.) by extension 'colcon_meta'
[0.205s] Level 1:colcon.colcon_core.package_identification:_identify(.) by extensions ['ros']
[0.205s] Level 1:colcon.colcon_core.package_identification:_identify(.) by extension 'ros'
[0.215s] Level 1:colcon.colcon_core.package_identification:_identify(.) by extensions ['cmake', 'python']
[0.215s] Level 1:colcon.colcon_core.package_identification:_identify(.) by extension 'cmake'
[0.215s] Level 1:colcon.colcon_core.package_identification:_identify(.) by extension 'python'
[0.215s] Level 1:colcon.colcon_core.package_identification:_identify(.) by extensions ['python_setup_py']
[0.215s] Level 1:colcon.colcon_core.package_identification:_identify(.) by extension 'python_setup_py'
[0.215s] Level 1:colcon.colcon_core.package_identification:_identify(build) by extensions ['ignore', 'ignore_ament_install']
[0.215s] Level 1:colcon.colcon_core.package_identification:_identify(build) by extension 'ignore'
[0.215s] Level 1:colcon.colcon_core.package_identification:_identify(build) ignored
[0.215s] Level 1:colcon.colcon_core.package_identification:_identify(hardware) by extensions ['ignore', 'ignore_ament_install']
[0.215s] Level 1:colcon.colcon_core.package_identification:_identify(hardware) by extension 'ignore'
[0.215s] Level 1:colcon.colcon_core.package_identification:_identify(hardware) by extension 'ignore_ament_install'
[0.215s] Level 1:colcon.colcon_core.package_identification:_identify(hardware) by extensions ['colcon_pkg']
[0.215s] Level 1:colcon.colcon_core.package_identification:_identify(hardware) by extension 'colcon_pkg'
[0.215s] Level 1:colcon.colcon_core.package_identification:_identify(hardware) by extensions ['colcon_meta']
[0.215s] Level 1:colcon.colcon_core.package_identification:_identify(hardware) by extension 'colcon_meta'
[0.215s] Level 1:colcon.colcon_core.package_identification:_identify(hardware) by extensions ['ros']
[0.215s] Level 1:colcon.colcon_core.package_identification:_identify(hardware) by extension 'ros'
[0.216s] Level 1:colcon.colcon_core.package_identification:_identify(hardware) by extensions ['cmake', 'python']
[0.216s] Level 1:colcon.colcon_core.package_identification:_identify(hardware) by extension 'cmake'
[0.216s] Level 1:colcon.colcon_core.package_identification:_identify(hardware) by extension 'python'
[0.216s] Level 1:colcon.colcon_core.package_identification:_identify(hardware) by extensions ['python_setup_py']
[0.216s] Level 1:colcon.colcon_core.package_identification:_identify(hardware) by extension 'python_setup_py'
[0.216s] Level 1:colcon.colcon_core.package_identification:_identify(hardware/cobot_drive) by extensions ['ignore', 'ignore_ament_install']
[0.216s] Level 1:colcon.colcon_core.package_identification:_identify(hardware/cobot_drive) by extension 'ignore'
[0.216s] Level 1:colcon.colcon_core.package_identification:_identify(hardware/cobot_drive) by extension 'ignore_ament_install'
[0.216s] Level 1:colcon.colcon_core.package_identification:_identify(hardware/cobot_drive) by extensions ['colcon_pkg']
[0.216s] Level 1:colcon.colcon_core.package_identification:_identify(hardware/cobot_drive) by extension 'colcon_pkg'
[0.216s] Level 1:colcon.colcon_core.package_identification:_identify(hardware/cobot_drive) by extensions ['colcon_meta']
[0.216s] Level 1:colcon.colcon_core.package_identification:_identify(hardware/cobot_drive) by extension 'colcon_meta'
[0.216s] Level 1:colcon.colcon_core.package_identification:_identify(hardware/cobot_drive) by extensions ['ros']
[0.216s] Level 1:colcon.colcon_core.package_identification:_identify(hardware/cobot_drive) by extension 'ros'
[0.218s] DEBUG:colcon.colcon_core.package_identification:Package 'hardware/cobot_drive' with type 'ros.ament_cmake' and name 'cobot_drive'
[0.219s] Level 1:colcon.colcon_core.package_identification:_identify(hardware/urg_node) by extensions ['ignore', 'ignore_ament_install']
[0.219s] Level 1:colcon.colcon_core.package_identification:_identify(hardware/urg_node) by extension 'ignore'
[0.219s] Level 1:colcon.colcon_core.package_identification:_identify(hardware/urg_node) by extension 'ignore_ament_install'
[0.219s] Level 1:colcon.colcon_core.package_identification:_identify(hardware/urg_node) by extensions ['colcon_pkg']
[0.219s] Level 1:colcon.colcon_core.package_identification:_identify(hardware/urg_node) by extension 'colcon_pkg'
[0.219s] Level 1:colcon.colcon_core.package_identification:_identify(hardware/urg_node) by extensions ['colcon_meta']
[0.219s] Level 1:colcon.colcon_core.package_identification:_identify(hardware/urg_node) by extension 'colcon_meta'
[0.219s] Level 1:colcon.colcon_core.package_identification:_identify(hardware/urg_node) by extensions ['ros']
[0.219s] Level 1:colcon.colcon_core.package_identification:_identify(hardware/urg_node) by extension 'ros'
[0.220s] DEBUG:colcon.colcon_core.package_identification:Package 'hardware/urg_node' with type 'ros.ament_cmake' and name 'urg_node'
[0.221s] Level 1:colcon.colcon_core.package_identification:_identify(hardware/urg_node2) by extensions ['ignore', 'ignore_ament_install']
[0.221s] Level 1:colcon.colcon_core.package_identification:_identify(hardware/urg_node2) by extension 'ignore'
[0.221s] Level 1:colcon.colcon_core.package_identification:_identify(hardware/urg_node2) by extension 'ignore_ament_install'
[0.221s] Level 1:colcon.colcon_core.package_identification:_identify(hardware/urg_node2) by extensions ['colcon_pkg']
[0.221s] Level 1:colcon.colcon_core.package_identification:_identify(hardware/urg_node2) by extension 'colcon_pkg'
[0.221s] Level 1:colcon.colcon_core.package_identification:_identify(hardware/urg_node2) by extensions ['colcon_meta']
[0.221s] Level 1:colcon.colcon_core.package_identification:_identify(hardware/urg_node2) by extension 'colcon_meta'
[0.221s] Level 1:colcon.colcon_core.package_identification:_identify(hardware/urg_node2) by extensions ['ros']
[0.221s] Level 1:colcon.colcon_core.package_identification:_identify(hardware/urg_node2) by extension 'ros'
[0.222s] DEBUG:colcon.colcon_core.package_identification:Package 'hardware/urg_node2' with type 'ros.ament_cmake' and name 'urg_node2'
[0.222s] Level 1:colcon.colcon_core.package_identification:_identify(install) by extensions ['ignore', 'ignore_ament_install']
[0.222s] Level 1:colcon.colcon_core.package_identification:_identify(install) by extension 'ignore'
[0.222s] Level 1:colcon.colcon_core.package_identification:_identify(install) ignored
[0.222s] Level 1:colcon.colcon_core.package_identification:_identify(log) by extensions ['ignore', 'ignore_ament_install']
[0.222s] Level 1:colcon.colcon_core.package_identification:_identify(log) by extension 'ignore'
[0.222s] Level 1:colcon.colcon_core.package_identification:_identify(log) ignored
[0.222s] Level 1:colcon.colcon_core.package_identification:_identify(messages) by extensions ['ignore', 'ignore_ament_install']
[0.222s] Level 1:colcon.colcon_core.package_identification:_identify(messages) by extension 'ignore'
[0.222s] Level 1:colcon.colcon_core.package_identification:_identify(messages) by extension 'ignore_ament_install'
[0.222s] Level 1:colcon.colcon_core.package_identification:_identify(messages) by extensions ['colcon_pkg']
[0.222s] Level 1:colcon.colcon_core.package_identification:_identify(messages) by extension 'colcon_pkg'
[0.223s] Level 1:colcon.colcon_core.package_identification:_identify(messages) by extensions ['colcon_meta']
[0.223s] Level 1:colcon.colcon_core.package_identification:_identify(messages) by extension 'colcon_meta'
[0.223s] Level 1:colcon.colcon_core.package_identification:_identify(messages) by extensions ['ros']
[0.223s] Level 1:colcon.colcon_core.package_identification:_identify(messages) by extension 'ros'
[0.223s] DEBUG:colcon.colcon_core.package_identification:Package 'messages' with type 'ros.ament_cmake' and name 'messages'
[0.223s] Level 1:colcon.colcon_core.package_discovery:discover_packages(recursive) using defaults
[0.223s] Level 1:colcon.colcon_core.package_discovery:discover_packages(ignore) discover
[0.223s] Level 1:colcon.colcon_core.package_discovery:discover_packages(ignore) using defaults
[0.223s] Level 1:colcon.colcon_core.package_discovery:discover_packages(path) discover
[0.223s] Level 1:colcon.colcon_core.package_discovery:discover_packages(path) using defaults
[0.241s] Level 5:colcon.colcon_core.verb:set package 'messages' build argument 'cmake_args' from command line to 'None'
[0.242s] Level 5:colcon.colcon_core.verb:set package 'messages' build argument 'cmake_target' from command line to 'None'
[0.242s] Level 5:colcon.colcon_core.verb:set package 'messages' build argument 'cmake_target_skip_unavailable' from command line to 'False'
[0.242s] Level 5:colcon.colcon_core.verb:set package 'messages' build argument 'cmake_clean_cache' from command line to 'False'
[0.242s] Level 5:colcon.colcon_core.verb:set package 'messages' build argument 'cmake_clean_first' from command line to 'False'
[0.242s] Level 5:colcon.colcon_core.verb:set package 'messages' build argument 'cmake_force_configure' from command line to 'False'
[0.242s] Level 5:colcon.colcon_core.verb:set package 'messages' build argument 'ament_cmake_args' from command line to 'None'
[0.242s] Level 5:colcon.colcon_core.verb:set package 'messages' build argument 'catkin_cmake_args' from command line to 'None'
[0.242s] Level 5:colcon.colcon_core.verb:set package 'messages' build argument 'catkin_skip_building_tests' from command line to 'False'
[0.242s] DEBUG:colcon.colcon_core.verb:Building package 'messages' with the following arguments: {'ament_cmake_args': None, 'build_base': '/workspace/ros2/build/messages', 'catkin_cmake_args': None, 'catkin_skip_building_tests': False, 'cmake_args': None, 'cmake_clean_cache': False, 'cmake_clean_first': False, 'cmake_force_configure': False, 'cmake_target': None, 'cmake_target_skip_unavailable': False, 'install_base': '/workspace/ros2/install/messages', 'merge_install': False, 'path': '/workspace/ros2/messages', 'symlink_install': False, 'test_result_base': None}
[0.242s] Level 5:colcon.colcon_core.verb:set package 'urg_node' build argument 'cmake_args' from command line to 'None'
[0.242s] Level 5:colcon.colcon_core.verb:set package 'urg_node' build argument 'cmake_target' from command line to 'None'
[0.242s] Level 5:colcon.colcon_core.verb:set package 'urg_node' build argument 'cmake_target_skip_unavailable' from command line to 'False'
[0.242s] Level 5:colcon.colcon_core.verb:set package 'urg_node' build argument 'cmake_clean_cache' from command line to 'False'
[0.242s] Level 5:colcon.colcon_core.verb:set package 'urg_node' build argument 'cmake_clean_first' from command line to 'False'
[0.242s] Level 5:colcon.colcon_core.verb:set package 'urg_node' build argument 'cmake_force_configure' from command line to 'False'
[0.242s] Level 5:colcon.colcon_core.verb:set package 'urg_node' build argument 'ament_cmake_args' from command line to 'None'
[0.242s] Level 5:colcon.colcon_core.verb:set package 'urg_node' build argument 'catkin_cmake_args' from command line to 'None'
[0.242s] Level 5:colcon.colcon_core.verb:set package 'urg_node' build argument 'catkin_skip_building_tests' from command line to 'False'
[0.242s] DEBUG:colcon.colcon_core.verb:Building package 'urg_node' with the following arguments: {'ament_cmake_args': None, 'build_base': '/workspace/ros2/build/urg_node', 'catkin_cmake_args': None, 'catkin_skip_building_tests': False, 'cmake_args': None, 'cmake_clean_cache': False, 'cmake_clean_first': False, 'cmake_force_configure': False, 'cmake_target': None, 'cmake_target_skip_unavailable': False, 'install_base': '/workspace/ros2/install/urg_node', 'merge_install': False, 'path': '/workspace/ros2/hardware/urg_node', 'symlink_install': False, 'test_result_base': None}
[0.243s] Level 5:colcon.colcon_core.verb:set package 'urg_node2' build argument 'cmake_args' from command line to 'None'
[0.243s] Level 5:colcon.colcon_core.verb:set package 'urg_node2' build argument 'cmake_target' from command line to 'None'
[0.243s] Level 5:colcon.colcon_core.verb:set package 'urg_node2' build argument 'cmake_target_skip_unavailable' from command line to 'False'
[0.243s] Level 5:colcon.colcon_core.verb:set package 'urg_node2' build argument 'cmake_clean_cache' from command line to 'False'
[0.243s] Level 5:colcon.colcon_core.verb:set package 'urg_node2' build argument 'cmake_clean_first' from command line to 'False'
[0.243s] Level 5:colcon.colcon_core.verb:set package 'urg_node2' build argument 'cmake_force_configure' from command line to 'False'
[0.243s] Level 5:colcon.colcon_core.verb:set package 'urg_node2' build argument 'ament_cmake_args' from command line to 'None'
[0.243s] Level 5:colcon.colcon_core.verb:set package 'urg_node2' build argument 'catkin_cmake_args' from command line to 'None'
[0.243s] Level 5:colcon.colcon_core.verb:set package 'urg_node2' build argument 'catkin_skip_building_tests' from command line to 'False'
[0.243s] DEBUG:colcon.colcon_core.verb:Building package 'urg_node2' with the following arguments: {'ament_cmake_args': None, 'build_base': '/workspace/ros2/build/urg_node2', 'catkin_cmake_args': None, 'catkin_skip_building_tests': False, 'cmake_args': None, 'cmake_clean_cache': False, 'cmake_clean_first': False, 'cmake_force_configure': False, 'cmake_target': None, 'cmake_target_skip_unavailable': False, 'install_base': '/workspace/ros2/install/urg_node2', 'merge_install': False, 'path': '/workspace/ros2/hardware/urg_node2', 'symlink_install': False, 'test_result_base': None}
[0.243s] Level 5:colcon.colcon_core.verb:set package 'cobot_drive' build argument 'cmake_args' from command line to 'None'
[0.243s] Level 5:colcon.colcon_core.verb:set package 'cobot_drive' build argument 'cmake_target' from command line to 'None'
[0.243s] Level 5:colcon.colcon_core.verb:set package 'cobot_drive' build argument 'cmake_target_skip_unavailable' from command line to 'False'
[0.243s] Level 5:colcon.colcon_core.verb:set package 'cobot_drive' build argument 'cmake_clean_cache' from command line to 'False'
[0.243s] Level 5:colcon.colcon_core.verb:set package 'cobot_drive' build argument 'cmake_clean_first' from command line to 'False'
[0.243s] Level 5:colcon.colcon_core.verb:set package 'cobot_drive' build argument 'cmake_force_configure' from command line to 'False'
[0.243s] Level 5:colcon.colcon_core.verb:set package 'cobot_drive' build argument 'ament_cmake_args' from command line to 'None'
[0.243s] Level 5:colcon.colcon_core.verb:set package 'cobot_drive' build argument 'catkin_cmake_args' from command line to 'None'
[0.243s] Level 5:colcon.colcon_core.verb:set package 'cobot_drive' build argument 'catkin_skip_building_tests' from command line to 'False'
[0.243s] DEBUG:colcon.colcon_core.verb:Building package 'cobot_drive' with the following arguments: {'ament_cmake_args': None, 'build_base': '/workspace/ros2/build/cobot_drive', 'catkin_cmake_args': None, 'catkin_skip_building_tests': False, 'cmake_args': None, 'cmake_clean_cache': False, 'cmake_clean_first': False, 'cmake_force_configure': False, 'cmake_target': None, 'cmake_target_skip_unavailable': False, 'install_base': '/workspace/ros2/install/cobot_drive', 'merge_install': False, 'path': '/workspace/ros2/hardware/cobot_drive', 'symlink_install': False, 'test_result_base': None}
[0.244s] INFO:colcon.colcon_core.executor:Executing jobs using 'parallel' executor
[0.245s] DEBUG:colcon.colcon_parallel_executor.executor.parallel:run_until_complete
[0.245s] INFO:colcon.colcon_ros.task.ament_cmake.build:Building ROS package in '/workspace/ros2/messages' with build type 'ament_cmake'
[0.245s] INFO:colcon.colcon_cmake.task.cmake.build:Building CMake package in '/workspace/ros2/messages'
[0.247s] INFO:colcon.colcon_core.plugin_system:Skipping extension 'colcon_core.shell.bat': Not used on non-Windows systems
[0.248s] INFO:colcon.colcon_core.shell:Skip shell extension 'powershell' for command environment: Not usable outside of PowerShell
[0.248s] DEBUG:colcon.colcon_core.shell:Skip shell extension 'dsv' for command environment
[0.251s] INFO:colcon.colcon_ros.task.ament_cmake.build:Building ROS package in '/workspace/ros2/hardware/urg_node' with build type 'ament_cmake'
[0.252s] INFO:colcon.colcon_cmake.task.cmake.build:Building CMake package in '/workspace/ros2/hardware/urg_node'
[0.252s] INFO:colcon.colcon_core.shell:Skip shell extension 'powershell' for command environment: Not usable outside of PowerShell
[0.253s] DEBUG:colcon.colcon_core.shell:Skip shell extension 'dsv' for command environment
[0.258s] INFO:colcon.colcon_ros.task.ament_cmake.build:Building ROS package in '/workspace/ros2/hardware/urg_node2' with build type 'ament_cmake'
[0.258s] INFO:colcon.colcon_cmake.task.cmake.build:Building CMake package in '/workspace/ros2/hardware/urg_node2'
[0.259s] INFO:colcon.colcon_core.shell:Skip shell extension 'powershell' for command environment: Not usable outside of PowerShell
[0.259s] DEBUG:colcon.colcon_core.shell:Skip shell extension 'dsv' for command environment
[0.270s] DEBUG:colcon.colcon_core.event_handler.log_command:Invoking command in '/workspace/ros2/build/messages': CMAKE_PREFIX_PATH=${CMAKE_PREFIX_PATH}:/opt/ros/iron /usr/bin/cmake --build /workspace/ros2/build/messages -- -j8 -l8
[0.276s] DEBUG:colcon.colcon_core.event_handler.log_command:Invoking command in '/workspace/ros2/build/urg_node': CMAKE_PREFIX_PATH=${CMAKE_PREFIX_PATH}:/opt/ros/iron /usr/bin/cmake --build /workspace/ros2/build/urg_node -- -j8 -l8
[0.282s] DEBUG:colcon.colcon_core.event_handler.log_command:Invoking command in '/workspace/ros2/build/urg_node2': CMAKE_PREFIX_PATH=${CMAKE_PREFIX_PATH}:/opt/ros/iron /usr/bin/cmake /workspace/ros2/hardware/urg_node2 -DCMAKE_INSTALL_PREFIX=/workspace/ros2/install/urg_node2
[0.386s] DEBUG:colcon.colcon_core.event_handler.log_command:Invoked command in '/workspace/ros2/build/urg_node' returned '0': CMAKE_PREFIX_PATH=${CMAKE_PREFIX_PATH}:/opt/ros/iron /usr/bin/cmake --build /workspace/ros2/build/urg_node -- -j8 -l8
[0.446s] DEBUG:colcon.colcon_core.event_handler.log_command:Invoking command in '/workspace/ros2/build/urg_node': CMAKE_PREFIX_PATH=${CMAKE_PREFIX_PATH}:/opt/ros/iron /usr/bin/cmake --install /workspace/ros2/build/urg_node
[0.460s] Level 1:colcon.colcon_core.environment:create_environment_scripts_only(urg_node)
[0.463s] Level 1:colcon.colcon_core.environment:checking '/workspace/ros2/install/urg_node' for CMake module files
[0.463s] Level 1:colcon.colcon_core.environment:checking '/workspace/ros2/install/urg_node' for CMake config files
[0.464s] Level 1:colcon.colcon_core.shell:create_environment_hook('urg_node', 'cmake_prefix_path')
[0.464s] INFO:colcon.colcon_core.shell:Creating environment hook '/workspace/ros2/install/urg_node/share/urg_node/hook/cmake_prefix_path.ps1'
[0.465s] INFO:colcon.colcon_core.shell:Creating environment descriptor '/workspace/ros2/install/urg_node/share/urg_node/hook/cmake_prefix_path.dsv'
[0.466s] INFO:colcon.colcon_core.shell:Creating environment hook '/workspace/ros2/install/urg_node/share/urg_node/hook/cmake_prefix_path.sh'
[0.471s] DEBUG:colcon.colcon_core.event_handler.log_command:Invoked command in '/workspace/ros2/build/urg_node' returned '0': CMAKE_PREFIX_PATH=${CMAKE_PREFIX_PATH}:/opt/ros/iron /usr/bin/cmake --install /workspace/ros2/build/urg_node
[0.471s] Level 1:colcon.colcon_core.environment:checking '/workspace/ros2/install/urg_node/lib'
[0.472s] Level 1:colcon.colcon_core.shell:create_environment_hook('urg_node', 'ld_library_path_lib')
[0.472s] INFO:colcon.colcon_core.shell:Creating environment hook '/workspace/ros2/install/urg_node/share/urg_node/hook/ld_library_path_lib.ps1'
[0.473s] INFO:colcon.colcon_core.shell:Creating environment descriptor '/workspace/ros2/install/urg_node/share/urg_node/hook/ld_library_path_lib.dsv'
[0.473s] INFO:colcon.colcon_core.shell:Creating environment hook '/workspace/ros2/install/urg_node/share/urg_node/hook/ld_library_path_lib.sh'
[0.474s] Level 1:colcon.colcon_core.environment:checking '/workspace/ros2/install/urg_node/bin'
[0.474s] Level 1:colcon.colcon_core.environment:checking '/workspace/ros2/install/urg_node/lib/pkgconfig/urg_node.pc'
[0.476s] Level 1:colcon.colcon_core.environment:checking '/workspace/ros2/install/urg_node/lib/python3.10/site-packages'
[0.476s] Level 1:colcon.colcon_core.environment:checking '/workspace/ros2/install/urg_node/bin'
[0.477s] INFO:colcon.colcon_core.shell:Creating package script '/workspace/ros2/install/urg_node/share/urg_node/package.ps1'
[0.478s] INFO:colcon.colcon_core.shell:Creating package descriptor '/workspace/ros2/install/urg_node/share/urg_node/package.dsv'
[0.479s] INFO:colcon.colcon_core.shell:Creating package script '/workspace/ros2/install/urg_node/share/urg_node/package.sh'
[0.480s] INFO:colcon.colcon_core.shell:Creating package script '/workspace/ros2/install/urg_node/share/urg_node/package.bash'
[0.481s] INFO:colcon.colcon_core.shell:Creating package script '/workspace/ros2/install/urg_node/share/urg_node/package.zsh'
[0.482s] Level 1:colcon.colcon_core.environment:create_file_with_runtime_dependencies(/workspace/ros2/install/urg_node/share/colcon-core/packages/urg_node)
[0.518s] Level 1:colcon.colcon_core.environment:create_environment_scripts_only(urg_node)
[0.519s] Level 1:colcon.colcon_core.environment:checking '/workspace/ros2/install/urg_node' for CMake module files
[0.520s] Level 1:colcon.colcon_core.environment:checking '/workspace/ros2/install/urg_node' for CMake config files
[0.520s] Level 1:colcon.colcon_core.shell:create_environment_hook('urg_node', 'cmake_prefix_path')
[0.521s] INFO:colcon.colcon_core.shell:Creating environment hook '/workspace/ros2/install/urg_node/share/urg_node/hook/cmake_prefix_path.ps1'
[0.523s] INFO:colcon.colcon_core.shell:Creating environment descriptor '/workspace/ros2/install/urg_node/share/urg_node/hook/cmake_prefix_path.dsv'
[0.523s] INFO:colcon.colcon_core.shell:Creating environment hook '/workspace/ros2/install/urg_node/share/urg_node/hook/cmake_prefix_path.sh'
[0.525s] Level 1:colcon.colcon_core.environment:checking '/workspace/ros2/install/urg_node/lib'
[0.525s] Level 1:colcon.colcon_core.shell:create_environment_hook('urg_node', 'ld_library_path_lib')
[0.526s] INFO:colcon.colcon_core.shell:Creating environment hook '/workspace/ros2/install/urg_node/share/urg_node/hook/ld_library_path_lib.ps1'
[0.526s] INFO:colcon.colcon_core.shell:Creating environment descriptor '/workspace/ros2/install/urg_node/share/urg_node/hook/ld_library_path_lib.dsv'
[0.527s] INFO:colcon.colcon_core.shell:Creating environment hook '/workspace/ros2/install/urg_node/share/urg_node/hook/ld_library_path_lib.sh'
[0.527s] Level 1:colcon.colcon_core.environment:checking '/workspace/ros2/install/urg_node/bin'
[0.527s] Level 1:colcon.colcon_core.environment:checking '/workspace/ros2/install/urg_node/lib/pkgconfig/urg_node.pc'
[0.528s] Level 1:colcon.colcon_core.environment:checking '/workspace/ros2/install/urg_node/lib/python3.10/site-packages'
[0.528s] Level 1:colcon.colcon_core.environment:checking '/workspace/ros2/install/urg_node/bin'
[0.529s] INFO:colcon.colcon_core.shell:Creating package script '/workspace/ros2/install/urg_node/share/urg_node/package.ps1'
[0.530s] INFO:colcon.colcon_core.shell:Creating package descriptor '/workspace/ros2/install/urg_node/share/urg_node/package.dsv'
[0.531s] INFO:colcon.colcon_core.shell:Creating package script '/workspace/ros2/install/urg_node/share/urg_node/package.sh'
[0.531s] INFO:colcon.colcon_core.shell:Creating package script '/workspace/ros2/install/urg_node/share/urg_node/package.bash'
[0.532s] INFO:colcon.colcon_core.shell:Creating package script '/workspace/ros2/install/urg_node/share/urg_node/package.zsh'
[0.533s] Level 1:colcon.colcon_core.environment:create_file_with_runtime_dependencies(/workspace/ros2/install/urg_node/share/colcon-core/packages/urg_node)
[0.574s] DEBUG:colcon.colcon_core.event_handler.log_command:Invoked command in '/workspace/ros2/build/messages' returned '0': CMAKE_PREFIX_PATH=${CMAKE_PREFIX_PATH}:/opt/ros/iron /usr/bin/cmake --build /workspace/ros2/build/messages -- -j8 -l8
[0.667s] DEBUG:colcon.colcon_core.event_handler.log_command:Invoking command in '/workspace/ros2/build/messages': CMAKE_PREFIX_PATH=${CMAKE_PREFIX_PATH}:/opt/ros/iron /usr/bin/cmake --install /workspace/ros2/build/messages
[0.727s] Level 1:colcon.colcon_core.environment:create_environment_scripts_only(messages)
[0.727s] DEBUG:colcon.colcon_core.event_handler.log_command:Invoked command in '/workspace/ros2/build/messages' returned '0': CMAKE_PREFIX_PATH=${CMAKE_PREFIX_PATH}:/opt/ros/iron /usr/bin/cmake --install /workspace/ros2/build/messages
[0.728s] Level 1:colcon.colcon_core.environment:checking '/workspace/ros2/install/messages' for CMake module files
[0.729s] Level 1:colcon.colcon_core.environment:checking '/workspace/ros2/install/messages' for CMake config files
[0.730s] Level 1:colcon.colcon_core.shell:create_environment_hook('messages', 'cmake_prefix_path')
[0.730s] INFO:colcon.colcon_core.shell:Creating environment hook '/workspace/ros2/install/messages/share/messages/hook/cmake_prefix_path.ps1'
[0.731s] INFO:colcon.colcon_core.shell:Creating environment descriptor '/workspace/ros2/install/messages/share/messages/hook/cmake_prefix_path.dsv'
[0.731s] INFO:colcon.colcon_core.shell:Creating environment hook '/workspace/ros2/install/messages/share/messages/hook/cmake_prefix_path.sh'
[0.732s] Level 1:colcon.colcon_core.environment:checking '/workspace/ros2/install/messages/lib'
[0.733s] Level 1:colcon.colcon_core.shell:create_environment_hook('messages', 'ld_library_path_lib')
[0.733s] INFO:colcon.colcon_core.shell:Creating environment hook '/workspace/ros2/install/messages/share/messages/hook/ld_library_path_lib.ps1'
[0.734s] INFO:colcon.colcon_core.shell:Creating environment descriptor '/workspace/ros2/install/messages/share/messages/hook/ld_library_path_lib.dsv'
[0.734s] INFO:colcon.colcon_core.shell:Creating environment hook '/workspace/ros2/install/messages/share/messages/hook/ld_library_path_lib.sh'
[0.735s] Level 1:colcon.colcon_core.environment:checking '/workspace/ros2/install/messages/bin'
[0.735s] Level 1:colcon.colcon_core.environment:checking '/workspace/ros2/install/messages/lib/pkgconfig/messages.pc'
[0.736s] Level 1:colcon.colcon_core.environment:checking '/workspace/ros2/install/messages/lib/python3.10/site-packages'
[0.736s] Level 1:colcon.colcon_core.shell:create_environment_hook('messages', 'pythonpath')
[0.737s] INFO:colcon.colcon_core.shell:Creating environment hook '/workspace/ros2/install/messages/share/messages/hook/pythonpath.ps1'
[0.737s] INFO:colcon.colcon_core.shell:Creating environment descriptor '/workspace/ros2/install/messages/share/messages/hook/pythonpath.dsv'
[0.738s] INFO:colcon.colcon_core.shell:Creating environment hook '/workspace/ros2/install/messages/share/messages/hook/pythonpath.sh'
[0.738s] Level 1:colcon.colcon_core.environment:checking '/workspace/ros2/install/messages/bin'
[0.739s] INFO:colcon.colcon_core.shell:Creating package script '/workspace/ros2/install/messages/share/messages/package.ps1'
[0.739s] INFO:colcon.colcon_core.shell:Creating package descriptor '/workspace/ros2/install/messages/share/messages/package.dsv'
[0.740s] INFO:colcon.colcon_core.shell:Creating package script '/workspace/ros2/install/messages/share/messages/package.sh'
[0.740s] INFO:colcon.colcon_core.shell:Creating package script '/workspace/ros2/install/messages/share/messages/package.bash'
[0.741s] INFO:colcon.colcon_core.shell:Creating package script '/workspace/ros2/install/messages/share/messages/package.zsh'
[0.741s] Level 1:colcon.colcon_core.environment:create_file_with_runtime_dependencies(/workspace/ros2/install/messages/share/colcon-core/packages/messages)
[0.839s] Level 1:colcon.colcon_core.environment:create_environment_scripts_only(messages)
[0.839s] Level 1:colcon.colcon_core.environment:checking '/workspace/ros2/install/messages' for CMake module files
[0.841s] Level 1:colcon.colcon_core.environment:checking '/workspace/ros2/install/messages' for CMake config files
[0.842s] Level 1:colcon.colcon_core.shell:create_environment_hook('messages', 'cmake_prefix_path')
[0.842s] INFO:colcon.colcon_core.shell:Creating environment hook '/workspace/ros2/install/messages/share/messages/hook/cmake_prefix_path.ps1'
[0.843s] INFO:colcon.colcon_core.shell:Creating environment descriptor '/workspace/ros2/install/messages/share/messages/hook/cmake_prefix_path.dsv'
[0.844s] INFO:colcon.colcon_core.shell:Creating environment hook '/workspace/ros2/install/messages/share/messages/hook/cmake_prefix_path.sh'
[0.845s] Level 1:colcon.colcon_core.environment:checking '/workspace/ros2/install/messages/lib'
[0.845s] Level 1:colcon.colcon_core.shell:create_environment_hook('messages', 'ld_library_path_lib')
[0.845s] INFO:colcon.colcon_core.shell:Creating environment hook '/workspace/ros2/install/messages/share/messages/hook/ld_library_path_lib.ps1'
[0.846s] INFO:colcon.colcon_core.shell:Creating environment descriptor '/workspace/ros2/install/messages/share/messages/hook/ld_library_path_lib.dsv'
[0.847s] INFO:colcon.colcon_core.shell:Creating environment hook '/workspace/ros2/install/messages/share/messages/hook/ld_library_path_lib.sh'
[0.848s] Level 1:colcon.colcon_core.environment:checking '/workspace/ros2/install/messages/bin'
[0.848s] Level 1:colcon.colcon_core.environment:checking '/workspace/ros2/install/messages/lib/pkgconfig/messages.pc'
[0.848s] Level 1:colcon.colcon_core.environment:checking '/workspace/ros2/install/messages/lib/python3.10/site-packages'
[0.848s] Level 1:colcon.colcon_core.shell:create_environment_hook('messages', 'pythonpath')
[0.849s] INFO:colcon.colcon_core.shell:Creating environment hook '/workspace/ros2/install/messages/share/messages/hook/pythonpath.ps1'
[0.849s] INFO:colcon.colcon_core.shell:Creating environment descriptor '/workspace/ros2/install/messages/share/messages/hook/pythonpath.dsv'
[0.850s] INFO:colcon.colcon_core.shell:Creating environment hook '/workspace/ros2/install/messages/share/messages/hook/pythonpath.sh'
[0.851s] Level 1:colcon.colcon_core.environment:checking '/workspace/ros2/install/messages/bin'
[0.852s] INFO:colcon.colcon_core.shell:Creating package script '/workspace/ros2/install/messages/share/messages/package.ps1'
[0.853s] INFO:colcon.colcon_core.shell:Creating package descriptor '/workspace/ros2/install/messages/share/messages/package.dsv'
[0.854s] INFO:colcon.colcon_core.shell:Creating package script '/workspace/ros2/install/messages/share/messages/package.sh'
[0.854s] INFO:colcon.colcon_core.shell:Creating package script '/workspace/ros2/install/messages/share/messages/package.bash'
[0.855s] INFO:colcon.colcon_core.shell:Creating package script '/workspace/ros2/install/messages/share/messages/package.zsh'
[0.855s] Level 1:colcon.colcon_core.environment:create_file_with_runtime_dependencies(/workspace/ros2/install/messages/share/colcon-core/packages/messages)
[0.856s] INFO:colcon.colcon_ros.task.ament_cmake.build:Building ROS package in '/workspace/ros2/hardware/cobot_drive' with build type 'ament_cmake'
[0.857s] INFO:colcon.colcon_cmake.task.cmake.build:Building CMake package in '/workspace/ros2/hardware/cobot_drive'
[0.857s] INFO:colcon.colcon_core.shell:Skip shell extension 'powershell' for command environment: Not usable outside of PowerShell
[0.857s] DEBUG:colcon.colcon_core.shell:Skip shell extension 'dsv' for command environment
[0.869s] DEBUG:colcon.colcon_core.event_handler.log_command:Invoking command in '/workspace/ros2/build/cobot_drive': CMAKE_PREFIX_PATH=/workspace/ros2/install/messages:/workspace/ros2/install/urg_node:/workspace/ros2/install/cobot_drive:/opt/ros/iron LD_LIBRARY_PATH=/workspace/ros2/install/messages/lib:/workspace/ros2/install/urg_node/lib:/opt/ros/iron/lib/x86_64-linux-gnu:/opt/ros/iron/lib /usr/bin/cmake --build /workspace/ros2/build/cobot_drive -- -j8 -l8
[0.970s] DEBUG:colcon.colcon_core.event_handler.log_command:Invoked command in '/workspace/ros2/build/cobot_drive' returned '0': CMAKE_PREFIX_PATH=/workspace/ros2/install/messages:/workspace/ros2/install/urg_node:/workspace/ros2/install/cobot_drive:/opt/ros/iron LD_LIBRARY_PATH=/workspace/ros2/install/messages/lib:/workspace/ros2/install/urg_node/lib:/opt/ros/iron/lib/x86_64-linux-gnu:/opt/ros/iron/lib /usr/bin/cmake --build /workspace/ros2/build/cobot_drive -- -j8 -l8
[1.020s] DEBUG:colcon.colcon_core.event_handler.log_command:Invoking command in '/workspace/ros2/build/cobot_drive': CMAKE_PREFIX_PATH=/workspace/ros2/install/messages:/workspace/ros2/install/urg_node:/workspace/ros2/install/cobot_drive:/opt/ros/iron LD_LIBRARY_PATH=/workspace/ros2/install/messages/lib:/workspace/ros2/install/urg_node/lib:/opt/ros/iron/lib/x86_64-linux-gnu:/opt/ros/iron/lib /usr/bin/cmake --install /workspace/ros2/build/cobot_drive
[1.032s] Level 1:colcon.colcon_core.environment:create_environment_scripts_only(cobot_drive)
[1.033s] Level 1:colcon.colcon_core.environment:checking '/workspace/ros2/install/cobot_drive' for CMake module files
[1.033s] DEBUG:colcon.colcon_core.event_handler.log_command:Invoked command in '/workspace/ros2/build/cobot_drive' returned '0': CMAKE_PREFIX_PATH=/workspace/ros2/install/messages:/workspace/ros2/install/urg_node:/workspace/ros2/install/cobot_drive:/opt/ros/iron LD_LIBRARY_PATH=/workspace/ros2/install/messages/lib:/workspace/ros2/install/urg_node/lib:/opt/ros/iron/lib/x86_64-linux-gnu:/opt/ros/iron/lib /usr/bin/cmake --install /workspace/ros2/build/cobot_drive
[1.034s] Level 1:colcon.colcon_core.environment:checking '/workspace/ros2/install/cobot_drive' for CMake config files
[1.034s] Level 1:colcon.colcon_core.shell:create_environment_hook('cobot_drive', 'cmake_prefix_path')
[1.035s] INFO:colcon.colcon_core.shell:Creating environment hook '/workspace/ros2/install/cobot_drive/share/cobot_drive/hook/cmake_prefix_path.ps1'
[1.036s] INFO:colcon.colcon_core.shell:Creating environment descriptor '/workspace/ros2/install/cobot_drive/share/cobot_drive/hook/cmake_prefix_path.dsv'
[1.036s] INFO:colcon.colcon_core.shell:Creating environment hook '/workspace/ros2/install/cobot_drive/share/cobot_drive/hook/cmake_prefix_path.sh'
[1.037s] Level 1:colcon.colcon_core.environment:checking '/workspace/ros2/install/cobot_drive/lib'
[1.037s] Level 1:colcon.colcon_core.environment:checking '/workspace/ros2/install/cobot_drive/bin'
[1.037s] Level 1:colcon.colcon_core.environment:checking '/workspace/ros2/install/cobot_drive/lib/pkgconfig/cobot_drive.pc'
[1.038s] Level 1:colcon.colcon_core.environment:checking '/workspace/ros2/install/cobot_drive/lib/python3.10/site-packages'
[1.038s] Level 1:colcon.colcon_core.environment:checking '/workspace/ros2/install/cobot_drive/bin'
[1.039s] INFO:colcon.colcon_core.shell:Creating package script '/workspace/ros2/install/cobot_drive/share/cobot_drive/package.ps1'
[1.040s] INFO:colcon.colcon_core.shell:Creating package descriptor '/workspace/ros2/install/cobot_drive/share/cobot_drive/package.dsv'
[1.040s] INFO:colcon.colcon_core.shell:Creating package script '/workspace/ros2/install/cobot_drive/share/cobot_drive/package.sh'
[1.041s] INFO:colcon.colcon_core.shell:Creating package script '/workspace/ros2/install/cobot_drive/share/cobot_drive/package.bash'
[1.041s] INFO:colcon.colcon_core.shell:Creating package script '/workspace/ros2/install/cobot_drive/share/cobot_drive/package.zsh'
[1.041s] Level 1:colcon.colcon_core.environment:create_file_with_runtime_dependencies(/workspace/ros2/install/cobot_drive/share/colcon-core/packages/cobot_drive)
[1.090s] Level 1:colcon.colcon_core.environment:create_environment_scripts_only(cobot_drive)
[1.090s] Level 1:colcon.colcon_core.environment:checking '/workspace/ros2/install/cobot_drive' for CMake module files
[1.091s] Level 1:colcon.colcon_core.environment:checking '/workspace/ros2/install/cobot_drive' for CMake config files
[1.092s] Level 1:colcon.colcon_core.shell:create_environment_hook('cobot_drive', 'cmake_prefix_path')
[1.092s] INFO:colcon.colcon_core.shell:Creating environment hook '/workspace/ros2/install/cobot_drive/share/cobot_drive/hook/cmake_prefix_path.ps1'
[1.093s] INFO:colcon.colcon_core.shell:Creating environment descriptor '/workspace/ros2/install/cobot_drive/share/cobot_drive/hook/cmake_prefix_path.dsv'
[1.094s] INFO:colcon.colcon_core.shell:Creating environment hook '/workspace/ros2/install/cobot_drive/share/cobot_drive/hook/cmake_prefix_path.sh'
[1.094s] Level 1:colcon.colcon_core.environment:checking '/workspace/ros2/install/cobot_drive/lib'
[1.095s] Level 1:colcon.colcon_core.environment:checking '/workspace/ros2/install/cobot_drive/bin'
[1.095s] Level 1:colcon.colcon_core.environment:checking '/workspace/ros2/install/cobot_drive/lib/pkgconfig/cobot_drive.pc'
[1.095s] Level 1:colcon.colcon_core.environment:checking '/workspace/ros2/install/cobot_drive/lib/python3.10/site-packages'
[1.096s] Level 1:colcon.colcon_core.environment:checking '/workspace/ros2/install/cobot_drive/bin'
[1.096s] INFO:colcon.colcon_core.shell:Creating package script '/workspace/ros2/install/cobot_drive/share/cobot_drive/package.ps1'
[1.097s] INFO:colcon.colcon_core.shell:Creating package descriptor '/workspace/ros2/install/cobot_drive/share/cobot_drive/package.dsv'
[1.097s] INFO:colcon.colcon_core.shell:Creating package script '/workspace/ros2/install/cobot_drive/share/cobot_drive/package.sh'
[1.098s] INFO:colcon.colcon_core.shell:Creating package script '/workspace/ros2/install/cobot_drive/share/cobot_drive/package.bash'
[1.098s] INFO:colcon.colcon_core.shell:Creating package script '/workspace/ros2/install/cobot_drive/share/cobot_drive/package.zsh'
[1.098s] Level 1:colcon.colcon_core.environment:create_file_with_runtime_dependencies(/workspace/ros2/install/cobot_drive/share/colcon-core/packages/cobot_drive)
[1.653s] DEBUG:colcon.colcon_core.event_handler.log_command:Invoked command in '/workspace/ros2/build/urg_node2' returned '1': CMAKE_PREFIX_PATH=${CMAKE_PREFIX_PATH}:/opt/ros/iron /usr/bin/cmake /workspace/ros2/hardware/urg_node2 -DCMAKE_INSTALL_PREFIX=/workspace/ros2/install/urg_node2
[1.666s] Level 1:colcon.colcon_core.environment:create_environment_scripts_only(urg_node2)
[1.666s] Level 1:colcon.colcon_core.environment:checking '/workspace/ros2/install/urg_node2' for CMake module files
[1.667s] Level 1:colcon.colcon_core.environment:checking '/workspace/ros2/install/urg_node2' for CMake config files
[1.668s] Level 1:colcon.colcon_core.environment:checking '/workspace/ros2/install/urg_node2/bin'
[1.668s] Level 1:colcon.colcon_core.environment:checking '/workspace/ros2/install/urg_node2/lib/pkgconfig/urg_node2.pc'
[1.669s] Level 1:colcon.colcon_core.environment:checking '/workspace/ros2/install/urg_node2/lib/python3.10/site-packages'
[1.669s] Level 1:colcon.colcon_core.environment:checking '/workspace/ros2/install/urg_node2/bin'
[1.670s] INFO:colcon.colcon_core.shell:Creating package script '/workspace/ros2/install/urg_node2/share/urg_node2/package.ps1'
[1.671s] INFO:colcon.colcon_core.shell:Creating package descriptor '/workspace/ros2/install/urg_node2/share/urg_node2/package.dsv'
[1.671s] INFO:colcon.colcon_core.shell:Creating package script '/workspace/ros2/install/urg_node2/share/urg_node2/package.sh'
[1.672s] INFO:colcon.colcon_core.shell:Creating package script '/workspace/ros2/install/urg_node2/share/urg_node2/package.bash'
[1.673s] INFO:colcon.colcon_core.shell:Creating package script '/workspace/ros2/install/urg_node2/share/urg_node2/package.zsh'
[1.673s] Level 1:colcon.colcon_core.environment:create_file_with_runtime_dependencies(/workspace/ros2/install/urg_node2/share/colcon-core/packages/urg_node2)
[1.683s] DEBUG:colcon.colcon_parallel_executor.executor.parallel:closing loop
[1.684s] DEBUG:colcon.colcon_parallel_executor.executor.parallel:loop closed
[1.684s] DEBUG:colcon.colcon_parallel_executor.executor.parallel:run_until_complete finished with '1'
[1.684s] DEBUG:colcon.colcon_core.event_reactor:joining thread
[1.693s] INFO:colcon.colcon_core.plugin_system:Skipping extension 'colcon_notification.desktop_notification.notify_send': Could not find 'notify-send'
[1.693s] INFO:colcon.colcon_core.plugin_system:Skipping extension 'colcon_notification.desktop_notification.terminal_notifier': Not used on non-Darwin systems
[1.693s] INFO:colcon.colcon_core.plugin_system:Skipping extension 'colcon_notification.desktop_notification.win32': Not used on non-Windows systems
[1.693s] INFO:colcon.colcon_notification.desktop_notification:Sending desktop notification using 'notify2'
[1.694s] DEBUG:colcon.colcon_notification.desktop_notification.notify2:Failed to initialize notify2: org.freedesktop.DBus.Error.InvalidFileContent: D-Bus library appears to be incorrectly set up: see the manual page for dbus-uuidgen to correct this issue. (Failed to open "/var/lib/dbus/machine-id": No such file or directory; UUID file '/etc/machine-id' should contain a hex string of length 32, not length 0, with no other text)
[1.694s] DEBUG:colcon.colcon_core.event_reactor:joined thread
[1.694s] INFO:colcon.colcon_core.shell:Creating prefix script '/workspace/ros2/install/local_setup.ps1'
[1.696s] INFO:colcon.colcon_core.shell:Creating prefix util module '/workspace/ros2/install/_local_setup_util_ps1.py'
[1.699s] INFO:colcon.colcon_core.shell:Creating prefix chain script '/workspace/ros2/install/setup.ps1'
[1.701s] INFO:colcon.colcon_core.shell:Creating prefix script '/workspace/ros2/install/local_setup.sh'
[1.702s] INFO:colcon.colcon_core.shell:Creating prefix util module '/workspace/ros2/install/_local_setup_util_sh.py'
[1.703s] INFO:colcon.colcon_core.shell:Creating prefix chain script '/workspace/ros2/install/setup.sh'
[1.705s] INFO:colcon.colcon_core.shell:Creating prefix script '/workspace/ros2/install/local_setup.bash'
[1.706s] INFO:colcon.colcon_core.shell:Creating prefix chain script '/workspace/ros2/install/setup.bash'
[1.708s] INFO:colcon.colcon_core.shell:Creating prefix script '/workspace/ros2/install/local_setup.zsh'
[1.709s] INFO:colcon.colcon_core.shell:Creating prefix chain script '/workspace/ros2/install/setup.zsh'
