[  2%] [34m[1mGenerating type hashes for ROS interfaces[0m
[  2%] Built target ament_cmake_python_copy_messages
running egg_info
creating messages.egg-info
writing messages.egg-info/PKG-INFO
writing dependency_links to messages.egg-info/dependency_links.txt
writing top-level names to messages.egg-info/top_level.txt
writing manifest file 'messages.egg-info/SOURCES.txt'
reading manifest file 'messages.egg-info/SOURCES.txt'
writing manifest file 'messages.egg-info/SOURCES.txt'
[  2%] Built target ament_cmake_python_build_messages_egg
[  2%] Built target messages__rosidl_generator_type_description
[  5%] [34m[1mGenerating C code for ROS interfaces[0m
[  8%] [34m[1mGenerating C++ code for ROS interfaces[0m
[  8%] Built target messages__cpp
[ 11%] [32mBuilding C object CMakeFiles/messages__rosidl_generator_c.dir/rosidl_generator_c/messages/msg/detail/cobot_raw_status__description.c.o[0m
[ 14%] [32mBuilding C object CMakeFiles/messages__rosidl_generator_c.dir/rosidl_generator_c/messages/msg/detail/cobot_raw_status__type_support.c.o[0m
[ 17%] [32mBuilding C object CMakeFiles/messages__rosidl_generator_c.dir/rosidl_generator_c/messages/msg/detail/cobot_raw_status__functions.c.o[0m
[ 20%] [32m[1mLinking C shared library libmessages__rosidl_generator_c.so[0m
[ 20%] Built target messages__rosidl_generator_c
[ 23%] [34m[1mGenerating C++ type support for eProsima Fast-RTPS[0m
[ 26%] [34m[1mGenerating C type support for eProsima Fast-RTPS[0m
[ 32%] [34m[1mGenerating C++ type support dispatch for ROS interfaces[0m
[ 32%] [34m[1mGenerating C introspection for ROS interfaces[0m
[ 35%] [34m[1mGenerating C type support dispatch for ROS interfaces[0m
[ 38%] [34m[1mGenerating C++ introspection for ROS interfaces[0m
[ 41%] [32mBuilding CXX object CMakeFiles/messages__rosidl_typesupport_c.dir/rosidl_typesupport_c/messages/msg/cobot_raw_status__type_support.cpp.o[0m
[ 44%] [32mBuilding CXX object CMakeFiles/messages__rosidl_typesupport_cpp.dir/rosidl_typesupport_cpp/messages/msg/cobot_raw_status__type_support.cpp.o[0m
[ 47%] [32mBuilding C object CMakeFiles/messages__rosidl_typesupport_introspection_c.dir/rosidl_typesupport_introspection_c/messages/msg/detail/cobot_raw_status__type_support.c.o[0m
[ 50%] [32mBuilding CXX object CMakeFiles/messages__rosidl_typesupport_introspection_cpp.dir/rosidl_typesupport_introspection_cpp/messages/msg/detail/cobot_raw_status__type_support.cpp.o[0m
[ 52%] [32mBuilding CXX object CMakeFiles/messages__rosidl_typesupport_fastrtps_cpp.dir/rosidl_typesupport_fastrtps_cpp/messages/msg/detail/dds_fastrtps/cobot_raw_status__type_support.cpp.o[0m
[ 55%] [32mBuilding CXX object CMakeFiles/messages__rosidl_typesupport_fastrtps_c.dir/rosidl_typesupport_fastrtps_c/messages/msg/detail/cobot_raw_status__type_support_c.cpp.o[0m
[ 58%] [32m[1mLinking CXX shared library libmessages__rosidl_typesupport_c.so[0m
[ 61%] [32m[1mLinking C shared library libmessages__rosidl_typesupport_introspection_c.so[0m
[ 61%] Built target messages__rosidl_typesupport_introspection_c
[ 61%] Built target messages__rosidl_typesupport_c
[ 64%] [32m[1mLinking CXX shared library libmessages__rosidl_typesupport_cpp.so[0m
[ 67%] [32m[1mLinking CXX shared library libmessages__rosidl_typesupport_fastrtps_c.so[0m
[ 70%] [32m[1mLinking CXX shared library libmessages__rosidl_typesupport_introspection_cpp.so[0m
[ 70%] Built target messages__rosidl_typesupport_cpp
[ 70%] Built target messages__rosidl_typesupport_fastrtps_c
[ 70%] Built target messages__rosidl_typesupport_introspection_cpp
[ 73%] [32m[1mLinking CXX shared library libmessages__rosidl_typesupport_fastrtps_cpp.so[0m
[ 73%] Built target messages__rosidl_typesupport_fastrtps_cpp
[ 73%] Built target messages
[ 76%] [34m[1mGenerating Python code for ROS interfaces[0m
[ 76%] Built target messages__py
[ 79%] [32mBuilding C object CMakeFiles/messages__rosidl_generator_py.dir/rosidl_generator_py/messages/msg/_cobot_raw_status_s.c.o[0m
[ 82%] [32m[1mLinking C shared library rosidl_generator_py/messages/libmessages__rosidl_generator_py.so[0m
[ 82%] Built target messages__rosidl_generator_py
[ 85%] [32mBuilding C object CMakeFiles/messages__rosidl_typesupport_introspection_c__pyext.dir/rosidl_generator_py/messages/_messages_s.ep.rosidl_typesupport_introspection_c.c.o[0m
[ 88%] [32mBuilding C object CMakeFiles/messages__rosidl_typesupport_fastrtps_c__pyext.dir/rosidl_generator_py/messages/_messages_s.ep.rosidl_typesupport_fastrtps_c.c.o[0m
[ 91%] [32mBuilding C object CMakeFiles/messages__rosidl_typesupport_c__pyext.dir/rosidl_generator_py/messages/_messages_s.ep.rosidl_typesupport_c.c.o[0m
[ 94%] [32m[1mLinking C shared library rosidl_generator_py/messages/messages_s__rosidl_typesupport_c.cpython-310-x86_64-linux-gnu.so[0m
[ 97%] [32m[1mLinking C shared library rosidl_generator_py/messages/messages_s__rosidl_typesupport_introspection_c.cpython-310-x86_64-linux-gnu.so[0m
[100%] [32m[1mLinking C shared library rosidl_generator_py/messages/messages_s__rosidl_typesupport_fastrtps_c.cpython-310-x86_64-linux-gnu.so[0m
[100%] Built target messages__rosidl_typesupport_introspection_c__pyext
[100%] Built target messages__rosidl_typesupport_c__pyext
[100%] Built target messages__rosidl_typesupport_fastrtps_c__pyext
