[0.010s] Invoking command in '/workspace/ros2/build/messages': CMAKE_PREFIX_PATH=/opt/ros/iron /usr/bin/cmake --build /workspace/ros2/build/messages -- -j8 -l8
[0.076s] [  2%] [34m[1mGenerating type hashes for ROS interfaces[0m
[0.081s] [  2%] Built target ament_cmake_python_copy_messages
[0.250s] running egg_info
[0.250s] creating messages.egg-info
[0.250s] writing messages.egg-info/PKG-INFO
[0.251s] writing dependency_links to messages.egg-info/dependency_links.txt
[0.251s] writing top-level names to messages.egg-info/top_level.txt
[0.251s] writing manifest file 'messages.egg-info/SOURCES.txt'
[0.252s] reading manifest file 'messages.egg-info/SOURCES.txt'
[0.253s] writing manifest file 'messages.egg-info/SOURCES.txt'
[0.282s] [  2%] Built target ament_cmake_python_build_messages_egg
[0.286s] [  2%] Built target messages__rosidl_generator_type_description
[0.299s] [  5%] [34m[1mGenerating C code for ROS interfaces[0m
[0.313s] [  8%] [34m[1mGenerating C++ code for ROS interfaces[0m
[0.584s] [  8%] Built target messages__cpp
[0.625s] [ 11%] [32mBuilding C object CMakeFiles/messages__rosidl_generator_c.dir/rosidl_generator_c/messages/msg/detail/cobot_raw_status__description.c.o[0m
[0.629s] [ 14%] [32mBuilding C object CMakeFiles/messages__rosidl_generator_c.dir/rosidl_generator_c/messages/msg/detail/cobot_raw_status__type_support.c.o[0m
[0.629s] [ 17%] [32mBuilding C object CMakeFiles/messages__rosidl_generator_c.dir/rosidl_generator_c/messages/msg/detail/cobot_raw_status__functions.c.o[0m
[0.691s] [ 20%] [32m[1mLinking C shared library libmessages__rosidl_generator_c.so[0m
[0.739s] [ 20%] Built target messages__rosidl_generator_c
[0.751s] [ 23%] [34m[1mGenerating C++ type support for eProsima Fast-RTPS[0m
[0.752s] [ 26%] [34m[1mGenerating C type support for eProsima Fast-RTPS[0m
[0.752s] [ 32%] [34m[1mGenerating C++ type support dispatch for ROS interfaces[0m
[0.752s] [ 32%] [34m[1mGenerating C introspection for ROS interfaces[0m
[0.752s] [ 35%] [34m[1mGenerating C type support dispatch for ROS interfaces[0m
[0.758s] [ 38%] [34m[1mGenerating C++ introspection for ROS interfaces[0m
[1.099s] [ 41%] [32mBuilding CXX object CMakeFiles/messages__rosidl_typesupport_c.dir/rosidl_typesupport_c/messages/msg/cobot_raw_status__type_support.cpp.o[0m
[1.101s] [ 44%] [32mBuilding CXX object CMakeFiles/messages__rosidl_typesupport_cpp.dir/rosidl_typesupport_cpp/messages/msg/cobot_raw_status__type_support.cpp.o[0m
[1.120s] [ 47%] [32mBuilding C object CMakeFiles/messages__rosidl_typesupport_introspection_c.dir/rosidl_typesupport_introspection_c/messages/msg/detail/cobot_raw_status__type_support.c.o[0m
[1.131s] [ 50%] [32mBuilding CXX object CMakeFiles/messages__rosidl_typesupport_introspection_cpp.dir/rosidl_typesupport_introspection_cpp/messages/msg/detail/cobot_raw_status__type_support.cpp.o[0m
[1.147s] [ 52%] [32mBuilding CXX object CMakeFiles/messages__rosidl_typesupport_fastrtps_cpp.dir/rosidl_typesupport_fastrtps_cpp/messages/msg/detail/dds_fastrtps/cobot_raw_status__type_support.cpp.o[0m
[1.148s] [ 55%] [32mBuilding CXX object CMakeFiles/messages__rosidl_typesupport_fastrtps_c.dir/rosidl_typesupport_fastrtps_c/messages/msg/detail/cobot_raw_status__type_support_c.cpp.o[0m
[1.155s] [ 58%] [32m[1mLinking CXX shared library libmessages__rosidl_typesupport_c.so[0m
[1.163s] [ 61%] [32m[1mLinking C shared library libmessages__rosidl_typesupport_introspection_c.so[0m
[1.199s] [ 61%] Built target messages__rosidl_typesupport_introspection_c
[1.210s] [ 61%] Built target messages__rosidl_typesupport_c
[1.531s] [ 64%] [32m[1mLinking CXX shared library libmessages__rosidl_typesupport_cpp.so[0m
[1.534s] [ 67%] [32m[1mLinking CXX shared library libmessages__rosidl_typesupport_fastrtps_c.so[0m
[1.571s] [ 70%] [32m[1mLinking CXX shared library libmessages__rosidl_typesupport_introspection_cpp.so[0m
[1.583s] [ 70%] Built target messages__rosidl_typesupport_cpp
[1.648s] [ 70%] Built target messages__rosidl_typesupport_fastrtps_c
[1.660s] [ 70%] Built target messages__rosidl_typesupport_introspection_cpp
[1.698s] [ 73%] [32m[1mLinking CXX shared library libmessages__rosidl_typesupport_fastrtps_cpp.so[0m
[1.801s] [ 73%] Built target messages__rosidl_typesupport_fastrtps_cpp
[1.826s] [ 73%] Built target messages
[1.856s] [ 76%] [34m[1mGenerating Python code for ROS interfaces[0m
[2.186s] [ 76%] Built target messages__py
[2.212s] [ 79%] [32mBuilding C object CMakeFiles/messages__rosidl_generator_py.dir/rosidl_generator_py/messages/msg/_cobot_raw_status_s.c.o[0m
[2.315s] [ 82%] [32m[1mLinking C shared library rosidl_generator_py/messages/libmessages__rosidl_generator_py.so[0m
[2.364s] [ 82%] Built target messages__rosidl_generator_py
[2.386s] [ 85%] [32mBuilding C object CMakeFiles/messages__rosidl_typesupport_introspection_c__pyext.dir/rosidl_generator_py/messages/_messages_s.ep.rosidl_typesupport_introspection_c.c.o[0m
[2.391s] [ 88%] [32mBuilding C object CMakeFiles/messages__rosidl_typesupport_fastrtps_c__pyext.dir/rosidl_generator_py/messages/_messages_s.ep.rosidl_typesupport_fastrtps_c.c.o[0m
[2.391s] [ 91%] [32mBuilding C object CMakeFiles/messages__rosidl_typesupport_c__pyext.dir/rosidl_generator_py/messages/_messages_s.ep.rosidl_typesupport_c.c.o[0m
[2.484s] [ 94%] [32m[1mLinking C shared library rosidl_generator_py/messages/messages_s__rosidl_typesupport_c.cpython-310-x86_64-linux-gnu.so[0m
[2.487s] [ 97%] [32m[1mLinking C shared library rosidl_generator_py/messages/messages_s__rosidl_typesupport_introspection_c.cpython-310-x86_64-linux-gnu.so[0m
[2.497s] [100%] [32m[1mLinking C shared library rosidl_generator_py/messages/messages_s__rosidl_typesupport_fastrtps_c.cpython-310-x86_64-linux-gnu.so[0m
[2.529s] [100%] Built target messages__rosidl_typesupport_introspection_c__pyext
[2.533s] [100%] Built target messages__rosidl_typesupport_c__pyext
[2.550s] [100%] Built target messages__rosidl_typesupport_fastrtps_c__pyext
