[0.012s] Invoking command in '/workspace/ros2_ws/build/cobot_fds': CMAKE_PREFIX_PATH=/opt/ros/iron /usr/bin/cmake --build /workspace/ros2_ws/build/cobot_fds -- -j8 -l8
[0.044s] -- Found ament_cmake: 2.0.5 (/opt/ros/iron/share/ament_cmake/cmake)
[0.203s] -- Found rclcpp: 21.0.6 (/opt/ros/iron/share/rclcpp/cmake)
[0.229s] -- Found rosidl_generator_c: 4.0.1 (/opt/ros/iron/share/rosidl_generator_c/cmake)
[0.238s] -- Found rosidl_generator_cpp: 4.0.1 (/opt/ros/iron/share/rosidl_generator_cpp/cmake)
[0.251s] -- Using all available rosidl_typesupport_c: rosidl_typesupport_fastrtps_c;rosidl_typesupport_introspection_c
[0.267s] -- Using all available rosidl_typesupport_cpp: rosidl_typesupport_fastrtps_cpp;rosidl_typesupport_introspection_cpp
[0.416s] -- Found rmw_implementation_cmake: 7.1.0 (/opt/ros/iron/share/rmw_implementation_cmake/cmake)
[0.417s] -- Found rmw_fastrtps_cpp: 7.1.3 (/opt/ros/iron/share/rmw_fastrtps_cpp/cmake)
[0.527s] -- Using RMW implementation 'rmw_fastrtps_cpp' as default
[0.682s] -- Found std_msgs: 5.0.0 (/opt/ros/iron/share/std_msgs/cmake)
[0.710s] -- Found tf2_ros: 0.31.6 (/opt/ros/iron/share/tf2_ros/cmake)
[1.131s] -- Found nav_msgs: 5.0.0 (/opt/ros/iron/share/nav_msgs/cmake)
[1.250s] -- Found ament_lint_auto: 0.14.3 (/opt/ros/iron/share/ament_lint_auto/cmake)
[1.323s] -- Added test 'copyright' to check source files copyright and LICENSE
[1.324s] -- Added test 'cppcheck' to perform static code analysis on C / C++ code
[1.324s] -- Configured cppcheck include dirs: /workspace/ros2_ws/cobot_fds/include
[1.324s] -- Configured cppcheck exclude dirs and/or files: 
[1.325s] -- Added test 'cpplint' to check C / C++ code against the Google style
[1.325s] -- Configured cpplint exclude dirs and/or files: 
[1.325s] -- Added test 'lint_cmake' to check CMake code style
[1.326s] -- Added test 'uncrustify' to check C / C++ code style
[1.326s] -- Configured uncrustify additional arguments: 
[1.326s] -- Added test 'xmllint' to check XML markup files
[1.327s] -- Configuring done
[1.340s] -- Generating done
[1.342s] -- Build files have been written to: /workspace/ros2_ws/build/cobot_fds
[1.384s] [ 50%] [32mBuilding CXX object CMakeFiles/cobot_drive_main.dir/src/cobot_drive_main.cpp.o[0m
[1.743s] [01m[K/workspace/ros2_ws/cobot_fds/src/cobot_drive_main.cpp:31:10:[m[K [01;31m[Kfatal error: [m[Kgeometry_msgs/msg/twiststamped.hpp: No such file or directory
[1.743s]    31 | #include [01;31m[K"geometry_msgs/msg/twiststamped.hpp"[m[K
[1.743s]       |          [01;31m[K^~~~~~~~~~~~~~~~~~~~~~~~~~~~~~~~~~~~[m[K
[1.743s] compilation terminated.
[1.751s] gmake[2]: *** [CMakeFiles/cobot_drive_main.dir/build.make:76: CMakeFiles/cobot_drive_main.dir/src/cobot_drive_main.cpp.o] Error 1
[1.751s] gmake[1]: *** [CMakeFiles/Makefile2:137: CMakeFiles/cobot_drive_main.dir/all] Error 2
[1.752s] gmake: *** [Makefile:146: all] Error 2
[1.755s] Invoked command in '/workspace/ros2_ws/build/cobot_fds' returned '2': CMAKE_PREFIX_PATH=/opt/ros/iron /usr/bin/cmake --build /workspace/ros2_ws/build/cobot_fds -- -j8 -l8
