[0.011s] Invoking command in '/workspace/ros2/build/cobot_drive': CMAKE_PREFIX_PATH=/workspace/ros2/install/messages:/workspace/ros2/install/urg_node2:/workspace/ros2/install/urg_node:/workspace/ros2/install/cobot_drive:/opt/ros/iron LD_LIBRARY_PATH=/workspace/ros2/install/messages/lib:/workspace/ros2/install/urg_node2/lib:/workspace/ros2/install/urg_node/lib:/opt/ros/iron/lib/x86_64-linux-gnu:/opt/ros/iron/lib /usr/bin/cmake --build /workspace/ros2/build/cobot_drive -- -j8 -l8
[0.105s] [100%] Built target cobot_drive_main
[0.121s] Invoked command in '/workspace/ros2/build/cobot_drive' returned '0': CMAKE_PREFIX_PATH=/workspace/ros2/install/messages:/workspace/ros2/install/urg_node2:/workspace/ros2/install/urg_node:/workspace/ros2/install/cobot_drive:/opt/ros/iron LD_LIBRARY_PATH=/workspace/ros2/install/messages/lib:/workspace/ros2/install/urg_node2/lib:/workspace/ros2/install/urg_node/lib:/opt/ros/iron/lib/x86_64-linux-gnu:/opt/ros/iron/lib /usr/bin/cmake --build /workspace/ros2/build/cobot_drive -- -j8 -l8
[0.170s] Invoking command in '/workspace/ros2/build/cobot_drive': CMAKE_PREFIX_PATH=/workspace/ros2/install/messages:/workspace/ros2/install/urg_node2:/workspace/ros2/install/urg_node:/workspace/ros2/install/cobot_drive:/opt/ros/iron LD_LIBRARY_PATH=/workspace/ros2/install/messages/lib:/workspace/ros2/install/urg_node2/lib:/workspace/ros2/install/urg_node/lib:/opt/ros/iron/lib/x86_64-linux-gnu:/opt/ros/iron/lib /usr/bin/cmake --install /workspace/ros2/build/cobot_drive
[0.180s] -- Install configuration: ""
[0.180s] -- Up-to-date: /workspace/ros2/install/cobot_drive/lib/cobot_drive/cobot_drive_main
[0.180s] -- Up-to-date: /workspace/ros2/install/cobot_drive/share/cobot_drive//launch
[0.181s] -- Up-to-date: /workspace/ros2/install/cobot_drive/share/cobot_drive//launch/pipe_launch.py
[0.181s] -- Up-to-date: /workspace/ros2/install/cobot_drive/share/ament_index/resource_index/package_run_dependencies/cobot_drive
[0.181s] -- Up-to-date: /workspace/ros2/install/cobot_drive/share/ament_index/resource_index/parent_prefix_path/cobot_drive
[0.181s] -- Up-to-date: /workspace/ros2/install/cobot_drive/share/cobot_drive/environment/ament_prefix_path.sh
[0.181s] -- Up-to-date: /workspace/ros2/install/cobot_drive/share/cobot_drive/environment/ament_prefix_path.dsv
[0.181s] -- Up-to-date: /workspace/ros2/install/cobot_drive/share/cobot_drive/environment/path.sh
[0.181s] -- Up-to-date: /workspace/ros2/install/cobot_drive/share/cobot_drive/environment/path.dsv
[0.182s] -- Up-to-date: /workspace/ros2/install/cobot_drive/share/cobot_drive/local_setup.bash
[0.182s] -- Up-to-date: /workspace/ros2/install/cobot_drive/share/cobot_drive/local_setup.sh
[0.182s] -- Up-to-date: /workspace/ros2/install/cobot_drive/share/cobot_drive/local_setup.zsh
[0.182s] -- Up-to-date: /workspace/ros2/install/cobot_drive/share/cobot_drive/local_setup.dsv
[0.182s] -- Installing: /workspace/ros2/install/cobot_drive/share/cobot_drive/package.dsv
[0.182s] -- Up-to-date: /workspace/ros2/install/cobot_drive/share/ament_index/resource_index/packages/cobot_drive
[0.182s] -- Up-to-date: /workspace/ros2/install/cobot_drive/share/cobot_drive/cmake/cobot_driveConfig.cmake
[0.183s] -- Up-to-date: /workspace/ros2/install/cobot_drive/share/cobot_drive/cmake/cobot_driveConfig-version.cmake
[0.183s] -- Up-to-date: /workspace/ros2/install/cobot_drive/share/cobot_drive/package.xml
[0.184s] Invoked command in '/workspace/ros2/build/cobot_drive' returned '0': CMAKE_PREFIX_PATH=/workspace/ros2/install/messages:/workspace/ros2/install/urg_node2:/workspace/ros2/install/urg_node:/workspace/ros2/install/cobot_drive:/opt/ros/iron LD_LIBRARY_PATH=/workspace/ros2/install/messages/lib:/workspace/ros2/install/urg_node2/lib:/workspace/ros2/install/urg_node/lib:/opt/ros/iron/lib/x86_64-linux-gnu:/opt/ros/iron/lib /usr/bin/cmake --install /workspace/ros2/build/cobot_drive
