[0.015s] Invoking command in '/workspace/ros2/build/messages': CMAKE_PREFIX_PATH=/opt/ros/iron /usr/bin/cmake --build /workspace/ros2/build/messages -- -j8 -l8
[0.073s] [  2%] Built target messages__rosidl_generator_type_description
[0.080s] [  2%] Built target ament_cmake_python_copy_messages
[0.096s] [ 17%] Built target messages__rosidl_generator_c
[0.096s] [ 20%] Built target messages__cpp
[0.120s] [ 29%] Built target messages__rosidl_typesupport_c
[0.123s] [ 38%] Built target messages__rosidl_typesupport_cpp
[0.124s] [ 47%] Built target messages__rosidl_typesupport_introspection_c
[0.128s] [ 55%] Built target messages__rosidl_typesupport_fastrtps_cpp
[0.130s] [ 64%] Built target messages__rosidl_typesupport_fastrtps_c
[0.132s] [ 73%] Built target messages__rosidl_typesupport_introspection_cpp
[0.157s] [ 73%] Built target messages
[0.181s] [ 76%] Built target messages__py
[0.209s] [ 82%] Built target messages__rosidl_generator_py
[0.235s] [ 88%] Built target messages__rosidl_typesupport_fastrtps_c__pyext
[0.235s] [ 94%] Built target messages__rosidl_typesupport_c__pyext
[0.238s] [100%] Built target messages__rosidl_typesupport_introspection_c__pyext
[0.255s] running egg_info
[0.255s] writing messages.egg-info/PKG-INFO
[0.255s] writing dependency_links to messages.egg-info/dependency_links.txt
[0.256s] writing top-level names to messages.egg-info/top_level.txt
[0.257s] reading manifest file 'messages.egg-info/SOURCES.txt'
[0.258s] writing manifest file 'messages.egg-info/SOURCES.txt'
[0.290s] [100%] Built target ament_cmake_python_build_messages_egg
