[0.018s] Invoking command in '/workspace/ros2_ws/build/cobot_fds': CMAKE_PREFIX_PATH=${CMAKE_PREFIX_PATH}:/opt/ros/iron /usr/bin/cmake --build /workspace/ros2_ws/build/cobot_fds -- -j8 -l8
[0.050s] -- Found ament_cmake: 2.0.5 (/opt/ros/iron/share/ament_cmake/cmake)
[0.197s] -- Found rclcpp: 21.0.6 (/opt/ros/iron/share/rclcpp/cmake)
[0.221s] -- Found rosidl_generator_c: 4.0.1 (/opt/ros/iron/share/rosidl_generator_c/cmake)
[0.229s] -- Found rosidl_generator_cpp: 4.0.1 (/opt/ros/iron/share/rosidl_generator_cpp/cmake)
[0.241s] -- Using all available rosidl_typesupport_c: rosidl_typesupport_fastrtps_c;rosidl_typesupport_introspection_c
[0.256s] -- Using all available rosidl_typesupport_cpp: rosidl_typesupport_fastrtps_cpp;rosidl_typesupport_introspection_cpp
[0.397s] -- Found rmw_implementation_cmake: 7.1.0 (/opt/ros/iron/share/rmw_implementation_cmake/cmake)
[0.398s] -- Found rmw_fastrtps_cpp: 7.1.3 (/opt/ros/iron/share/rmw_fastrtps_cpp/cmake)
[0.515s] -- Using RMW implementation 'rmw_fastrtps_cpp' as default
[0.676s] -- Found std_msgs: 5.0.0 (/opt/ros/iron/share/std_msgs/cmake)
[0.704s] -- Found tf2_ros: 0.31.6 (/opt/ros/iron/share/tf2_ros/cmake)
[1.121s] -- Found nav_msgs: 5.0.0 (/opt/ros/iron/share/nav_msgs/cmake)
[1.229s] -- Found messages: 0.0.0 (/workspace/ros2_ws/install/messages/share/messages/cmake)
[1.268s] -- Found ament_lint_auto: 0.14.3 (/opt/ros/iron/share/ament_lint_auto/cmake)
[1.333s] -- Added test 'copyright' to check source files copyright and LICENSE
[1.333s] -- Added test 'cppcheck' to perform static code analysis on C / C++ code
[1.334s] -- Configured cppcheck include dirs: /workspace/ros2_ws/cobot_fds/include
[1.334s] -- Configured cppcheck exclude dirs and/or files: 
[1.334s] -- Added test 'cpplint' to check C / C++ code against the Google style
[1.334s] -- Configured cpplint exclude dirs and/or files: 
[1.335s] -- Added test 'lint_cmake' to check CMake code style
[1.335s] -- Added test 'uncrustify' to check C / C++ code style
[1.336s] -- Configured uncrustify additional arguments: 
[1.336s] -- Added test 'xmllint' to check XML markup files
[1.336s] -- Configuring done
[1.349s] -- Generating done
[1.350s] -- Build files have been written to: /workspace/ros2_ws/build/cobot_fds
[1.385s] [35m[1mConsolidate compiler generated dependencies of target cobot_drive_main[0m
[1.408s] [ 25%] [32mBuilding CXX object CMakeFiles/cobot_drive_main.dir/src/serial.cpp.o[0m
[1.478s] [ 50%] [32m[1mLinking CXX executable cobot_drive_main[0m
[1.685s] /usr/bin/ld: CMakeFiles/cobot_drive_main.dir/src/drive.cpp.o: in function `CobotDrive::SerialReceive()':
[1.685s] drive.cpp:(.text+0x1024): undefined reference to `checkfcs(char*, int)'
[1.686s] /usr/bin/ld: CMakeFiles/cobot_drive_main.dir/src/drive.cpp.o: in function `CobotDrive::makercpacket(mspcommand_t*, unsigned char*)':
[1.686s] drive.cpp:(.text+0x1299): undefined reference to `addfcs(char*, int)'
[1.700s] collect2: error: ld returned 1 exit status
[1.703s] gmake[2]: *** [CMakeFiles/cobot_drive_main.dir/build.make:260: cobot_drive_main] Error 1
[1.703s] gmake[1]: *** [CMakeFiles/Makefile2:137: CMakeFiles/cobot_drive_main.dir/all] Error 2
[1.703s] gmake: *** [Makefile:146: all] Error 2
[1.707s] Invoked command in '/workspace/ros2_ws/build/cobot_fds' returned '2': CMAKE_PREFIX_PATH=${CMAKE_PREFIX_PATH}:/opt/ros/iron /usr/bin/cmake --build /workspace/ros2_ws/build/cobot_fds -- -j8 -l8
