[0.020s] Invoking command in '/workspace/ros2_ws/build/messages': CMAKE_PREFIX_PATH=${CMAKE_PREFIX_PATH}:/opt/ros/iron /usr/bin/cmake --build /workspace/ros2_ws/build/messages -- -j8 -l8
[0.084s] [  2%] Built target messages__rosidl_generator_type_description
[0.095s] [  2%] Built target ament_cmake_python_copy_messages
[0.106s] [  5%] Built target messages__cpp
[0.110s] [ 20%] Built target messages__rosidl_generator_c
[0.138s] [ 32%] Built target messages__rosidl_typesupport_fastrtps_c
[0.139s] [ 47%] Built target messages__rosidl_typesupport_fastrtps_cpp
[0.140s] [ 47%] Built target messages__rosidl_typesupport_introspection_c
[0.142s] [ 55%] Built target messages__rosidl_typesupport_introspection_cpp
[0.142s] [ 64%] Built target messages__rosidl_typesupport_c
[0.146s] [ 73%] Built target messages__rosidl_typesupport_cpp
[0.177s] [ 73%] Built target messages
[0.196s] [ 76%] Built target messages__py
[0.222s] [ 82%] Built target messages__rosidl_generator_py
[0.246s] [ 88%] Built target messages__rosidl_typesupport_c__pyext
[0.250s] [ 94%] Built target messages__rosidl_typesupport_introspection_c__pyext
[0.257s] [100%] Built target messages__rosidl_typesupport_fastrtps_c__pyext
[0.317s] running egg_info
[0.317s] writing messages.egg-info/PKG-INFO
[0.318s] writing dependency_links to messages.egg-info/dependency_links.txt
[0.318s] writing top-level names to messages.egg-info/top_level.txt
[0.319s] reading manifest file 'messages.egg-info/SOURCES.txt'
[0.320s] writing manifest file 'messages.egg-info/SOURCES.txt'
[0.352s] [100%] Built target ament_cmake_python_build_messages_egg
[0.362s] Invoked command in '/workspace/ros2_ws/build/messages' returned '0': CMAKE_PREFIX_PATH=${CMAKE_PREFIX_PATH}:/opt/ros/iron /usr/bin/cmake --build /workspace/ros2_ws/build/messages -- -j8 -l8
[0.456s] Invoking command in '/workspace/ros2_ws/build/messages': CMAKE_PREFIX_PATH=${CMAKE_PREFIX_PATH}:/opt/ros/iron /usr/bin/cmake --install /workspace/ros2_ws/build/messages
[0.467s] -- Install configuration: ""
[0.467s] -- Up-to-date: /workspace/ros2_ws/install/messages/share/ament_index/resource_index/rosidl_interfaces/messages
[0.467s] -- Up-to-date: /workspace/ros2_ws/install/messages/share/messages/msg/CobotRawStatus.json
[0.467s] -- Up-to-date: /workspace/ros2_ws/install/messages/include/messages/messages
[0.468s] -- Up-to-date: /workspace/ros2_ws/install/messages/include/messages/messages/msg
[0.468s] -- Up-to-date: /workspace/ros2_ws/install/messages/include/messages/messages/msg/rosidl_generator_c__visibility_control.h
[0.468s] -- Up-to-date: /workspace/ros2_ws/install/messages/include/messages/messages/msg/detail
[0.468s] -- Up-to-date: /workspace/ros2_ws/install/messages/include/messages/messages/msg/detail/cobot_raw_status__type_support.c
[0.468s] -- Up-to-date: /workspace/ros2_ws/install/messages/include/messages/messages/msg/detail/cobot_raw_status__struct.h
[0.469s] -- Up-to-date: /workspace/ros2_ws/install/messages/include/messages/messages/msg/detail/cobot_raw_status__functions.h
[0.469s] -- Up-to-date: /workspace/ros2_ws/install/messages/include/messages/messages/msg/detail/cobot_raw_status__functions.c
[0.469s] -- Up-to-date: /workspace/ros2_ws/install/messages/include/messages/messages/msg/detail/cobot_raw_status__description.c
[0.469s] -- Up-to-date: /workspace/ros2_ws/install/messages/include/messages/messages/msg/detail/cobot_raw_status__type_support.h
[0.470s] -- Up-to-date: /workspace/ros2_ws/install/messages/include/messages/messages/msg/cobot_raw_status.h
[0.470s] -- Up-to-date: /workspace/ros2_ws/install/messages/share/messages/environment/library_path.sh
[0.470s] -- Up-to-date: /workspace/ros2_ws/install/messages/share/messages/environment/library_path.dsv
[0.470s] -- Up-to-date: /workspace/ros2_ws/install/messages/lib/libmessages__rosidl_generator_c.so
[0.470s] -- Up-to-date: /workspace/ros2_ws/install/messages/include/messages/messages
[0.470s] -- Up-to-date: /workspace/ros2_ws/install/messages/include/messages/messages/msg
[0.470s] -- Up-to-date: /workspace/ros2_ws/install/messages/include/messages/messages/msg/detail
[0.470s] -- Up-to-date: /workspace/ros2_ws/install/messages/include/messages/messages/msg/detail/cobot_raw_status__rosidl_typesupport_fastrtps_c.h
[0.471s] -- Up-to-date: /workspace/ros2_ws/install/messages/include/messages/messages/msg/rosidl_typesupport_fastrtps_c__visibility_control.h
[0.471s] -- Up-to-date: /workspace/ros2_ws/install/messages/lib/libmessages__rosidl_typesupport_fastrtps_c.so
[0.471s] -- Up-to-date: /workspace/ros2_ws/install/messages/include/messages/messages
[0.471s] -- Up-to-date: /workspace/ros2_ws/install/messages/include/messages/messages/msg
[0.471s] -- Up-to-date: /workspace/ros2_ws/install/messages/include/messages/messages/msg/rosidl_typesupport_introspection_c__visibility_control.h
[0.471s] -- Up-to-date: /workspace/ros2_ws/install/messages/include/messages/messages/msg/detail
[0.471s] -- Up-to-date: /workspace/ros2_ws/install/messages/include/messages/messages/msg/detail/cobot_raw_status__type_support.c
[0.471s] -- Up-to-date: /workspace/ros2_ws/install/messages/include/messages/messages/msg/detail/cobot_raw_status__rosidl_typesupport_introspection_c.h
[0.471s] -- Up-to-date: /workspace/ros2_ws/install/messages/lib/libmessages__rosidl_typesupport_introspection_c.so
[0.472s] -- Up-to-date: /workspace/ros2_ws/install/messages/lib/libmessages__rosidl_typesupport_c.so
[0.472s] -- Up-to-date: /workspace/ros2_ws/install/messages/include/messages/messages
[0.472s] -- Up-to-date: /workspace/ros2_ws/install/messages/include/messages/messages/msg
[0.472s] -- Up-to-date: /workspace/ros2_ws/install/messages/include/messages/messages/msg/cobot_raw_status.hpp
[0.472s] -- Up-to-date: /workspace/ros2_ws/install/messages/include/messages/messages/msg/detail
[0.472s] -- Up-to-date: /workspace/ros2_ws/install/messages/include/messages/messages/msg/detail/cobot_raw_status__builder.hpp
[0.472s] -- Up-to-date: /workspace/ros2_ws/install/messages/include/messages/messages/msg/detail/cobot_raw_status__struct.hpp
[0.473s] -- Up-to-date: /workspace/ros2_ws/install/messages/include/messages/messages/msg/detail/cobot_raw_status__traits.hpp
[0.473s] -- Up-to-date: /workspace/ros2_ws/install/messages/include/messages/messages
[0.473s] -- Up-to-date: /workspace/ros2_ws/install/messages/include/messages/messages/msg
[0.473s] -- Up-to-date: /workspace/ros2_ws/install/messages/include/messages/messages/msg/rosidl_typesupport_fastrtps_cpp__visibility_control.h
[0.473s] -- Up-to-date: /workspace/ros2_ws/install/messages/include/messages/messages/msg/detail
[0.473s] -- Up-to-date: /workspace/ros2_ws/install/messages/include/messages/messages/msg/detail/dds_fastrtps
[0.473s] -- Up-to-date: /workspace/ros2_ws/install/messages/include/messages/messages/msg/detail/cobot_raw_status__rosidl_typesupport_fastrtps_cpp.hpp
[0.473s] -- Up-to-date: /workspace/ros2_ws/install/messages/lib/libmessages__rosidl_typesupport_fastrtps_cpp.so
[0.474s] -- Up-to-date: /workspace/ros2_ws/install/messages/include/messages/messages
[0.474s] -- Up-to-date: /workspace/ros2_ws/install/messages/include/messages/messages/msg
[0.474s] -- Up-to-date: /workspace/ros2_ws/install/messages/include/messages/messages/msg/detail
[0.474s] -- Up-to-date: /workspace/ros2_ws/install/messages/include/messages/messages/msg/detail/cobot_raw_status__rosidl_typesupport_introspection_cpp.hpp
[0.474s] -- Up-to-date: /workspace/ros2_ws/install/messages/include/messages/messages/msg/detail/cobot_raw_status__type_support.cpp
[0.474s] -- Up-to-date: /workspace/ros2_ws/install/messages/lib/libmessages__rosidl_typesupport_introspection_cpp.so
[0.474s] -- Up-to-date: /workspace/ros2_ws/install/messages/lib/libmessages__rosidl_typesupport_cpp.so
[0.474s] -- Up-to-date: /workspace/ros2_ws/install/messages/share/messages/environment/pythonpath.sh
[0.475s] -- Up-to-date: /workspace/ros2_ws/install/messages/share/messages/environment/pythonpath.dsv
[0.475s] -- Up-to-date: /workspace/ros2_ws/install/messages/lib/python3.10/site-packages/messages-0.0.0-py3.10.egg-info
[0.475s] -- Installing: /workspace/ros2_ws/install/messages/lib/python3.10/site-packages/messages-0.0.0-py3.10.egg-info/SOURCES.txt
[0.475s] -- Installing: /workspace/ros2_ws/install/messages/lib/python3.10/site-packages/messages-0.0.0-py3.10.egg-info/PKG-INFO
[0.475s] -- Installing: /workspace/ros2_ws/install/messages/lib/python3.10/site-packages/messages-0.0.0-py3.10.egg-info/top_level.txt
[0.475s] -- Installing: /workspace/ros2_ws/install/messages/lib/python3.10/site-packages/messages-0.0.0-py3.10.egg-info/dependency_links.txt
[0.475s] -- Up-to-date: /workspace/ros2_ws/install/messages/lib/python3.10/site-packages/messages
[0.475s] -- Up-to-date: /workspace/ros2_ws/install/messages/lib/python3.10/site-packages/messages/messages_s__rosidl_typesupport_fastrtps_c.cpython-310-x86_64-linux-gnu.so
[0.476s] -- Up-to-date: /workspace/ros2_ws/install/messages/lib/python3.10/site-packages/messages/_messages_s.ep.rosidl_typesupport_fastrtps_c.c
[0.476s] -- Up-to-date: /workspace/ros2_ws/install/messages/lib/python3.10/site-packages/messages/_messages_s.ep.rosidl_typesupport_c.c
[0.476s] -- Up-to-date: /workspace/ros2_ws/install/messages/lib/python3.10/site-packages/messages/msg
[0.476s] -- Up-to-date: /workspace/ros2_ws/install/messages/lib/python3.10/site-packages/messages/msg/_cobot_raw_status.py
[0.476s] -- Up-to-date: /workspace/ros2_ws/install/messages/lib/python3.10/site-packages/messages/msg/_cobot_raw_status_s.c
[0.476s] -- Up-to-date: /workspace/ros2_ws/install/messages/lib/python3.10/site-packages/messages/msg/__init__.py
[0.477s] -- Up-to-date: /workspace/ros2_ws/install/messages/lib/python3.10/site-packages/messages/__init__.py
[0.477s] -- Up-to-date: /workspace/ros2_ws/install/messages/lib/python3.10/site-packages/messages/messages_s__rosidl_typesupport_c.cpython-310-x86_64-linux-gnu.so
[0.477s] -- Up-to-date: /workspace/ros2_ws/install/messages/lib/python3.10/site-packages/messages/_messages_s.ep.rosidl_typesupport_introspection_c.c
[0.477s] -- Up-to-date: /workspace/ros2_ws/install/messages/lib/python3.10/site-packages/messages/libmessages__rosidl_generator_py.so
[0.477s] -- Up-to-date: /workspace/ros2_ws/install/messages/lib/python3.10/site-packages/messages/messages_s__rosidl_typesupport_introspection_c.cpython-310-x86_64-linux-gnu.so
[0.497s] Listing '/workspace/ros2_ws/install/messages/lib/python3.10/site-packages/messages'...
[0.498s] Listing '/workspace/ros2_ws/install/messages/lib/python3.10/site-packages/messages/msg'...
[0.501s] -- Up-to-date: /workspace/ros2_ws/install/messages/lib/python3.10/site-packages/messages/messages_s__rosidl_typesupport_fastrtps_c.cpython-310-x86_64-linux-gnu.so
[0.502s] -- Up-to-date: /workspace/ros2_ws/install/messages/lib/python3.10/site-packages/messages/messages_s__rosidl_typesupport_introspection_c.cpython-310-x86_64-linux-gnu.so
[0.502s] -- Up-to-date: /workspace/ros2_ws/install/messages/lib/python3.10/site-packages/messages/messages_s__rosidl_typesupport_c.cpython-310-x86_64-linux-gnu.so
[0.502s] -- Up-to-date: /workspace/ros2_ws/install/messages/lib/libmessages__rosidl_generator_py.so
[0.503s] -- Up-to-date: /workspace/ros2_ws/install/messages/share/messages/msg/CobotRawStatus.idl
[0.503s] -- Up-to-date: /workspace/ros2_ws/install/messages/share/messages/msg/CobotRawStatus.msg
[0.503s] -- Up-to-date: /workspace/ros2_ws/install/messages/share/ament_index/resource_index/package_run_dependencies/messages
[0.503s] -- Up-to-date: /workspace/ros2_ws/install/messages/share/ament_index/resource_index/parent_prefix_path/messages
[0.503s] -- Up-to-date: /workspace/ros2_ws/install/messages/share/messages/environment/ament_prefix_path.sh
[0.504s] -- Up-to-date: /workspace/ros2_ws/install/messages/share/messages/environment/ament_prefix_path.dsv
[0.504s] -- Up-to-date: /workspace/ros2_ws/install/messages/share/messages/environment/path.sh
[0.504s] -- Up-to-date: /workspace/ros2_ws/install/messages/share/messages/environment/path.dsv
[0.504s] -- Up-to-date: /workspace/ros2_ws/install/messages/share/messages/local_setup.bash
[0.504s] -- Up-to-date: /workspace/ros2_ws/install/messages/share/messages/local_setup.sh
[0.505s] -- Up-to-date: /workspace/ros2_ws/install/messages/share/messages/local_setup.zsh
[0.505s] -- Up-to-date: /workspace/ros2_ws/install/messages/share/messages/local_setup.dsv
[0.505s] -- Installing: /workspace/ros2_ws/install/messages/share/messages/package.dsv
[0.505s] -- Up-to-date: /workspace/ros2_ws/install/messages/share/ament_index/resource_index/packages/messages
[0.506s] -- Up-to-date: /workspace/ros2_ws/install/messages/share/messages/cmake/export_messages__rosidl_generator_cExport.cmake
[0.506s] -- Up-to-date: /workspace/ros2_ws/install/messages/share/messages/cmake/export_messages__rosidl_generator_cExport-noconfig.cmake
[0.506s] -- Up-to-date: /workspace/ros2_ws/install/messages/share/messages/cmake/export_messages__rosidl_typesupport_fastrtps_cExport.cmake
[0.506s] -- Up-to-date: /workspace/ros2_ws/install/messages/share/messages/cmake/export_messages__rosidl_typesupport_fastrtps_cExport-noconfig.cmake
[0.506s] -- Up-to-date: /workspace/ros2_ws/install/messages/share/messages/cmake/messages__rosidl_typesupport_introspection_cExport.cmake
[0.506s] -- Up-to-date: /workspace/ros2_ws/install/messages/share/messages/cmake/messages__rosidl_typesupport_introspection_cExport-noconfig.cmake
[0.507s] -- Up-to-date: /workspace/ros2_ws/install/messages/share/messages/cmake/messages__rosidl_typesupport_cExport.cmake
[0.507s] -- Up-to-date: /workspace/ros2_ws/install/messages/share/messages/cmake/messages__rosidl_typesupport_cExport-noconfig.cmake
[0.507s] -- Up-to-date: /workspace/ros2_ws/install/messages/share/messages/cmake/export_messages__rosidl_generator_cppExport.cmake
[0.507s] -- Up-to-date: /workspace/ros2_ws/install/messages/share/messages/cmake/export_messages__rosidl_typesupport_fastrtps_cppExport.cmake
[0.507s] -- Up-to-date: /workspace/ros2_ws/install/messages/share/messages/cmake/export_messages__rosidl_typesupport_fastrtps_cppExport-noconfig.cmake
[0.508s] -- Up-to-date: /workspace/ros2_ws/install/messages/share/messages/cmake/messages__rosidl_typesupport_introspection_cppExport.cmake
[0.508s] -- Up-to-date: /workspace/ros2_ws/install/messages/share/messages/cmake/messages__rosidl_typesupport_introspection_cppExport-noconfig.cmake
[0.508s] -- Up-to-date: /workspace/ros2_ws/install/messages/share/messages/cmake/messages__rosidl_typesupport_cppExport.cmake
[0.508s] -- Up-to-date: /workspace/ros2_ws/install/messages/share/messages/cmake/messages__rosidl_typesupport_cppExport-noconfig.cmake
[0.508s] -- Up-to-date: /workspace/ros2_ws/install/messages/share/messages/cmake/export_messages__rosidl_generator_pyExport.cmake
[0.508s] -- Up-to-date: /workspace/ros2_ws/install/messages/share/messages/cmake/export_messages__rosidl_generator_pyExport-noconfig.cmake
[0.509s] -- Up-to-date: /workspace/ros2_ws/install/messages/share/messages/cmake/rosidl_cmake-extras.cmake
[0.509s] -- Up-to-date: /workspace/ros2_ws/install/messages/share/messages/cmake/ament_cmake_export_dependencies-extras.cmake
[0.509s] -- Up-to-date: /workspace/ros2_ws/install/messages/share/messages/cmake/ament_cmake_export_include_directories-extras.cmake
[0.509s] -- Up-to-date: /workspace/ros2_ws/install/messages/share/messages/cmake/ament_cmake_export_libraries-extras.cmake
[0.509s] -- Up-to-date: /workspace/ros2_ws/install/messages/share/messages/cmake/ament_cmake_export_targets-extras.cmake
[0.509s] -- Up-to-date: /workspace/ros2_ws/install/messages/share/messages/cmake/rosidl_cmake_export_typesupport_targets-extras.cmake
[0.509s] -- Up-to-date: /workspace/ros2_ws/install/messages/share/messages/cmake/rosidl_cmake_export_typesupport_libraries-extras.cmake
[0.509s] -- Up-to-date: /workspace/ros2_ws/install/messages/share/messages/cmake/messagesConfig.cmake
[0.509s] -- Up-to-date: /workspace/ros2_ws/install/messages/share/messages/cmake/messagesConfig-version.cmake
[0.509s] -- Up-to-date: /workspace/ros2_ws/install/messages/share/messages/package.xml
[0.510s] Invoked command in '/workspace/ros2_ws/build/messages' returned '0': CMAKE_PREFIX_PATH=${CMAKE_PREFIX_PATH}:/opt/ros/iron /usr/bin/cmake --install /workspace/ros2_ws/build/messages
