[0.022s] Invoking command in '/workspace/ros2/build/urg_node2': CMAKE_PREFIX_PATH=${CMAKE_PREFIX_PATH}:/opt/ros/iron /usr/bin/cmake --build /workspace/ros2/build/urg_node2 -- -j8 -l8
[0.058s] [35m[1mConsolidate compiler generated dependencies of target gtest[0m
[0.060s] [35m[1mConsolidate compiler generated dependencies of target urg_c[0m
[0.060s] [35m[1mConsolidate compiler generated dependencies of target gtest_main[0m
[0.062s] [35m[1mConsolidate compiler generated dependencies of target urg_node2_node[0m
[0.073s] [ 10%] Built target gtest
[0.073s] [ 55%] Built target urg_c
[0.074s] [ 65%] Built target gtest_main
[0.080s] [ 75%] Built target urg_node2_node
[0.086s] [35m[1mConsolidate compiler generated dependencies of target urg_node2[0m
[0.089s] [35m[1mConsolidate compiler generated dependencies of target urg_node2_test[0m
[0.113s] [ 85%] Built target urg_node2
[0.117s] [100%] Built target urg_node2_test
[0.132s] Invoked command in '/workspace/ros2/build/urg_node2' returned '0': CMAKE_PREFIX_PATH=${CMAKE_PREFIX_PATH}:/opt/ros/iron /usr/bin/cmake --build /workspace/ros2/build/urg_node2 -- -j8 -l8
[0.188s] Invoking command in '/workspace/ros2/build/urg_node2': CMAKE_PREFIX_PATH=${CMAKE_PREFIX_PATH}:/opt/ros/iron /usr/bin/cmake --install /workspace/ros2/build/urg_node2
[0.198s] -- Install configuration: ""
[0.199s] -- Up-to-date: /workspace/ros2/install/urg_node2/lib/urg_node2/urg_node2_node
[0.199s] -- Up-to-date: /workspace/ros2/install/urg_node2/lib/liburg_node2.so
[0.199s] -- Up-to-date: /workspace/ros2/install/urg_node2/lib/liburg_c.so
[0.201s] -- Up-to-date: /workspace/ros2/install/urg_node2/share/urg_node2/launch
[0.201s] -- Up-to-date: /workspace/ros2/install/urg_node2/share/urg_node2/launch/urg_node2_2lidar.launch.py
[0.201s] -- Up-to-date: /workspace/ros2/install/urg_node2/share/urg_node2/launch/urg_node2_component.launch.py
[0.201s] -- Installing: /workspace/ros2/install/urg_node2/share/urg_node2/launch/urg_node2.launch.py
[0.201s] -- Up-to-date: /workspace/ros2/install/urg_node2/share/urg_node2/config
[0.201s] -- Up-to-date: /workspace/ros2/install/urg_node2/share/urg_node2/config/params_serial.yaml
[0.202s] -- Up-to-date: /workspace/ros2/install/urg_node2/share/urg_node2/config/params_ether.yaml
[0.202s] -- Up-to-date: /workspace/ros2/install/urg_node2/share/urg_node2/config/params_ether_2nd.yaml
[0.202s] -- Up-to-date: /workspace/ros2/install/urg_node2/share/ament_index/resource_index/package_run_dependencies/urg_node2
[0.202s] -- Up-to-date: /workspace/ros2/install/urg_node2/share/ament_index/resource_index/parent_prefix_path/urg_node2
[0.202s] -- Up-to-date: /workspace/ros2/install/urg_node2/share/urg_node2/environment/ament_prefix_path.sh
[0.202s] -- Up-to-date: /workspace/ros2/install/urg_node2/share/urg_node2/environment/ament_prefix_path.dsv
[0.202s] -- Up-to-date: /workspace/ros2/install/urg_node2/share/urg_node2/environment/path.sh
[0.202s] -- Up-to-date: /workspace/ros2/install/urg_node2/share/urg_node2/environment/path.dsv
[0.202s] -- Up-to-date: /workspace/ros2/install/urg_node2/share/urg_node2/local_setup.bash
[0.202s] -- Up-to-date: /workspace/ros2/install/urg_node2/share/urg_node2/local_setup.sh
[0.202s] -- Up-to-date: /workspace/ros2/install/urg_node2/share/urg_node2/local_setup.zsh
[0.202s] -- Up-to-date: /workspace/ros2/install/urg_node2/share/urg_node2/local_setup.dsv
[0.202s] -- Installing: /workspace/ros2/install/urg_node2/share/urg_node2/package.dsv
[0.202s] -- Up-to-date: /workspace/ros2/install/urg_node2/share/ament_index/resource_index/packages/urg_node2
[0.203s] -- Up-to-date: /workspace/ros2/install/urg_node2/share/ament_index/resource_index/rclcpp_components/urg_node2
[0.203s] -- Up-to-date: /workspace/ros2/install/urg_node2/share/urg_node2/cmake/urg_node2Config.cmake
[0.203s] -- Up-to-date: /workspace/ros2/install/urg_node2/share/urg_node2/cmake/urg_node2Config-version.cmake
[0.203s] -- Up-to-date: /workspace/ros2/install/urg_node2/share/urg_node2/package.xml
[0.216s] Invoked command in '/workspace/ros2/build/urg_node2' returned '0': CMAKE_PREFIX_PATH=${CMAKE_PREFIX_PATH}:/opt/ros/iron /usr/bin/cmake --install /workspace/ros2/build/urg_node2
