[0.012s] Invoking command in '/workspace/ros2/build/urg_node': CMAKE_PREFIX_PATH=/opt/ros/iron /usr/bin/cmake /workspace/ros2/hardware/urg_node -DCMAKE_INSTALL_PREFIX=/workspace/ros2/install/urg_node
[0.028s] -- Found ament_cmake: 2.0.5 (/opt/ros/iron/share/ament_cmake/cmake)
[0.171s] -- Found diagnostic_updater: 3.1.2 (/opt/ros/iron/share/diagnostic_updater/cmake)
[0.200s] -- Found rosidl_generator_c: 4.0.1 (/opt/ros/iron/share/rosidl_generator_c/cmake)
[0.210s] -- Found rosidl_generator_cpp: 4.0.1 (/opt/ros/iron/share/rosidl_generator_cpp/cmake)
[0.225s] -- Using all available rosidl_typesupport_c: rosidl_typesupport_fastrtps_c;rosidl_typesupport_introspection_c
[0.243s] -- Using all available rosidl_typesupport_cpp: rosidl_typesupport_fastrtps_cpp;rosidl_typesupport_introspection_cpp
[0.489s] -- Found rmw_implementation_cmake: 7.1.0 (/opt/ros/iron/share/rmw_implementation_cmake/cmake)
[0.492s] -- Found rmw_fastrtps_cpp: 7.1.3 (/opt/ros/iron/share/rmw_fastrtps_cpp/cmake)
[0.620s] -- Found OpenSSL: /usr/lib/x86_64-linux-gnu/libcrypto.so (found version "3.0.2")  
[0.649s] -- Found FastRTPS: /opt/ros/iron/include  
[0.696s] -- Using RMW implementation 'rmw_fastrtps_cpp' as default
[0.896s] [31mCMake Error at CMakeLists.txt:23 (find_package):
[0.896s]   By not providing "Findlaser_proc.cmake" in CMAKE_MODULE_PATH this project
[0.896s]   has asked CMake to find a package configuration file provided by
[0.897s]   "laser_proc", but CMake did not find one.
[0.897s] 
[0.897s]   Could not find a package configuration file provided by "laser_proc" with
[0.897s]   any of the following names:
[0.897s] 
[0.897s]     laser_procConfig.cmake
[0.897s]     laser_proc-config.cmake
[0.898s] 
[0.898s]   Add the installation prefix of "laser_proc" to CMAKE_PREFIX_PATH or set
[0.898s]   "laser_proc_DIR" to a directory containing one of the above files.  If
[0.898s]   "laser_proc" provides a separate development package or SDK, be sure it has
[0.898s]   been installed.
[0.898s] 
[0.898s] [0m
[0.899s] -- Configuring incomplete, errors occurred!
[0.899s] See also "/workspace/ros2/build/urg_node/CMakeFiles/CMakeOutput.log".
[0.902s] Invoked command in '/workspace/ros2/build/urg_node' returned '1': CMAKE_PREFIX_PATH=/opt/ros/iron /usr/bin/cmake /workspace/ros2/hardware/urg_node -DCMAKE_INSTALL_PREFIX=/workspace/ros2/install/urg_node
