[0.011s] Invoking command in '/workspace/ros2_ws/build/cobot_fds': CMAKE_PREFIX_PATH=/opt/ros/iron /usr/bin/cmake --build /workspace/ros2_ws/build/cobot_fds -- -j8 -l8
[0.040s] -- Found ament_cmake: 2.0.5 (/opt/ros/iron/share/ament_cmake/cmake)
[0.178s] -- Found rclcpp: 21.0.6 (/opt/ros/iron/share/rclcpp/cmake)
[0.198s] -- Found rosidl_generator_c: 4.0.1 (/opt/ros/iron/share/rosidl_generator_c/cmake)
[0.206s] -- Found rosidl_generator_cpp: 4.0.1 (/opt/ros/iron/share/rosidl_generator_cpp/cmake)
[0.218s] -- Using all available rosidl_typesupport_c: rosidl_typesupport_fastrtps_c;rosidl_typesupport_introspection_c
[0.232s] -- Using all available rosidl_typesupport_cpp: rosidl_typesupport_fastrtps_cpp;rosidl_typesupport_introspection_cpp
[0.375s] -- Found rmw_implementation_cmake: 7.1.0 (/opt/ros/iron/share/rmw_implementation_cmake/cmake)
[0.376s] -- Found rmw_fastrtps_cpp: 7.1.3 (/opt/ros/iron/share/rmw_fastrtps_cpp/cmake)
[0.485s] -- Using RMW implementation 'rmw_fastrtps_cpp' as default
[0.644s] -- Found std_msgs: 5.0.0 (/opt/ros/iron/share/std_msgs/cmake)
[0.679s] -- Found ament_lint_auto: 0.14.3 (/opt/ros/iron/share/ament_lint_auto/cmake)
[0.774s] -- Added test 'copyright' to check source files copyright and LICENSE
[0.776s] -- Added test 'cppcheck' to perform static code analysis on C / C++ code
[0.776s] -- Configured cppcheck include dirs: /workspace/ros2_ws/cobot_fds/include
[0.776s] -- Configured cppcheck exclude dirs and/or files: 
[0.777s] -- Added test 'cpplint' to check C / C++ code against the Google style
[0.777s] -- Configured cpplint exclude dirs and/or files: 
[0.778s] -- Added test 'lint_cmake' to check CMake code style
[0.780s] -- Added test 'uncrustify' to check C / C++ code style
[0.780s] -- Configured uncrustify additional arguments: 
[0.780s] -- Added test 'xmllint' to check XML markup files
[0.781s] -- Configuring done
[0.793s] -- Generating done
[0.795s] -- Build files have been written to: /workspace/ros2_ws/build/cobot_fds
[0.844s] [ 50%] [32mBuilding CXX object CMakeFiles/cobot_drive_main.dir/src/cobot_drive_main.cpp.o[0m
[1.047s] [01m[K/workspace/ros2_ws/cobot_fds/src/cobot_drive_main.cpp:28:10:[m[K [01;31m[Kfatal error: [m[Kros/ros.h: No such file or directory
[1.047s]    28 | #include [01;31m[K<ros/ros.h>[m[K
[1.048s]       |          [01;31m[K^~~~~~~~~~~[m[K
[1.048s] compilation terminated.
[1.050s] gmake[2]: *** [CMakeFiles/cobot_drive_main.dir/build.make:76: CMakeFiles/cobot_drive_main.dir/src/cobot_drive_main.cpp.o] Error 1
[1.051s] gmake[1]: *** [CMakeFiles/Makefile2:137: CMakeFiles/cobot_drive_main.dir/all] Error 2
[1.051s] gmake: *** [Makefile:146: all] Error 2
[1.053s] Invoked command in '/workspace/ros2_ws/build/cobot_fds' returned '2': CMAKE_PREFIX_PATH=/opt/ros/iron /usr/bin/cmake --build /workspace/ros2_ws/build/cobot_fds -- -j8 -l8
