-- Found ament_cmake: 2.0.5 (/opt/ros/iron/share/ament_cmake/cmake)
-- Found diagnostic_updater: 3.1.2 (/opt/ros/iron/share/diagnostic_updater/cmake)
-- Found rosidl_generator_c: 4.0.1 (/opt/ros/iron/share/rosidl_generator_c/cmake)
-- Found rosidl_generator_cpp: 4.0.1 (/opt/ros/iron/share/rosidl_generator_cpp/cmake)
-- Using all available rosidl_typesupport_c: rosidl_typesupport_fastrtps_c;rosidl_typesupport_introspection_c
-- Using all available rosidl_typesupport_cpp: rosidl_typesupport_fastrtps_cpp;rosidl_typesupport_introspection_cpp
-- Found rmw_implementation_cmake: 7.1.0 (/opt/ros/iron/share/rmw_implementation_cmake/cmake)
-- Found rmw_fastrtps_cpp: 7.1.3 (/opt/ros/iron/share/rmw_fastrtps_cpp/cmake)
-- Using RMW implementation 'rmw_fastrtps_cpp' as default
-- Found laser_proc: 1.0.2 (/opt/ros/iron/share/laser_proc/cmake)
-- Found rclcpp_components: 21.0.6 (/opt/ros/iron/share/rclcpp_components/cmake)
-- Found std_srvs: 5.0.0 (/opt/ros/iron/share/std_srvs/cmake)
-- Found urg_c: 1.0.4001 (/opt/ros/iron/share/urg_c/cmake)
[31mCMake Error at CMakeLists.txt:29 (find_package):
  By not providing "Findurg_node_msgs.cmake" in CMAKE_MODULE_PATH this
  project has asked CMake to find a package configuration file provided by
  "urg_node_msgs", but CMake did not find one.

  Could not find a package configuration file provided by "urg_node_msgs"
  with any of the following names:

    urg_node_msgsConfig.cmake
    urg_node_msgs-config.cmake

  Add the installation prefix of "urg_node_msgs" to CMAKE_PREFIX_PATH or set
  "urg_node_msgs_DIR" to a directory containing one of the above files.  If
  "urg_node_msgs" provides a separate development package or SDK, be sure it
  has been installed.

[0m
-- Configuring incomplete, errors occurred!
See also "/workspace/ros2/build/urg_node/CMakeFiles/CMakeOutput.log".
