[0.016s] Invoking command in '/workspace/ros2/build/urg_node': CMAKE_PREFIX_PATH=/opt/ros/iron /usr/bin/cmake /workspace/ros2/hardware/urg_node -DCMAKE_INSTALL_PREFIX=/workspace/ros2/install/urg_node
[0.029s] -- Found ament_cmake: 2.0.5 (/opt/ros/iron/share/ament_cmake/cmake)
[0.176s] -- Found diagnostic_updater: 3.1.2 (/opt/ros/iron/share/diagnostic_updater/cmake)
[0.196s] -- Found rosidl_generator_c: 4.0.1 (/opt/ros/iron/share/rosidl_generator_c/cmake)
[0.204s] -- Found rosidl_generator_cpp: 4.0.1 (/opt/ros/iron/share/rosidl_generator_cpp/cmake)
[0.215s] -- Using all available rosidl_typesupport_c: rosidl_typesupport_fastrtps_c;rosidl_typesupport_introspection_c
[0.231s] -- Using all available rosidl_typesupport_cpp: rosidl_typesupport_fastrtps_cpp;rosidl_typesupport_introspection_cpp
[0.484s] -- Found rmw_implementation_cmake: 7.1.0 (/opt/ros/iron/share/rmw_implementation_cmake/cmake)
[0.487s] -- Found rmw_fastrtps_cpp: 7.1.3 (/opt/ros/iron/share/rmw_fastrtps_cpp/cmake)
[0.607s] -- Using RMW implementation 'rmw_fastrtps_cpp' as default
[0.868s] -- Found laser_proc: 1.0.2 (/opt/ros/iron/share/laser_proc/cmake)
[1.045s] -- Found rclcpp_components: 21.0.6 (/opt/ros/iron/share/rclcpp_components/cmake)
[1.147s] -- Found std_srvs: 5.0.0 (/opt/ros/iron/share/std_srvs/cmake)
[1.200s] -- Found urg_c: 1.0.4001 (/opt/ros/iron/share/urg_c/cmake)
[1.206s] [31mCMake Error at CMakeLists.txt:29 (find_package):
[1.207s]   By not providing "Findurg_node_msgs.cmake" in CMAKE_MODULE_PATH this
[1.207s]   project has asked CMake to find a package configuration file provided by
[1.207s]   "urg_node_msgs", but CMake did not find one.
[1.207s] 
[1.207s]   Could not find a package configuration file provided by "urg_node_msgs"
[1.207s]   with any of the following names:
[1.208s] 
[1.208s]     urg_node_msgsConfig.cmake
[1.208s]     urg_node_msgs-config.cmake
[1.208s] 
[1.208s]   Add the installation prefix of "urg_node_msgs" to CMAKE_PREFIX_PATH or set
[1.208s]   "urg_node_msgs_DIR" to a directory containing one of the above files.  If
[1.208s]   "urg_node_msgs" provides a separate development package or SDK, be sure it
[1.208s]   has been installed.
[1.209s] 
[1.209s] [0m
[1.209s] -- Configuring incomplete, errors occurred!
[1.209s] See also "/workspace/ros2/build/urg_node/CMakeFiles/CMakeOutput.log".
[1.212s] Invoked command in '/workspace/ros2/build/urg_node' returned '1': CMAKE_PREFIX_PATH=/opt/ros/iron /usr/bin/cmake /workspace/ros2/hardware/urg_node -DCMAKE_INSTALL_PREFIX=/workspace/ros2/install/urg_node
