[0.017s] Invoking command in '/workspace/ros2/build/cobot_drive': CMAKE_PREFIX_PATH=/opt/ros/iron /usr/bin/cmake /workspace/ros2/hardware/cobot_drive -DCMAKE_INSTALL_PREFIX=/workspace/ros2/install/cobot_drive
[0.031s] -- Found ament_cmake: 2.0.5 (/opt/ros/iron/share/ament_cmake/cmake)
[0.162s] -- Found rclcpp: 21.0.6 (/opt/ros/iron/share/rclcpp/cmake)
[0.182s] -- Found rosidl_generator_c: 4.0.1 (/opt/ros/iron/share/rosidl_generator_c/cmake)
[0.189s] -- Found rosidl_generator_cpp: 4.0.1 (/opt/ros/iron/share/rosidl_generator_cpp/cmake)
[0.201s] -- Using all available rosidl_typesupport_c: rosidl_typesupport_fastrtps_c;rosidl_typesupport_introspection_c
[0.215s] -- Using all available rosidl_typesupport_cpp: rosidl_typesupport_fastrtps_cpp;rosidl_typesupport_introspection_cpp
[0.355s] -- Found rmw_implementation_cmake: 7.1.0 (/opt/ros/iron/share/rmw_implementation_cmake/cmake)
[0.356s] -- Found rmw_fastrtps_cpp: 7.1.3 (/opt/ros/iron/share/rmw_fastrtps_cpp/cmake)
[0.443s] -- Using RMW implementation 'rmw_fastrtps_cpp' as default
[0.619s] -- Found std_msgs: 5.0.0 (/opt/ros/iron/share/std_msgs/cmake)
[0.652s] -- Found tf2_ros: 0.31.6 (/opt/ros/iron/share/tf2_ros/cmake)
[1.279s] -- Found nav_msgs: 5.0.0 (/opt/ros/iron/share/nav_msgs/cmake)
[1.450s] [31mCMake Error at CMakeLists.txt:17 (find_package):
[1.451s]   By not providing "Findmessages.cmake" in CMAKE_MODULE_PATH this project has
[1.451s]   asked CMake to find a package configuration file provided by "messages",
[1.451s]   but CMake did not find one.
[1.451s] 
[1.451s]   Could not find a package configuration file provided by "messages" with any
[1.451s]   of the following names:
[1.452s] 
[1.452s]     messagesConfig.cmake
[1.452s]     messages-config.cmake
[1.452s] 
[1.452s]   Add the installation prefix of "messages" to CMAKE_PREFIX_PATH or set
[1.452s]   "messages_DIR" to a directory containing one of the above files.  If
[1.452s]   "messages" provides a separate development package or SDK, be sure it has
[1.453s]   been installed.
[1.453s] 
[1.453s] [0m
[1.453s] -- Configuring incomplete, errors occurred!
[1.453s] See also "/workspace/ros2/build/cobot_drive/CMakeFiles/CMakeOutput.log".
[1.459s] Invoked command in '/workspace/ros2/build/cobot_drive' returned '1': CMAKE_PREFIX_PATH=/opt/ros/iron /usr/bin/cmake /workspace/ros2/hardware/cobot_drive -DCMAKE_INSTALL_PREFIX=/workspace/ros2/install/cobot_drive
