[0.017s] Invoking command in '/workspace/ros2/build/messages': CMAKE_PREFIX_PATH=/opt/ros/iron /usr/bin/cmake --build /workspace/ros2/build/messages -- -j8 -l8
[0.070s] [  2%] Built target messages__rosidl_generator_type_description
[0.083s] [  2%] Built target ament_cmake_python_copy_messages
[0.092s] [  5%] Built target messages__cpp
[0.100s] [ 20%] Built target messages__rosidl_generator_c
[0.123s] [ 29%] Built target messages__rosidl_typesupport_fastrtps_cpp
[0.127s] [ 38%] Built target messages__rosidl_typesupport_introspection_c
[0.131s] [ 47%] Built target messages__rosidl_typesupport_introspection_cpp
[0.131s] [ 55%] Built target messages__rosidl_typesupport_cpp
[0.134s] [ 64%] Built target messages__rosidl_typesupport_c
[0.136s] [ 73%] Built target messages__rosidl_typesupport_fastrtps_c
[0.164s] [ 73%] Built target messages
[0.192s] [ 76%] Built target messages__py
[0.221s] [ 82%] Built target messages__rosidl_generator_py
[0.245s] [ 88%] Built target messages__rosidl_typesupport_c__pyext
[0.250s] [ 94%] Built target messages__rosidl_typesupport_fastrtps_c__pyext
[0.251s] [100%] Built target messages__rosidl_typesupport_introspection_c__pyext
[0.265s] running egg_info
[0.266s] writing messages.egg-info/PKG-INFO
[0.266s] writing dependency_links to messages.egg-info/dependency_links.txt
[0.266s] writing top-level names to messages.egg-info/top_level.txt
[0.268s] reading manifest file 'messages.egg-info/SOURCES.txt'
[0.268s] writing manifest file 'messages.egg-info/SOURCES.txt'
[0.298s] [100%] Built target ament_cmake_python_build_messages_egg
[0.309s] Invoked command in '/workspace/ros2/build/messages' returned '0': CMAKE_PREFIX_PATH=/opt/ros/iron /usr/bin/cmake --build /workspace/ros2/build/messages -- -j8 -l8
[0.386s] Invoking command in '/workspace/ros2/build/messages': CMAKE_PREFIX_PATH=/opt/ros/iron /usr/bin/cmake --install /workspace/ros2/build/messages
[0.399s] -- Install configuration: ""
[0.399s] -- Up-to-date: /workspace/ros2/install/messages/share/ament_index/resource_index/rosidl_interfaces/messages
[0.399s] -- Up-to-date: /workspace/ros2/install/messages/share/messages/msg/CobotRawStatus.json
[0.399s] -- Up-to-date: /workspace/ros2/install/messages/include/messages/messages
[0.399s] -- Up-to-date: /workspace/ros2/install/messages/include/messages/messages/msg
[0.399s] -- Up-to-date: /workspace/ros2/install/messages/include/messages/messages/msg/rosidl_generator_c__visibility_control.h
[0.400s] -- Up-to-date: /workspace/ros2/install/messages/include/messages/messages/msg/detail
[0.400s] -- Up-to-date: /workspace/ros2/install/messages/include/messages/messages/msg/detail/cobot_raw_status__type_support.c
[0.400s] -- Up-to-date: /workspace/ros2/install/messages/include/messages/messages/msg/detail/cobot_raw_status__struct.h
[0.400s] -- Up-to-date: /workspace/ros2/install/messages/include/messages/messages/msg/detail/cobot_raw_status__functions.h
[0.400s] -- Up-to-date: /workspace/ros2/install/messages/include/messages/messages/msg/detail/cobot_raw_status__functions.c
[0.401s] -- Up-to-date: /workspace/ros2/install/messages/include/messages/messages/msg/detail/cobot_raw_status__description.c
[0.401s] -- Up-to-date: /workspace/ros2/install/messages/include/messages/messages/msg/detail/cobot_raw_status__type_support.h
[0.401s] -- Up-to-date: /workspace/ros2/install/messages/include/messages/messages/msg/cobot_raw_status.h
[0.401s] -- Up-to-date: /workspace/ros2/install/messages/share/messages/environment/library_path.sh
[0.401s] -- Up-to-date: /workspace/ros2/install/messages/share/messages/environment/library_path.dsv
[0.401s] -- Up-to-date: /workspace/ros2/install/messages/lib/libmessages__rosidl_generator_c.so
[0.401s] -- Up-to-date: /workspace/ros2/install/messages/include/messages/messages
[0.402s] -- Up-to-date: /workspace/ros2/install/messages/include/messages/messages/msg
[0.402s] -- Up-to-date: /workspace/ros2/install/messages/include/messages/messages/msg/detail
[0.402s] -- Up-to-date: /workspace/ros2/install/messages/include/messages/messages/msg/detail/cobot_raw_status__rosidl_typesupport_fastrtps_c.h
[0.402s] -- Up-to-date: /workspace/ros2/install/messages/include/messages/messages/msg/rosidl_typesupport_fastrtps_c__visibility_control.h
[0.402s] -- Up-to-date: /workspace/ros2/install/messages/lib/libmessages__rosidl_typesupport_fastrtps_c.so
[0.402s] -- Up-to-date: /workspace/ros2/install/messages/include/messages/messages
[0.402s] -- Up-to-date: /workspace/ros2/install/messages/include/messages/messages/msg
[0.403s] -- Up-to-date: /workspace/ros2/install/messages/include/messages/messages/msg/rosidl_typesupport_introspection_c__visibility_control.h
[0.403s] -- Up-to-date: /workspace/ros2/install/messages/include/messages/messages/msg/detail
[0.403s] -- Up-to-date: /workspace/ros2/install/messages/include/messages/messages/msg/detail/cobot_raw_status__type_support.c
[0.403s] -- Up-to-date: /workspace/ros2/install/messages/include/messages/messages/msg/detail/cobot_raw_status__rosidl_typesupport_introspection_c.h
[0.403s] -- Up-to-date: /workspace/ros2/install/messages/lib/libmessages__rosidl_typesupport_introspection_c.so
[0.403s] -- Up-to-date: /workspace/ros2/install/messages/lib/libmessages__rosidl_typesupport_c.so
[0.404s] -- Up-to-date: /workspace/ros2/install/messages/include/messages/messages
[0.404s] -- Up-to-date: /workspace/ros2/install/messages/include/messages/messages/msg
[0.404s] -- Up-to-date: /workspace/ros2/install/messages/include/messages/messages/msg/cobot_raw_status.hpp
[0.404s] -- Up-to-date: /workspace/ros2/install/messages/include/messages/messages/msg/detail
[0.404s] -- Up-to-date: /workspace/ros2/install/messages/include/messages/messages/msg/detail/cobot_raw_status__builder.hpp
[0.405s] -- Up-to-date: /workspace/ros2/install/messages/include/messages/messages/msg/detail/cobot_raw_status__struct.hpp
[0.405s] -- Up-to-date: /workspace/ros2/install/messages/include/messages/messages/msg/detail/cobot_raw_status__traits.hpp
[0.405s] -- Up-to-date: /workspace/ros2/install/messages/include/messages/messages
[0.405s] -- Up-to-date: /workspace/ros2/install/messages/include/messages/messages/msg
[0.405s] -- Up-to-date: /workspace/ros2/install/messages/include/messages/messages/msg/rosidl_typesupport_fastrtps_cpp__visibility_control.h
[0.405s] -- Up-to-date: /workspace/ros2/install/messages/include/messages/messages/msg/detail
[0.405s] -- Up-to-date: /workspace/ros2/install/messages/include/messages/messages/msg/detail/dds_fastrtps
[0.406s] -- Up-to-date: /workspace/ros2/install/messages/include/messages/messages/msg/detail/cobot_raw_status__rosidl_typesupport_fastrtps_cpp.hpp
[0.406s] -- Up-to-date: /workspace/ros2/install/messages/lib/libmessages__rosidl_typesupport_fastrtps_cpp.so
[0.406s] -- Up-to-date: /workspace/ros2/install/messages/include/messages/messages
[0.406s] -- Up-to-date: /workspace/ros2/install/messages/include/messages/messages/msg
[0.406s] -- Up-to-date: /workspace/ros2/install/messages/include/messages/messages/msg/detail
[0.406s] -- Up-to-date: /workspace/ros2/install/messages/include/messages/messages/msg/detail/cobot_raw_status__rosidl_typesupport_introspection_cpp.hpp
[0.406s] -- Up-to-date: /workspace/ros2/install/messages/include/messages/messages/msg/detail/cobot_raw_status__type_support.cpp
[0.407s] -- Up-to-date: /workspace/ros2/install/messages/lib/libmessages__rosidl_typesupport_introspection_cpp.so
[0.407s] -- Up-to-date: /workspace/ros2/install/messages/lib/libmessages__rosidl_typesupport_cpp.so
[0.407s] -- Up-to-date: /workspace/ros2/install/messages/share/messages/environment/pythonpath.sh
[0.407s] -- Up-to-date: /workspace/ros2/install/messages/share/messages/environment/pythonpath.dsv
[0.407s] -- Up-to-date: /workspace/ros2/install/messages/lib/python3.10/site-packages/messages-0.0.0-py3.10.egg-info
[0.407s] -- Installing: /workspace/ros2/install/messages/lib/python3.10/site-packages/messages-0.0.0-py3.10.egg-info/SOURCES.txt
[0.407s] -- Installing: /workspace/ros2/install/messages/lib/python3.10/site-packages/messages-0.0.0-py3.10.egg-info/PKG-INFO
[0.408s] -- Installing: /workspace/ros2/install/messages/lib/python3.10/site-packages/messages-0.0.0-py3.10.egg-info/top_level.txt
[0.408s] -- Installing: /workspace/ros2/install/messages/lib/python3.10/site-packages/messages-0.0.0-py3.10.egg-info/dependency_links.txt
[0.408s] -- Up-to-date: /workspace/ros2/install/messages/lib/python3.10/site-packages/messages
[0.408s] -- Up-to-date: /workspace/ros2/install/messages/lib/python3.10/site-packages/messages/messages_s__rosidl_typesupport_fastrtps_c.cpython-310-x86_64-linux-gnu.so
[0.408s] -- Up-to-date: /workspace/ros2/install/messages/lib/python3.10/site-packages/messages/_messages_s.ep.rosidl_typesupport_fastrtps_c.c
[0.408s] -- Up-to-date: /workspace/ros2/install/messages/lib/python3.10/site-packages/messages/_messages_s.ep.rosidl_typesupport_c.c
[0.408s] -- Up-to-date: /workspace/ros2/install/messages/lib/python3.10/site-packages/messages/msg
[0.409s] -- Up-to-date: /workspace/ros2/install/messages/lib/python3.10/site-packages/messages/msg/_cobot_raw_status.py
[0.409s] -- Up-to-date: /workspace/ros2/install/messages/lib/python3.10/site-packages/messages/msg/_cobot_raw_status_s.c
[0.409s] -- Up-to-date: /workspace/ros2/install/messages/lib/python3.10/site-packages/messages/msg/__init__.py
[0.409s] -- Up-to-date: /workspace/ros2/install/messages/lib/python3.10/site-packages/messages/__init__.py
[0.409s] -- Up-to-date: /workspace/ros2/install/messages/lib/python3.10/site-packages/messages/messages_s__rosidl_typesupport_c.cpython-310-x86_64-linux-gnu.so
[0.409s] -- Up-to-date: /workspace/ros2/install/messages/lib/python3.10/site-packages/messages/_messages_s.ep.rosidl_typesupport_introspection_c.c
[0.410s] -- Up-to-date: /workspace/ros2/install/messages/lib/python3.10/site-packages/messages/libmessages__rosidl_generator_py.so
[0.410s] -- Up-to-date: /workspace/ros2/install/messages/lib/python3.10/site-packages/messages/messages_s__rosidl_typesupport_introspection_c.cpython-310-x86_64-linux-gnu.so
[0.434s] Listing '/workspace/ros2/install/messages/lib/python3.10/site-packages/messages'...
[0.434s] Listing '/workspace/ros2/install/messages/lib/python3.10/site-packages/messages/msg'...
[0.440s] -- Up-to-date: /workspace/ros2/install/messages/lib/python3.10/site-packages/messages/messages_s__rosidl_typesupport_fastrtps_c.cpython-310-x86_64-linux-gnu.so
[0.440s] -- Up-to-date: /workspace/ros2/install/messages/lib/python3.10/site-packages/messages/messages_s__rosidl_typesupport_introspection_c.cpython-310-x86_64-linux-gnu.so
[0.440s] -- Up-to-date: /workspace/ros2/install/messages/lib/python3.10/site-packages/messages/messages_s__rosidl_typesupport_c.cpython-310-x86_64-linux-gnu.so
[0.442s] -- Up-to-date: /workspace/ros2/install/messages/lib/libmessages__rosidl_generator_py.so
[0.442s] -- Up-to-date: /workspace/ros2/install/messages/share/messages/msg/CobotRawStatus.idl
[0.443s] -- Up-to-date: /workspace/ros2/install/messages/share/messages/msg/CobotRawStatus.msg
[0.443s] -- Up-to-date: /workspace/ros2/install/messages/share/ament_index/resource_index/package_run_dependencies/messages
[0.443s] -- Up-to-date: /workspace/ros2/install/messages/share/ament_index/resource_index/parent_prefix_path/messages
[0.443s] -- Up-to-date: /workspace/ros2/install/messages/share/messages/environment/ament_prefix_path.sh
[0.444s] -- Up-to-date: /workspace/ros2/install/messages/share/messages/environment/ament_prefix_path.dsv
[0.444s] -- Up-to-date: /workspace/ros2/install/messages/share/messages/environment/path.sh
[0.444s] -- Up-to-date: /workspace/ros2/install/messages/share/messages/environment/path.dsv
[0.444s] -- Up-to-date: /workspace/ros2/install/messages/share/messages/local_setup.bash
[0.444s] -- Up-to-date: /workspace/ros2/install/messages/share/messages/local_setup.sh
[0.444s] -- Up-to-date: /workspace/ros2/install/messages/share/messages/local_setup.zsh
[0.444s] -- Up-to-date: /workspace/ros2/install/messages/share/messages/local_setup.dsv
[0.445s] -- Installing: /workspace/ros2/install/messages/share/messages/package.dsv
[0.445s] -- Up-to-date: /workspace/ros2/install/messages/share/ament_index/resource_index/packages/messages
[0.445s] -- Up-to-date: /workspace/ros2/install/messages/share/messages/cmake/export_messages__rosidl_generator_cExport.cmake
[0.446s] -- Up-to-date: /workspace/ros2/install/messages/share/messages/cmake/export_messages__rosidl_generator_cExport-noconfig.cmake
[0.446s] -- Up-to-date: /workspace/ros2/install/messages/share/messages/cmake/export_messages__rosidl_typesupport_fastrtps_cExport.cmake
[0.446s] -- Up-to-date: /workspace/ros2/install/messages/share/messages/cmake/export_messages__rosidl_typesupport_fastrtps_cExport-noconfig.cmake
[0.446s] -- Up-to-date: /workspace/ros2/install/messages/share/messages/cmake/messages__rosidl_typesupport_introspection_cExport.cmake
[0.446s] -- Up-to-date: /workspace/ros2/install/messages/share/messages/cmake/messages__rosidl_typesupport_introspection_cExport-noconfig.cmake
[0.446s] -- Up-to-date: /workspace/ros2/install/messages/share/messages/cmake/messages__rosidl_typesupport_cExport.cmake
[0.447s] -- Up-to-date: /workspace/ros2/install/messages/share/messages/cmake/messages__rosidl_typesupport_cExport-noconfig.cmake
[0.447s] -- Up-to-date: /workspace/ros2/install/messages/share/messages/cmake/export_messages__rosidl_generator_cppExport.cmake
[0.447s] -- Up-to-date: /workspace/ros2/install/messages/share/messages/cmake/export_messages__rosidl_typesupport_fastrtps_cppExport.cmake
[0.447s] -- Up-to-date: /workspace/ros2/install/messages/share/messages/cmake/export_messages__rosidl_typesupport_fastrtps_cppExport-noconfig.cmake
[0.447s] -- Up-to-date: /workspace/ros2/install/messages/share/messages/cmake/messages__rosidl_typesupport_introspection_cppExport.cmake
[0.447s] -- Up-to-date: /workspace/ros2/install/messages/share/messages/cmake/messages__rosidl_typesupport_introspection_cppExport-noconfig.cmake
[0.447s] -- Up-to-date: /workspace/ros2/install/messages/share/messages/cmake/messages__rosidl_typesupport_cppExport.cmake
[0.447s] -- Up-to-date: /workspace/ros2/install/messages/share/messages/cmake/messages__rosidl_typesupport_cppExport-noconfig.cmake
[0.448s] -- Up-to-date: /workspace/ros2/install/messages/share/messages/cmake/export_messages__rosidl_generator_pyExport.cmake
[0.448s] -- Up-to-date: /workspace/ros2/install/messages/share/messages/cmake/export_messages__rosidl_generator_pyExport-noconfig.cmake
[0.448s] -- Up-to-date: /workspace/ros2/install/messages/share/messages/cmake/rosidl_cmake-extras.cmake
[0.448s] -- Up-to-date: /workspace/ros2/install/messages/share/messages/cmake/ament_cmake_export_dependencies-extras.cmake
[0.448s] -- Up-to-date: /workspace/ros2/install/messages/share/messages/cmake/ament_cmake_export_include_directories-extras.cmake
[0.448s] -- Up-to-date: /workspace/ros2/install/messages/share/messages/cmake/ament_cmake_export_libraries-extras.cmake
[0.448s] -- Up-to-date: /workspace/ros2/install/messages/share/messages/cmake/ament_cmake_export_targets-extras.cmake
[0.448s] -- Up-to-date: /workspace/ros2/install/messages/share/messages/cmake/rosidl_cmake_export_typesupport_targets-extras.cmake
[0.448s] -- Up-to-date: /workspace/ros2/install/messages/share/messages/cmake/rosidl_cmake_export_typesupport_libraries-extras.cmake
[0.448s] -- Up-to-date: /workspace/ros2/install/messages/share/messages/cmake/messagesConfig.cmake
[0.449s] -- Up-to-date: /workspace/ros2/install/messages/share/messages/cmake/messagesConfig-version.cmake
[0.449s] -- Up-to-date: /workspace/ros2/install/messages/share/messages/package.xml
[0.452s] Invoked command in '/workspace/ros2/build/messages' returned '0': CMAKE_PREFIX_PATH=/opt/ros/iron /usr/bin/cmake --install /workspace/ros2/build/messages
