[0.011s] Invoking command in '/workspace/ros2/build/messages': CMAKE_PREFIX_PATH=/opt/ros/iron /usr/bin/cmake --build /workspace/ros2/build/messages -- -j8 -l8
[0.072s] [  2%] Built target messages__rosidl_generator_type_description
[0.082s] [  2%] Built target ament_cmake_python_copy_messages
[0.082s] [35m[1mConsolidate compiler generated dependencies of target messages__rosidl_generator_c[0m
[0.093s] [ 17%] Built target messages__rosidl_generator_c
[0.096s] [ 20%] Built target messages__cpp
[0.103s] [35m[1mConsolidate compiler generated dependencies of target messages__rosidl_typesupport_introspection_c[0m
[0.103s] [35m[1mConsolidate compiler generated dependencies of target messages__rosidl_typesupport_fastrtps_c[0m
[0.109s] [35m[1mConsolidate compiler generated dependencies of target messages__rosidl_typesupport_cpp[0m
[0.109s] [35m[1mConsolidate compiler generated dependencies of target messages__rosidl_typesupport_introspection_cpp[0m
[0.114s] [35m[1mConsolidate compiler generated dependencies of target messages__rosidl_typesupport_c[0m
[0.118s] [35m[1mConsolidate compiler generated dependencies of target messages__rosidl_typesupport_fastrtps_cpp[0m
[0.121s] [ 29%] Built target messages__rosidl_typesupport_introspection_c
[0.124s] [ 38%] Built target messages__rosidl_typesupport_fastrtps_c
[0.129s] [ 55%] Built target messages__rosidl_typesupport_introspection_cpp
[0.129s] [ 55%] Built target messages__rosidl_typesupport_cpp
[0.131s] [ 64%] Built target messages__rosidl_typesupport_c
[0.133s] [ 73%] Built target messages__rosidl_typesupport_fastrtps_cpp
[0.155s] [ 73%] Built target messages
[0.184s] [ 76%] Built target messages__py
[0.199s] [35m[1mConsolidate compiler generated dependencies of target messages__rosidl_generator_py[0m
[0.214s] [ 82%] Built target messages__rosidl_generator_py
[0.223s] [35m[1mConsolidate compiler generated dependencies of target messages__rosidl_typesupport_fastrtps_c__pyext[0m
[0.226s] [35m[1mConsolidate compiler generated dependencies of target messages__rosidl_typesupport_c__pyext[0m
[0.234s] [35m[1mConsolidate compiler generated dependencies of target messages__rosidl_typesupport_introspection_c__pyext[0m
[0.235s] [ 88%] Built target messages__rosidl_typesupport_fastrtps_c__pyext
[0.240s] [ 94%] Built target messages__rosidl_typesupport_c__pyext
[0.243s] [100%] Built target messages__rosidl_typesupport_introspection_c__pyext
[0.276s] running egg_info
[0.276s] writing messages.egg-info/PKG-INFO
[0.277s] writing dependency_links to messages.egg-info/dependency_links.txt
[0.277s] writing top-level names to messages.egg-info/top_level.txt
[0.279s] reading manifest file 'messages.egg-info/SOURCES.txt'
[0.279s] writing manifest file 'messages.egg-info/SOURCES.txt'
[0.310s] [100%] Built target ament_cmake_python_build_messages_egg
