[0.014s] Invoking command in '/workspace/ros2_ws/build/cobot_fds': CMAKE_PREFIX_PATH=${CMAKE_PREFIX_PATH}:/opt/ros/iron /usr/bin/cmake --build /workspace/ros2_ws/build/cobot_fds -- -j8 -l8
[0.041s] -- Found ament_cmake: 2.0.5 (/opt/ros/iron/share/ament_cmake/cmake)
[0.177s] -- Found rclcpp: 21.0.6 (/opt/ros/iron/share/rclcpp/cmake)
[0.198s] -- Found rosidl_generator_c: 4.0.1 (/opt/ros/iron/share/rosidl_generator_c/cmake)
[0.205s] -- Found rosidl_generator_cpp: 4.0.1 (/opt/ros/iron/share/rosidl_generator_cpp/cmake)
[0.217s] -- Using all available rosidl_typesupport_c: rosidl_typesupport_fastrtps_c;rosidl_typesupport_introspection_c
[0.233s] -- Using all available rosidl_typesupport_cpp: rosidl_typesupport_fastrtps_cpp;rosidl_typesupport_introspection_cpp
[0.374s] -- Found rmw_implementation_cmake: 7.1.0 (/opt/ros/iron/share/rmw_implementation_cmake/cmake)
[0.375s] -- Found rmw_fastrtps_cpp: 7.1.3 (/opt/ros/iron/share/rmw_fastrtps_cpp/cmake)
[0.479s] -- Using RMW implementation 'rmw_fastrtps_cpp' as default
[0.643s] -- Found std_msgs: 5.0.0 (/opt/ros/iron/share/std_msgs/cmake)
[0.670s] -- Found tf2_ros: 0.31.6 (/opt/ros/iron/share/tf2_ros/cmake)
[1.081s] -- Found nav_msgs: 5.0.0 (/opt/ros/iron/share/nav_msgs/cmake)
[1.189s] -- Found messages: 0.0.0 (/workspace/ros2_ws/install/messages/share/messages/cmake)
[1.227s] -- Found ament_lint_auto: 0.14.3 (/opt/ros/iron/share/ament_lint_auto/cmake)
[1.298s] -- Added test 'copyright' to check source files copyright and LICENSE
[1.298s] -- Added test 'cppcheck' to perform static code analysis on C / C++ code
[1.298s] -- Configured cppcheck include dirs: /workspace/ros2_ws/cobot_fds/include
[1.299s] -- Configured cppcheck exclude dirs and/or files: 
[1.299s] -- Added test 'cpplint' to check C / C++ code against the Google style
[1.299s] -- Configured cpplint exclude dirs and/or files: 
[1.300s] -- Added test 'lint_cmake' to check CMake code style
[1.300s] -- Added test 'uncrustify' to check C / C++ code style
[1.300s] -- Configured uncrustify additional arguments: 
[1.301s] -- Added test 'xmllint' to check XML markup files
[1.301s] -- Configuring done
[1.313s] -- Generating done
[1.315s] -- Build files have been written to: /workspace/ros2_ws/build/cobot_fds
[1.339s] [35m[1mConsolidate compiler generated dependencies of target cobot_drive_main[0m
[1.369s] [ 20%] [32m[1mLinking CXX executable cobot_drive_main[0m
[1.599s] [100%] Built target cobot_drive_main
[1.616s] Invoked command in '/workspace/ros2_ws/build/cobot_fds' returned '0': CMAKE_PREFIX_PATH=${CMAKE_PREFIX_PATH}:/opt/ros/iron /usr/bin/cmake --build /workspace/ros2_ws/build/cobot_fds -- -j8 -l8
[1.653s] Invoking command in '/workspace/ros2_ws/build/cobot_fds': CMAKE_PREFIX_PATH=${CMAKE_PREFIX_PATH}:/opt/ros/iron /usr/bin/cmake --install /workspace/ros2_ws/build/cobot_fds
[1.660s] -- Install configuration: ""
[1.660s] -- Installing: /workspace/ros2_ws/install/cobot_fds/lib/cobot_fds/cobot_drive_main
[1.662s] -- Set runtime path of "/workspace/ros2_ws/install/cobot_fds/lib/cobot_fds/cobot_drive_main" to ""
[1.663s] -- Up-to-date: /workspace/ros2_ws/install/cobot_fds/share/ament_index/resource_index/package_run_dependencies/cobot_fds
[1.663s] -- Up-to-date: /workspace/ros2_ws/install/cobot_fds/share/ament_index/resource_index/parent_prefix_path/cobot_fds
[1.663s] -- Up-to-date: /workspace/ros2_ws/install/cobot_fds/share/cobot_fds/environment/ament_prefix_path.sh
[1.663s] -- Up-to-date: /workspace/ros2_ws/install/cobot_fds/share/cobot_fds/environment/ament_prefix_path.dsv
[1.664s] -- Up-to-date: /workspace/ros2_ws/install/cobot_fds/share/cobot_fds/environment/path.sh
[1.664s] -- Up-to-date: /workspace/ros2_ws/install/cobot_fds/share/cobot_fds/environment/path.dsv
[1.664s] -- Up-to-date: /workspace/ros2_ws/install/cobot_fds/share/cobot_fds/local_setup.bash
[1.664s] -- Up-to-date: /workspace/ros2_ws/install/cobot_fds/share/cobot_fds/local_setup.sh
[1.664s] -- Up-to-date: /workspace/ros2_ws/install/cobot_fds/share/cobot_fds/local_setup.zsh
[1.664s] -- Up-to-date: /workspace/ros2_ws/install/cobot_fds/share/cobot_fds/local_setup.dsv
[1.665s] -- Installing: /workspace/ros2_ws/install/cobot_fds/share/cobot_fds/package.dsv
[1.665s] -- Up-to-date: /workspace/ros2_ws/install/cobot_fds/share/ament_index/resource_index/packages/cobot_fds
[1.665s] -- Up-to-date: /workspace/ros2_ws/install/cobot_fds/share/cobot_fds/cmake/cobot_fdsConfig.cmake
[1.665s] -- Up-to-date: /workspace/ros2_ws/install/cobot_fds/share/cobot_fds/cmake/cobot_fdsConfig-version.cmake
[1.665s] -- Up-to-date: /workspace/ros2_ws/install/cobot_fds/share/cobot_fds/package.xml
[1.667s] Invoked command in '/workspace/ros2_ws/build/cobot_fds' returned '0': CMAKE_PREFIX_PATH=${CMAKE_PREFIX_PATH}:/opt/ros/iron /usr/bin/cmake --install /workspace/ros2_ws/build/cobot_fds
