[0.014s] Invoking command in '/workspace/ros2_ws/build/messages': CMAKE_PREFIX_PATH=${CMAKE_PREFIX_PATH}:/opt/ros/iron /usr/bin/cmake --build /workspace/ros2_ws/build/messages -- -j8 -l8
[0.087s] [  2%] Built target messages__rosidl_generator_type_description
[0.104s] [  2%] Built target ament_cmake_python_copy_messages
[0.113s] [  5%] Built target messages__cpp
[0.117s] [ 20%] Built target messages__rosidl_generator_c
[0.144s] [ 29%] Built target messages__rosidl_typesupport_cpp
[0.154s] [ 38%] Built target messages__rosidl_typesupport_introspection_c
[0.154s] [ 47%] Built target messages__rosidl_typesupport_fastrtps_c
[0.159s] [ 55%] Built target messages__rosidl_typesupport_c
[0.165s] [ 64%] Built target messages__rosidl_typesupport_fastrtps_cpp
[0.168s] [ 73%] Built target messages__rosidl_typesupport_introspection_cpp
[0.199s] [ 73%] Built target messages
[0.231s] [ 76%] Built target messages__py
[0.268s] [ 82%] Built target messages__rosidl_generator_py
[0.297s] [ 88%] Built target messages__rosidl_typesupport_introspection_c__pyext
[0.299s] [ 94%] Built target messages__rosidl_typesupport_fastrtps_c__pyext
[0.300s] [100%] Built target messages__rosidl_typesupport_c__pyext
[0.346s] running egg_info
[0.347s] writing messages.egg-info/PKG-INFO
[0.348s] writing dependency_links to messages.egg-info/dependency_links.txt
[0.348s] writing top-level names to messages.egg-info/top_level.txt
[0.349s] reading manifest file 'messages.egg-info/SOURCES.txt'
[0.349s] writing manifest file 'messages.egg-info/SOURCES.txt'
[0.382s] [100%] Built target ament_cmake_python_build_messages_egg
[0.399s] Invoked command in '/workspace/ros2_ws/build/messages' returned '0': CMAKE_PREFIX_PATH=${CMAKE_PREFIX_PATH}:/opt/ros/iron /usr/bin/cmake --build /workspace/ros2_ws/build/messages -- -j8 -l8
[0.498s] Invoking command in '/workspace/ros2_ws/build/messages': CMAKE_PREFIX_PATH=${CMAKE_PREFIX_PATH}:/opt/ros/iron /usr/bin/cmake --install /workspace/ros2_ws/build/messages
[0.510s] -- Install configuration: ""
[0.510s] -- Up-to-date: /workspace/ros2_ws/install/messages/share/ament_index/resource_index/rosidl_interfaces/messages
[0.510s] -- Up-to-date: /workspace/ros2_ws/install/messages/share/messages/msg/CobotRawStatus.json
[0.510s] -- Up-to-date: /workspace/ros2_ws/install/messages/include/messages/messages
[0.511s] -- Up-to-date: /workspace/ros2_ws/install/messages/include/messages/messages/msg
[0.511s] -- Up-to-date: /workspace/ros2_ws/install/messages/include/messages/messages/msg/rosidl_generator_c__visibility_control.h
[0.511s] -- Up-to-date: /workspace/ros2_ws/install/messages/include/messages/messages/msg/detail
[0.511s] -- Up-to-date: /workspace/ros2_ws/install/messages/include/messages/messages/msg/detail/cobot_raw_status__type_support.c
[0.511s] -- Up-to-date: /workspace/ros2_ws/install/messages/include/messages/messages/msg/detail/cobot_raw_status__struct.h
[0.511s] -- Up-to-date: /workspace/ros2_ws/install/messages/include/messages/messages/msg/detail/cobot_raw_status__functions.h
[0.512s] -- Up-to-date: /workspace/ros2_ws/install/messages/include/messages/messages/msg/detail/cobot_raw_status__functions.c
[0.512s] -- Up-to-date: /workspace/ros2_ws/install/messages/include/messages/messages/msg/detail/cobot_raw_status__description.c
[0.512s] -- Up-to-date: /workspace/ros2_ws/install/messages/include/messages/messages/msg/detail/cobot_raw_status__type_support.h
[0.512s] -- Up-to-date: /workspace/ros2_ws/install/messages/include/messages/messages/msg/cobot_raw_status.h
[0.512s] -- Up-to-date: /workspace/ros2_ws/install/messages/share/messages/environment/library_path.sh
[0.512s] -- Up-to-date: /workspace/ros2_ws/install/messages/share/messages/environment/library_path.dsv
[0.513s] -- Up-to-date: /workspace/ros2_ws/install/messages/lib/libmessages__rosidl_generator_c.so
[0.513s] -- Up-to-date: /workspace/ros2_ws/install/messages/include/messages/messages
[0.513s] -- Up-to-date: /workspace/ros2_ws/install/messages/include/messages/messages/msg
[0.513s] -- Up-to-date: /workspace/ros2_ws/install/messages/include/messages/messages/msg/detail
[0.514s] -- Up-to-date: /workspace/ros2_ws/install/messages/include/messages/messages/msg/detail/cobot_raw_status__rosidl_typesupport_fastrtps_c.h
[0.514s] -- Up-to-date: /workspace/ros2_ws/install/messages/include/messages/messages/msg/rosidl_typesupport_fastrtps_c__visibility_control.h
[0.514s] -- Up-to-date: /workspace/ros2_ws/install/messages/lib/libmessages__rosidl_typesupport_fastrtps_c.so
[0.514s] -- Up-to-date: /workspace/ros2_ws/install/messages/include/messages/messages
[0.514s] -- Up-to-date: /workspace/ros2_ws/install/messages/include/messages/messages/msg
[0.515s] -- Up-to-date: /workspace/ros2_ws/install/messages/include/messages/messages/msg/rosidl_typesupport_introspection_c__visibility_control.h
[0.515s] -- Up-to-date: /workspace/ros2_ws/install/messages/include/messages/messages/msg/detail
[0.515s] -- Up-to-date: /workspace/ros2_ws/install/messages/include/messages/messages/msg/detail/cobot_raw_status__type_support.c
[0.515s] -- Up-to-date: /workspace/ros2_ws/install/messages/include/messages/messages/msg/detail/cobot_raw_status__rosidl_typesupport_introspection_c.h
[0.516s] -- Up-to-date: /workspace/ros2_ws/install/messages/lib/libmessages__rosidl_typesupport_introspection_c.so
[0.516s] -- Up-to-date: /workspace/ros2_ws/install/messages/lib/libmessages__rosidl_typesupport_c.so
[0.516s] -- Up-to-date: /workspace/ros2_ws/install/messages/include/messages/messages
[0.516s] -- Up-to-date: /workspace/ros2_ws/install/messages/include/messages/messages/msg
[0.516s] -- Up-to-date: /workspace/ros2_ws/install/messages/include/messages/messages/msg/cobot_raw_status.hpp
[0.516s] -- Up-to-date: /workspace/ros2_ws/install/messages/include/messages/messages/msg/detail
[0.517s] -- Up-to-date: /workspace/ros2_ws/install/messages/include/messages/messages/msg/detail/cobot_raw_status__builder.hpp
[0.517s] -- Up-to-date: /workspace/ros2_ws/install/messages/include/messages/messages/msg/detail/cobot_raw_status__struct.hpp
[0.517s] -- Up-to-date: /workspace/ros2_ws/install/messages/include/messages/messages/msg/detail/cobot_raw_status__traits.hpp
[0.517s] -- Up-to-date: /workspace/ros2_ws/install/messages/include/messages/messages
[0.517s] -- Up-to-date: /workspace/ros2_ws/install/messages/include/messages/messages/msg
[0.517s] -- Up-to-date: /workspace/ros2_ws/install/messages/include/messages/messages/msg/rosidl_typesupport_fastrtps_cpp__visibility_control.h
[0.517s] -- Up-to-date: /workspace/ros2_ws/install/messages/include/messages/messages/msg/detail
[0.518s] -- Up-to-date: /workspace/ros2_ws/install/messages/include/messages/messages/msg/detail/dds_fastrtps
[0.518s] -- Up-to-date: /workspace/ros2_ws/install/messages/include/messages/messages/msg/detail/cobot_raw_status__rosidl_typesupport_fastrtps_cpp.hpp
[0.518s] -- Up-to-date: /workspace/ros2_ws/install/messages/lib/libmessages__rosidl_typesupport_fastrtps_cpp.so
[0.518s] -- Up-to-date: /workspace/ros2_ws/install/messages/include/messages/messages
[0.518s] -- Up-to-date: /workspace/ros2_ws/install/messages/include/messages/messages/msg
[0.519s] -- Up-to-date: /workspace/ros2_ws/install/messages/include/messages/messages/msg/detail
[0.519s] -- Up-to-date: /workspace/ros2_ws/install/messages/include/messages/messages/msg/detail/cobot_raw_status__rosidl_typesupport_introspection_cpp.hpp
[0.519s] -- Up-to-date: /workspace/ros2_ws/install/messages/include/messages/messages/msg/detail/cobot_raw_status__type_support.cpp
[0.519s] -- Up-to-date: /workspace/ros2_ws/install/messages/lib/libmessages__rosidl_typesupport_introspection_cpp.so
[0.519s] -- Up-to-date: /workspace/ros2_ws/install/messages/lib/libmessages__rosidl_typesupport_cpp.so
[0.519s] -- Up-to-date: /workspace/ros2_ws/install/messages/share/messages/environment/pythonpath.sh
[0.520s] -- Up-to-date: /workspace/ros2_ws/install/messages/share/messages/environment/pythonpath.dsv
[0.520s] -- Up-to-date: /workspace/ros2_ws/install/messages/lib/python3.10/site-packages/messages-0.0.0-py3.10.egg-info
[0.520s] -- Installing: /workspace/ros2_ws/install/messages/lib/python3.10/site-packages/messages-0.0.0-py3.10.egg-info/SOURCES.txt
[0.520s] -- Installing: /workspace/ros2_ws/install/messages/lib/python3.10/site-packages/messages-0.0.0-py3.10.egg-info/PKG-INFO
[0.520s] -- Installing: /workspace/ros2_ws/install/messages/lib/python3.10/site-packages/messages-0.0.0-py3.10.egg-info/top_level.txt
[0.520s] -- Installing: /workspace/ros2_ws/install/messages/lib/python3.10/site-packages/messages-0.0.0-py3.10.egg-info/dependency_links.txt
[0.520s] -- Up-to-date: /workspace/ros2_ws/install/messages/lib/python3.10/site-packages/messages
[0.521s] -- Up-to-date: /workspace/ros2_ws/install/messages/lib/python3.10/site-packages/messages/messages_s__rosidl_typesupport_fastrtps_c.cpython-310-x86_64-linux-gnu.so
[0.521s] -- Up-to-date: /workspace/ros2_ws/install/messages/lib/python3.10/site-packages/messages/_messages_s.ep.rosidl_typesupport_fastrtps_c.c
[0.521s] -- Up-to-date: /workspace/ros2_ws/install/messages/lib/python3.10/site-packages/messages/_messages_s.ep.rosidl_typesupport_c.c
[0.521s] -- Up-to-date: /workspace/ros2_ws/install/messages/lib/python3.10/site-packages/messages/msg
[0.521s] -- Up-to-date: /workspace/ros2_ws/install/messages/lib/python3.10/site-packages/messages/msg/_cobot_raw_status.py
[0.521s] -- Up-to-date: /workspace/ros2_ws/install/messages/lib/python3.10/site-packages/messages/msg/_cobot_raw_status_s.c
[0.521s] -- Up-to-date: /workspace/ros2_ws/install/messages/lib/python3.10/site-packages/messages/msg/__init__.py
[0.522s] -- Up-to-date: /workspace/ros2_ws/install/messages/lib/python3.10/site-packages/messages/__init__.py
[0.522s] -- Up-to-date: /workspace/ros2_ws/install/messages/lib/python3.10/site-packages/messages/messages_s__rosidl_typesupport_c.cpython-310-x86_64-linux-gnu.so
[0.522s] -- Up-to-date: /workspace/ros2_ws/install/messages/lib/python3.10/site-packages/messages/_messages_s.ep.rosidl_typesupport_introspection_c.c
[0.522s] -- Up-to-date: /workspace/ros2_ws/install/messages/lib/python3.10/site-packages/messages/libmessages__rosidl_generator_py.so
[0.522s] -- Up-to-date: /workspace/ros2_ws/install/messages/lib/python3.10/site-packages/messages/messages_s__rosidl_typesupport_introspection_c.cpython-310-x86_64-linux-gnu.so
[0.551s] Listing '/workspace/ros2_ws/install/messages/lib/python3.10/site-packages/messages'...
[0.551s] Listing '/workspace/ros2_ws/install/messages/lib/python3.10/site-packages/messages/msg'...
[0.555s] -- Up-to-date: /workspace/ros2_ws/install/messages/lib/python3.10/site-packages/messages/messages_s__rosidl_typesupport_fastrtps_c.cpython-310-x86_64-linux-gnu.so
[0.556s] -- Up-to-date: /workspace/ros2_ws/install/messages/lib/python3.10/site-packages/messages/messages_s__rosidl_typesupport_introspection_c.cpython-310-x86_64-linux-gnu.so
[0.556s] -- Up-to-date: /workspace/ros2_ws/install/messages/lib/python3.10/site-packages/messages/messages_s__rosidl_typesupport_c.cpython-310-x86_64-linux-gnu.so
[0.557s] -- Up-to-date: /workspace/ros2_ws/install/messages/lib/libmessages__rosidl_generator_py.so
[0.557s] -- Up-to-date: /workspace/ros2_ws/install/messages/share/messages/msg/CobotRawStatus.idl
[0.557s] -- Up-to-date: /workspace/ros2_ws/install/messages/share/messages/msg/CobotRawStatus.msg
[0.558s] -- Up-to-date: /workspace/ros2_ws/install/messages/share/ament_index/resource_index/package_run_dependencies/messages
[0.558s] -- Up-to-date: /workspace/ros2_ws/install/messages/share/ament_index/resource_index/parent_prefix_path/messages
[0.558s] -- Up-to-date: /workspace/ros2_ws/install/messages/share/messages/environment/ament_prefix_path.sh
[0.558s] -- Up-to-date: /workspace/ros2_ws/install/messages/share/messages/environment/ament_prefix_path.dsv
[0.559s] -- Up-to-date: /workspace/ros2_ws/install/messages/share/messages/environment/path.sh
[0.559s] -- Up-to-date: /workspace/ros2_ws/install/messages/share/messages/environment/path.dsv
[0.559s] -- Up-to-date: /workspace/ros2_ws/install/messages/share/messages/local_setup.bash
[0.559s] -- Up-to-date: /workspace/ros2_ws/install/messages/share/messages/local_setup.sh
[0.559s] -- Up-to-date: /workspace/ros2_ws/install/messages/share/messages/local_setup.zsh
[0.559s] -- Up-to-date: /workspace/ros2_ws/install/messages/share/messages/local_setup.dsv
[0.560s] -- Up-to-date: /workspace/ros2_ws/install/messages/share/messages/package.dsv
[0.560s] -- Up-to-date: /workspace/ros2_ws/install/messages/share/ament_index/resource_index/packages/messages
[0.560s] -- Up-to-date: /workspace/ros2_ws/install/messages/share/messages/cmake/export_messages__rosidl_generator_cExport.cmake
[0.560s] -- Up-to-date: /workspace/ros2_ws/install/messages/share/messages/cmake/export_messages__rosidl_generator_cExport-noconfig.cmake
[0.560s] -- Up-to-date: /workspace/ros2_ws/install/messages/share/messages/cmake/export_messages__rosidl_typesupport_fastrtps_cExport.cmake
[0.560s] -- Up-to-date: /workspace/ros2_ws/install/messages/share/messages/cmake/export_messages__rosidl_typesupport_fastrtps_cExport-noconfig.cmake
[0.560s] -- Up-to-date: /workspace/ros2_ws/install/messages/share/messages/cmake/messages__rosidl_typesupport_introspection_cExport.cmake
[0.561s] -- Up-to-date: /workspace/ros2_ws/install/messages/share/messages/cmake/messages__rosidl_typesupport_introspection_cExport-noconfig.cmake
[0.561s] -- Up-to-date: /workspace/ros2_ws/install/messages/share/messages/cmake/messages__rosidl_typesupport_cExport.cmake
[0.561s] -- Up-to-date: /workspace/ros2_ws/install/messages/share/messages/cmake/messages__rosidl_typesupport_cExport-noconfig.cmake
[0.561s] -- Up-to-date: /workspace/ros2_ws/install/messages/share/messages/cmake/export_messages__rosidl_generator_cppExport.cmake
[0.561s] -- Up-to-date: /workspace/ros2_ws/install/messages/share/messages/cmake/export_messages__rosidl_typesupport_fastrtps_cppExport.cmake
[0.562s] -- Up-to-date: /workspace/ros2_ws/install/messages/share/messages/cmake/export_messages__rosidl_typesupport_fastrtps_cppExport-noconfig.cmake
[0.562s] -- Up-to-date: /workspace/ros2_ws/install/messages/share/messages/cmake/messages__rosidl_typesupport_introspection_cppExport.cmake
[0.562s] -- Up-to-date: /workspace/ros2_ws/install/messages/share/messages/cmake/messages__rosidl_typesupport_introspection_cppExport-noconfig.cmake
[0.562s] -- Up-to-date: /workspace/ros2_ws/install/messages/share/messages/cmake/messages__rosidl_typesupport_cppExport.cmake
[0.562s] -- Up-to-date: /workspace/ros2_ws/install/messages/share/messages/cmake/messages__rosidl_typesupport_cppExport-noconfig.cmake
[0.562s] -- Up-to-date: /workspace/ros2_ws/install/messages/share/messages/cmake/export_messages__rosidl_generator_pyExport.cmake
[0.562s] -- Up-to-date: /workspace/ros2_ws/install/messages/share/messages/cmake/export_messages__rosidl_generator_pyExport-noconfig.cmake
[0.563s] -- Up-to-date: /workspace/ros2_ws/install/messages/share/messages/cmake/rosidl_cmake-extras.cmake
[0.563s] -- Up-to-date: /workspace/ros2_ws/install/messages/share/messages/cmake/ament_cmake_export_dependencies-extras.cmake
[0.563s] -- Up-to-date: /workspace/ros2_ws/install/messages/share/messages/cmake/ament_cmake_export_include_directories-extras.cmake
[0.563s] -- Up-to-date: /workspace/ros2_ws/install/messages/share/messages/cmake/ament_cmake_export_libraries-extras.cmake
[0.563s] -- Up-to-date: /workspace/ros2_ws/install/messages/share/messages/cmake/ament_cmake_export_targets-extras.cmake
[0.563s] -- Up-to-date: /workspace/ros2_ws/install/messages/share/messages/cmake/rosidl_cmake_export_typesupport_targets-extras.cmake
[0.563s] -- Up-to-date: /workspace/ros2_ws/install/messages/share/messages/cmake/rosidl_cmake_export_typesupport_libraries-extras.cmake
[0.564s] -- Up-to-date: /workspace/ros2_ws/install/messages/share/messages/cmake/messagesConfig.cmake
[0.564s] -- Up-to-date: /workspace/ros2_ws/install/messages/share/messages/cmake/messagesConfig-version.cmake
[0.564s] -- Up-to-date: /workspace/ros2_ws/install/messages/share/messages/package.xml
[0.565s] Invoked command in '/workspace/ros2_ws/build/messages' returned '0': CMAKE_PREFIX_PATH=${CMAKE_PREFIX_PATH}:/opt/ros/iron /usr/bin/cmake --install /workspace/ros2_ws/build/messages
