[0.011s] Invoking command in '/workspace/ros2/build/cobot_drive': AMENT_PREFIX_PATH=/workspace/ros2/install/messages:${AMENT_PREFIX_PATH} CMAKE_PREFIX_PATH=/workspace/ros2/install/messages:/opt/ros/iron LD_LIBRARY_PATH=/workspace/ros2/install/messages/lib:${LD_LIBRARY_PATH} PYTHONPATH=/workspace/ros2/install/messages/lib/python3.10/site-packages:${PYTHONPATH} /usr/bin/cmake --build /workspace/ros2/build/cobot_drive -- -j8 -l8
[0.100s] [100%] Built target cobot_drive_main
[0.115s] Invoked command in '/workspace/ros2/build/cobot_drive' returned '0': AMENT_PREFIX_PATH=/workspace/ros2/install/messages:${AMENT_PREFIX_PATH} CMAKE_PREFIX_PATH=/workspace/ros2/install/messages:/opt/ros/iron LD_LIBRARY_PATH=/workspace/ros2/install/messages/lib:${LD_LIBRARY_PATH} PYTHONPATH=/workspace/ros2/install/messages/lib/python3.10/site-packages:${PYTHONPATH} /usr/bin/cmake --build /workspace/ros2/build/cobot_drive -- -j8 -l8
[0.161s] Invoking command in '/workspace/ros2/build/cobot_drive': AMENT_PREFIX_PATH=/workspace/ros2/install/messages:${AMENT_PREFIX_PATH} CMAKE_PREFIX_PATH=/workspace/ros2/install/messages:/opt/ros/iron LD_LIBRARY_PATH=/workspace/ros2/install/messages/lib:${LD_LIBRARY_PATH} PYTHONPATH=/workspace/ros2/install/messages/lib/python3.10/site-packages:${PYTHONPATH} /usr/bin/cmake --install /workspace/ros2/build/cobot_drive
[0.172s] -- Install configuration: ""
[0.172s] -- Up-to-date: /workspace/ros2/install/cobot_drive/lib/cobot_drive/cobot_drive_main
[0.172s] -- Up-to-date: /workspace/ros2/install/cobot_drive/share/cobot_drive//launch
[0.172s] -- Up-to-date: /workspace/ros2/install/cobot_drive/share/cobot_drive//launch/pipe_launch.py
[0.172s] -- Up-to-date: /workspace/ros2/install/cobot_drive/share/ament_index/resource_index/package_run_dependencies/cobot_drive
[0.173s] -- Up-to-date: /workspace/ros2/install/cobot_drive/share/ament_index/resource_index/parent_prefix_path/cobot_drive
[0.173s] -- Up-to-date: /workspace/ros2/install/cobot_drive/share/cobot_drive/environment/ament_prefix_path.sh
[0.173s] -- Up-to-date: /workspace/ros2/install/cobot_drive/share/cobot_drive/environment/ament_prefix_path.dsv
[0.173s] -- Up-to-date: /workspace/ros2/install/cobot_drive/share/cobot_drive/environment/path.sh
[0.173s] -- Up-to-date: /workspace/ros2/install/cobot_drive/share/cobot_drive/environment/path.dsv
[0.173s] -- Up-to-date: /workspace/ros2/install/cobot_drive/share/cobot_drive/local_setup.bash
[0.174s] -- Up-to-date: /workspace/ros2/install/cobot_drive/share/cobot_drive/local_setup.sh
[0.174s] -- Up-to-date: /workspace/ros2/install/cobot_drive/share/cobot_drive/local_setup.zsh
[0.174s] -- Up-to-date: /workspace/ros2/install/cobot_drive/share/cobot_drive/local_setup.dsv
[0.174s] -- Installing: /workspace/ros2/install/cobot_drive/share/cobot_drive/package.dsv
[0.174s] -- Up-to-date: /workspace/ros2/install/cobot_drive/share/ament_index/resource_index/packages/cobot_drive
[0.174s] -- Up-to-date: /workspace/ros2/install/cobot_drive/share/cobot_drive/cmake/cobot_driveConfig.cmake
[0.174s] -- Up-to-date: /workspace/ros2/install/cobot_drive/share/cobot_drive/cmake/cobot_driveConfig-version.cmake
[0.175s] -- Up-to-date: /workspace/ros2/install/cobot_drive/share/cobot_drive/package.xml
[0.177s] Invoked command in '/workspace/ros2/build/cobot_drive' returned '0': AMENT_PREFIX_PATH=/workspace/ros2/install/messages:${AMENT_PREFIX_PATH} CMAKE_PREFIX_PATH=/workspace/ros2/install/messages:/opt/ros/iron LD_LIBRARY_PATH=/workspace/ros2/install/messages/lib:${LD_LIBRARY_PATH} PYTHONPATH=/workspace/ros2/install/messages/lib/python3.10/site-packages:${PYTHONPATH} /usr/bin/cmake --install /workspace/ros2/build/cobot_drive
