[0.099s] DEBUG:colcon:Command line arguments: ['/usr/bin/colcon', 'build']
[0.100s] DEBUG:colcon:Parsed command line arguments: Namespace(log_base=None, log_level=None, verb_name='build', build_base='build', install_base='install', merge_install=False, symlink_install=False, test_result_base=None, continue_on_error=False, executor='parallel', parallel_workers=8, event_handlers=None, ignore_user_meta=False, metas=['./colcon.meta'], base_paths=['.'], packages_ignore=None, packages_ignore_regex=None, paths=None, packages_up_to=None, packages_up_to_regex=None, packages_above=None, packages_above_and_dependencies=None, packages_above_depth=None, packages_select_by_dep=None, packages_skip_by_dep=None, packages_skip_up_to=None, packages_select_build_failed=False, packages_skip_build_finished=False, packages_select_test_failures=False, packages_skip_test_passed=False, packages_select=None, packages_skip=None, packages_select_regex=None, packages_skip_regex=None, packages_start=None, packages_end=None, cmake_args=None, cmake_target=None, cmake_target_skip_unavailable=False, cmake_clean_cache=False, cmake_clean_first=False, cmake_force_configure=False, ament_cmake_args=None, catkin_cmake_args=None, catkin_skip_building_tests=False, mixin_files=None, mixin=None, verb_parser=<colcon_mixin.mixin.mixin_argument.MixinArgumentDecorator object at 0x7f79fd636140>, verb_extension=<colcon_core.verb.build.BuildVerb object at 0x7f79fd77a7d0>, main=<bound method BuildVerb.main of <colcon_core.verb.build.BuildVerb object at 0x7f79fd77a7d0>>, mixin_verb=('build',))
[0.199s] Level 1:colcon.colcon_core.package_discovery:discover_packages(colcon_meta) check parameters
[0.200s] INFO:colcon.colcon_metadata.package_discovery.colcon_meta:Using configuration from '/root/.colcon/metadata/default/Gazebo.meta'
[0.200s] INFO:colcon.colcon_metadata.package_discovery.colcon_meta:Using configuration from '/root/.colcon/metadata/default/fastrtps.meta'
[0.201s] Level 1:colcon.colcon_core.package_discovery:discover_packages(recursive) check parameters
[0.201s] Level 1:colcon.colcon_core.package_discovery:discover_packages(ignore) check parameters
[0.201s] Level 1:colcon.colcon_core.package_discovery:discover_packages(path) check parameters
[0.201s] Level 1:colcon.colcon_core.package_discovery:discover_packages(colcon_meta) discover
[0.201s] Level 1:colcon.colcon_core.package_discovery:discover_packages(recursive) discover
[0.201s] INFO:colcon.colcon_core.package_discovery:Crawling recursively for packages in '/workspace/ros2_ws'
[0.201s] Level 1:colcon.colcon_core.package_identification:_identify(.) by extensions ['ignore', 'ignore_ament_install']
[0.201s] Level 1:colcon.colcon_core.package_identification:_identify(.) by extension 'ignore'
[0.201s] Level 1:colcon.colcon_core.package_identification:_identify(.) by extension 'ignore_ament_install'
[0.201s] Level 1:colcon.colcon_core.package_identification:_identify(.) by extensions ['colcon_pkg']
[0.201s] Level 1:colcon.colcon_core.package_identification:_identify(.) by extension 'colcon_pkg'
[0.201s] Level 1:colcon.colcon_core.package_identification:_identify(.) by extensions ['colcon_meta']
[0.201s] Level 1:colcon.colcon_core.package_identification:_identify(.) by extension 'colcon_meta'
[0.201s] Level 1:colcon.colcon_core.package_identification:_identify(.) by extensions ['ros']
[0.201s] Level 1:colcon.colcon_core.package_identification:_identify(.) by extension 'ros'
[0.212s] Level 1:colcon.colcon_core.package_identification:_identify(.) by extensions ['cmake', 'python']
[0.212s] Level 1:colcon.colcon_core.package_identification:_identify(.) by extension 'cmake'
[0.212s] Level 1:colcon.colcon_core.package_identification:_identify(.) by extension 'python'
[0.212s] Level 1:colcon.colcon_core.package_identification:_identify(.) by extensions ['python_setup_py']
[0.212s] Level 1:colcon.colcon_core.package_identification:_identify(.) by extension 'python_setup_py'
[0.212s] Level 1:colcon.colcon_core.package_identification:_identify(build) by extensions ['ignore', 'ignore_ament_install']
[0.212s] Level 1:colcon.colcon_core.package_identification:_identify(build) by extension 'ignore'
[0.212s] Level 1:colcon.colcon_core.package_identification:_identify(build) ignored
[0.212s] Level 1:colcon.colcon_core.package_identification:_identify(cobot_fds) by extensions ['ignore', 'ignore_ament_install']
[0.212s] Level 1:colcon.colcon_core.package_identification:_identify(cobot_fds) by extension 'ignore'
[0.212s] Level 1:colcon.colcon_core.package_identification:_identify(cobot_fds) by extension 'ignore_ament_install'
[0.212s] Level 1:colcon.colcon_core.package_identification:_identify(cobot_fds) by extensions ['colcon_pkg']
[0.212s] Level 1:colcon.colcon_core.package_identification:_identify(cobot_fds) by extension 'colcon_pkg'
[0.212s] Level 1:colcon.colcon_core.package_identification:_identify(cobot_fds) by extensions ['colcon_meta']
[0.212s] Level 1:colcon.colcon_core.package_identification:_identify(cobot_fds) by extension 'colcon_meta'
[0.213s] Level 1:colcon.colcon_core.package_identification:_identify(cobot_fds) by extensions ['ros']
[0.213s] Level 1:colcon.colcon_core.package_identification:_identify(cobot_fds) by extension 'ros'
[0.215s] DEBUG:colcon.colcon_core.package_identification:Package 'cobot_fds' with type 'ros.ament_cmake' and name 'cobot_fds'
[0.215s] Level 1:colcon.colcon_core.package_identification:_identify(install) by extensions ['ignore', 'ignore_ament_install']
[0.215s] Level 1:colcon.colcon_core.package_identification:_identify(install) by extension 'ignore'
[0.215s] Level 1:colcon.colcon_core.package_identification:_identify(install) ignored
[0.215s] Level 1:colcon.colcon_core.package_identification:_identify(log) by extensions ['ignore', 'ignore_ament_install']
[0.215s] Level 1:colcon.colcon_core.package_identification:_identify(log) by extension 'ignore'
[0.215s] Level 1:colcon.colcon_core.package_identification:_identify(log) ignored
[0.215s] Level 1:colcon.colcon_core.package_identification:_identify(messages) by extensions ['ignore', 'ignore_ament_install']
[0.216s] Level 1:colcon.colcon_core.package_identification:_identify(messages) by extension 'ignore'
[0.216s] Level 1:colcon.colcon_core.package_identification:_identify(messages) by extension 'ignore_ament_install'
[0.216s] Level 1:colcon.colcon_core.package_identification:_identify(messages) by extensions ['colcon_pkg']
[0.216s] Level 1:colcon.colcon_core.package_identification:_identify(messages) by extension 'colcon_pkg'
[0.216s] Level 1:colcon.colcon_core.package_identification:_identify(messages) by extensions ['colcon_meta']
[0.216s] Level 1:colcon.colcon_core.package_identification:_identify(messages) by extension 'colcon_meta'
[0.216s] Level 1:colcon.colcon_core.package_identification:_identify(messages) by extensions ['ros']
[0.216s] Level 1:colcon.colcon_core.package_identification:_identify(messages) by extension 'ros'
[0.216s] DEBUG:colcon.colcon_core.package_identification:Package 'messages' with type 'ros.ament_cmake' and name 'messages'
[0.216s] Level 1:colcon.colcon_core.package_discovery:discover_packages(recursive) using defaults
[0.216s] Level 1:colcon.colcon_core.package_discovery:discover_packages(ignore) discover
[0.217s] Level 1:colcon.colcon_core.package_discovery:discover_packages(ignore) using defaults
[0.217s] Level 1:colcon.colcon_core.package_discovery:discover_packages(path) discover
[0.217s] Level 1:colcon.colcon_core.package_discovery:discover_packages(path) using defaults
[0.235s] Level 5:colcon.colcon_core.verb:set package 'cobot_fds' build argument 'cmake_args' from command line to 'None'
[0.235s] Level 5:colcon.colcon_core.verb:set package 'cobot_fds' build argument 'cmake_target' from command line to 'None'
[0.235s] Level 5:colcon.colcon_core.verb:set package 'cobot_fds' build argument 'cmake_target_skip_unavailable' from command line to 'False'
[0.235s] Level 5:colcon.colcon_core.verb:set package 'cobot_fds' build argument 'cmake_clean_cache' from command line to 'False'
[0.235s] Level 5:colcon.colcon_core.verb:set package 'cobot_fds' build argument 'cmake_clean_first' from command line to 'False'
[0.235s] Level 5:colcon.colcon_core.verb:set package 'cobot_fds' build argument 'cmake_force_configure' from command line to 'False'
[0.235s] Level 5:colcon.colcon_core.verb:set package 'cobot_fds' build argument 'ament_cmake_args' from command line to 'None'
[0.235s] Level 5:colcon.colcon_core.verb:set package 'cobot_fds' build argument 'catkin_cmake_args' from command line to 'None'
[0.235s] Level 5:colcon.colcon_core.verb:set package 'cobot_fds' build argument 'catkin_skip_building_tests' from command line to 'False'
[0.235s] DEBUG:colcon.colcon_core.verb:Building package 'cobot_fds' with the following arguments: {'ament_cmake_args': None, 'build_base': '/workspace/ros2_ws/build/cobot_fds', 'catkin_cmake_args': None, 'catkin_skip_building_tests': False, 'cmake_args': None, 'cmake_clean_cache': False, 'cmake_clean_first': False, 'cmake_force_configure': False, 'cmake_target': None, 'cmake_target_skip_unavailable': False, 'install_base': '/workspace/ros2_ws/install/cobot_fds', 'merge_install': False, 'path': '/workspace/ros2_ws/cobot_fds', 'symlink_install': False, 'test_result_base': None}
[0.236s] Level 5:colcon.colcon_core.verb:set package 'messages' build argument 'cmake_args' from command line to 'None'
[0.236s] Level 5:colcon.colcon_core.verb:set package 'messages' build argument 'cmake_target' from command line to 'None'
[0.236s] Level 5:colcon.colcon_core.verb:set package 'messages' build argument 'cmake_target_skip_unavailable' from command line to 'False'
[0.236s] Level 5:colcon.colcon_core.verb:set package 'messages' build argument 'cmake_clean_cache' from command line to 'False'
[0.236s] Level 5:colcon.colcon_core.verb:set package 'messages' build argument 'cmake_clean_first' from command line to 'False'
[0.236s] Level 5:colcon.colcon_core.verb:set package 'messages' build argument 'cmake_force_configure' from command line to 'False'
[0.236s] Level 5:colcon.colcon_core.verb:set package 'messages' build argument 'ament_cmake_args' from command line to 'None'
[0.236s] Level 5:colcon.colcon_core.verb:set package 'messages' build argument 'catkin_cmake_args' from command line to 'None'
[0.236s] Level 5:colcon.colcon_core.verb:set package 'messages' build argument 'catkin_skip_building_tests' from command line to 'False'
[0.236s] DEBUG:colcon.colcon_core.verb:Building package 'messages' with the following arguments: {'ament_cmake_args': None, 'build_base': '/workspace/ros2_ws/build/messages', 'catkin_cmake_args': None, 'catkin_skip_building_tests': False, 'cmake_args': None, 'cmake_clean_cache': False, 'cmake_clean_first': False, 'cmake_force_configure': False, 'cmake_target': None, 'cmake_target_skip_unavailable': False, 'install_base': '/workspace/ros2_ws/install/messages', 'merge_install': False, 'path': '/workspace/ros2_ws/messages', 'symlink_install': False, 'test_result_base': None}
[0.236s] INFO:colcon.colcon_core.executor:Executing jobs using 'parallel' executor
[0.237s] DEBUG:colcon.colcon_parallel_executor.executor.parallel:run_until_complete
[0.237s] INFO:colcon.colcon_ros.task.ament_cmake.build:Building ROS package in '/workspace/ros2_ws/cobot_fds' with build type 'ament_cmake'
[0.238s] INFO:colcon.colcon_cmake.task.cmake.build:Building CMake package in '/workspace/ros2_ws/cobot_fds'
[0.241s] INFO:colcon.colcon_core.plugin_system:Skipping extension 'colcon_core.shell.bat': Not used on non-Windows systems
[0.242s] INFO:colcon.colcon_core.shell:Skip shell extension 'powershell' for command environment: Not usable outside of PowerShell
[0.242s] DEBUG:colcon.colcon_core.shell:Skip shell extension 'dsv' for command environment
[0.248s] INFO:colcon.colcon_ros.task.ament_cmake.build:Building ROS package in '/workspace/ros2_ws/messages' with build type 'ament_cmake'
[0.249s] INFO:colcon.colcon_cmake.task.cmake.build:Building CMake package in '/workspace/ros2_ws/messages'
[0.249s] INFO:colcon.colcon_core.shell:Skip shell extension 'powershell' for command environment: Not usable outside of PowerShell
[0.249s] DEBUG:colcon.colcon_core.shell:Skip shell extension 'dsv' for command environment
[0.265s] DEBUG:colcon.colcon_core.event_handler.log_command:Invoking command in '/workspace/ros2_ws/build/cobot_fds': CMAKE_PREFIX_PATH=${CMAKE_PREFIX_PATH}:/opt/ros/iron /usr/bin/cmake --build /workspace/ros2_ws/build/cobot_fds -- -j8 -l8
[0.268s] DEBUG:colcon.colcon_core.event_handler.log_command:Invoking command in '/workspace/ros2_ws/build/messages': CMAKE_PREFIX_PATH=${CMAKE_PREFIX_PATH}:/opt/ros/iron /usr/bin/cmake --build /workspace/ros2_ws/build/messages -- -j8 -l8
[0.354s] DEBUG:colcon.colcon_core.event_handler.log_command:Invoked command in '/workspace/ros2_ws/build/cobot_fds' returned '0': CMAKE_PREFIX_PATH=${CMAKE_PREFIX_PATH}:/opt/ros/iron /usr/bin/cmake --build /workspace/ros2_ws/build/cobot_fds -- -j8 -l8
[0.407s] DEBUG:colcon.colcon_core.event_handler.log_command:Invoking command in '/workspace/ros2_ws/build/cobot_fds': CMAKE_PREFIX_PATH=${CMAKE_PREFIX_PATH}:/opt/ros/iron /usr/bin/cmake --install /workspace/ros2_ws/build/cobot_fds
[0.415s] Level 1:colcon.colcon_core.environment:create_environment_scripts_only(cobot_fds)
[0.416s] DEBUG:colcon.colcon_core.event_handler.log_command:Invoked command in '/workspace/ros2_ws/build/cobot_fds' returned '0': CMAKE_PREFIX_PATH=${CMAKE_PREFIX_PATH}:/opt/ros/iron /usr/bin/cmake --install /workspace/ros2_ws/build/cobot_fds
[0.417s] Level 1:colcon.colcon_core.environment:checking '/workspace/ros2_ws/install/cobot_fds' for CMake module files
[0.418s] Level 1:colcon.colcon_core.environment:checking '/workspace/ros2_ws/install/cobot_fds' for CMake config files
[0.418s] Level 1:colcon.colcon_core.shell:create_environment_hook('cobot_fds', 'cmake_prefix_path')
[0.418s] INFO:colcon.colcon_core.shell:Creating environment hook '/workspace/ros2_ws/install/cobot_fds/share/cobot_fds/hook/cmake_prefix_path.ps1'
[0.419s] INFO:colcon.colcon_core.shell:Creating environment descriptor '/workspace/ros2_ws/install/cobot_fds/share/cobot_fds/hook/cmake_prefix_path.dsv'
[0.419s] INFO:colcon.colcon_core.shell:Creating environment hook '/workspace/ros2_ws/install/cobot_fds/share/cobot_fds/hook/cmake_prefix_path.sh'
[0.420s] Level 1:colcon.colcon_core.environment:checking '/workspace/ros2_ws/install/cobot_fds/lib'
[0.420s] Level 1:colcon.colcon_core.environment:checking '/workspace/ros2_ws/install/cobot_fds/bin'
[0.420s] Level 1:colcon.colcon_core.environment:checking '/workspace/ros2_ws/install/cobot_fds/lib/pkgconfig/cobot_fds.pc'
[0.421s] Level 1:colcon.colcon_core.environment:checking '/workspace/ros2_ws/install/cobot_fds/lib/python3.10/site-packages'
[0.422s] Level 1:colcon.colcon_core.environment:checking '/workspace/ros2_ws/install/cobot_fds/bin'
[0.422s] INFO:colcon.colcon_core.shell:Creating package script '/workspace/ros2_ws/install/cobot_fds/share/cobot_fds/package.ps1'
[0.423s] INFO:colcon.colcon_core.shell:Creating package descriptor '/workspace/ros2_ws/install/cobot_fds/share/cobot_fds/package.dsv'
[0.423s] INFO:colcon.colcon_core.shell:Creating package script '/workspace/ros2_ws/install/cobot_fds/share/cobot_fds/package.sh'
[0.424s] INFO:colcon.colcon_core.shell:Creating package script '/workspace/ros2_ws/install/cobot_fds/share/cobot_fds/package.bash'
[0.424s] INFO:colcon.colcon_core.shell:Creating package script '/workspace/ros2_ws/install/cobot_fds/share/cobot_fds/package.zsh'
[0.425s] Level 1:colcon.colcon_core.environment:create_file_with_runtime_dependencies(/workspace/ros2_ws/install/cobot_fds/share/colcon-core/packages/cobot_fds)
[0.458s] Level 1:colcon.colcon_core.environment:create_environment_scripts_only(cobot_fds)
[0.458s] Level 1:colcon.colcon_core.environment:checking '/workspace/ros2_ws/install/cobot_fds' for CMake module files
[0.459s] Level 1:colcon.colcon_core.environment:checking '/workspace/ros2_ws/install/cobot_fds' for CMake config files
[0.460s] Level 1:colcon.colcon_core.shell:create_environment_hook('cobot_fds', 'cmake_prefix_path')
[0.460s] INFO:colcon.colcon_core.shell:Creating environment hook '/workspace/ros2_ws/install/cobot_fds/share/cobot_fds/hook/cmake_prefix_path.ps1'
[0.461s] INFO:colcon.colcon_core.shell:Creating environment descriptor '/workspace/ros2_ws/install/cobot_fds/share/cobot_fds/hook/cmake_prefix_path.dsv'
[0.462s] INFO:colcon.colcon_core.shell:Creating environment hook '/workspace/ros2_ws/install/cobot_fds/share/cobot_fds/hook/cmake_prefix_path.sh'
[0.463s] Level 1:colcon.colcon_core.environment:checking '/workspace/ros2_ws/install/cobot_fds/lib'
[0.464s] Level 1:colcon.colcon_core.environment:checking '/workspace/ros2_ws/install/cobot_fds/bin'
[0.464s] Level 1:colcon.colcon_core.environment:checking '/workspace/ros2_ws/install/cobot_fds/lib/pkgconfig/cobot_fds.pc'
[0.464s] Level 1:colcon.colcon_core.environment:checking '/workspace/ros2_ws/install/cobot_fds/lib/python3.10/site-packages'
[0.465s] Level 1:colcon.colcon_core.environment:checking '/workspace/ros2_ws/install/cobot_fds/bin'
[0.465s] INFO:colcon.colcon_core.shell:Creating package script '/workspace/ros2_ws/install/cobot_fds/share/cobot_fds/package.ps1'
[0.466s] INFO:colcon.colcon_core.shell:Creating package descriptor '/workspace/ros2_ws/install/cobot_fds/share/cobot_fds/package.dsv'
[0.467s] INFO:colcon.colcon_core.shell:Creating package script '/workspace/ros2_ws/install/cobot_fds/share/cobot_fds/package.sh'
[0.468s] INFO:colcon.colcon_core.shell:Creating package script '/workspace/ros2_ws/install/cobot_fds/share/cobot_fds/package.bash'
[0.468s] INFO:colcon.colcon_core.shell:Creating package script '/workspace/ros2_ws/install/cobot_fds/share/cobot_fds/package.zsh'
[0.469s] Level 1:colcon.colcon_core.environment:create_file_with_runtime_dependencies(/workspace/ros2_ws/install/cobot_fds/share/colcon-core/packages/cobot_fds)
[0.572s] DEBUG:colcon.colcon_core.event_handler.log_command:Invoked command in '/workspace/ros2_ws/build/messages' returned '0': CMAKE_PREFIX_PATH=${CMAKE_PREFIX_PATH}:/opt/ros/iron /usr/bin/cmake --build /workspace/ros2_ws/build/messages -- -j8 -l8
[0.660s] DEBUG:colcon.colcon_core.event_handler.log_command:Invoking command in '/workspace/ros2_ws/build/messages': CMAKE_PREFIX_PATH=${CMAKE_PREFIX_PATH}:/opt/ros/iron /usr/bin/cmake --install /workspace/ros2_ws/build/messages
[0.717s] Level 1:colcon.colcon_core.environment:create_environment_scripts_only(messages)
[0.718s] Level 1:colcon.colcon_core.environment:checking '/workspace/ros2_ws/install/messages' for CMake module files
[0.719s] DEBUG:colcon.colcon_core.event_handler.log_command:Invoked command in '/workspace/ros2_ws/build/messages' returned '0': CMAKE_PREFIX_PATH=${CMAKE_PREFIX_PATH}:/opt/ros/iron /usr/bin/cmake --install /workspace/ros2_ws/build/messages
[0.719s] Level 1:colcon.colcon_core.environment:checking '/workspace/ros2_ws/install/messages' for CMake config files
[0.720s] Level 1:colcon.colcon_core.shell:create_environment_hook('messages', 'cmake_prefix_path')
[0.720s] INFO:colcon.colcon_core.shell:Creating environment hook '/workspace/ros2_ws/install/messages/share/messages/hook/cmake_prefix_path.ps1'
[0.720s] INFO:colcon.colcon_core.shell:Creating environment descriptor '/workspace/ros2_ws/install/messages/share/messages/hook/cmake_prefix_path.dsv'
[0.720s] INFO:colcon.colcon_core.shell:Creating environment hook '/workspace/ros2_ws/install/messages/share/messages/hook/cmake_prefix_path.sh'
[0.721s] Level 1:colcon.colcon_core.environment:checking '/workspace/ros2_ws/install/messages/lib'
[0.721s] Level 1:colcon.colcon_core.shell:create_environment_hook('messages', 'ld_library_path_lib')
[0.721s] INFO:colcon.colcon_core.shell:Creating environment hook '/workspace/ros2_ws/install/messages/share/messages/hook/ld_library_path_lib.ps1'
[0.721s] INFO:colcon.colcon_core.shell:Creating environment descriptor '/workspace/ros2_ws/install/messages/share/messages/hook/ld_library_path_lib.dsv'
[0.722s] INFO:colcon.colcon_core.shell:Creating environment hook '/workspace/ros2_ws/install/messages/share/messages/hook/ld_library_path_lib.sh'
[0.722s] Level 1:colcon.colcon_core.environment:checking '/workspace/ros2_ws/install/messages/bin'
[0.722s] Level 1:colcon.colcon_core.environment:checking '/workspace/ros2_ws/install/messages/lib/pkgconfig/messages.pc'
[0.722s] Level 1:colcon.colcon_core.environment:checking '/workspace/ros2_ws/install/messages/lib/python3.10/site-packages'
[0.722s] Level 1:colcon.colcon_core.shell:create_environment_hook('messages', 'pythonpath')
[0.722s] INFO:colcon.colcon_core.shell:Creating environment hook '/workspace/ros2_ws/install/messages/share/messages/hook/pythonpath.ps1'
[0.723s] INFO:colcon.colcon_core.shell:Creating environment descriptor '/workspace/ros2_ws/install/messages/share/messages/hook/pythonpath.dsv'
[0.723s] INFO:colcon.colcon_core.shell:Creating environment hook '/workspace/ros2_ws/install/messages/share/messages/hook/pythonpath.sh'
[0.723s] Level 1:colcon.colcon_core.environment:checking '/workspace/ros2_ws/install/messages/bin'
[0.724s] INFO:colcon.colcon_core.shell:Creating package script '/workspace/ros2_ws/install/messages/share/messages/package.ps1'
[0.724s] INFO:colcon.colcon_core.shell:Creating package descriptor '/workspace/ros2_ws/install/messages/share/messages/package.dsv'
[0.724s] INFO:colcon.colcon_core.shell:Creating package script '/workspace/ros2_ws/install/messages/share/messages/package.sh'
[0.725s] INFO:colcon.colcon_core.shell:Creating package script '/workspace/ros2_ws/install/messages/share/messages/package.bash'
[0.725s] INFO:colcon.colcon_core.shell:Creating package script '/workspace/ros2_ws/install/messages/share/messages/package.zsh'
[0.725s] Level 1:colcon.colcon_core.environment:create_file_with_runtime_dependencies(/workspace/ros2_ws/install/messages/share/colcon-core/packages/messages)
[0.810s] Level 1:colcon.colcon_core.environment:create_environment_scripts_only(messages)
[0.811s] Level 1:colcon.colcon_core.environment:checking '/workspace/ros2_ws/install/messages' for CMake module files
[0.812s] Level 1:colcon.colcon_core.environment:checking '/workspace/ros2_ws/install/messages' for CMake config files
[0.813s] Level 1:colcon.colcon_core.shell:create_environment_hook('messages', 'cmake_prefix_path')
[0.813s] INFO:colcon.colcon_core.shell:Creating environment hook '/workspace/ros2_ws/install/messages/share/messages/hook/cmake_prefix_path.ps1'
[0.814s] INFO:colcon.colcon_core.shell:Creating environment descriptor '/workspace/ros2_ws/install/messages/share/messages/hook/cmake_prefix_path.dsv'
[0.815s] INFO:colcon.colcon_core.shell:Creating environment hook '/workspace/ros2_ws/install/messages/share/messages/hook/cmake_prefix_path.sh'
[0.816s] Level 1:colcon.colcon_core.environment:checking '/workspace/ros2_ws/install/messages/lib'
[0.816s] Level 1:colcon.colcon_core.shell:create_environment_hook('messages', 'ld_library_path_lib')
[0.816s] INFO:colcon.colcon_core.shell:Creating environment hook '/workspace/ros2_ws/install/messages/share/messages/hook/ld_library_path_lib.ps1'
[0.817s] INFO:colcon.colcon_core.shell:Creating environment descriptor '/workspace/ros2_ws/install/messages/share/messages/hook/ld_library_path_lib.dsv'
[0.817s] INFO:colcon.colcon_core.shell:Creating environment hook '/workspace/ros2_ws/install/messages/share/messages/hook/ld_library_path_lib.sh'
[0.818s] Level 1:colcon.colcon_core.environment:checking '/workspace/ros2_ws/install/messages/bin'
[0.818s] Level 1:colcon.colcon_core.environment:checking '/workspace/ros2_ws/install/messages/lib/pkgconfig/messages.pc'
[0.819s] Level 1:colcon.colcon_core.environment:checking '/workspace/ros2_ws/install/messages/lib/python3.10/site-packages'
[0.819s] Level 1:colcon.colcon_core.shell:create_environment_hook('messages', 'pythonpath')
[0.819s] INFO:colcon.colcon_core.shell:Creating environment hook '/workspace/ros2_ws/install/messages/share/messages/hook/pythonpath.ps1'
[0.819s] INFO:colcon.colcon_core.shell:Creating environment descriptor '/workspace/ros2_ws/install/messages/share/messages/hook/pythonpath.dsv'
[0.820s] INFO:colcon.colcon_core.shell:Creating environment hook '/workspace/ros2_ws/install/messages/share/messages/hook/pythonpath.sh'
[0.820s] Level 1:colcon.colcon_core.environment:checking '/workspace/ros2_ws/install/messages/bin'
[0.820s] INFO:colcon.colcon_core.shell:Creating package script '/workspace/ros2_ws/install/messages/share/messages/package.ps1'
[0.821s] INFO:colcon.colcon_core.shell:Creating package descriptor '/workspace/ros2_ws/install/messages/share/messages/package.dsv'
[0.821s] INFO:colcon.colcon_core.shell:Creating package script '/workspace/ros2_ws/install/messages/share/messages/package.sh'
[0.822s] INFO:colcon.colcon_core.shell:Creating package script '/workspace/ros2_ws/install/messages/share/messages/package.bash'
[0.822s] INFO:colcon.colcon_core.shell:Creating package script '/workspace/ros2_ws/install/messages/share/messages/package.zsh'
[0.822s] Level 1:colcon.colcon_core.environment:create_file_with_runtime_dependencies(/workspace/ros2_ws/install/messages/share/colcon-core/packages/messages)
[0.822s] DEBUG:colcon.colcon_parallel_executor.executor.parallel:closing loop
[0.823s] DEBUG:colcon.colcon_parallel_executor.executor.parallel:loop closed
[0.823s] DEBUG:colcon.colcon_parallel_executor.executor.parallel:run_until_complete finished with '0'
[0.823s] DEBUG:colcon.colcon_core.event_reactor:joining thread
[0.829s] INFO:colcon.colcon_core.plugin_system:Skipping extension 'colcon_notification.desktop_notification.notify_send': Could not find 'notify-send'
[0.829s] INFO:colcon.colcon_core.plugin_system:Skipping extension 'colcon_notification.desktop_notification.terminal_notifier': Not used on non-Darwin systems
[0.829s] INFO:colcon.colcon_core.plugin_system:Skipping extension 'colcon_notification.desktop_notification.win32': Not used on non-Windows systems
[0.829s] INFO:colcon.colcon_notification.desktop_notification:Sending desktop notification using 'notify2'
[0.829s] DEBUG:colcon.colcon_notification.desktop_notification.notify2:Failed to initialize notify2: org.freedesktop.DBus.Error.NotSupported: Unable to autolaunch a dbus-daemon without a $DISPLAY for X11
[0.830s] DEBUG:colcon.colcon_core.event_reactor:joined thread
[0.830s] INFO:colcon.colcon_core.shell:Creating prefix script '/workspace/ros2_ws/install/local_setup.ps1'
[0.832s] INFO:colcon.colcon_core.shell:Creating prefix util module '/workspace/ros2_ws/install/_local_setup_util_ps1.py'
[0.835s] INFO:colcon.colcon_core.shell:Creating prefix chain script '/workspace/ros2_ws/install/setup.ps1'
[0.837s] INFO:colcon.colcon_core.shell:Creating prefix script '/workspace/ros2_ws/install/local_setup.sh'
[0.838s] INFO:colcon.colcon_core.shell:Creating prefix util module '/workspace/ros2_ws/install/_local_setup_util_sh.py'
[0.838s] INFO:colcon.colcon_core.shell:Creating prefix chain script '/workspace/ros2_ws/install/setup.sh'
[0.840s] INFO:colcon.colcon_core.shell:Creating prefix script '/workspace/ros2_ws/install/local_setup.bash'
[0.841s] INFO:colcon.colcon_core.shell:Creating prefix chain script '/workspace/ros2_ws/install/setup.bash'
[0.843s] INFO:colcon.colcon_core.shell:Creating prefix script '/workspace/ros2_ws/install/local_setup.zsh'
[0.844s] INFO:colcon.colcon_core.shell:Creating prefix chain script '/workspace/ros2_ws/install/setup.zsh'
