-- Found ament_cmake: 2.0.5 (/opt/ros/iron/share/ament_cmake/cmake)
-- Found rclcpp: 21.0.6 (/opt/ros/iron/share/rclcpp/cmake)
-- Found rosidl_generator_c: 4.0.1 (/opt/ros/iron/share/rosidl_generator_c/cmake)
-- Found rosidl_generator_cpp: 4.0.1 (/opt/ros/iron/share/rosidl_generator_cpp/cmake)
-- Using all available rosidl_typesupport_c: rosidl_typesupport_fastrtps_c;rosidl_typesupport_introspection_c
-- Using all available rosidl_typesupport_cpp: rosidl_typesupport_fastrtps_cpp;rosidl_typesupport_introspection_cpp
-- Found rmw_implementation_cmake: 7.1.0 (/opt/ros/iron/share/rmw_implementation_cmake/cmake)
-- Found rmw_fastrtps_cpp: 7.1.3 (/opt/ros/iron/share/rmw_fastrtps_cpp/cmake)
-- Using RMW implementation 'rmw_fastrtps_cpp' as default
-- Found rclcpp_components: 21.0.6 (/opt/ros/iron/share/rclcpp_components/cmake)
-- Found rclcpp_lifecycle: 21.0.6 (/opt/ros/iron/share/rclcpp_lifecycle/cmake)
-- Found sensor_msgs: 5.0.0 (/opt/ros/iron/share/sensor_msgs/cmake)
-- Found diagnostic_updater: 3.1.2 (/opt/ros/iron/share/diagnostic_updater/cmake)
-- Found laser_proc: 1.0.2 (/opt/ros/iron/share/laser_proc/cmake)
-- Found ament_cmake_gtest: 2.0.5 (/opt/ros/iron/share/ament_cmake_gtest/cmake)
-- Found gtest sources under '/opt/ros/iron/src/gtest_vendor': C++ tests using 'Google Test' will be built
-- Configuring done
-- Generating done
-- Build files have been written to: /workspace/ros2/build/urg_node2
[  5%] [32mBuilding CXX object gtest/CMakeFiles/gtest_main.dir/src/gtest_main.cc.o[0m
[ 10%] [32mBuilding C object CMakeFiles/urg_c.dir/urg_library/current/src/urg_utils.c.o[0m
[ 15%] [32mBuilding CXX object CMakeFiles/urg_node2_node.dir/rclcpp_components/node_main_urg_node2_node.cpp.o[0m
[ 20%] [32mBuilding C object CMakeFiles/urg_c.dir/urg_library/current/src/urg_debug.c.o[0m
[ 25%] [32mBuilding C object CMakeFiles/urg_c.dir/urg_library/current/src/urg_connection.c.o[0m
[ 30%] [32mBuilding CXX object gtest/CMakeFiles/gtest.dir/src/gtest-all.cc.o[0m
[ 35%] [32mBuilding C object CMakeFiles/urg_c.dir/urg_library/current/src/urg_ring_buffer.c.o[0m
[ 40%] [32mBuilding C object CMakeFiles/urg_c.dir/urg_library/current/src/urg_sensor.c.o[0m
[01m[K/workspace/ros2/hardware/urg_node2/urg_library/current/src/urg_utils.c:[m[K In function ‘[01m[Kurg_delay[m[K’:
[01m[K/workspace/ros2/hardware/urg_node2/urg_library/current/src/urg_utils.c:224:5:[m[K [01;35m[Kwarning: [m[Kimplicit declaration of function ‘[01m[Kusleep[m[K’; did you mean ‘[01m[Kurg_sleep[m[K’? [[01;35m[K-Wimplicit-function-declaration[m[K]
  224 |     [01;35m[Kusleep[m[K(1000 * delay_msec);
      |     [01;35m[K^~~~~~[m[K
      |     [32m[Kurg_sleep[m[K
[ 45%] [32mBuilding C object CMakeFiles/urg_c.dir/urg_library/current/src/urg_serial.c.o[0m
[01m[K/workspace/ros2/hardware/urg_node2/urg_library/current/src/urg_sensor.c:1349:8:[m[K [01;35m[Kwarning: [m[Ktype qualifiers ignored on function return type [[01;35m[K-Wignored-qualifiers[m[K]
 1349 | static [01;35m[Kconst[m[K int receive_II_command_response(urg_t *urg,
      |        [01;35m[K^~~~~[m[K
[ 50%] [32mBuilding C object CMakeFiles/urg_c.dir/urg_library/current/src/urg_serial_utils.c.o[0m
[ 55%] [32mBuilding C object CMakeFiles/urg_c.dir/urg_library/current/src/urg_tcpclient.c.o[0m
[ 60%] [32m[1mLinking C shared library liburg_c.so[0m
[ 60%] Built target urg_c
[ 65%] [32mBuilding CXX object CMakeFiles/urg_node2.dir/src/urg_node2.cpp.o[0m
[ 70%] [32m[1mLinking CXX static library libgtest_main.a[0m
[ 70%] Built target gtest_main
[ 75%] [32m[1mLinking CXX static library libgtest.a[0m
[ 75%] Built target gtest
[ 80%] [32mBuilding CXX object CMakeFiles/urg_node2_test.dir/test/urg_node2_test.cpp.o[0m
[ 85%] [32mBuilding CXX object CMakeFiles/urg_node2_test.dir/src/urg_node2.cpp.o[0m
[ 90%] [32m[1mLinking CXX executable urg_node2_node[0m
[ 90%] Built target urg_node2_node
[ 95%] [32m[1mLinking CXX shared library liburg_node2.so[0m
[ 95%] Built target urg_node2
[100%] [32m[1mLinking CXX executable urg_node2_test[0m
[100%] Built target urg_node2_test
-- Install configuration: ""
-- Installing: /workspace/ros2/install/urg_node2/lib/urg_node2/urg_node2_node
-- Set runtime path of "/workspace/ros2/install/urg_node2/lib/urg_node2/urg_node2_node" to ""
-- Installing: /workspace/ros2/install/urg_node2/lib/liburg_node2.so
-- Set runtime path of "/workspace/ros2/install/urg_node2/lib/liburg_node2.so" to ""
-- Installing: /workspace/ros2/install/urg_node2/lib/liburg_c.so
-- Installing: /workspace/ros2/install/urg_node2/share/urg_node2/launch
-- Installing: /workspace/ros2/install/urg_node2/share/urg_node2/launch/urg_node2_2lidar.launch.py
-- Installing: /workspace/ros2/install/urg_node2/share/urg_node2/launch/urg_node2_component.launch.py
-- Installing: /workspace/ros2/install/urg_node2/share/urg_node2/launch/urg_node2.launch.py
-- Installing: /workspace/ros2/install/urg_node2/share/urg_node2/config
-- Installing: /workspace/ros2/install/urg_node2/share/urg_node2/config/params_serial.yaml
-- Installing: /workspace/ros2/install/urg_node2/share/urg_node2/config/params_ether.yaml
-- Installing: /workspace/ros2/install/urg_node2/share/urg_node2/config/params_ether_2nd.yaml
-- Installing: /workspace/ros2/install/urg_node2/share/ament_index/resource_index/package_run_dependencies/urg_node2
-- Installing: /workspace/ros2/install/urg_node2/share/ament_index/resource_index/parent_prefix_path/urg_node2
-- Installing: /workspace/ros2/install/urg_node2/share/urg_node2/environment/ament_prefix_path.sh
-- Installing: /workspace/ros2/install/urg_node2/share/urg_node2/environment/ament_prefix_path.dsv
-- Installing: /workspace/ros2/install/urg_node2/share/urg_node2/environment/path.sh
-- Installing: /workspace/ros2/install/urg_node2/share/urg_node2/environment/path.dsv
-- Installing: /workspace/ros2/install/urg_node2/share/urg_node2/local_setup.bash
-- Installing: /workspace/ros2/install/urg_node2/share/urg_node2/local_setup.sh
-- Installing: /workspace/ros2/install/urg_node2/share/urg_node2/local_setup.zsh
-- Installing: /workspace/ros2/install/urg_node2/share/urg_node2/local_setup.dsv
-- Installing: /workspace/ros2/install/urg_node2/share/urg_node2/package.dsv
-- Installing: /workspace/ros2/install/urg_node2/share/ament_index/resource_index/packages/urg_node2
-- Installing: /workspace/ros2/install/urg_node2/share/ament_index/resource_index/rclcpp_components/urg_node2
-- Installing: /workspace/ros2/install/urg_node2/share/urg_node2/cmake/urg_node2Config.cmake
-- Installing: /workspace/ros2/install/urg_node2/share/urg_node2/cmake/urg_node2Config-version.cmake
-- Installing: /workspace/ros2/install/urg_node2/share/urg_node2/package.xml
