[0.019s] Invoking command in '/workspace/ros2/build/urg_node2': CMAKE_PREFIX_PATH=${CMAKE_PREFIX_PATH}:/opt/ros/iron /usr/bin/cmake /workspace/ros2/hardware/urg_node2 -DCMAKE_INSTALL_PREFIX=/workspace/ros2/install/urg_node2
[0.037s] -- Found ament_cmake: 2.0.5 (/opt/ros/iron/share/ament_cmake/cmake)
[0.232s] -- Found rclcpp: 21.0.6 (/opt/ros/iron/share/rclcpp/cmake)
[0.271s] -- Found rosidl_generator_c: 4.0.1 (/opt/ros/iron/share/rosidl_generator_c/cmake)
[0.284s] -- Found rosidl_generator_cpp: 4.0.1 (/opt/ros/iron/share/rosidl_generator_cpp/cmake)
[0.309s] -- Using all available rosidl_typesupport_c: rosidl_typesupport_fastrtps_c;rosidl_typesupport_introspection_c
[0.330s] -- Using all available rosidl_typesupport_cpp: rosidl_typesupport_fastrtps_cpp;rosidl_typesupport_introspection_cpp
[0.528s] -- Found rmw_implementation_cmake: 7.1.0 (/opt/ros/iron/share/rmw_implementation_cmake/cmake)
[0.530s] -- Found rmw_fastrtps_cpp: 7.1.3 (/opt/ros/iron/share/rmw_fastrtps_cpp/cmake)
[0.653s] -- Using RMW implementation 'rmw_fastrtps_cpp' as default
[0.854s] -- Found rclcpp_components: 21.0.6 (/opt/ros/iron/share/rclcpp_components/cmake)
[0.964s] -- Found rclcpp_lifecycle: 21.0.6 (/opt/ros/iron/share/rclcpp_lifecycle/cmake)
[1.078s] -- Found sensor_msgs: 5.0.0 (/opt/ros/iron/share/sensor_msgs/cmake)
[1.297s] -- Found diagnostic_updater: 3.1.2 (/opt/ros/iron/share/diagnostic_updater/cmake)
[1.398s] -- Found laser_proc: 1.0.2 (/opt/ros/iron/share/laser_proc/cmake)
[1.419s] -- Found ament_cmake_gtest: 2.0.5 (/opt/ros/iron/share/ament_cmake_gtest/cmake)
[1.420s] -- Found gtest sources under '/opt/ros/iron/src/gtest_vendor': C++ tests using 'Google Test' will be built
[1.504s] -- Configuring done
[1.540s] -- Generating done
[1.542s] -- Build files have been written to: /workspace/ros2/build/urg_node2
[1.553s] Invoked command in '/workspace/ros2/build/urg_node2' returned '0': CMAKE_PREFIX_PATH=${CMAKE_PREFIX_PATH}:/opt/ros/iron /usr/bin/cmake /workspace/ros2/hardware/urg_node2 -DCMAKE_INSTALL_PREFIX=/workspace/ros2/install/urg_node2
[1.554s] Invoking command in '/workspace/ros2/build/urg_node2': CMAKE_PREFIX_PATH=${CMAKE_PREFIX_PATH}:/opt/ros/iron /usr/bin/cmake --build /workspace/ros2/build/urg_node2 -- -j8 -l8
[1.618s] [  5%] [32mBuilding CXX object gtest/CMakeFiles/gtest_main.dir/src/gtest_main.cc.o[0m
[1.619s] [ 10%] [32mBuilding C object CMakeFiles/urg_c.dir/urg_library/current/src/urg_utils.c.o[0m
[1.622s] [ 15%] [32mBuilding CXX object CMakeFiles/urg_node2_node.dir/rclcpp_components/node_main_urg_node2_node.cpp.o[0m
[1.622s] [ 20%] [32mBuilding C object CMakeFiles/urg_c.dir/urg_library/current/src/urg_debug.c.o[0m
[1.624s] [ 25%] [32mBuilding C object CMakeFiles/urg_c.dir/urg_library/current/src/urg_connection.c.o[0m
[1.625s] [ 30%] [32mBuilding CXX object gtest/CMakeFiles/gtest.dir/src/gtest-all.cc.o[0m
[1.628s] [ 35%] [32mBuilding C object CMakeFiles/urg_c.dir/urg_library/current/src/urg_ring_buffer.c.o[0m
[1.629s] [ 40%] [32mBuilding C object CMakeFiles/urg_c.dir/urg_library/current/src/urg_sensor.c.o[0m
[1.650s] [01m[K/workspace/ros2/hardware/urg_node2/urg_library/current/src/urg_utils.c:[m[K In function ‘[01m[Kurg_delay[m[K’:
[1.650s] [01m[K/workspace/ros2/hardware/urg_node2/urg_library/current/src/urg_utils.c:224:5:[m[K [01;35m[Kwarning: [m[Kimplicit declaration of function ‘[01m[Kusleep[m[K’; did you mean ‘[01m[Kurg_sleep[m[K’? [[01;35m[K-Wimplicit-function-declaration[m[K]
[1.651s]   224 |     [01;35m[Kusleep[m[K(1000 * delay_msec);
[1.651s]       |     [01;35m[K^~~~~~[m[K
[1.651s]       |     [32m[Kurg_sleep[m[K
[1.665s] [ 45%] [32mBuilding C object CMakeFiles/urg_c.dir/urg_library/current/src/urg_serial.c.o[0m
[1.666s] [01m[K/workspace/ros2/hardware/urg_node2/urg_library/current/src/urg_sensor.c:1349:8:[m[K [01;35m[Kwarning: [m[Ktype qualifiers ignored on function return type [[01;35m[K-Wignored-qualifiers[m[K]
[1.667s]  1349 | static [01;35m[Kconst[m[K int receive_II_command_response(urg_t *urg,
[1.668s]       |        [01;35m[K^~~~~[m[K
[1.681s] [ 50%] [32mBuilding C object CMakeFiles/urg_c.dir/urg_library/current/src/urg_serial_utils.c.o[0m
[1.697s] [ 55%] [32mBuilding C object CMakeFiles/urg_c.dir/urg_library/current/src/urg_tcpclient.c.o[0m
[1.767s] [ 60%] [32m[1mLinking C shared library liburg_c.so[0m
[1.817s] [ 60%] Built target urg_c
[1.848s] [ 65%] [32mBuilding CXX object CMakeFiles/urg_node2.dir/src/urg_node2.cpp.o[0m
[2.387s] [ 70%] [32m[1mLinking CXX static library libgtest_main.a[0m
[2.445s] [ 70%] Built target gtest_main
[4.966s] [ 75%] [32m[1mLinking CXX static library libgtest.a[0m
[5.042s] [ 75%] Built target gtest
[5.072s] [ 80%] [32mBuilding CXX object CMakeFiles/urg_node2_test.dir/test/urg_node2_test.cpp.o[0m
[5.074s] [ 85%] [32mBuilding CXX object CMakeFiles/urg_node2_test.dir/src/urg_node2.cpp.o[0m
[6.130s] [ 90%] [32m[1mLinking CXX executable urg_node2_node[0m
[6.332s] [ 90%] Built target urg_node2_node
[9.337s] [ 95%] [32m[1mLinking CXX shared library liburg_node2.so[0m
[9.770s] [ 95%] Built target urg_node2
[18.240s] [100%] [32m[1mLinking CXX executable urg_node2_test[0m
[19.403s] [100%] Built target urg_node2_test
[19.419s] Invoked command in '/workspace/ros2/build/urg_node2' returned '0': CMAKE_PREFIX_PATH=${CMAKE_PREFIX_PATH}:/opt/ros/iron /usr/bin/cmake --build /workspace/ros2/build/urg_node2 -- -j8 -l8
[19.494s] Invoking command in '/workspace/ros2/build/urg_node2': CMAKE_PREFIX_PATH=${CMAKE_PREFIX_PATH}:/opt/ros/iron /usr/bin/cmake --install /workspace/ros2/build/urg_node2
[19.505s] -- Install configuration: ""
[19.505s] -- Installing: /workspace/ros2/install/urg_node2/lib/urg_node2/urg_node2_node
[19.506s] -- Set runtime path of "/workspace/ros2/install/urg_node2/lib/urg_node2/urg_node2_node" to ""
[19.506s] -- Installing: /workspace/ros2/install/urg_node2/lib/liburg_node2.so
[19.508s] -- Set runtime path of "/workspace/ros2/install/urg_node2/lib/liburg_node2.so" to ""
[19.509s] -- Installing: /workspace/ros2/install/urg_node2/lib/liburg_c.so
[19.509s] -- Installing: /workspace/ros2/install/urg_node2/share/urg_node2/launch
[19.509s] -- Installing: /workspace/ros2/install/urg_node2/share/urg_node2/launch/urg_node2_2lidar.launch.py
[19.509s] -- Installing: /workspace/ros2/install/urg_node2/share/urg_node2/launch/urg_node2_component.launch.py
[19.509s] -- Installing: /workspace/ros2/install/urg_node2/share/urg_node2/launch/urg_node2.launch.py
[19.509s] -- Installing: /workspace/ros2/install/urg_node2/share/urg_node2/config
[19.510s] -- Installing: /workspace/ros2/install/urg_node2/share/urg_node2/config/params_serial.yaml
[19.510s] -- Installing: /workspace/ros2/install/urg_node2/share/urg_node2/config/params_ether.yaml
[19.510s] -- Installing: /workspace/ros2/install/urg_node2/share/urg_node2/config/params_ether_2nd.yaml
[19.510s] -- Installing: /workspace/ros2/install/urg_node2/share/ament_index/resource_index/package_run_dependencies/urg_node2
[19.510s] -- Installing: /workspace/ros2/install/urg_node2/share/ament_index/resource_index/parent_prefix_path/urg_node2
[19.510s] -- Installing: /workspace/ros2/install/urg_node2/share/urg_node2/environment/ament_prefix_path.sh
[19.511s] -- Installing: /workspace/ros2/install/urg_node2/share/urg_node2/environment/ament_prefix_path.dsv
[19.511s] -- Installing: /workspace/ros2/install/urg_node2/share/urg_node2/environment/path.sh
[19.511s] -- Installing: /workspace/ros2/install/urg_node2/share/urg_node2/environment/path.dsv
[19.511s] -- Installing: /workspace/ros2/install/urg_node2/share/urg_node2/local_setup.bash
[19.511s] -- Installing: /workspace/ros2/install/urg_node2/share/urg_node2/local_setup.sh
[19.512s] -- Installing: /workspace/ros2/install/urg_node2/share/urg_node2/local_setup.zsh
[19.512s] -- Installing: /workspace/ros2/install/urg_node2/share/urg_node2/local_setup.dsv
[19.512s] -- Installing: /workspace/ros2/install/urg_node2/share/urg_node2/package.dsv
[19.512s] -- Installing: /workspace/ros2/install/urg_node2/share/ament_index/resource_index/packages/urg_node2
[19.512s] -- Installing: /workspace/ros2/install/urg_node2/share/ament_index/resource_index/rclcpp_components/urg_node2
[19.512s] -- Installing: /workspace/ros2/install/urg_node2/share/urg_node2/cmake/urg_node2Config.cmake
[19.512s] -- Installing: /workspace/ros2/install/urg_node2/share/urg_node2/cmake/urg_node2Config-version.cmake
[19.513s] -- Installing: /workspace/ros2/install/urg_node2/share/urg_node2/package.xml
[19.514s] Invoked command in '/workspace/ros2/build/urg_node2' returned '0': CMAKE_PREFIX_PATH=${CMAKE_PREFIX_PATH}:/opt/ros/iron /usr/bin/cmake --install /workspace/ros2/build/urg_node2
