[0.017s] Invoking command in '/workspace/ros2/build/urg_node': CMAKE_PREFIX_PATH=/opt/ros/iron /usr/bin/cmake /workspace/ros2/hardware/urg_node -DCMAKE_INSTALL_PREFIX=/workspace/ros2/install/urg_node
[0.030s] -- Found ament_cmake: 2.0.5 (/opt/ros/iron/share/ament_cmake/cmake)
[0.181s] -- Found diagnostic_updater: 3.1.2 (/opt/ros/iron/share/diagnostic_updater/cmake)
[0.201s] -- Found rosidl_generator_c: 4.0.1 (/opt/ros/iron/share/rosidl_generator_c/cmake)
[0.209s] -- Found rosidl_generator_cpp: 4.0.1 (/opt/ros/iron/share/rosidl_generator_cpp/cmake)
[0.221s] -- Using all available rosidl_typesupport_c: rosidl_typesupport_fastrtps_c;rosidl_typesupport_introspection_c
[0.236s] -- Using all available rosidl_typesupport_cpp: rosidl_typesupport_fastrtps_cpp;rosidl_typesupport_introspection_cpp
[0.500s] -- Found rmw_implementation_cmake: 7.1.0 (/opt/ros/iron/share/rmw_implementation_cmake/cmake)
[0.502s] -- Found rmw_fastrtps_cpp: 7.1.3 (/opt/ros/iron/share/rmw_fastrtps_cpp/cmake)
[0.630s] -- Using RMW implementation 'rmw_fastrtps_cpp' as default
[0.840s] -- Found laser_proc: 1.0.2 (/opt/ros/iron/share/laser_proc/cmake)
[1.013s] -- Found rclcpp_components: 21.0.6 (/opt/ros/iron/share/rclcpp_components/cmake)
[1.125s] -- Found std_srvs: 5.0.0 (/opt/ros/iron/share/std_srvs/cmake)
[1.183s] [31mCMake Error at CMakeLists.txt:28 (find_package):
[1.183s]   By not providing "Findurg_c.cmake" in CMAKE_MODULE_PATH this project has
[1.183s]   asked CMake to find a package configuration file provided by "urg_c", but
[1.183s]   CMake did not find one.
[1.183s] 
[1.183s]   Could not find a package configuration file provided by "urg_c" with any of
[1.184s]   the following names:
[1.184s] 
[1.184s]     urg_cConfig.cmake
[1.184s]     urg_c-config.cmake
[1.184s] 
[1.184s]   Add the installation prefix of "urg_c" to CMAKE_PREFIX_PATH or set
[1.184s]   "urg_c_DIR" to a directory containing one of the above files.  If "urg_c"
[1.184s]   provides a separate development package or SDK, be sure it has been
[1.185s]   installed.
[1.185s] 
[1.185s] [0m
[1.185s] -- Configuring incomplete, errors occurred!
[1.185s] See also "/workspace/ros2/build/urg_node/CMakeFiles/CMakeOutput.log".
[1.189s] Invoked command in '/workspace/ros2/build/urg_node' returned '1': CMAKE_PREFIX_PATH=/opt/ros/iron /usr/bin/cmake /workspace/ros2/hardware/urg_node -DCMAKE_INSTALL_PREFIX=/workspace/ros2/install/urg_node
