[0.014s] Invoking command in '/workspace/ros2_ws/build/cobot_fds': CMAKE_PREFIX_PATH=${CMAKE_PREFIX_PATH}:/opt/ros/iron /usr/bin/cmake --build /workspace/ros2_ws/build/cobot_fds -- -j8 -l8
[0.081s] [35m[1mConsolidate compiler generated dependencies of target cobot_drive_main[0m
[0.117s] [ 33%] [32mBuilding CXX object CMakeFiles/cobot_drive_main.dir/src/cobot_drive_main.cpp.o[0m
[4.494s] In file included from [01m[K/workspace/ros2_ws/cobot_fds/include/cobot_drive_main.hpp:3[m[K,
[4.495s]                  from [01m[K/workspace/ros2_ws/cobot_fds/src/cobot_drive_main.cpp:22[m[K:
[4.495s] [01m[K/workspace/ros2_ws/cobot_fds/include/drive.h:47:17:[m[K [01;35m[Kwarning: [m[K‘[01m[Kvector2d normalize(const vector2d&, double)[m[K’ defined but not used [[01;35m[K-Wunused-function[m[K]
[4.495s]    47 | static vector2d [01;35m[Knormalize[m[K(const vector2d& v, double len) {
[4.495s]       |                 [01;35m[K^~~~~~~~~[m[K
[5.358s] [ 66%] [32m[1mLinking CXX executable cobot_drive_main[0m
[5.645s] /usr/bin/ld: CMakeFiles/cobot_drive_main.dir/src/drive.cpp.o: in function `CobotDrive::close()':
[5.645s] drive.cpp:(.text+0x466): undefined reference to `Serial::close()'
[5.645s] /usr/bin/ld: CMakeFiles/cobot_drive_main.dir/src/drive.cpp.o: in function `CobotDrive::SerialReceive()':
[5.646s] drive.cpp:(.text+0x1024): undefined reference to `checkfcs(char*, int)'
[5.646s] /usr/bin/ld: CMakeFiles/cobot_drive_main.dir/src/drive.cpp.o: in function `CobotDrive::makercpacket(mspcommand_t*, unsigned char*)':
[5.646s] drive.cpp:(.text+0x1299): undefined reference to `addfcs(char*, int)'
[5.646s] /usr/bin/ld: CMakeFiles/cobot_drive_main.dir/src/drive.cpp.o: in function `CobotDrive::SerialSend()':
[5.646s] drive.cpp:(.text+0x1880): undefined reference to `Serial::write(void const*, int)'
[5.646s] /usr/bin/ld: CMakeFiles/cobot_drive_main.dir/src/drive.cpp.o: in function `CobotDrive::init(char const*)':
[5.647s] drive.cpp:(.text+0x1948): undefined reference to `Serial::open(char const*, int, int, bool)'
[5.647s] /usr/bin/ld: CMakeFiles/cobot_drive_main.dir/src/drive.cpp.o: in function `Serial::~Serial()':
[5.647s] drive.cpp:(.text._ZN6SerialD2Ev[_ZN6SerialD5Ev]+0x18): undefined reference to `Serial::close()'
[5.662s] collect2: error: ld returned 1 exit status
[5.665s] gmake[2]: *** [CMakeFiles/cobot_drive_main.dir/build.make:244: cobot_drive_main] Error 1
[5.665s] gmake[1]: *** [CMakeFiles/Makefile2:137: CMakeFiles/cobot_drive_main.dir/all] Error 2
[5.666s] gmake: *** [Makefile:146: all] Error 2
[5.670s] Invoked command in '/workspace/ros2_ws/build/cobot_fds' returned '2': CMAKE_PREFIX_PATH=${CMAKE_PREFIX_PATH}:/opt/ros/iron /usr/bin/cmake --build /workspace/ros2_ws/build/cobot_fds -- -j8 -l8
