[0.014s] Invoking command in '/workspace/ros2_ws/build/cobot_fds': CMAKE_PREFIX_PATH=/opt/ros/iron /usr/bin/cmake --build /workspace/ros2_ws/build/cobot_fds -- -j8 -l8
[0.045s] -- Found ament_cmake: 2.0.5 (/opt/ros/iron/share/ament_cmake/cmake)
[0.188s] -- Found rclcpp: 21.0.6 (/opt/ros/iron/share/rclcpp/cmake)
[0.209s] -- Found rosidl_generator_c: 4.0.1 (/opt/ros/iron/share/rosidl_generator_c/cmake)
[0.217s] -- Found rosidl_generator_cpp: 4.0.1 (/opt/ros/iron/share/rosidl_generator_cpp/cmake)
[0.227s] -- Using all available rosidl_typesupport_c: rosidl_typesupport_fastrtps_c;rosidl_typesupport_introspection_c
[0.241s] -- Using all available rosidl_typesupport_cpp: rosidl_typesupport_fastrtps_cpp;rosidl_typesupport_introspection_cpp
[0.378s] -- Found rmw_implementation_cmake: 7.1.0 (/opt/ros/iron/share/rmw_implementation_cmake/cmake)
[0.379s] -- Found rmw_fastrtps_cpp: 7.1.3 (/opt/ros/iron/share/rmw_fastrtps_cpp/cmake)
[0.476s] -- Using RMW implementation 'rmw_fastrtps_cpp' as default
[0.626s] -- Found std_msgs: 5.0.0 (/opt/ros/iron/share/std_msgs/cmake)
[0.654s] -- Found tf2_ros: 0.31.6 (/opt/ros/iron/share/tf2_ros/cmake)
[1.068s] -- Found ament_lint_auto: 0.14.3 (/opt/ros/iron/share/ament_lint_auto/cmake)
[1.136s] -- Added test 'copyright' to check source files copyright and LICENSE
[1.137s] -- Added test 'cppcheck' to perform static code analysis on C / C++ code
[1.137s] -- Configured cppcheck include dirs: /workspace/ros2_ws/cobot_fds/include
[1.137s] -- Configured cppcheck exclude dirs and/or files: 
[1.138s] -- Added test 'cpplint' to check C / C++ code against the Google style
[1.138s] -- Configured cpplint exclude dirs and/or files: 
[1.138s] -- Added test 'lint_cmake' to check CMake code style
[1.139s] -- Added test 'uncrustify' to check C / C++ code style
[1.139s] -- Configured uncrustify additional arguments: 
[1.139s] -- Added test 'xmllint' to check XML markup files
[1.140s] -- Configuring done
[1.155s] -- Generating done
[1.158s] -- Build files have been written to: /workspace/ros2_ws/build/cobot_fds
[1.193s] [ 50%] [32mBuilding CXX object CMakeFiles/cobot_drive_main.dir/src/cobot_drive_main.cpp.o[0m
[1.503s] [01m[K/workspace/ros2_ws/cobot_fds/src/cobot_drive_main.cpp:27:10:[m[K [01;31m[Kfatal error: [m[Ktf2_ros/transform_broadcaster.h: No such file or directory
[1.504s]    27 | #include [01;31m[K"tf2_ros/transform_broadcaster.h"[m[K
[1.504s]       |          [01;31m[K^~~~~~~~~~~~~~~~~~~~~~~~~~~~~~~~~[m[K
[1.504s] compilation terminated.
[1.508s] gmake[2]: *** [CMakeFiles/cobot_drive_main.dir/build.make:76: CMakeFiles/cobot_drive_main.dir/src/cobot_drive_main.cpp.o] Error 1
[1.508s] gmake[1]: *** [CMakeFiles/Makefile2:137: CMakeFiles/cobot_drive_main.dir/all] Error 2
[1.508s] gmake: *** [Makefile:146: all] Error 2
[1.511s] Invoked command in '/workspace/ros2_ws/build/cobot_fds' returned '2': CMAKE_PREFIX_PATH=/opt/ros/iron /usr/bin/cmake --build /workspace/ros2_ws/build/cobot_fds -- -j8 -l8
