[  2%] Built target messages__rosidl_generator_type_description
[  2%] Built target ament_cmake_python_copy_messages
[  8%] Built target messages__cpp
[ 20%] Built target messages__rosidl_generator_c
[ 29%] Built target messages__rosidl_typesupport_c
[ 38%] Built target messages__rosidl_typesupport_fastrtps_c
[ 47%] Built target messages__rosidl_typesupport_cpp
[ 55%] Built target messages__rosidl_typesupport_introspection_c
[ 64%] Built target messages__rosidl_typesupport_introspection_cpp
[ 73%] Built target messages__rosidl_typesupport_fastrtps_cpp
[ 73%] Built target messages
[ 76%] Built target messages__py
[ 82%] Built target messages__rosidl_generator_py
[ 88%] Built target messages__rosidl_typesupport_fastrtps_c__pyext
[ 94%] Built target messages__rosidl_typesupport_introspection_c__pyext
[100%] Built target messages__rosidl_typesupport_c__pyext
running egg_info
writing messages.egg-info/PKG-INFO
writing dependency_links to messages.egg-info/dependency_links.txt
writing top-level names to messages.egg-info/top_level.txt
reading manifest file 'messages.egg-info/SOURCES.txt'
writing manifest file 'messages.egg-info/SOURCES.txt'
[100%] Built target ament_cmake_python_build_messages_egg
