[0.020s] Invoking command in '/workspace/ros2_ws/build/messages': CMAKE_PREFIX_PATH=${CMAKE_PREFIX_PATH}:/opt/ros/iron /usr/bin/cmake --build /workspace/ros2_ws/build/messages -- -j8 -l8
[0.092s] [  2%] Built target messages__rosidl_generator_type_description
[0.099s] [  2%] Built target ament_cmake_python_copy_messages
[0.121s] [  8%] Built target messages__cpp
[0.122s] [ 20%] Built target messages__rosidl_generator_c
[0.155s] [ 29%] Built target messages__rosidl_typesupport_c
[0.162s] [ 38%] Built target messages__rosidl_typesupport_fastrtps_c
[0.163s] [ 47%] Built target messages__rosidl_typesupport_cpp
[0.164s] [ 55%] Built target messages__rosidl_typesupport_introspection_c
[0.169s] [ 64%] Built target messages__rosidl_typesupport_introspection_cpp
[0.170s] [ 73%] Built target messages__rosidl_typesupport_fastrtps_cpp
[0.195s] [ 73%] Built target messages
[0.222s] [ 76%] Built target messages__py
[0.256s] [ 82%] Built target messages__rosidl_generator_py
[0.284s] [ 88%] Built target messages__rosidl_typesupport_fastrtps_c__pyext
[0.285s] [ 94%] Built target messages__rosidl_typesupport_introspection_c__pyext
[0.287s] [100%] Built target messages__rosidl_typesupport_c__pyext
[0.336s] running egg_info
[0.337s] writing messages.egg-info/PKG-INFO
[0.337s] writing dependency_links to messages.egg-info/dependency_links.txt
[0.337s] writing top-level names to messages.egg-info/top_level.txt
[0.339s] reading manifest file 'messages.egg-info/SOURCES.txt'
[0.340s] writing manifest file 'messages.egg-info/SOURCES.txt'
[0.379s] [100%] Built target ament_cmake_python_build_messages_egg
[0.398s] Invoked command in '/workspace/ros2_ws/build/messages' returned '0': CMAKE_PREFIX_PATH=${CMAKE_PREFIX_PATH}:/opt/ros/iron /usr/bin/cmake --build /workspace/ros2_ws/build/messages -- -j8 -l8
