[0.097s] DEBUG:colcon:Command line arguments: ['/usr/bin/colcon', 'build']
[0.097s] DEBUG:colcon:Parsed command line arguments: Namespace(log_base=None, log_level=None, verb_name='build', build_base='build', install_base='install', merge_install=False, symlink_install=False, test_result_base=None, continue_on_error=False, executor='parallel', parallel_workers=8, event_handlers=None, ignore_user_meta=False, metas=['./colcon.meta'], base_paths=['.'], packages_ignore=None, packages_ignore_regex=None, paths=None, packages_up_to=None, packages_up_to_regex=None, packages_above=None, packages_above_and_dependencies=None, packages_above_depth=None, packages_select_by_dep=None, packages_skip_by_dep=None, packages_skip_up_to=None, packages_select_build_failed=False, packages_skip_build_finished=False, packages_select_test_failures=False, packages_skip_test_passed=False, packages_select=None, packages_skip=None, packages_select_regex=None, packages_skip_regex=None, packages_start=None, packages_end=None, cmake_args=None, cmake_target=None, cmake_target_skip_unavailable=False, cmake_clean_cache=False, cmake_clean_first=False, cmake_force_configure=False, ament_cmake_args=None, catkin_cmake_args=None, catkin_skip_building_tests=False, mixin_files=None, mixin=None, verb_parser=<colcon_mixin.mixin.mixin_argument.MixinArgumentDecorator object at 0x7f29f2279f60>, verb_extension=<colcon_core.verb.build.BuildVerb object at 0x7f29f23ba5f0>, main=<bound method BuildVerb.main of <colcon_core.verb.build.BuildVerb object at 0x7f29f23ba5f0>>, mixin_verb=('build',))
[0.194s] Level 1:colcon.colcon_core.package_discovery:discover_packages(colcon_meta) check parameters
[0.195s] INFO:colcon.colcon_metadata.package_discovery.colcon_meta:Using configuration from '/root/.colcon/metadata/default/Gazebo.meta'
[0.195s] INFO:colcon.colcon_metadata.package_discovery.colcon_meta:Using configuration from '/root/.colcon/metadata/default/fastrtps.meta'
[0.195s] Level 1:colcon.colcon_core.package_discovery:discover_packages(recursive) check parameters
[0.195s] Level 1:colcon.colcon_core.package_discovery:discover_packages(ignore) check parameters
[0.195s] Level 1:colcon.colcon_core.package_discovery:discover_packages(path) check parameters
[0.195s] Level 1:colcon.colcon_core.package_discovery:discover_packages(colcon_meta) discover
[0.195s] Level 1:colcon.colcon_core.package_discovery:discover_packages(recursive) discover
[0.195s] INFO:colcon.colcon_core.package_discovery:Crawling recursively for packages in '/workspace/ros2'
[0.195s] Level 1:colcon.colcon_core.package_identification:_identify(.) by extensions ['ignore', 'ignore_ament_install']
[0.195s] Level 1:colcon.colcon_core.package_identification:_identify(.) by extension 'ignore'
[0.196s] Level 1:colcon.colcon_core.package_identification:_identify(.) by extension 'ignore_ament_install'
[0.196s] Level 1:colcon.colcon_core.package_identification:_identify(.) by extensions ['colcon_pkg']
[0.196s] Level 1:colcon.colcon_core.package_identification:_identify(.) by extension 'colcon_pkg'
[0.196s] Level 1:colcon.colcon_core.package_identification:_identify(.) by extensions ['colcon_meta']
[0.196s] Level 1:colcon.colcon_core.package_identification:_identify(.) by extension 'colcon_meta'
[0.196s] Level 1:colcon.colcon_core.package_identification:_identify(.) by extensions ['ros']
[0.196s] Level 1:colcon.colcon_core.package_identification:_identify(.) by extension 'ros'
[0.205s] Level 1:colcon.colcon_core.package_identification:_identify(.) by extensions ['cmake', 'python']
[0.205s] Level 1:colcon.colcon_core.package_identification:_identify(.) by extension 'cmake'
[0.205s] Level 1:colcon.colcon_core.package_identification:_identify(.) by extension 'python'
[0.205s] Level 1:colcon.colcon_core.package_identification:_identify(.) by extensions ['python_setup_py']
[0.205s] Level 1:colcon.colcon_core.package_identification:_identify(.) by extension 'python_setup_py'
[0.205s] Level 1:colcon.colcon_core.package_identification:_identify(build) by extensions ['ignore', 'ignore_ament_install']
[0.205s] Level 1:colcon.colcon_core.package_identification:_identify(build) by extension 'ignore'
[0.205s] Level 1:colcon.colcon_core.package_identification:_identify(build) ignored
[0.206s] Level 1:colcon.colcon_core.package_identification:_identify(hardware) by extensions ['ignore', 'ignore_ament_install']
[0.206s] Level 1:colcon.colcon_core.package_identification:_identify(hardware) by extension 'ignore'
[0.206s] Level 1:colcon.colcon_core.package_identification:_identify(hardware) by extension 'ignore_ament_install'
[0.206s] Level 1:colcon.colcon_core.package_identification:_identify(hardware) by extensions ['colcon_pkg']
[0.206s] Level 1:colcon.colcon_core.package_identification:_identify(hardware) by extension 'colcon_pkg'
[0.206s] Level 1:colcon.colcon_core.package_identification:_identify(hardware) by extensions ['colcon_meta']
[0.206s] Level 1:colcon.colcon_core.package_identification:_identify(hardware) by extension 'colcon_meta'
[0.206s] Level 1:colcon.colcon_core.package_identification:_identify(hardware) by extensions ['ros']
[0.206s] Level 1:colcon.colcon_core.package_identification:_identify(hardware) by extension 'ros'
[0.206s] Level 1:colcon.colcon_core.package_identification:_identify(hardware) by extensions ['cmake', 'python']
[0.206s] Level 1:colcon.colcon_core.package_identification:_identify(hardware) by extension 'cmake'
[0.206s] Level 1:colcon.colcon_core.package_identification:_identify(hardware) by extension 'python'
[0.206s] Level 1:colcon.colcon_core.package_identification:_identify(hardware) by extensions ['python_setup_py']
[0.206s] Level 1:colcon.colcon_core.package_identification:_identify(hardware) by extension 'python_setup_py'
[0.206s] Level 1:colcon.colcon_core.package_identification:_identify(hardware/cobot_drive) by extensions ['ignore', 'ignore_ament_install']
[0.206s] Level 1:colcon.colcon_core.package_identification:_identify(hardware/cobot_drive) by extension 'ignore'
[0.206s] Level 1:colcon.colcon_core.package_identification:_identify(hardware/cobot_drive) by extension 'ignore_ament_install'
[0.206s] Level 1:colcon.colcon_core.package_identification:_identify(hardware/cobot_drive) by extensions ['colcon_pkg']
[0.206s] Level 1:colcon.colcon_core.package_identification:_identify(hardware/cobot_drive) by extension 'colcon_pkg'
[0.206s] Level 1:colcon.colcon_core.package_identification:_identify(hardware/cobot_drive) by extensions ['colcon_meta']
[0.206s] Level 1:colcon.colcon_core.package_identification:_identify(hardware/cobot_drive) by extension 'colcon_meta'
[0.206s] Level 1:colcon.colcon_core.package_identification:_identify(hardware/cobot_drive) by extensions ['ros']
[0.207s] Level 1:colcon.colcon_core.package_identification:_identify(hardware/cobot_drive) by extension 'ros'
[0.209s] DEBUG:colcon.colcon_core.package_identification:Package 'hardware/cobot_drive' with type 'ros.ament_cmake' and name 'cobot_drive'
[0.209s] Level 1:colcon.colcon_core.package_identification:_identify(hardware/urg_node) by extensions ['ignore', 'ignore_ament_install']
[0.209s] Level 1:colcon.colcon_core.package_identification:_identify(hardware/urg_node) by extension 'ignore'
[0.209s] Level 1:colcon.colcon_core.package_identification:_identify(hardware/urg_node) by extension 'ignore_ament_install'
[0.209s] Level 1:colcon.colcon_core.package_identification:_identify(hardware/urg_node) by extensions ['colcon_pkg']
[0.209s] Level 1:colcon.colcon_core.package_identification:_identify(hardware/urg_node) by extension 'colcon_pkg'
[0.209s] Level 1:colcon.colcon_core.package_identification:_identify(hardware/urg_node) by extensions ['colcon_meta']
[0.209s] Level 1:colcon.colcon_core.package_identification:_identify(hardware/urg_node) by extension 'colcon_meta'
[0.209s] Level 1:colcon.colcon_core.package_identification:_identify(hardware/urg_node) by extensions ['ros']
[0.210s] Level 1:colcon.colcon_core.package_identification:_identify(hardware/urg_node) by extension 'ros'
[0.211s] DEBUG:colcon.colcon_core.package_identification:Package 'hardware/urg_node' with type 'ros.ament_cmake' and name 'urg_node'
[0.211s] Level 1:colcon.colcon_core.package_identification:_identify(install) by extensions ['ignore', 'ignore_ament_install']
[0.211s] Level 1:colcon.colcon_core.package_identification:_identify(install) by extension 'ignore'
[0.211s] Level 1:colcon.colcon_core.package_identification:_identify(install) ignored
[0.211s] Level 1:colcon.colcon_core.package_identification:_identify(log) by extensions ['ignore', 'ignore_ament_install']
[0.211s] Level 1:colcon.colcon_core.package_identification:_identify(log) by extension 'ignore'
[0.211s] Level 1:colcon.colcon_core.package_identification:_identify(log) ignored
[0.211s] Level 1:colcon.colcon_core.package_identification:_identify(messages) by extensions ['ignore', 'ignore_ament_install']
[0.211s] Level 1:colcon.colcon_core.package_identification:_identify(messages) by extension 'ignore'
[0.211s] Level 1:colcon.colcon_core.package_identification:_identify(messages) by extension 'ignore_ament_install'
[0.211s] Level 1:colcon.colcon_core.package_identification:_identify(messages) by extensions ['colcon_pkg']
[0.211s] Level 1:colcon.colcon_core.package_identification:_identify(messages) by extension 'colcon_pkg'
[0.212s] Level 1:colcon.colcon_core.package_identification:_identify(messages) by extensions ['colcon_meta']
[0.212s] Level 1:colcon.colcon_core.package_identification:_identify(messages) by extension 'colcon_meta'
[0.212s] Level 1:colcon.colcon_core.package_identification:_identify(messages) by extensions ['ros']
[0.212s] Level 1:colcon.colcon_core.package_identification:_identify(messages) by extension 'ros'
[0.212s] DEBUG:colcon.colcon_core.package_identification:Package 'messages' with type 'ros.ament_cmake' and name 'messages'
[0.212s] Level 1:colcon.colcon_core.package_discovery:discover_packages(recursive) using defaults
[0.212s] Level 1:colcon.colcon_core.package_discovery:discover_packages(ignore) discover
[0.212s] Level 1:colcon.colcon_core.package_discovery:discover_packages(ignore) using defaults
[0.212s] Level 1:colcon.colcon_core.package_discovery:discover_packages(path) discover
[0.212s] Level 1:colcon.colcon_core.package_discovery:discover_packages(path) using defaults
[0.230s] Level 5:colcon.colcon_core.verb:set package 'cobot_drive' build argument 'cmake_args' from command line to 'None'
[0.230s] Level 5:colcon.colcon_core.verb:set package 'cobot_drive' build argument 'cmake_target' from command line to 'None'
[0.230s] Level 5:colcon.colcon_core.verb:set package 'cobot_drive' build argument 'cmake_target_skip_unavailable' from command line to 'False'
[0.230s] Level 5:colcon.colcon_core.verb:set package 'cobot_drive' build argument 'cmake_clean_cache' from command line to 'False'
[0.230s] Level 5:colcon.colcon_core.verb:set package 'cobot_drive' build argument 'cmake_clean_first' from command line to 'False'
[0.230s] Level 5:colcon.colcon_core.verb:set package 'cobot_drive' build argument 'cmake_force_configure' from command line to 'False'
[0.230s] Level 5:colcon.colcon_core.verb:set package 'cobot_drive' build argument 'ament_cmake_args' from command line to 'None'
[0.230s] Level 5:colcon.colcon_core.verb:set package 'cobot_drive' build argument 'catkin_cmake_args' from command line to 'None'
[0.230s] Level 5:colcon.colcon_core.verb:set package 'cobot_drive' build argument 'catkin_skip_building_tests' from command line to 'False'
[0.230s] DEBUG:colcon.colcon_core.verb:Building package 'cobot_drive' with the following arguments: {'ament_cmake_args': None, 'build_base': '/workspace/ros2/build/cobot_drive', 'catkin_cmake_args': None, 'catkin_skip_building_tests': False, 'cmake_args': None, 'cmake_clean_cache': False, 'cmake_clean_first': False, 'cmake_force_configure': False, 'cmake_target': None, 'cmake_target_skip_unavailable': False, 'install_base': '/workspace/ros2/install/cobot_drive', 'merge_install': False, 'path': '/workspace/ros2/hardware/cobot_drive', 'symlink_install': False, 'test_result_base': None}
[0.230s] Level 5:colcon.colcon_core.verb:set package 'messages' build argument 'cmake_args' from command line to 'None'
[0.230s] Level 5:colcon.colcon_core.verb:set package 'messages' build argument 'cmake_target' from command line to 'None'
[0.230s] Level 5:colcon.colcon_core.verb:set package 'messages' build argument 'cmake_target_skip_unavailable' from command line to 'False'
[0.230s] Level 5:colcon.colcon_core.verb:set package 'messages' build argument 'cmake_clean_cache' from command line to 'False'
[0.230s] Level 5:colcon.colcon_core.verb:set package 'messages' build argument 'cmake_clean_first' from command line to 'False'
[0.230s] Level 5:colcon.colcon_core.verb:set package 'messages' build argument 'cmake_force_configure' from command line to 'False'
[0.231s] Level 5:colcon.colcon_core.verb:set package 'messages' build argument 'ament_cmake_args' from command line to 'None'
[0.231s] Level 5:colcon.colcon_core.verb:set package 'messages' build argument 'catkin_cmake_args' from command line to 'None'
[0.231s] Level 5:colcon.colcon_core.verb:set package 'messages' build argument 'catkin_skip_building_tests' from command line to 'False'
[0.231s] DEBUG:colcon.colcon_core.verb:Building package 'messages' with the following arguments: {'ament_cmake_args': None, 'build_base': '/workspace/ros2/build/messages', 'catkin_cmake_args': None, 'catkin_skip_building_tests': False, 'cmake_args': None, 'cmake_clean_cache': False, 'cmake_clean_first': False, 'cmake_force_configure': False, 'cmake_target': None, 'cmake_target_skip_unavailable': False, 'install_base': '/workspace/ros2/install/messages', 'merge_install': False, 'path': '/workspace/ros2/messages', 'symlink_install': False, 'test_result_base': None}
[0.231s] Level 5:colcon.colcon_core.verb:set package 'urg_node' build argument 'cmake_args' from command line to 'None'
[0.231s] Level 5:colcon.colcon_core.verb:set package 'urg_node' build argument 'cmake_target' from command line to 'None'
[0.231s] Level 5:colcon.colcon_core.verb:set package 'urg_node' build argument 'cmake_target_skip_unavailable' from command line to 'False'
[0.231s] Level 5:colcon.colcon_core.verb:set package 'urg_node' build argument 'cmake_clean_cache' from command line to 'False'
[0.231s] Level 5:colcon.colcon_core.verb:set package 'urg_node' build argument 'cmake_clean_first' from command line to 'False'
[0.231s] Level 5:colcon.colcon_core.verb:set package 'urg_node' build argument 'cmake_force_configure' from command line to 'False'
[0.231s] Level 5:colcon.colcon_core.verb:set package 'urg_node' build argument 'ament_cmake_args' from command line to 'None'
[0.231s] Level 5:colcon.colcon_core.verb:set package 'urg_node' build argument 'catkin_cmake_args' from command line to 'None'
[0.231s] Level 5:colcon.colcon_core.verb:set package 'urg_node' build argument 'catkin_skip_building_tests' from command line to 'False'
[0.231s] DEBUG:colcon.colcon_core.verb:Building package 'urg_node' with the following arguments: {'ament_cmake_args': None, 'build_base': '/workspace/ros2/build/urg_node', 'catkin_cmake_args': None, 'catkin_skip_building_tests': False, 'cmake_args': None, 'cmake_clean_cache': False, 'cmake_clean_first': False, 'cmake_force_configure': False, 'cmake_target': None, 'cmake_target_skip_unavailable': False, 'install_base': '/workspace/ros2/install/urg_node', 'merge_install': False, 'path': '/workspace/ros2/hardware/urg_node', 'symlink_install': False, 'test_result_base': None}
[0.231s] INFO:colcon.colcon_core.executor:Executing jobs using 'parallel' executor
[0.232s] DEBUG:colcon.colcon_parallel_executor.executor.parallel:run_until_complete
[0.233s] INFO:colcon.colcon_ros.task.ament_cmake.build:Building ROS package in '/workspace/ros2/hardware/cobot_drive' with build type 'ament_cmake'
[0.233s] INFO:colcon.colcon_cmake.task.cmake.build:Building CMake package in '/workspace/ros2/hardware/cobot_drive'
[0.235s] INFO:colcon.colcon_core.plugin_system:Skipping extension 'colcon_core.shell.bat': Not used on non-Windows systems
[0.235s] INFO:colcon.colcon_core.shell:Skip shell extension 'powershell' for command environment: Not usable outside of PowerShell
[0.235s] DEBUG:colcon.colcon_core.shell:Skip shell extension 'dsv' for command environment
[0.238s] INFO:colcon.colcon_ros.task.ament_cmake.build:Building ROS package in '/workspace/ros2/messages' with build type 'ament_cmake'
[0.238s] INFO:colcon.colcon_cmake.task.cmake.build:Building CMake package in '/workspace/ros2/messages'
[0.239s] INFO:colcon.colcon_core.shell:Skip shell extension 'powershell' for command environment: Not usable outside of PowerShell
[0.239s] DEBUG:colcon.colcon_core.shell:Skip shell extension 'dsv' for command environment
[0.241s] INFO:colcon.colcon_ros.task.ament_cmake.build:Building ROS package in '/workspace/ros2/hardware/urg_node' with build type 'ament_cmake'
[0.241s] INFO:colcon.colcon_cmake.task.cmake.build:Building CMake package in '/workspace/ros2/hardware/urg_node'
[0.241s] INFO:colcon.colcon_core.shell:Skip shell extension 'powershell' for command environment: Not usable outside of PowerShell
[0.241s] DEBUG:colcon.colcon_core.shell:Skip shell extension 'dsv' for command environment
[0.248s] DEBUG:colcon.colcon_core.event_handler.log_command:Invoking command in '/workspace/ros2/build/cobot_drive': CMAKE_PREFIX_PATH=/opt/ros/iron /usr/bin/cmake /workspace/ros2/hardware/cobot_drive -DCMAKE_INSTALL_PREFIX=/workspace/ros2/install/cobot_drive
[0.250s] DEBUG:colcon.colcon_core.event_handler.log_command:Invoking command in '/workspace/ros2/build/messages': CMAKE_PREFIX_PATH=/opt/ros/iron /usr/bin/cmake --build /workspace/ros2/build/messages -- -j8 -l8
[0.253s] DEBUG:colcon.colcon_core.event_handler.log_command:Invoking command in '/workspace/ros2/build/urg_node': CMAKE_PREFIX_PATH=/opt/ros/iron /usr/bin/cmake /workspace/ros2/hardware/urg_node -DCMAKE_INSTALL_PREFIX=/workspace/ros2/install/urg_node
[0.432s] DEBUG:colcon.colcon_core.event_handler.log_command:Invoked command in '/workspace/ros2/build/urg_node' returned '1': CMAKE_PREFIX_PATH=/opt/ros/iron /usr/bin/cmake /workspace/ros2/hardware/urg_node -DCMAKE_INSTALL_PREFIX=/workspace/ros2/install/urg_node
[0.446s] Level 1:colcon.colcon_core.environment:create_environment_scripts_only(urg_node)
[0.448s] Level 1:colcon.colcon_core.environment:checking '/workspace/ros2/install/urg_node' for CMake module files
[0.449s] Level 1:colcon.colcon_core.environment:checking '/workspace/ros2/install/urg_node' for CMake config files
[0.449s] Level 1:colcon.colcon_core.environment:checking '/workspace/ros2/install/urg_node/bin'
[0.449s] Level 1:colcon.colcon_core.environment:checking '/workspace/ros2/install/urg_node/lib/pkgconfig/urg_node.pc'
[0.451s] Level 1:colcon.colcon_core.environment:checking '/workspace/ros2/install/urg_node/lib/python3.10/site-packages'
[0.451s] Level 1:colcon.colcon_core.environment:checking '/workspace/ros2/install/urg_node/bin'
[0.451s] INFO:colcon.colcon_core.shell:Creating package script '/workspace/ros2/install/urg_node/share/urg_node/package.ps1'
[0.452s] INFO:colcon.colcon_core.shell:Creating package descriptor '/workspace/ros2/install/urg_node/share/urg_node/package.dsv'
[0.452s] INFO:colcon.colcon_core.shell:Creating package script '/workspace/ros2/install/urg_node/share/urg_node/package.sh'
[0.453s] INFO:colcon.colcon_core.shell:Creating package script '/workspace/ros2/install/urg_node/share/urg_node/package.bash'
[0.454s] INFO:colcon.colcon_core.shell:Creating package script '/workspace/ros2/install/urg_node/share/urg_node/package.zsh'
[0.455s] Level 1:colcon.colcon_core.environment:create_file_with_runtime_dependencies(/workspace/ros2/install/urg_node/share/colcon-core/packages/urg_node)
[1.494s] DEBUG:colcon.colcon_parallel_executor.executor.parallel:closing loop
[1.495s] DEBUG:colcon.colcon_parallel_executor.executor.parallel:loop closed
[1.495s] DEBUG:colcon.colcon_parallel_executor.executor.parallel:run_until_complete finished with '1'
[1.495s] DEBUG:colcon.colcon_core.event_reactor:joining thread
[1.503s] INFO:colcon.colcon_core.plugin_system:Skipping extension 'colcon_notification.desktop_notification.notify_send': Could not find 'notify-send'
[1.503s] INFO:colcon.colcon_core.plugin_system:Skipping extension 'colcon_notification.desktop_notification.terminal_notifier': Not used on non-Darwin systems
[1.503s] INFO:colcon.colcon_core.plugin_system:Skipping extension 'colcon_notification.desktop_notification.win32': Not used on non-Windows systems
[1.503s] INFO:colcon.colcon_notification.desktop_notification:Sending desktop notification using 'notify2'
[1.503s] DEBUG:colcon.colcon_notification.desktop_notification.notify2:Failed to initialize notify2: org.freedesktop.DBus.Error.InvalidFileContent: D-Bus library appears to be incorrectly set up: see the manual page for dbus-uuidgen to correct this issue. (Failed to open "/var/lib/dbus/machine-id": No such file or directory; UUID file '/etc/machine-id' should contain a hex string of length 32, not length 0, with no other text)
[1.503s] DEBUG:colcon.colcon_core.event_reactor:joined thread
[1.504s] INFO:colcon.colcon_core.shell:Creating prefix script '/workspace/ros2/install/local_setup.ps1'
[1.506s] INFO:colcon.colcon_core.shell:Creating prefix util module '/workspace/ros2/install/_local_setup_util_ps1.py'
[1.508s] INFO:colcon.colcon_core.shell:Creating prefix chain script '/workspace/ros2/install/setup.ps1'
[1.510s] INFO:colcon.colcon_core.shell:Creating prefix script '/workspace/ros2/install/local_setup.sh'
[1.511s] INFO:colcon.colcon_core.shell:Creating prefix util module '/workspace/ros2/install/_local_setup_util_sh.py'
[1.512s] INFO:colcon.colcon_core.shell:Creating prefix chain script '/workspace/ros2/install/setup.sh'
[1.514s] INFO:colcon.colcon_core.shell:Creating prefix script '/workspace/ros2/install/local_setup.bash'
[1.515s] INFO:colcon.colcon_core.shell:Creating prefix chain script '/workspace/ros2/install/setup.bash'
[1.516s] INFO:colcon.colcon_core.shell:Creating prefix script '/workspace/ros2/install/local_setup.zsh'
[1.517s] INFO:colcon.colcon_core.shell:Creating prefix chain script '/workspace/ros2/install/setup.zsh'
