-- Found ament_cmake: 2.0.5 (/opt/ros/iron/share/ament_cmake/cmake)
-- Found rosidl_default_generators: 1.5.0 (/opt/ros/iron/share/rosidl_default_generators/cmake)
-- Using all available rosidl_typesupport_c: rosidl_typesupport_fastrtps_c;rosidl_typesupport_introspection_c
-- Using all available rosidl_typesupport_cpp: rosidl_typesupport_fastrtps_cpp;rosidl_typesupport_introspection_cpp
-- Found rosidl_adapter: 4.0.1 (/opt/ros/iron/share/rosidl_adapter/cmake)
-- Found std_msgs: 5.0.0 (/opt/ros/iron/share/std_msgs/cmake)
-- Found ament_cmake_ros: 0.11.2 (/opt/ros/iron/share/ament_cmake_ros/cmake)
-- Using all available rosidl_typesupport_c: rosidl_typesupport_fastrtps_c;rosidl_typesupport_introspection_c
-- Using all available rosidl_typesupport_cpp: rosidl_typesupport_fastrtps_cpp;rosidl_typesupport_introspection_cpp
-- Found python_cmake_module: 0.10.2 (/opt/ros/iron/share/python_cmake_module/cmake)
-- Using PYTHON_EXECUTABLE: /usr/bin/python3
-- Using PYTHON_INCLUDE_DIRS: /usr/include/python3.10
-- Using PYTHON_LIBRARIES: /usr/lib/x86_64-linux-gnu/libpython3.10.so
-- Found ament_lint_auto: 0.14.3 (/opt/ros/iron/share/ament_lint_auto/cmake)
-- Added test 'lint_cmake' to check CMake code style
-- Added test 'xmllint' to check XML markup files
-- Configuring done
-- Generating done
-- Build files have been written to: /workspace/ros2_ws/build/messages
[  2%] [34m[1mGenerating type hashes for ROS interfaces[0m
[  2%] Built target ament_cmake_python_copy_messages
running egg_info
writing messages.egg-info/PKG-INFO
writing dependency_links to messages.egg-info/dependency_links.txt
writing top-level names to messages.egg-info/top_level.txt
reading manifest file 'messages.egg-info/SOURCES.txt'
writing manifest file 'messages.egg-info/SOURCES.txt'
[  2%] Built target messages__rosidl_generator_type_description
[  5%] [34m[1mGenerating C code for ROS interfaces[0m
[  5%] Built target ament_cmake_python_build_messages_egg
[  8%] [34m[1mGenerating C++ code for ROS interfaces[0m
[  8%] Built target messages__cpp
[ 11%] [32mBuilding C object CMakeFiles/messages__rosidl_generator_c.dir/rosidl_generator_c/messages/msg/detail/cobot_raw_status__description.c.o[0m
[ 14%] [32mBuilding C object CMakeFiles/messages__rosidl_generator_c.dir/rosidl_generator_c/messages/msg/detail/cobot_raw_status__functions.c.o[0m
[ 17%] [32mBuilding C object CMakeFiles/messages__rosidl_generator_c.dir/rosidl_generator_c/messages/msg/detail/cobot_raw_status__type_support.c.o[0m
[ 20%] [32m[1mLinking C shared library libmessages__rosidl_generator_c.so[0m
[ 20%] Built target messages__rosidl_generator_c
[ 26%] [34m[1mGenerating C++ type support dispatch for ROS interfaces[0m
[ 26%] [34m[1mGenerating C type support dispatch for ROS interfaces[0m
[ 29%] [34m[1mGenerating C introspection for ROS interfaces[0m
[ 32%] [34m[1mGenerating C++ introspection for ROS interfaces[0m
[ 35%] [34m[1mGenerating C type support for eProsima Fast-RTPS[0m
[ 38%] [34m[1mGenerating C++ type support for eProsima Fast-RTPS[0m
[ 44%] [32mBuilding CXX object CMakeFiles/messages__rosidl_typesupport_c.dir/rosidl_typesupport_c/messages/msg/cobot_raw_status__type_support.cpp.o[0m
[ 44%] [32mBuilding CXX object CMakeFiles/messages__rosidl_typesupport_cpp.dir/rosidl_typesupport_cpp/messages/msg/cobot_raw_status__type_support.cpp.o[0m
[ 47%] [32mBuilding C object CMakeFiles/messages__rosidl_typesupport_introspection_c.dir/rosidl_typesupport_introspection_c/messages/msg/detail/cobot_raw_status__type_support.c.o[0m
[ 50%] [32mBuilding CXX object CMakeFiles/messages__rosidl_typesupport_introspection_cpp.dir/rosidl_typesupport_introspection_cpp/messages/msg/detail/cobot_raw_status__type_support.cpp.o[0m
[ 52%] [32mBuilding CXX object CMakeFiles/messages__rosidl_typesupport_fastrtps_c.dir/rosidl_typesupport_fastrtps_c/messages/msg/detail/cobot_raw_status__type_support_c.cpp.o[0m
[ 55%] [32mBuilding CXX object CMakeFiles/messages__rosidl_typesupport_fastrtps_cpp.dir/rosidl_typesupport_fastrtps_cpp/messages/msg/detail/dds_fastrtps/cobot_raw_status__type_support.cpp.o[0m
[ 58%] [32m[1mLinking CXX shared library libmessages__rosidl_typesupport_c.so[0m
[ 61%] [32m[1mLinking C shared library libmessages__rosidl_typesupport_introspection_c.so[0m
[ 61%] Built target messages__rosidl_typesupport_introspection_c
[ 61%] Built target messages__rosidl_typesupport_c
[ 64%] [32m[1mLinking CXX shared library libmessages__rosidl_typesupport_cpp.so[0m
[ 67%] [32m[1mLinking CXX shared library libmessages__rosidl_typesupport_fastrtps_c.so[0m
[ 70%] [32m[1mLinking CXX shared library libmessages__rosidl_typesupport_introspection_cpp.so[0m
[ 70%] Built target messages__rosidl_typesupport_cpp
[ 70%] Built target messages__rosidl_typesupport_fastrtps_c
[ 70%] Built target messages__rosidl_typesupport_introspection_cpp
[ 73%] [32m[1mLinking CXX shared library libmessages__rosidl_typesupport_fastrtps_cpp.so[0m
[ 73%] Built target messages__rosidl_typesupport_fastrtps_cpp
[ 73%] Built target messages
[ 76%] [34m[1mGenerating Python code for ROS interfaces[0m
[ 76%] Built target messages__py
[ 79%] [32mBuilding C object CMakeFiles/messages__rosidl_generator_py.dir/rosidl_generator_py/messages/msg/_cobot_raw_status_s.c.o[0m
[ 82%] [32m[1mLinking C shared library rosidl_generator_py/messages/libmessages__rosidl_generator_py.so[0m
[ 82%] Built target messages__rosidl_generator_py
[ 85%] [32mBuilding C object CMakeFiles/messages__rosidl_typesupport_introspection_c__pyext.dir/rosidl_generator_py/messages/_messages_s.ep.rosidl_typesupport_introspection_c.c.o[0m
[ 88%] [32mBuilding C object CMakeFiles/messages__rosidl_typesupport_c__pyext.dir/rosidl_generator_py/messages/_messages_s.ep.rosidl_typesupport_c.c.o[0m
[ 91%] [32mBuilding C object CMakeFiles/messages__rosidl_typesupport_fastrtps_c__pyext.dir/rosidl_generator_py/messages/_messages_s.ep.rosidl_typesupport_fastrtps_c.c.o[0m
[ 97%] [32m[1mLinking C shared library rosidl_generator_py/messages/messages_s__rosidl_typesupport_fastrtps_c.cpython-310-x86_64-linux-gnu.so[0m
[ 97%] [32m[1mLinking C shared library rosidl_generator_py/messages/messages_s__rosidl_typesupport_c.cpython-310-x86_64-linux-gnu.so[0m
[100%] [32m[1mLinking C shared library rosidl_generator_py/messages/messages_s__rosidl_typesupport_introspection_c.cpython-310-x86_64-linux-gnu.so[0m
[100%] Built target messages__rosidl_typesupport_c__pyext
[100%] Built target messages__rosidl_typesupport_fastrtps_c__pyext
[100%] Built target messages__rosidl_typesupport_introspection_c__pyext
-- Install configuration: ""
-- Installing: /workspace/ros2_ws/install/messages/share/ament_index/resource_index/rosidl_interfaces/messages
-- Installing: /workspace/ros2_ws/install/messages/share/messages/msg/CobotRawStatus.json
-- Installing: /workspace/ros2_ws/install/messages/include/messages/messages
-- Installing: /workspace/ros2_ws/install/messages/include/messages/messages/msg
-- Installing: /workspace/ros2_ws/install/messages/include/messages/messages/msg/rosidl_generator_c__visibility_control.h
-- Installing: /workspace/ros2_ws/install/messages/include/messages/messages/msg/detail
-- Installing: /workspace/ros2_ws/install/messages/include/messages/messages/msg/detail/cobot_raw_status__type_support.c
-- Installing: /workspace/ros2_ws/install/messages/include/messages/messages/msg/detail/cobot_raw_status__struct.h
-- Installing: /workspace/ros2_ws/install/messages/include/messages/messages/msg/detail/cobot_raw_status__functions.h
-- Installing: /workspace/ros2_ws/install/messages/include/messages/messages/msg/detail/cobot_raw_status__functions.c
-- Installing: /workspace/ros2_ws/install/messages/include/messages/messages/msg/detail/cobot_raw_status__description.c
-- Installing: /workspace/ros2_ws/install/messages/include/messages/messages/msg/detail/cobot_raw_status__type_support.h
-- Installing: /workspace/ros2_ws/install/messages/include/messages/messages/msg/cobot_raw_status.h
-- Installing: /workspace/ros2_ws/install/messages/share/messages/environment/library_path.sh
-- Installing: /workspace/ros2_ws/install/messages/share/messages/environment/library_path.dsv
-- Installing: /workspace/ros2_ws/install/messages/lib/libmessages__rosidl_generator_c.so
-- Set runtime path of "/workspace/ros2_ws/install/messages/lib/libmessages__rosidl_generator_c.so" to ""
-- Up-to-date: /workspace/ros2_ws/install/messages/include/messages/messages
-- Up-to-date: /workspace/ros2_ws/install/messages/include/messages/messages/msg
-- Up-to-date: /workspace/ros2_ws/install/messages/include/messages/messages/msg/detail
-- Installing: /workspace/ros2_ws/install/messages/include/messages/messages/msg/detail/cobot_raw_status__rosidl_typesupport_fastrtps_c.h
-- Installing: /workspace/ros2_ws/install/messages/include/messages/messages/msg/rosidl_typesupport_fastrtps_c__visibility_control.h
-- Installing: /workspace/ros2_ws/install/messages/lib/libmessages__rosidl_typesupport_fastrtps_c.so
-- Set runtime path of "/workspace/ros2_ws/install/messages/lib/libmessages__rosidl_typesupport_fastrtps_c.so" to ""
-- Up-to-date: /workspace/ros2_ws/install/messages/include/messages/messages
-- Up-to-date: /workspace/ros2_ws/install/messages/include/messages/messages/msg
-- Installing: /workspace/ros2_ws/install/messages/include/messages/messages/msg/rosidl_typesupport_introspection_c__visibility_control.h
-- Up-to-date: /workspace/ros2_ws/install/messages/include/messages/messages/msg/detail
-- Up-to-date: /workspace/ros2_ws/install/messages/include/messages/messages/msg/detail/cobot_raw_status__type_support.c
-- Installing: /workspace/ros2_ws/install/messages/include/messages/messages/msg/detail/cobot_raw_status__rosidl_typesupport_introspection_c.h
-- Installing: /workspace/ros2_ws/install/messages/lib/libmessages__rosidl_typesupport_introspection_c.so
-- Set runtime path of "/workspace/ros2_ws/install/messages/lib/libmessages__rosidl_typesupport_introspection_c.so" to ""
-- Installing: /workspace/ros2_ws/install/messages/lib/libmessages__rosidl_typesupport_c.so
-- Set runtime path of "/workspace/ros2_ws/install/messages/lib/libmessages__rosidl_typesupport_c.so" to ""
-- Up-to-date: /workspace/ros2_ws/install/messages/include/messages/messages
-- Up-to-date: /workspace/ros2_ws/install/messages/include/messages/messages/msg
-- Installing: /workspace/ros2_ws/install/messages/include/messages/messages/msg/cobot_raw_status.hpp
-- Up-to-date: /workspace/ros2_ws/install/messages/include/messages/messages/msg/detail
-- Installing: /workspace/ros2_ws/install/messages/include/messages/messages/msg/detail/cobot_raw_status__builder.hpp
-- Installing: /workspace/ros2_ws/install/messages/include/messages/messages/msg/detail/cobot_raw_status__struct.hpp
-- Installing: /workspace/ros2_ws/install/messages/include/messages/messages/msg/detail/cobot_raw_status__traits.hpp
-- Up-to-date: /workspace/ros2_ws/install/messages/include/messages/messages
-- Up-to-date: /workspace/ros2_ws/install/messages/include/messages/messages/msg
-- Installing: /workspace/ros2_ws/install/messages/include/messages/messages/msg/rosidl_typesupport_fastrtps_cpp__visibility_control.h
-- Up-to-date: /workspace/ros2_ws/install/messages/include/messages/messages/msg/detail
-- Installing: /workspace/ros2_ws/install/messages/include/messages/messages/msg/detail/dds_fastrtps
-- Installing: /workspace/ros2_ws/install/messages/include/messages/messages/msg/detail/cobot_raw_status__rosidl_typesupport_fastrtps_cpp.hpp
-- Installing: /workspace/ros2_ws/install/messages/lib/libmessages__rosidl_typesupport_fastrtps_cpp.so
-- Set runtime path of "/workspace/ros2_ws/install/messages/lib/libmessages__rosidl_typesupport_fastrtps_cpp.so" to ""
-- Up-to-date: /workspace/ros2_ws/install/messages/include/messages/messages
-- Up-to-date: /workspace/ros2_ws/install/messages/include/messages/messages/msg
-- Up-to-date: /workspace/ros2_ws/install/messages/include/messages/messages/msg/detail
-- Installing: /workspace/ros2_ws/install/messages/include/messages/messages/msg/detail/cobot_raw_status__rosidl_typesupport_introspection_cpp.hpp
-- Installing: /workspace/ros2_ws/install/messages/include/messages/messages/msg/detail/cobot_raw_status__type_support.cpp
-- Installing: /workspace/ros2_ws/install/messages/lib/libmessages__rosidl_typesupport_introspection_cpp.so
-- Set runtime path of "/workspace/ros2_ws/install/messages/lib/libmessages__rosidl_typesupport_introspection_cpp.so" to ""
-- Installing: /workspace/ros2_ws/install/messages/lib/libmessages__rosidl_typesupport_cpp.so
-- Set runtime path of "/workspace/ros2_ws/install/messages/lib/libmessages__rosidl_typesupport_cpp.so" to ""
-- Installing: /workspace/ros2_ws/install/messages/share/messages/environment/pythonpath.sh
-- Installing: /workspace/ros2_ws/install/messages/share/messages/environment/pythonpath.dsv
-- Installing: /workspace/ros2_ws/install/messages/lib/python3.10/site-packages/messages-0.0.0-py3.10.egg-info
-- Installing: /workspace/ros2_ws/install/messages/lib/python3.10/site-packages/messages-0.0.0-py3.10.egg-info/SOURCES.txt
-- Installing: /workspace/ros2_ws/install/messages/lib/python3.10/site-packages/messages-0.0.0-py3.10.egg-info/PKG-INFO
-- Installing: /workspace/ros2_ws/install/messages/lib/python3.10/site-packages/messages-0.0.0-py3.10.egg-info/top_level.txt
-- Installing: /workspace/ros2_ws/install/messages/lib/python3.10/site-packages/messages-0.0.0-py3.10.egg-info/dependency_links.txt
-- Installing: /workspace/ros2_ws/install/messages/lib/python3.10/site-packages/messages
-- Installing: /workspace/ros2_ws/install/messages/lib/python3.10/site-packages/messages/messages_s__rosidl_typesupport_fastrtps_c.cpython-310-x86_64-linux-gnu.so
-- Installing: /workspace/ros2_ws/install/messages/lib/python3.10/site-packages/messages/_messages_s.ep.rosidl_typesupport_fastrtps_c.c
-- Installing: /workspace/ros2_ws/install/messages/lib/python3.10/site-packages/messages/_messages_s.ep.rosidl_typesupport_c.c
-- Installing: /workspace/ros2_ws/install/messages/lib/python3.10/site-packages/messages/msg
-- Installing: /workspace/ros2_ws/install/messages/lib/python3.10/site-packages/messages/msg/_cobot_raw_status.py
-- Installing: /workspace/ros2_ws/install/messages/lib/python3.10/site-packages/messages/msg/_cobot_raw_status_s.c
-- Installing: /workspace/ros2_ws/install/messages/lib/python3.10/site-packages/messages/msg/__init__.py
-- Installing: /workspace/ros2_ws/install/messages/lib/python3.10/site-packages/messages/__init__.py
-- Installing: /workspace/ros2_ws/install/messages/lib/python3.10/site-packages/messages/messages_s__rosidl_typesupport_c.cpython-310-x86_64-linux-gnu.so
-- Installing: /workspace/ros2_ws/install/messages/lib/python3.10/site-packages/messages/_messages_s.ep.rosidl_typesupport_introspection_c.c
-- Installing: /workspace/ros2_ws/install/messages/lib/python3.10/site-packages/messages/libmessages__rosidl_generator_py.so
-- Installing: /workspace/ros2_ws/install/messages/lib/python3.10/site-packages/messages/messages_s__rosidl_typesupport_introspection_c.cpython-310-x86_64-linux-gnu.so
Listing '/workspace/ros2_ws/install/messages/lib/python3.10/site-packages/messages'...
Compiling '/workspace/ros2_ws/install/messages/lib/python3.10/site-packages/messages/__init__.py'...
Listing '/workspace/ros2_ws/install/messages/lib/python3.10/site-packages/messages/msg'...
Compiling '/workspace/ros2_ws/install/messages/lib/python3.10/site-packages/messages/msg/__init__.py'...
Compiling '/workspace/ros2_ws/install/messages/lib/python3.10/site-packages/messages/msg/_cobot_raw_status.py'...
-- Installing: /workspace/ros2_ws/install/messages/lib/python3.10/site-packages/messages/messages_s__rosidl_typesupport_fastrtps_c.cpython-310-x86_64-linux-gnu.so
-- Set runtime path of "/workspace/ros2_ws/install/messages/lib/python3.10/site-packages/messages/messages_s__rosidl_typesupport_fastrtps_c.cpython-310-x86_64-linux-gnu.so" to ""
-- Installing: /workspace/ros2_ws/install/messages/lib/python3.10/site-packages/messages/messages_s__rosidl_typesupport_introspection_c.cpython-310-x86_64-linux-gnu.so
-- Set runtime path of "/workspace/ros2_ws/install/messages/lib/python3.10/site-packages/messages/messages_s__rosidl_typesupport_introspection_c.cpython-310-x86_64-linux-gnu.so" to ""
-- Installing: /workspace/ros2_ws/install/messages/lib/python3.10/site-packages/messages/messages_s__rosidl_typesupport_c.cpython-310-x86_64-linux-gnu.so
-- Set runtime path of "/workspace/ros2_ws/install/messages/lib/python3.10/site-packages/messages/messages_s__rosidl_typesupport_c.cpython-310-x86_64-linux-gnu.so" to ""
-- Installing: /workspace/ros2_ws/install/messages/lib/libmessages__rosidl_generator_py.so
-- Set runtime path of "/workspace/ros2_ws/install/messages/lib/libmessages__rosidl_generator_py.so" to ""
-- Installing: /workspace/ros2_ws/install/messages/share/messages/msg/CobotRawStatus.idl
-- Installing: /workspace/ros2_ws/install/messages/share/messages/msg/CobotRawStatus.msg
-- Installing: /workspace/ros2_ws/install/messages/share/ament_index/resource_index/package_run_dependencies/messages
-- Installing: /workspace/ros2_ws/install/messages/share/ament_index/resource_index/parent_prefix_path/messages
-- Installing: /workspace/ros2_ws/install/messages/share/messages/environment/ament_prefix_path.sh
-- Installing: /workspace/ros2_ws/install/messages/share/messages/environment/ament_prefix_path.dsv
-- Installing: /workspace/ros2_ws/install/messages/share/messages/environment/path.sh
-- Installing: /workspace/ros2_ws/install/messages/share/messages/environment/path.dsv
-- Installing: /workspace/ros2_ws/install/messages/share/messages/local_setup.bash
-- Installing: /workspace/ros2_ws/install/messages/share/messages/local_setup.sh
-- Installing: /workspace/ros2_ws/install/messages/share/messages/local_setup.zsh
-- Installing: /workspace/ros2_ws/install/messages/share/messages/local_setup.dsv
-- Installing: /workspace/ros2_ws/install/messages/share/messages/package.dsv
-- Installing: /workspace/ros2_ws/install/messages/share/ament_index/resource_index/packages/messages
-- Installing: /workspace/ros2_ws/install/messages/share/messages/cmake/export_messages__rosidl_generator_cExport.cmake
-- Installing: /workspace/ros2_ws/install/messages/share/messages/cmake/export_messages__rosidl_generator_cExport-noconfig.cmake
-- Installing: /workspace/ros2_ws/install/messages/share/messages/cmake/export_messages__rosidl_typesupport_fastrtps_cExport.cmake
-- Installing: /workspace/ros2_ws/install/messages/share/messages/cmake/export_messages__rosidl_typesupport_fastrtps_cExport-noconfig.cmake
-- Installing: /workspace/ros2_ws/install/messages/share/messages/cmake/messages__rosidl_typesupport_introspection_cExport.cmake
-- Installing: /workspace/ros2_ws/install/messages/share/messages/cmake/messages__rosidl_typesupport_introspection_cExport-noconfig.cmake
-- Installing: /workspace/ros2_ws/install/messages/share/messages/cmake/messages__rosidl_typesupport_cExport.cmake
-- Installing: /workspace/ros2_ws/install/messages/share/messages/cmake/messages__rosidl_typesupport_cExport-noconfig.cmake
-- Installing: /workspace/ros2_ws/install/messages/share/messages/cmake/export_messages__rosidl_generator_cppExport.cmake
-- Installing: /workspace/ros2_ws/install/messages/share/messages/cmake/export_messages__rosidl_typesupport_fastrtps_cppExport.cmake
-- Installing: /workspace/ros2_ws/install/messages/share/messages/cmake/export_messages__rosidl_typesupport_fastrtps_cppExport-noconfig.cmake
-- Installing: /workspace/ros2_ws/install/messages/share/messages/cmake/messages__rosidl_typesupport_introspection_cppExport.cmake
-- Installing: /workspace/ros2_ws/install/messages/share/messages/cmake/messages__rosidl_typesupport_introspection_cppExport-noconfig.cmake
-- Installing: /workspace/ros2_ws/install/messages/share/messages/cmake/messages__rosidl_typesupport_cppExport.cmake
-- Installing: /workspace/ros2_ws/install/messages/share/messages/cmake/messages__rosidl_typesupport_cppExport-noconfig.cmake
-- Installing: /workspace/ros2_ws/install/messages/share/messages/cmake/export_messages__rosidl_generator_pyExport.cmake
-- Installing: /workspace/ros2_ws/install/messages/share/messages/cmake/export_messages__rosidl_generator_pyExport-noconfig.cmake
-- Installing: /workspace/ros2_ws/install/messages/share/messages/cmake/rosidl_cmake-extras.cmake
-- Installing: /workspace/ros2_ws/install/messages/share/messages/cmake/ament_cmake_export_dependencies-extras.cmake
-- Installing: /workspace/ros2_ws/install/messages/share/messages/cmake/ament_cmake_export_include_directories-extras.cmake
-- Installing: /workspace/ros2_ws/install/messages/share/messages/cmake/ament_cmake_export_libraries-extras.cmake
-- Installing: /workspace/ros2_ws/install/messages/share/messages/cmake/ament_cmake_export_targets-extras.cmake
-- Installing: /workspace/ros2_ws/install/messages/share/messages/cmake/rosidl_cmake_export_typesupport_targets-extras.cmake
-- Installing: /workspace/ros2_ws/install/messages/share/messages/cmake/rosidl_cmake_export_typesupport_libraries-extras.cmake
-- Installing: /workspace/ros2_ws/install/messages/share/messages/cmake/messagesConfig.cmake
-- Installing: /workspace/ros2_ws/install/messages/share/messages/cmake/messagesConfig-version.cmake
-- Installing: /workspace/ros2_ws/install/messages/share/messages/package.xml
