[0.014s] Invoking command in '/workspace/ros2_ws/build/messages': CMAKE_PREFIX_PATH=/opt/ros/iron /usr/bin/cmake --build /workspace/ros2_ws/build/messages -- -j8 -l8
[0.044s] -- Found ament_cmake: 2.0.5 (/opt/ros/iron/share/ament_cmake/cmake)
[0.180s] -- Found rosidl_default_generators: 1.5.0 (/opt/ros/iron/share/rosidl_default_generators/cmake)
[0.181s] -- Using all available rosidl_typesupport_c: rosidl_typesupport_fastrtps_c;rosidl_typesupport_introspection_c
[0.206s] -- Using all available rosidl_typesupport_cpp: rosidl_typesupport_fastrtps_cpp;rosidl_typesupport_introspection_cpp
[0.230s] -- Found rosidl_adapter: 4.0.1 (/opt/ros/iron/share/rosidl_adapter/cmake)
[0.234s] -- Found std_msgs: 5.0.0 (/opt/ros/iron/share/std_msgs/cmake)
[0.601s] -- Found ament_cmake_ros: 0.11.2 (/opt/ros/iron/share/ament_cmake_ros/cmake)
[0.822s] -- Using all available rosidl_typesupport_c: rosidl_typesupport_fastrtps_c;rosidl_typesupport_introspection_c
[1.101s] -- Using all available rosidl_typesupport_cpp: rosidl_typesupport_fastrtps_cpp;rosidl_typesupport_introspection_cpp
[1.129s] -- Found python_cmake_module: 0.10.2 (/opt/ros/iron/share/python_cmake_module/cmake)
[1.152s] -- Using PYTHON_EXECUTABLE: /usr/bin/python3
[1.152s] -- Using PYTHON_INCLUDE_DIRS: /usr/include/python3.10
[1.152s] -- Using PYTHON_LIBRARIES: /usr/lib/x86_64-linux-gnu/libpython3.10.so
[1.182s] -- Found ament_lint_auto: 0.14.3 (/opt/ros/iron/share/ament_lint_auto/cmake)
[1.189s] -- Added test 'lint_cmake' to check CMake code style
[1.189s] -- Added test 'xmllint' to check XML markup files
[1.191s] -- Configuring done
[1.220s] -- Generating done
[1.225s] -- Build files have been written to: /workspace/ros2_ws/build/messages
[1.270s] [  2%] [34m[1mGenerating type hashes for ROS interfaces[0m
[1.285s] [  2%] Built target ament_cmake_python_copy_messages
[1.484s] running egg_info
[1.485s] writing messages.egg-info/PKG-INFO
[1.485s] writing dependency_links to messages.egg-info/dependency_links.txt
[1.485s] writing top-level names to messages.egg-info/top_level.txt
[1.487s] reading manifest file 'messages.egg-info/SOURCES.txt'
[1.488s] writing manifest file 'messages.egg-info/SOURCES.txt'
[1.504s] [  2%] Built target messages__rosidl_generator_type_description
[1.516s] [  5%] [34m[1mGenerating C code for ROS interfaces[0m
[1.525s] [  5%] Built target ament_cmake_python_build_messages_egg
[1.527s] [  8%] [34m[1mGenerating C++ code for ROS interfaces[0m
[1.819s] [  8%] Built target messages__cpp
[1.859s] [ 11%] [32mBuilding C object CMakeFiles/messages__rosidl_generator_c.dir/rosidl_generator_c/messages/msg/detail/cobot_raw_status__description.c.o[0m
[1.863s] [ 14%] [32mBuilding C object CMakeFiles/messages__rosidl_generator_c.dir/rosidl_generator_c/messages/msg/detail/cobot_raw_status__functions.c.o[0m
[1.866s] [ 17%] [32mBuilding C object CMakeFiles/messages__rosidl_generator_c.dir/rosidl_generator_c/messages/msg/detail/cobot_raw_status__type_support.c.o[0m
[1.924s] [ 20%] [32m[1mLinking C shared library libmessages__rosidl_generator_c.so[0m
[1.974s] [ 20%] Built target messages__rosidl_generator_c
[1.987s] [ 26%] [34m[1mGenerating C++ type support dispatch for ROS interfaces[0m
[1.987s] [ 26%] [34m[1mGenerating C type support dispatch for ROS interfaces[0m
[1.988s] [ 29%] [34m[1mGenerating C introspection for ROS interfaces[0m
[1.988s] [ 32%] [34m[1mGenerating C++ introspection for ROS interfaces[0m
[1.989s] [ 35%] [34m[1mGenerating C type support for eProsima Fast-RTPS[0m
[1.990s] [ 38%] [34m[1mGenerating C++ type support for eProsima Fast-RTPS[0m
[2.330s] [ 44%] [32mBuilding CXX object CMakeFiles/messages__rosidl_typesupport_c.dir/rosidl_typesupport_c/messages/msg/cobot_raw_status__type_support.cpp.o[0m
[2.330s] [ 44%] [32mBuilding CXX object CMakeFiles/messages__rosidl_typesupport_cpp.dir/rosidl_typesupport_cpp/messages/msg/cobot_raw_status__type_support.cpp.o[0m
[2.351s] [ 47%] [32mBuilding C object CMakeFiles/messages__rosidl_typesupport_introspection_c.dir/rosidl_typesupport_introspection_c/messages/msg/detail/cobot_raw_status__type_support.c.o[0m
[2.365s] [ 50%] [32mBuilding CXX object CMakeFiles/messages__rosidl_typesupport_introspection_cpp.dir/rosidl_typesupport_introspection_cpp/messages/msg/detail/cobot_raw_status__type_support.cpp.o[0m
[2.366s] [ 52%] [32mBuilding CXX object CMakeFiles/messages__rosidl_typesupport_fastrtps_c.dir/rosidl_typesupport_fastrtps_c/messages/msg/detail/cobot_raw_status__type_support_c.cpp.o[0m
[2.372s] [ 55%] [32mBuilding CXX object CMakeFiles/messages__rosidl_typesupport_fastrtps_cpp.dir/rosidl_typesupport_fastrtps_cpp/messages/msg/detail/dds_fastrtps/cobot_raw_status__type_support.cpp.o[0m
[2.383s] [ 58%] [32m[1mLinking CXX shared library libmessages__rosidl_typesupport_c.so[0m
[2.396s] [ 61%] [32m[1mLinking C shared library libmessages__rosidl_typesupport_introspection_c.so[0m
[2.441s] [ 61%] Built target messages__rosidl_typesupport_introspection_c
[2.446s] [ 61%] Built target messages__rosidl_typesupport_c
[2.740s] [ 64%] [32m[1mLinking CXX shared library libmessages__rosidl_typesupport_cpp.so[0m
[2.748s] [ 67%] [32m[1mLinking CXX shared library libmessages__rosidl_typesupport_fastrtps_c.so[0m
[2.790s] [ 70%] [32m[1mLinking CXX shared library libmessages__rosidl_typesupport_introspection_cpp.so[0m
[2.797s] [ 70%] Built target messages__rosidl_typesupport_cpp
[2.864s] [ 70%] Built target messages__rosidl_typesupport_fastrtps_c
[2.888s] [ 70%] Built target messages__rosidl_typesupport_introspection_cpp
[2.931s] [ 73%] [32m[1mLinking CXX shared library libmessages__rosidl_typesupport_fastrtps_cpp.so[0m
[3.037s] [ 73%] Built target messages__rosidl_typesupport_fastrtps_cpp
[3.065s] [ 73%] Built target messages
[3.096s] [ 76%] [34m[1mGenerating Python code for ROS interfaces[0m
[3.474s] [ 76%] Built target messages__py
[3.499s] [ 79%] [32mBuilding C object CMakeFiles/messages__rosidl_generator_py.dir/rosidl_generator_py/messages/msg/_cobot_raw_status_s.c.o[0m
[3.630s] [ 82%] [32m[1mLinking C shared library rosidl_generator_py/messages/libmessages__rosidl_generator_py.so[0m
[3.681s] [ 82%] Built target messages__rosidl_generator_py
[3.707s] [ 85%] [32mBuilding C object CMakeFiles/messages__rosidl_typesupport_introspection_c__pyext.dir/rosidl_generator_py/messages/_messages_s.ep.rosidl_typesupport_introspection_c.c.o[0m
[3.708s] [ 88%] [32mBuilding C object CMakeFiles/messages__rosidl_typesupport_c__pyext.dir/rosidl_generator_py/messages/_messages_s.ep.rosidl_typesupport_c.c.o[0m
[3.708s] [ 91%] [32mBuilding C object CMakeFiles/messages__rosidl_typesupport_fastrtps_c__pyext.dir/rosidl_generator_py/messages/_messages_s.ep.rosidl_typesupport_fastrtps_c.c.o[0m
[3.806s] [ 97%] [32m[1mLinking C shared library rosidl_generator_py/messages/messages_s__rosidl_typesupport_fastrtps_c.cpython-310-x86_64-linux-gnu.so[0m
[3.806s] [ 97%] [32m[1mLinking C shared library rosidl_generator_py/messages/messages_s__rosidl_typesupport_c.cpython-310-x86_64-linux-gnu.so[0m
[3.815s] [100%] [32m[1mLinking C shared library rosidl_generator_py/messages/messages_s__rosidl_typesupport_introspection_c.cpython-310-x86_64-linux-gnu.so[0m
[3.854s] [100%] Built target messages__rosidl_typesupport_c__pyext
[3.858s] [100%] Built target messages__rosidl_typesupport_fastrtps_c__pyext
[3.867s] [100%] Built target messages__rosidl_typesupport_introspection_c__pyext
[3.884s] Invoked command in '/workspace/ros2_ws/build/messages' returned '0': CMAKE_PREFIX_PATH=/opt/ros/iron /usr/bin/cmake --build /workspace/ros2_ws/build/messages -- -j8 -l8
[3.974s] Invoking command in '/workspace/ros2_ws/build/messages': CMAKE_PREFIX_PATH=/opt/ros/iron /usr/bin/cmake --install /workspace/ros2_ws/build/messages
[3.984s] -- Install configuration: ""
[3.984s] -- Installing: /workspace/ros2_ws/install/messages/share/ament_index/resource_index/rosidl_interfaces/messages
[3.984s] -- Installing: /workspace/ros2_ws/install/messages/share/messages/msg/CobotRawStatus.json
[3.984s] -- Installing: /workspace/ros2_ws/install/messages/include/messages/messages
[3.985s] -- Installing: /workspace/ros2_ws/install/messages/include/messages/messages/msg
[3.985s] -- Installing: /workspace/ros2_ws/install/messages/include/messages/messages/msg/rosidl_generator_c__visibility_control.h
[3.985s] -- Installing: /workspace/ros2_ws/install/messages/include/messages/messages/msg/detail
[3.985s] -- Installing: /workspace/ros2_ws/install/messages/include/messages/messages/msg/detail/cobot_raw_status__type_support.c
[3.985s] -- Installing: /workspace/ros2_ws/install/messages/include/messages/messages/msg/detail/cobot_raw_status__struct.h
[3.985s] -- Installing: /workspace/ros2_ws/install/messages/include/messages/messages/msg/detail/cobot_raw_status__functions.h
[3.986s] -- Installing: /workspace/ros2_ws/install/messages/include/messages/messages/msg/detail/cobot_raw_status__functions.c
[3.986s] -- Installing: /workspace/ros2_ws/install/messages/include/messages/messages/msg/detail/cobot_raw_status__description.c
[3.986s] -- Installing: /workspace/ros2_ws/install/messages/include/messages/messages/msg/detail/cobot_raw_status__type_support.h
[3.986s] -- Installing: /workspace/ros2_ws/install/messages/include/messages/messages/msg/cobot_raw_status.h
[3.986s] -- Installing: /workspace/ros2_ws/install/messages/share/messages/environment/library_path.sh
[3.987s] -- Installing: /workspace/ros2_ws/install/messages/share/messages/environment/library_path.dsv
[3.987s] -- Installing: /workspace/ros2_ws/install/messages/lib/libmessages__rosidl_generator_c.so
[3.988s] -- Set runtime path of "/workspace/ros2_ws/install/messages/lib/libmessages__rosidl_generator_c.so" to ""
[3.988s] -- Up-to-date: /workspace/ros2_ws/install/messages/include/messages/messages
[3.988s] -- Up-to-date: /workspace/ros2_ws/install/messages/include/messages/messages/msg
[3.988s] -- Up-to-date: /workspace/ros2_ws/install/messages/include/messages/messages/msg/detail
[3.988s] -- Installing: /workspace/ros2_ws/install/messages/include/messages/messages/msg/detail/cobot_raw_status__rosidl_typesupport_fastrtps_c.h
[3.988s] -- Installing: /workspace/ros2_ws/install/messages/include/messages/messages/msg/rosidl_typesupport_fastrtps_c__visibility_control.h
[3.988s] -- Installing: /workspace/ros2_ws/install/messages/lib/libmessages__rosidl_typesupport_fastrtps_c.so
[3.989s] -- Set runtime path of "/workspace/ros2_ws/install/messages/lib/libmessages__rosidl_typesupport_fastrtps_c.so" to ""
[3.989s] -- Up-to-date: /workspace/ros2_ws/install/messages/include/messages/messages
[3.989s] -- Up-to-date: /workspace/ros2_ws/install/messages/include/messages/messages/msg
[3.989s] -- Installing: /workspace/ros2_ws/install/messages/include/messages/messages/msg/rosidl_typesupport_introspection_c__visibility_control.h
[3.990s] -- Up-to-date: /workspace/ros2_ws/install/messages/include/messages/messages/msg/detail
[3.990s] -- Up-to-date: /workspace/ros2_ws/install/messages/include/messages/messages/msg/detail/cobot_raw_status__type_support.c
[3.990s] -- Installing: /workspace/ros2_ws/install/messages/include/messages/messages/msg/detail/cobot_raw_status__rosidl_typesupport_introspection_c.h
[3.990s] -- Installing: /workspace/ros2_ws/install/messages/lib/libmessages__rosidl_typesupport_introspection_c.so
[3.990s] -- Set runtime path of "/workspace/ros2_ws/install/messages/lib/libmessages__rosidl_typesupport_introspection_c.so" to ""
[3.990s] -- Installing: /workspace/ros2_ws/install/messages/lib/libmessages__rosidl_typesupport_c.so
[3.991s] -- Set runtime path of "/workspace/ros2_ws/install/messages/lib/libmessages__rosidl_typesupport_c.so" to ""
[3.991s] -- Up-to-date: /workspace/ros2_ws/install/messages/include/messages/messages
[3.991s] -- Up-to-date: /workspace/ros2_ws/install/messages/include/messages/messages/msg
[3.991s] -- Installing: /workspace/ros2_ws/install/messages/include/messages/messages/msg/cobot_raw_status.hpp
[3.991s] -- Up-to-date: /workspace/ros2_ws/install/messages/include/messages/messages/msg/detail
[3.991s] -- Installing: /workspace/ros2_ws/install/messages/include/messages/messages/msg/detail/cobot_raw_status__builder.hpp
[3.992s] -- Installing: /workspace/ros2_ws/install/messages/include/messages/messages/msg/detail/cobot_raw_status__struct.hpp
[3.992s] -- Installing: /workspace/ros2_ws/install/messages/include/messages/messages/msg/detail/cobot_raw_status__traits.hpp
[3.992s] -- Up-to-date: /workspace/ros2_ws/install/messages/include/messages/messages
[3.992s] -- Up-to-date: /workspace/ros2_ws/install/messages/include/messages/messages/msg
[3.992s] -- Installing: /workspace/ros2_ws/install/messages/include/messages/messages/msg/rosidl_typesupport_fastrtps_cpp__visibility_control.h
[3.992s] -- Up-to-date: /workspace/ros2_ws/install/messages/include/messages/messages/msg/detail
[3.993s] -- Installing: /workspace/ros2_ws/install/messages/include/messages/messages/msg/detail/dds_fastrtps
[3.993s] -- Installing: /workspace/ros2_ws/install/messages/include/messages/messages/msg/detail/cobot_raw_status__rosidl_typesupport_fastrtps_cpp.hpp
[3.993s] -- Installing: /workspace/ros2_ws/install/messages/lib/libmessages__rosidl_typesupport_fastrtps_cpp.so
[3.993s] -- Set runtime path of "/workspace/ros2_ws/install/messages/lib/libmessages__rosidl_typesupport_fastrtps_cpp.so" to ""
[3.993s] -- Up-to-date: /workspace/ros2_ws/install/messages/include/messages/messages
[3.993s] -- Up-to-date: /workspace/ros2_ws/install/messages/include/messages/messages/msg
[3.994s] -- Up-to-date: /workspace/ros2_ws/install/messages/include/messages/messages/msg/detail
[3.994s] -- Installing: /workspace/ros2_ws/install/messages/include/messages/messages/msg/detail/cobot_raw_status__rosidl_typesupport_introspection_cpp.hpp
[3.994s] -- Installing: /workspace/ros2_ws/install/messages/include/messages/messages/msg/detail/cobot_raw_status__type_support.cpp
[3.994s] -- Installing: /workspace/ros2_ws/install/messages/lib/libmessages__rosidl_typesupport_introspection_cpp.so
[3.994s] -- Set runtime path of "/workspace/ros2_ws/install/messages/lib/libmessages__rosidl_typesupport_introspection_cpp.so" to ""
[3.994s] -- Installing: /workspace/ros2_ws/install/messages/lib/libmessages__rosidl_typesupport_cpp.so
[3.995s] -- Set runtime path of "/workspace/ros2_ws/install/messages/lib/libmessages__rosidl_typesupport_cpp.so" to ""
[3.995s] -- Installing: /workspace/ros2_ws/install/messages/share/messages/environment/pythonpath.sh
[3.995s] -- Installing: /workspace/ros2_ws/install/messages/share/messages/environment/pythonpath.dsv
[3.995s] -- Installing: /workspace/ros2_ws/install/messages/lib/python3.10/site-packages/messages-0.0.0-py3.10.egg-info
[3.995s] -- Installing: /workspace/ros2_ws/install/messages/lib/python3.10/site-packages/messages-0.0.0-py3.10.egg-info/SOURCES.txt
[3.995s] -- Installing: /workspace/ros2_ws/install/messages/lib/python3.10/site-packages/messages-0.0.0-py3.10.egg-info/PKG-INFO
[3.995s] -- Installing: /workspace/ros2_ws/install/messages/lib/python3.10/site-packages/messages-0.0.0-py3.10.egg-info/top_level.txt
[3.995s] -- Installing: /workspace/ros2_ws/install/messages/lib/python3.10/site-packages/messages-0.0.0-py3.10.egg-info/dependency_links.txt
[3.995s] -- Installing: /workspace/ros2_ws/install/messages/lib/python3.10/site-packages/messages
[3.995s] -- Installing: /workspace/ros2_ws/install/messages/lib/python3.10/site-packages/messages/messages_s__rosidl_typesupport_fastrtps_c.cpython-310-x86_64-linux-gnu.so
[3.995s] -- Installing: /workspace/ros2_ws/install/messages/lib/python3.10/site-packages/messages/_messages_s.ep.rosidl_typesupport_fastrtps_c.c
[3.995s] -- Installing: /workspace/ros2_ws/install/messages/lib/python3.10/site-packages/messages/_messages_s.ep.rosidl_typesupport_c.c
[3.996s] -- Installing: /workspace/ros2_ws/install/messages/lib/python3.10/site-packages/messages/msg
[3.996s] -- Installing: /workspace/ros2_ws/install/messages/lib/python3.10/site-packages/messages/msg/_cobot_raw_status.py
[3.996s] -- Installing: /workspace/ros2_ws/install/messages/lib/python3.10/site-packages/messages/msg/_cobot_raw_status_s.c
[3.996s] -- Installing: /workspace/ros2_ws/install/messages/lib/python3.10/site-packages/messages/msg/__init__.py
[3.996s] -- Installing: /workspace/ros2_ws/install/messages/lib/python3.10/site-packages/messages/__init__.py
[3.996s] -- Installing: /workspace/ros2_ws/install/messages/lib/python3.10/site-packages/messages/messages_s__rosidl_typesupport_c.cpython-310-x86_64-linux-gnu.so
[3.996s] -- Installing: /workspace/ros2_ws/install/messages/lib/python3.10/site-packages/messages/_messages_s.ep.rosidl_typesupport_introspection_c.c
[3.996s] -- Installing: /workspace/ros2_ws/install/messages/lib/python3.10/site-packages/messages/libmessages__rosidl_generator_py.so
[3.996s] -- Installing: /workspace/ros2_ws/install/messages/lib/python3.10/site-packages/messages/messages_s__rosidl_typesupport_introspection_c.cpython-310-x86_64-linux-gnu.so
[4.032s] Listing '/workspace/ros2_ws/install/messages/lib/python3.10/site-packages/messages'...
[4.032s] Compiling '/workspace/ros2_ws/install/messages/lib/python3.10/site-packages/messages/__init__.py'...
[4.032s] Listing '/workspace/ros2_ws/install/messages/lib/python3.10/site-packages/messages/msg'...
[4.032s] Compiling '/workspace/ros2_ws/install/messages/lib/python3.10/site-packages/messages/msg/__init__.py'...
[4.032s] Compiling '/workspace/ros2_ws/install/messages/lib/python3.10/site-packages/messages/msg/_cobot_raw_status.py'...
[4.036s] -- Installing: /workspace/ros2_ws/install/messages/lib/python3.10/site-packages/messages/messages_s__rosidl_typesupport_fastrtps_c.cpython-310-x86_64-linux-gnu.so
[4.037s] -- Set runtime path of "/workspace/ros2_ws/install/messages/lib/python3.10/site-packages/messages/messages_s__rosidl_typesupport_fastrtps_c.cpython-310-x86_64-linux-gnu.so" to ""
[4.037s] -- Installing: /workspace/ros2_ws/install/messages/lib/python3.10/site-packages/messages/messages_s__rosidl_typesupport_introspection_c.cpython-310-x86_64-linux-gnu.so
[4.038s] -- Set runtime path of "/workspace/ros2_ws/install/messages/lib/python3.10/site-packages/messages/messages_s__rosidl_typesupport_introspection_c.cpython-310-x86_64-linux-gnu.so" to ""
[4.038s] -- Installing: /workspace/ros2_ws/install/messages/lib/python3.10/site-packages/messages/messages_s__rosidl_typesupport_c.cpython-310-x86_64-linux-gnu.so
[4.038s] -- Set runtime path of "/workspace/ros2_ws/install/messages/lib/python3.10/site-packages/messages/messages_s__rosidl_typesupport_c.cpython-310-x86_64-linux-gnu.so" to ""
[4.038s] -- Installing: /workspace/ros2_ws/install/messages/lib/libmessages__rosidl_generator_py.so
[4.039s] -- Set runtime path of "/workspace/ros2_ws/install/messages/lib/libmessages__rosidl_generator_py.so" to ""
[4.039s] -- Installing: /workspace/ros2_ws/install/messages/share/messages/msg/CobotRawStatus.idl
[4.039s] -- Installing: /workspace/ros2_ws/install/messages/share/messages/msg/CobotRawStatus.msg
[4.040s] -- Installing: /workspace/ros2_ws/install/messages/share/ament_index/resource_index/package_run_dependencies/messages
[4.040s] -- Installing: /workspace/ros2_ws/install/messages/share/ament_index/resource_index/parent_prefix_path/messages
[4.040s] -- Installing: /workspace/ros2_ws/install/messages/share/messages/environment/ament_prefix_path.sh
[4.041s] -- Installing: /workspace/ros2_ws/install/messages/share/messages/environment/ament_prefix_path.dsv
[4.041s] -- Installing: /workspace/ros2_ws/install/messages/share/messages/environment/path.sh
[4.041s] -- Installing: /workspace/ros2_ws/install/messages/share/messages/environment/path.dsv
[4.041s] -- Installing: /workspace/ros2_ws/install/messages/share/messages/local_setup.bash
[4.042s] -- Installing: /workspace/ros2_ws/install/messages/share/messages/local_setup.sh
[4.042s] -- Installing: /workspace/ros2_ws/install/messages/share/messages/local_setup.zsh
[4.042s] -- Installing: /workspace/ros2_ws/install/messages/share/messages/local_setup.dsv
[4.042s] -- Installing: /workspace/ros2_ws/install/messages/share/messages/package.dsv
[4.044s] -- Installing: /workspace/ros2_ws/install/messages/share/ament_index/resource_index/packages/messages
[4.044s] -- Installing: /workspace/ros2_ws/install/messages/share/messages/cmake/export_messages__rosidl_generator_cExport.cmake
[4.044s] -- Installing: /workspace/ros2_ws/install/messages/share/messages/cmake/export_messages__rosidl_generator_cExport-noconfig.cmake
[4.044s] -- Installing: /workspace/ros2_ws/install/messages/share/messages/cmake/export_messages__rosidl_typesupport_fastrtps_cExport.cmake
[4.044s] -- Installing: /workspace/ros2_ws/install/messages/share/messages/cmake/export_messages__rosidl_typesupport_fastrtps_cExport-noconfig.cmake
[4.045s] -- Installing: /workspace/ros2_ws/install/messages/share/messages/cmake/messages__rosidl_typesupport_introspection_cExport.cmake
[4.045s] -- Installing: /workspace/ros2_ws/install/messages/share/messages/cmake/messages__rosidl_typesupport_introspection_cExport-noconfig.cmake
[4.046s] -- Installing: /workspace/ros2_ws/install/messages/share/messages/cmake/messages__rosidl_typesupport_cExport.cmake
[4.046s] -- Installing: /workspace/ros2_ws/install/messages/share/messages/cmake/messages__rosidl_typesupport_cExport-noconfig.cmake
[4.046s] -- Installing: /workspace/ros2_ws/install/messages/share/messages/cmake/export_messages__rosidl_generator_cppExport.cmake
[4.046s] -- Installing: /workspace/ros2_ws/install/messages/share/messages/cmake/export_messages__rosidl_typesupport_fastrtps_cppExport.cmake
[4.046s] -- Installing: /workspace/ros2_ws/install/messages/share/messages/cmake/export_messages__rosidl_typesupport_fastrtps_cppExport-noconfig.cmake
[4.046s] -- Installing: /workspace/ros2_ws/install/messages/share/messages/cmake/messages__rosidl_typesupport_introspection_cppExport.cmake
[4.047s] -- Installing: /workspace/ros2_ws/install/messages/share/messages/cmake/messages__rosidl_typesupport_introspection_cppExport-noconfig.cmake
[4.047s] -- Installing: /workspace/ros2_ws/install/messages/share/messages/cmake/messages__rosidl_typesupport_cppExport.cmake
[4.047s] -- Installing: /workspace/ros2_ws/install/messages/share/messages/cmake/messages__rosidl_typesupport_cppExport-noconfig.cmake
[4.047s] -- Installing: /workspace/ros2_ws/install/messages/share/messages/cmake/export_messages__rosidl_generator_pyExport.cmake
[4.047s] -- Installing: /workspace/ros2_ws/install/messages/share/messages/cmake/export_messages__rosidl_generator_pyExport-noconfig.cmake
[4.047s] -- Installing: /workspace/ros2_ws/install/messages/share/messages/cmake/rosidl_cmake-extras.cmake
[4.048s] -- Installing: /workspace/ros2_ws/install/messages/share/messages/cmake/ament_cmake_export_dependencies-extras.cmake
[4.048s] -- Installing: /workspace/ros2_ws/install/messages/share/messages/cmake/ament_cmake_export_include_directories-extras.cmake
[4.048s] -- Installing: /workspace/ros2_ws/install/messages/share/messages/cmake/ament_cmake_export_libraries-extras.cmake
[4.048s] -- Installing: /workspace/ros2_ws/install/messages/share/messages/cmake/ament_cmake_export_targets-extras.cmake
[4.048s] -- Installing: /workspace/ros2_ws/install/messages/share/messages/cmake/rosidl_cmake_export_typesupport_targets-extras.cmake
[4.048s] -- Installing: /workspace/ros2_ws/install/messages/share/messages/cmake/rosidl_cmake_export_typesupport_libraries-extras.cmake
[4.048s] -- Installing: /workspace/ros2_ws/install/messages/share/messages/cmake/messagesConfig.cmake
[4.048s] -- Installing: /workspace/ros2_ws/install/messages/share/messages/cmake/messagesConfig-version.cmake
[4.048s] -- Installing: /workspace/ros2_ws/install/messages/share/messages/package.xml
[4.050s] Invoked command in '/workspace/ros2_ws/build/messages' returned '0': CMAKE_PREFIX_PATH=/opt/ros/iron /usr/bin/cmake --install /workspace/ros2_ws/build/messages
