[0.023s] Invoking command in '/workspace/ros2_ws/build/cobot_fds': CMAKE_PREFIX_PATH=${CMAKE_PREFIX_PATH}:/opt/ros/iron /usr/bin/cmake --build /workspace/ros2_ws/build/cobot_fds -- -j8 -l8
[0.052s] -- Found ament_cmake: 2.0.5 (/opt/ros/iron/share/ament_cmake/cmake)
[0.209s] -- Found rclcpp: 21.0.6 (/opt/ros/iron/share/rclcpp/cmake)
[0.233s] -- Found rosidl_generator_c: 4.0.1 (/opt/ros/iron/share/rosidl_generator_c/cmake)
[0.241s] -- Found rosidl_generator_cpp: 4.0.1 (/opt/ros/iron/share/rosidl_generator_cpp/cmake)
[0.253s] -- Using all available rosidl_typesupport_c: rosidl_typesupport_fastrtps_c;rosidl_typesupport_introspection_c
[0.270s] -- Using all available rosidl_typesupport_cpp: rosidl_typesupport_fastrtps_cpp;rosidl_typesupport_introspection_cpp
[0.420s] -- Found rmw_implementation_cmake: 7.1.0 (/opt/ros/iron/share/rmw_implementation_cmake/cmake)
[0.421s] -- Found rmw_fastrtps_cpp: 7.1.3 (/opt/ros/iron/share/rmw_fastrtps_cpp/cmake)
[0.536s] -- Using RMW implementation 'rmw_fastrtps_cpp' as default
[0.694s] -- Found std_msgs: 5.0.0 (/opt/ros/iron/share/std_msgs/cmake)
[0.722s] -- Found tf2_ros: 0.31.6 (/opt/ros/iron/share/tf2_ros/cmake)
[1.148s] -- Found nav_msgs: 5.0.0 (/opt/ros/iron/share/nav_msgs/cmake)
[1.258s] -- Found messages: 0.0.0 (/workspace/ros2_ws/install/messages/share/messages/cmake)
[1.299s] -- Found ament_lint_auto: 0.14.3 (/opt/ros/iron/share/ament_lint_auto/cmake)
[1.372s] -- Added test 'copyright' to check source files copyright and LICENSE
[1.373s] -- Added test 'cppcheck' to perform static code analysis on C / C++ code
[1.373s] -- Configured cppcheck include dirs: /workspace/ros2_ws/cobot_fds/include
[1.373s] -- Configured cppcheck exclude dirs and/or files: 
[1.374s] -- Added test 'cpplint' to check C / C++ code against the Google style
[1.374s] -- Configured cpplint exclude dirs and/or files: 
[1.374s] -- Added test 'lint_cmake' to check CMake code style
[1.375s] -- Added test 'uncrustify' to check C / C++ code style
[1.375s] -- Configured uncrustify additional arguments: 
[1.375s] -- Added test 'xmllint' to check XML markup files
[1.376s] -- Configuring done
[1.390s] -- Generating done
[1.391s] -- Build files have been written to: /workspace/ros2_ws/build/cobot_fds
[1.422s] [35m[1mConsolidate compiler generated dependencies of target cobot_drive_main[0m
[1.451s] [ 20%] [32mBuilding CXX object CMakeFiles/cobot_drive_main.dir/src/fcs.cpp.o[0m
[1.487s] [ 40%] [32m[1mLinking CXX executable cobot_drive_main[0m
[1.721s] [100%] Built target cobot_drive_main
[1.731s] Invoked command in '/workspace/ros2_ws/build/cobot_fds' returned '0': CMAKE_PREFIX_PATH=${CMAKE_PREFIX_PATH}:/opt/ros/iron /usr/bin/cmake --build /workspace/ros2_ws/build/cobot_fds -- -j8 -l8
[1.778s] Invoking command in '/workspace/ros2_ws/build/cobot_fds': CMAKE_PREFIX_PATH=${CMAKE_PREFIX_PATH}:/opt/ros/iron /usr/bin/cmake --install /workspace/ros2_ws/build/cobot_fds
[1.789s] -- Install configuration: ""
[1.790s] -- Installing: /workspace/ros2_ws/install/cobot_fds/share/ament_index/resource_index/package_run_dependencies/cobot_fds
[1.790s] -- Installing: /workspace/ros2_ws/install/cobot_fds/share/ament_index/resource_index/parent_prefix_path/cobot_fds
[1.790s] -- Up-to-date: /workspace/ros2_ws/install/cobot_fds/share/cobot_fds/environment/ament_prefix_path.sh
[1.790s] -- Up-to-date: /workspace/ros2_ws/install/cobot_fds/share/cobot_fds/environment/ament_prefix_path.dsv
[1.791s] -- Up-to-date: /workspace/ros2_ws/install/cobot_fds/share/cobot_fds/environment/path.sh
[1.791s] -- Up-to-date: /workspace/ros2_ws/install/cobot_fds/share/cobot_fds/environment/path.dsv
[1.791s] -- Up-to-date: /workspace/ros2_ws/install/cobot_fds/share/cobot_fds/local_setup.bash
[1.791s] -- Up-to-date: /workspace/ros2_ws/install/cobot_fds/share/cobot_fds/local_setup.sh
[1.792s] -- Up-to-date: /workspace/ros2_ws/install/cobot_fds/share/cobot_fds/local_setup.zsh
[1.792s] -- Up-to-date: /workspace/ros2_ws/install/cobot_fds/share/cobot_fds/local_setup.dsv
[1.792s] -- Installing: /workspace/ros2_ws/install/cobot_fds/share/cobot_fds/package.dsv
[1.792s] -- Up-to-date: /workspace/ros2_ws/install/cobot_fds/share/ament_index/resource_index/packages/cobot_fds
[1.792s] -- Up-to-date: /workspace/ros2_ws/install/cobot_fds/share/cobot_fds/cmake/cobot_fdsConfig.cmake
[1.793s] -- Up-to-date: /workspace/ros2_ws/install/cobot_fds/share/cobot_fds/cmake/cobot_fdsConfig-version.cmake
[1.793s] -- Installing: /workspace/ros2_ws/install/cobot_fds/share/cobot_fds/package.xml
[1.794s] Invoked command in '/workspace/ros2_ws/build/cobot_fds' returned '0': CMAKE_PREFIX_PATH=${CMAKE_PREFIX_PATH}:/opt/ros/iron /usr/bin/cmake --install /workspace/ros2_ws/build/cobot_fds
