[0.014s] Invoking command in '/workspace/ros2/build/urg_node': CMAKE_PREFIX_PATH=/opt/ros/iron /usr/bin/cmake /workspace/ros2/hardware/urg_node -DCMAKE_INSTALL_PREFIX=/workspace/ros2/install/urg_node
[0.029s] -- Found ament_cmake: 2.0.5 (/opt/ros/iron/share/ament_cmake/cmake)
[0.174s] -- Found diagnostic_updater: 3.1.2 (/opt/ros/iron/share/diagnostic_updater/cmake)
[0.195s] -- Found rosidl_generator_c: 4.0.1 (/opt/ros/iron/share/rosidl_generator_c/cmake)
[0.205s] -- Found rosidl_generator_cpp: 4.0.1 (/opt/ros/iron/share/rosidl_generator_cpp/cmake)
[0.216s] -- Using all available rosidl_typesupport_c: rosidl_typesupport_fastrtps_c;rosidl_typesupport_introspection_c
[0.232s] -- Using all available rosidl_typesupport_cpp: rosidl_typesupport_fastrtps_cpp;rosidl_typesupport_introspection_cpp
[0.500s] -- Found rmw_implementation_cmake: 7.1.0 (/opt/ros/iron/share/rmw_implementation_cmake/cmake)
[0.501s] -- Found rmw_fastrtps_cpp: 7.1.3 (/opt/ros/iron/share/rmw_fastrtps_cpp/cmake)
[0.635s] -- Using RMW implementation 'rmw_fastrtps_cpp' as default
[0.846s] -- Found laser_proc: 1.0.2 (/opt/ros/iron/share/laser_proc/cmake)
[1.021s] -- Found rclcpp_components: 21.0.6 (/opt/ros/iron/share/rclcpp_components/cmake)
[1.125s] -- Found std_srvs: 5.0.0 (/opt/ros/iron/share/std_srvs/cmake)
[1.181s] -- Found urg_c: 1.0.4001 (/opt/ros/iron/share/urg_c/cmake)
[1.183s] -- Found urg_node_msgs: 1.0.1 (/opt/ros/iron/share/urg_node_msgs/cmake)
[1.261s] -- Found ament_lint_auto: 0.14.3 (/opt/ros/iron/share/ament_lint_auto/cmake)
[1.355s] -- Added test 'cppcheck' to perform static code analysis on C / C++ code
[1.356s] -- Configured cppcheck include dirs: $<BUILD_INTERFACE:/workspace/ros2/hardware/urg_node/include>
[1.356s] -- Configured cppcheck exclude dirs and/or files: 
[1.357s] -- Added test 'cpplint' to check C / C++ code against the Google style
[1.357s] -- Configured cpplint exclude dirs and/or files: 
[1.358s] -- Added test 'flake8' to check Python code syntax and style conventions
[1.358s] -- Configured 'flake8' exclude dirs and/or files: 
[1.358s] -- Added test 'lint_cmake' to check CMake code style
[1.359s] -- Added test 'pep257' to check Python code against some of the docstring style conventions in PEP 257
[1.361s] -- Added test 'uncrustify' to check C / C++ code style
[1.361s] -- Configured uncrustify additional arguments: 
[1.361s] -- Added test 'xmllint' to check XML markup files
[1.364s] -- Configuring done
[1.408s] -- Generating done
[1.410s] -- Build files have been written to: /workspace/ros2/build/urg_node
