[35m[1mConsolidate compiler generated dependencies of target cobot_drive_main[0m
[ 20%] [32mBuilding CXX object CMakeFiles/cobot_drive_main.dir/src/drive.cpp.o[0m
[01m[K/workspace/ros2_ws/cobot_fds/src/drive.cpp:[m[K In member function ‘[01m[Kvoid CobotDrive::SerialReceive()[m[K’:
[01m[K/workspace/ros2_ws/cobot_fds/src/drive.cpp:266:35:[m[K [01;35m[Kwarning: [m[Kformat ‘[01m[K%f[m[K’ expects argument of type ‘[01m[Kdouble[m[K’, but argument 3 has type ‘[01m[Kclock_t[m[K’ {aka ‘[01m[Klong int[m[K’} [[01;35m[K-Wformat=[m[K]
  266 |       printf("Rcv %d bytes (dT=[01;35m[K%.3f[m[K) \n",len,[32m[Kt-tLast[m[K);
      |                                [01;35m[K~~~^[m[K          [32m[K~~~~~~~[m[K
      |                                   [01;35m[K|[m[K           [32m[K|[m[K
      |                                   [01;35m[Kdouble[m[K      [32m[Kclock_t {aka long int}[m[K
      |                                [32m[K%.3ld[m[K
[01m[K/workspace/ros2_ws/cobot_fds/src/drive.cpp:245:16:[m[K [01;35m[Kwarning: [m[Kunused variable ‘[01m[Kt_start[m[K’ [[01;35m[K-Wunused-variable[m[K]
  245 |   const double [01;35m[Kt_start[m[K = debug_serial ? tLast : 0.0;
      |                [01;35m[K^~~~~~~[m[K
[ 40%] [32m[1mLinking CXX executable cobot_drive_main[0m
[100%] Built target cobot_drive_main
-- Install configuration: ""
-- Installing: /workspace/ros2_ws/install/cobot_fds/lib/cobot_fds/cobot_drive_main
-- Set runtime path of "/workspace/ros2_ws/install/cobot_fds/lib/cobot_fds/cobot_drive_main" to ""
-- Up-to-date: /workspace/ros2_ws/install/cobot_fds/share/ament_index/resource_index/package_run_dependencies/cobot_fds
-- Up-to-date: /workspace/ros2_ws/install/cobot_fds/share/ament_index/resource_index/parent_prefix_path/cobot_fds
-- Up-to-date: /workspace/ros2_ws/install/cobot_fds/share/cobot_fds/environment/ament_prefix_path.sh
-- Up-to-date: /workspace/ros2_ws/install/cobot_fds/share/cobot_fds/environment/ament_prefix_path.dsv
-- Up-to-date: /workspace/ros2_ws/install/cobot_fds/share/cobot_fds/environment/path.sh
-- Up-to-date: /workspace/ros2_ws/install/cobot_fds/share/cobot_fds/environment/path.dsv
-- Up-to-date: /workspace/ros2_ws/install/cobot_fds/share/cobot_fds/local_setup.bash
-- Up-to-date: /workspace/ros2_ws/install/cobot_fds/share/cobot_fds/local_setup.sh
-- Up-to-date: /workspace/ros2_ws/install/cobot_fds/share/cobot_fds/local_setup.zsh
-- Up-to-date: /workspace/ros2_ws/install/cobot_fds/share/cobot_fds/local_setup.dsv
-- Installing: /workspace/ros2_ws/install/cobot_fds/share/cobot_fds/package.dsv
-- Up-to-date: /workspace/ros2_ws/install/cobot_fds/share/ament_index/resource_index/packages/cobot_fds
-- Up-to-date: /workspace/ros2_ws/install/cobot_fds/share/cobot_fds/cmake/cobot_fdsConfig.cmake
-- Up-to-date: /workspace/ros2_ws/install/cobot_fds/share/cobot_fds/cmake/cobot_fdsConfig-version.cmake
-- Up-to-date: /workspace/ros2_ws/install/cobot_fds/share/cobot_fds/package.xml
