[0.015s] Invoking command in '/workspace/ros2_ws/build/cobot_fds': CMAKE_PREFIX_PATH=${CMAKE_PREFIX_PATH}:/opt/ros/iron /usr/bin/cmake --build /workspace/ros2_ws/build/cobot_fds -- -j8 -l8
[0.069s] [35m[1mConsolidate compiler generated dependencies of target cobot_drive_main[0m
[0.095s] [ 20%] [32mBuilding CXX object CMakeFiles/cobot_drive_main.dir/src/drive.cpp.o[0m
[1.080s] [01m[K/workspace/ros2_ws/cobot_fds/src/drive.cpp:[m[K In member function ‘[01m[Kvoid CobotDrive::SerialReceive()[m[K’:
[1.080s] [01m[K/workspace/ros2_ws/cobot_fds/src/drive.cpp:266:35:[m[K [01;35m[Kwarning: [m[Kformat ‘[01m[K%f[m[K’ expects argument of type ‘[01m[Kdouble[m[K’, but argument 3 has type ‘[01m[Kclock_t[m[K’ {aka ‘[01m[Klong int[m[K’} [[01;35m[K-Wformat=[m[K]
[1.080s]   266 |       printf("Rcv %d bytes (dT=[01;35m[K%.3f[m[K) \n",len,[32m[Kt-tLast[m[K);
[1.080s]       |                                [01;35m[K~~~^[m[K          [32m[K~~~~~~~[m[K
[1.081s]       |                                   [01;35m[K|[m[K           [32m[K|[m[K
[1.081s]       |                                   [01;35m[Kdouble[m[K      [32m[Kclock_t {aka long int}[m[K
[1.081s]       |                                [32m[K%.3ld[m[K
[1.081s] [01m[K/workspace/ros2_ws/cobot_fds/src/drive.cpp:245:16:[m[K [01;35m[Kwarning: [m[Kunused variable ‘[01m[Kt_start[m[K’ [[01;35m[K-Wunused-variable[m[K]
[1.081s]   245 |   const double [01;35m[Kt_start[m[K = debug_serial ? tLast : 0.0;
[1.081s]       |                [01;35m[K^~~~~~~[m[K
[1.442s] [ 40%] [32m[1mLinking CXX executable cobot_drive_main[0m
[1.932s] [100%] Built target cobot_drive_main
[1.948s] Invoked command in '/workspace/ros2_ws/build/cobot_fds' returned '0': CMAKE_PREFIX_PATH=${CMAKE_PREFIX_PATH}:/opt/ros/iron /usr/bin/cmake --build /workspace/ros2_ws/build/cobot_fds -- -j8 -l8
[1.994s] Invoking command in '/workspace/ros2_ws/build/cobot_fds': CMAKE_PREFIX_PATH=${CMAKE_PREFIX_PATH}:/opt/ros/iron /usr/bin/cmake --install /workspace/ros2_ws/build/cobot_fds
[2.007s] -- Install configuration: ""
[2.007s] -- Installing: /workspace/ros2_ws/install/cobot_fds/lib/cobot_fds/cobot_drive_main
[2.015s] -- Set runtime path of "/workspace/ros2_ws/install/cobot_fds/lib/cobot_fds/cobot_drive_main" to ""
[2.015s] -- Up-to-date: /workspace/ros2_ws/install/cobot_fds/share/ament_index/resource_index/package_run_dependencies/cobot_fds
[2.015s] -- Up-to-date: /workspace/ros2_ws/install/cobot_fds/share/ament_index/resource_index/parent_prefix_path/cobot_fds
[2.015s] -- Up-to-date: /workspace/ros2_ws/install/cobot_fds/share/cobot_fds/environment/ament_prefix_path.sh
[2.015s] -- Up-to-date: /workspace/ros2_ws/install/cobot_fds/share/cobot_fds/environment/ament_prefix_path.dsv
[2.015s] -- Up-to-date: /workspace/ros2_ws/install/cobot_fds/share/cobot_fds/environment/path.sh
[2.016s] -- Up-to-date: /workspace/ros2_ws/install/cobot_fds/share/cobot_fds/environment/path.dsv
[2.016s] -- Up-to-date: /workspace/ros2_ws/install/cobot_fds/share/cobot_fds/local_setup.bash
[2.016s] -- Up-to-date: /workspace/ros2_ws/install/cobot_fds/share/cobot_fds/local_setup.sh
[2.016s] -- Up-to-date: /workspace/ros2_ws/install/cobot_fds/share/cobot_fds/local_setup.zsh
[2.016s] -- Up-to-date: /workspace/ros2_ws/install/cobot_fds/share/cobot_fds/local_setup.dsv
[2.016s] -- Installing: /workspace/ros2_ws/install/cobot_fds/share/cobot_fds/package.dsv
[2.016s] -- Up-to-date: /workspace/ros2_ws/install/cobot_fds/share/ament_index/resource_index/packages/cobot_fds
[2.017s] -- Up-to-date: /workspace/ros2_ws/install/cobot_fds/share/cobot_fds/cmake/cobot_fdsConfig.cmake
[2.017s] -- Up-to-date: /workspace/ros2_ws/install/cobot_fds/share/cobot_fds/cmake/cobot_fdsConfig-version.cmake
[2.017s] -- Up-to-date: /workspace/ros2_ws/install/cobot_fds/share/cobot_fds/package.xml
[2.018s] Invoked command in '/workspace/ros2_ws/build/cobot_fds' returned '0': CMAKE_PREFIX_PATH=${CMAKE_PREFIX_PATH}:/opt/ros/iron /usr/bin/cmake --install /workspace/ros2_ws/build/cobot_fds
