[0.015s] Invoking command in '/workspace/ros2_ws/build/cobot_fds': CMAKE_PREFIX_PATH=${CMAKE_PREFIX_PATH}:/opt/ros/iron /usr/bin/cmake --build /workspace/ros2_ws/build/cobot_fds -- -j8 -l8
[0.073s] [35m[1mConsolidate compiler generated dependencies of target cobot_drive_main[0m
[0.109s] [ 33%] [32mBuilding CXX object CMakeFiles/cobot_drive_main.dir/src/cobot_drive_main.cpp.o[0m
[3.691s] [01m[K/workspace/ros2_ws/cobot_fds/src/cobot_drive_main.cpp:[m[K In member function ‘[01m[Kvoid cobot_drive_main::timerEvent()[m[K’:
[3.691s] [01m[K/workspace/ros2_ws/cobot_fds/src/cobot_drive_main.cpp:114:7:[m[K [01;31m[Kerror: [m[K‘[01m[Ktf[m[K’ has not been declared
[3.691s]   114 |       [01;31m[Ktf[m[K::Transform transform;
[3.691s]       |       [01;31m[K^~[m[K
[3.692s] [01m[K/workspace/ros2_ws/cobot_fds/src/cobot_drive_main.cpp:115:7:[m[K [01;31m[Kerror: [m[K‘[01m[Ktransform[m[K’ was not declared in this scope; did you mean ‘[01m[Kstd::transform[m[K’?
[3.692s]   115 |       [01;31m[Ktransform[m[K.setOrigin(tf::Vector3(curLoc[0],curLoc[1], 0.0));
[3.692s]       |       [01;31m[K^~~~~~~~~[m[K
[3.692s]       |       [32m[Kstd::transform[m[K
[3.692s] In file included from [01m[K/usr/include/c++/11/algorithm:74[m[K,
[3.692s]                  from [01m[K/workspace/ros2_ws/cobot_fds/include/drive.h:29[m[K,
[3.693s]                  from [01m[K/workspace/ros2_ws/cobot_fds/include/cobot_drive_main.hpp:3[m[K,
[3.693s]                  from [01m[K/workspace/ros2_ws/cobot_fds/src/cobot_drive_main.cpp:22[m[K:
[3.693s] [01m[K/usr/include/c++/11/pstl/glue_algorithm_defs.h:162:1:[m[K [01;36m[Knote: [m[K‘[01m[Kstd::transform[m[K’ declared here
[3.693s]   162 | [01;36m[Ktransform[m[K(_ExecutionPolicy&& __exec, _ForwardIterator1 __first1, _ForwardIterator1 __last1, _ForwardIterator2 __first2,
[3.693s]       | [01;36m[K^~~~~~~~~[m[K
[3.693s] [01m[K/workspace/ros2_ws/cobot_fds/src/cobot_drive_main.cpp:115:27:[m[K [01;31m[Kerror: [m[K‘[01m[Ktf[m[K’ has not been declared
[3.693s]   115 |       transform.setOrigin([01;31m[Ktf[m[K::Vector3(curLoc[0],curLoc[1], 0.0));
[3.694s]       |                           [01;31m[K^~[m[K
[3.694s] [01m[K/workspace/ros2_ws/cobot_fds/src/cobot_drive_main.cpp:116:29:[m[K [01;31m[Kerror: [m[K‘[01m[Ktf[m[K’ has not been declared
[3.694s]   116 |       transform.setRotation([01;31m[Ktf[m[K::Quaternion(tf::Vector3(1,0,0),curAngle));
[3.694s]       |                             [01;31m[K^~[m[K
[3.694s] [01m[K/workspace/ros2_ws/cobot_fds/src/cobot_drive_main.cpp:116:44:[m[K [01;31m[Kerror: [m[K‘[01m[Ktf[m[K’ has not been declared
[3.694s]   116 |       transform.setRotation(tf::Quaternion([01;31m[Ktf[m[K::Vector3(1,0,0),curAngle));
[3.694s]       |                                            [01;31m[K^~[m[K
[3.700s] [01m[K/workspace/ros2_ws/cobot_fds/src/cobot_drive_main.cpp:117:7:[m[K [01;31m[Kerror: [m[K‘[01m[KtfBroadcaster[m[K’ was not declared in this scope; did you mean ‘[01m[Ktf_broadcaster_[m[K’?
[3.700s]   117 |       [01;31m[KtfBroadcaster[m[K->sendTransform(
[3.700s]       |       [01;31m[K^~~~~~~~~~~~~[m[K
[3.701s]       |       [32m[Ktf_broadcaster_[m[K
[3.701s] [01m[K/workspace/ros2_ws/cobot_fds/src/cobot_drive_main.cpp:118:11:[m[K [01;31m[Kerror: [m[K‘[01m[Ktf[m[K’ has not been declared
[3.701s]   118 |           [01;31m[Ktf[m[K::StampedTransform(transform, ros::Time::now(),
[3.701s]       |           [01;31m[K^~[m[K
[3.701s] [01m[K/workspace/ros2_ws/cobot_fds/src/cobot_drive_main.cpp:118:43:[m[K [01;31m[Kerror: [m[K‘[01m[Kros[m[K’ has not been declared
[3.701s]   118 |           tf::StampedTransform(transform, [01;31m[Kros[m[K::Time::now(),
[3.701s]       |                                           [01;31m[K^~~[m[K
[3.702s] [01m[K/workspace/ros2_ws/cobot_fds/src/cobot_drive_main.cpp:121:27:[m[K [01;31m[Kerror: [m[K‘[01m[Ktf[m[K’ has not been declared
[3.702s]   121 |       transform.setOrigin([01;31m[Ktf[m[K::Vector3(0.0 ,0.0, 0.0));
[3.702s]       |                           [01;31m[K^~[m[K
[3.702s] [01m[K/workspace/ros2_ws/cobot_fds/src/cobot_drive_main.cpp:122:29:[m[K [01;31m[Kerror: [m[K‘[01m[Ktf[m[K’ has not been declared
[3.702s]   122 |       transform.setRotation([01;31m[Ktf[m[K::Quaternion(0, 0, 0, 1));
[3.702s]       |                             [01;31m[K^~[m[K
[3.703s] [01m[K/workspace/ros2_ws/cobot_fds/src/cobot_drive_main.cpp:124:11:[m[K [01;31m[Kerror: [m[K‘[01m[Ktf[m[K’ has not been declared
[3.703s]   124 |           [01;31m[Ktf[m[K::StampedTransform(transform, ros::Time::now(),
[3.703s]       |           [01;31m[K^~[m[K
[3.703s] [01m[K/workspace/ros2_ws/cobot_fds/src/cobot_drive_main.cpp:124:43:[m[K [01;31m[Kerror: [m[K‘[01m[Kros[m[K’ has not been declared
[3.703s]   124 |           tf::StampedTransform(transform, [01;31m[Kros[m[K::Time::now(),
[3.703s]       |                                           [01;31m[K^~~[m[K
[3.707s] [01m[K/workspace/ros2_ws/cobot_fds/src/cobot_drive_main.cpp:[m[K In function ‘[01m[Kint main(int, char**)[m[K’:
[3.707s] [01m[K/workspace/ros2_ws/cobot_fds/src/cobot_drive_main.cpp:167:3:[m[K [01;31m[Kerror: [m[K‘[01m[KcobotDrive[m[K’ was not declared in this scope; did you mean ‘[01m[KCobotDrive[m[K’?
[3.707s]   167 |   [01;31m[KcobotDrive[m[K = new CobotDrive(motorProps);
[3.707s]       |   [01;31m[K^~~~~~~~~~[m[K
[3.707s]       |   [32m[KCobotDrive[m[K
[3.708s] [01m[K/workspace/ros2_ws/cobot_fds/src/cobot_drive_main.cpp:189:28:[m[K [01;31m[Kerror: [m[Kinvalid initialization of reference of type ‘[01m[Kconst rclcpp::InitOptions&[m[K’ from expression of type ‘[01m[Kconst char [20][m[K’
[3.708s]   189 |   rclcpp::init(argc, argv, [01;31m[K"Cobot2_Drive_Module"[m[K);
[3.708s]       |                            [01;31m[K^~~~~~~~~~~~~~~~~~~~~[m[K
[3.708s] In file included from [01m[K/opt/ros/iron/include/rclcpp/rclcpp/logging.hpp:25[m[K,
[3.708s]                  from [01m[K/opt/ros/iron/include/rclcpp/rclcpp/client.hpp:43[m[K,
[3.708s]                  from [01m[K/opt/ros/iron/include/rclcpp/rclcpp/callback_group.hpp:24[m[K,
[3.709s]                  from [01m[K/opt/ros/iron/include/rclcpp/rclcpp/any_executable.hpp:20[m[K,
[3.709s]                  from [01m[K/opt/ros/iron/include/rclcpp/rclcpp/memory_strategy.hpp:25[m[K,
[3.709s]                  from [01m[K/opt/ros/iron/include/rclcpp/rclcpp/memory_strategies.hpp:18[m[K,
[3.709s]                  from [01m[K/opt/ros/iron/include/rclcpp/rclcpp/executor_options.hpp:20[m[K,
[3.709s]                  from [01m[K/opt/ros/iron/include/rclcpp/rclcpp/executor.hpp:37[m[K,
[3.709s]                  from [01m[K/opt/ros/iron/include/rclcpp/rclcpp/executors/multi_threaded_executor.hpp:25[m[K,
[3.709s]                  from [01m[K/opt/ros/iron/include/rclcpp/rclcpp/executors.hpp:21[m[K,
[3.710s]                  from [01m[K/opt/ros/iron/include/rclcpp/rclcpp/rclcpp.hpp:167[m[K,
[3.710s]                  from [01m[K/workspace/ros2_ws/cobot_fds/include/cobot_drive_main.hpp:5[m[K,
[3.710s]                  from [01m[K/workspace/ros2_ws/cobot_fds/src/cobot_drive_main.cpp:22[m[K:
[3.710s] [01m[K/opt/ros/iron/include/rclcpp/rclcpp/utilities.hpp:78:23:[m[K [01;36m[Knote: [m[Kin passing argument 3 of ‘[01m[Kvoid rclcpp::init(int, const char* const*, const rclcpp::InitOptions&, rclcpp::SignalHandlerOptions)[m[K’
[3.710s]    78 |   [01;36m[Kconst InitOptions & init_options = InitOptions()[m[K,
[3.710s]       |   [01;36m[K~~~~~~~~~~~~~~~~~~~~^~~~~~~~~~~~~~~~~~~~~~~~~~~~[m[K
[3.714s] [01m[K/workspace/ros2_ws/cobot_fds/src/cobot_drive_main.cpp:191:3:[m[K [01;31m[Kerror: [m[K‘[01m[Kdrive_sub[m[K’ was not declared in this scope
[3.714s]   191 |   [01;31m[Kdrive_sub[m[K = n.subscribe("Cobot/Drive", 1, cobotDriveCallback);
[3.714s]       |   [01;31m[K^~~~~~~~~[m[K
[3.718s] [01m[K/workspace/ros2_ws/cobot_fds/src/cobot_drive_main.cpp:191:15:[m[K [01;31m[Kerror: [m[K‘[01m[Kn[m[K’ was not declared in this scope; did you mean ‘[01m[Kyn[m[K’?
[3.718s]   191 |   drive_sub = [01;31m[Kn[m[K.subscribe("Cobot/Drive", 1, cobotDriveCallback);
[3.718s]       |               [01;31m[K^[m[K
[3.718s]       |               [32m[Kyn[m[K
[3.727s] [01m[K/workspace/ros2_ws/cobot_fds/src/cobot_drive_main.cpp:191:45:[m[K [01;31m[Kerror: [m[K‘[01m[KcobotDriveCallback[m[K’ was not declared in this scope
[3.728s]   191 |   drive_sub = n.subscribe("Cobot/Drive", 1, [01;31m[KcobotDriveCallback[m[K);
[3.728s]       |                                             [01;31m[K^~~~~~~~~~~~~~~~~~[m[K
[3.738s] [01m[K/workspace/ros2_ws/cobot_fds/src/cobot_drive_main.cpp:192:3:[m[K [01;31m[Kerror: [m[K‘[01m[KcobotRawStatusPublisher[m[K’ was not declared in this scope
[3.738s]   192 |   [01;31m[KcobotRawStatusPublisher[m[K = n.advertise<messages::CobotRawStatus>("Cobot/RawStatus",1);
[3.739s]       |   [01;31m[K^~~~~~~~~~~~~~~~~~~~~~~[m[K
[3.739s] [01m[K/workspace/ros2_ws/cobot_fds/src/cobot_drive_main.cpp:192:51:[m[K [01;31m[Kerror: [m[K‘[01m[KCobotRawStatus[m[K’ is not a member of ‘[01m[Kmessages[m[K’; did you mean ‘[01m[Kmessages::msg::CobotRawStatus[m[K’?
[3.739s]   192 |   cobotRawStatusPublisher = n.advertise<messages::[01;31m[KCobotRawStatus[m[K>("Cobot/RawStatus",1);
[3.740s]       |                                                   [01;31m[K^~~~~~~~~~~~~~[m[K
[3.740s] In file included from [01m[K/workspace/ros2_ws/install/messages/include/messages/messages/msg/cobot_raw_status.hpp:7[m[K,
[3.740s]                  from [01m[K/workspace/ros2_ws/cobot_fds/include/cobot_drive_main.hpp:11[m[K,
[3.740s]                  from [01m[K/workspace/ros2_ws/cobot_fds/src/cobot_drive_main.cpp:22[m[K:
[3.740s] [01m[K/workspace/ros2_ws/install/messages/include/messages/messages/msg/detail/cobot_raw_status__struct.hpp:293:7:[m[K [01;36m[Knote: [m[K‘[01m[Kmessages::msg::CobotRawStatus[m[K’ declared here
[3.740s]   293 | using [01;36m[KCobotRawStatus[m[K =
[3.740s]       |       [01;36m[K^~~~~~~~~~~~~~[m[K
[3.741s] [01m[K/workspace/ros2_ws/cobot_fds/src/cobot_drive_main.cpp:192:67:[m[K [01;35m[Kwarning: [m[Kleft operand of comma operator has no effect [[01;35m[K-Wunused-value[m[K]
[3.741s]   192 |   cobotRawStatusPublisher = n.advertise<messages::CobotRawStatus>([01;35m[K"Cobot/RawStatus"[m[K,1);
[3.741s]       |                                                                   [01;35m[K^~~~~~~~~~~~~~~~~[m[K
[3.750s] [01m[K/workspace/ros2_ws/cobot_fds/src/cobot_drive_main.cpp:193:3:[m[K [01;31m[Kerror: [m[K‘[01m[KcobotOdometryPublisher[m[K’ was not declared in this scope
[3.750s]   193 |   [01;31m[KcobotOdometryPublisher[m[K = n.advertise<nav_msgs::Odometry>("Cobot/DriveRaw",1);
[3.750s]       |   [01;31m[K^~~~~~~~~~~~~~~~~~~~~~[m[K
[3.751s] [01m[K/workspace/ros2_ws/cobot_fds/src/cobot_drive_main.cpp:193:50:[m[K [01;31m[Kerror: [m[K‘[01m[KOdometry[m[K’ is not a member of ‘[01m[Knav_msgs[m[K’; did you mean ‘[01m[Knav_msgs::msg::Odometry[m[K’?
[3.751s]   193 |   cobotOdometryPublisher = n.advertise<nav_msgs::[01;31m[KOdometry[m[K>("Cobot/DriveRaw",1);
[3.751s]       |                                                  [01;31m[K^~~~~~~~[m[K
[3.752s] In file included from [01m[K/opt/ros/iron/include/nav_msgs/nav_msgs/msg/odometry.hpp:7[m[K,
[3.752s]                  from [01m[K/workspace/ros2_ws/cobot_fds/include/cobot_drive_main.hpp:7[m[K,
[3.752s]                  from [01m[K/workspace/ros2_ws/cobot_fds/src/cobot_drive_main.cpp:22[m[K:
[3.752s] [01m[K/opt/ros/iron/include/nav_msgs/nav_msgs/msg/detail/odometry__struct.hpp:172:7:[m[K [01;36m[Knote: [m[K‘[01m[Knav_msgs::msg::Odometry[m[K’ declared here
[3.752s]   172 | using [01;36m[KOdometry[m[K =
[3.752s]       |       [01;36m[K^~~~~~~~[m[K
[3.752s] [01m[K/workspace/ros2_ws/cobot_fds/src/cobot_drive_main.cpp:193:60:[m[K [01;35m[Kwarning: [m[Kleft operand of comma operator has no effect [[01;35m[K-Wunused-value[m[K]
[3.753s]   193 |   cobotOdometryPublisher = n.advertise<nav_msgs::Odometry>([01;35m[K"Cobot/DriveRaw"[m[K,1);
[3.753s]       |                                                            [01;35m[K^~~~~~~~~~~~~~~~[m[K
[3.758s] [01m[K/workspace/ros2_ws/cobot_fds/src/cobot_drive_main.cpp:194:3:[m[K [01;31m[Kerror: [m[K‘[01m[KtfBroadcaster[m[K’ was not declared in this scope
[3.758s]   194 |   [01;31m[KtfBroadcaster[m[K = new tf::TransformBroadcaster();
[3.758s]       |   [01;31m[K^~~~~~~~~~~~~[m[K
[3.759s] [01m[K/workspace/ros2_ws/cobot_fds/src/cobot_drive_main.cpp:194:23:[m[K [01;31m[Kerror: [m[K‘[01m[Ktf[m[K’ does not name a type; did you mean ‘[01m[Ktm[m[K’?
[3.760s]   194 |   tfBroadcaster = new [01;31m[Ktf[m[K::TransformBroadcaster();
[3.760s]       |                       [01;31m[K^~[m[K
[3.760s]       |                       [32m[Ktm[m[K
[3.760s] [01m[K/workspace/ros2_ws/cobot_fds/src/cobot_drive_main.cpp:196:3:[m[K [01;31m[Kerror: [m[K‘[01m[Kros[m[K’ has not been declared
[3.760s]   196 |   [01;31m[Kros[m[K::Timer timer = n.createTimer(ros::Duration(1.0), timerEvent);
[3.760s]       |   [01;31m[K^~~[m[K
[3.760s] [01m[K/workspace/ros2_ws/cobot_fds/src/cobot_drive_main.cpp:200:17:[m[K [01;31m[Kerror: [m[Kno matching function for call to ‘[01m[Kspin()[m[K’
[3.761s]   200 |     [01;31m[Krclcpp::spin()[m[K;
[3.761s]       |     [01;31m[K~~~~~~~~~~~~^~[m[K
[3.761s] In file included from [01m[K/opt/ros/iron/include/rclcpp/rclcpp/rclcpp.hpp:167[m[K,
[3.761s]                  from [01m[K/workspace/ros2_ws/cobot_fds/include/cobot_drive_main.hpp:5[m[K,
[3.761s]                  from [01m[K/workspace/ros2_ws/cobot_fds/src/cobot_drive_main.cpp:22[m[K:
[3.761s] [01m[K/opt/ros/iron/include/rclcpp/rclcpp/executors.hpp:46:1:[m[K [01;36m[Knote: [m[Kcandidate: ‘[01m[Kvoid rclcpp::spin(rclcpp::node_interfaces::NodeBaseInterface::SharedPtr)[m[K’
[3.761s]    46 | [01;36m[Kspin[m[K(rclcpp::node_interfaces::NodeBaseInterface::SharedPtr node_ptr);
[3.762s]       | [01;36m[K^~~~[m[K
[3.762s] [01m[K/opt/ros/iron/include/rclcpp/rclcpp/executors.hpp:46:1:[m[K [01;36m[Knote: [m[K  candidate expects 1 argument, 0 provided
[3.762s] [01m[K/opt/ros/iron/include/rclcpp/rclcpp/executors.hpp:50:1:[m[K [01;36m[Knote: [m[Kcandidate: ‘[01m[Kvoid rclcpp::spin(rclcpp::Node::SharedPtr)[m[K’
[3.762s]    50 | [01;36m[Kspin[m[K(rclcpp::Node::SharedPtr node_ptr);
[3.762s]       | [01;36m[K^~~~[m[K
[3.762s] [01m[K/opt/ros/iron/include/rclcpp/rclcpp/executors.hpp:50:1:[m[K [01;36m[Knote: [m[K  candidate expects 1 argument, 0 provided
[4.471s] In file included from [01m[K/workspace/ros2_ws/cobot_fds/include/cobot_drive_main.hpp:3[m[K,
[4.471s]                  from [01m[K/workspace/ros2_ws/cobot_fds/src/cobot_drive_main.cpp:22[m[K:
[4.472s] [01m[K/workspace/ros2_ws/cobot_fds/include/drive.h:[m[K At global scope:
[4.472s] [01m[K/workspace/ros2_ws/cobot_fds/include/drive.h:47:17:[m[K [01;35m[Kwarning: [m[K‘[01m[Kvector2d normalize(const vector2d&, double)[m[K’ defined but not used [[01;35m[K-Wunused-function[m[K]
[4.472s]    47 | static vector2d [01;35m[Knormalize[m[K(const vector2d& v, double len) {
[4.472s]       |                 [01;35m[K^~~~~~~~~[m[K
[4.504s] gmake[2]: *** [CMakeFiles/cobot_drive_main.dir/build.make:90: CMakeFiles/cobot_drive_main.dir/src/cobot_drive_main.cpp.o] Error 1
[4.505s] gmake[1]: *** [CMakeFiles/Makefile2:137: CMakeFiles/cobot_drive_main.dir/all] Error 2
[4.505s] gmake: *** [Makefile:146: all] Error 2
[4.508s] Invoked command in '/workspace/ros2_ws/build/cobot_fds' returned '2': CMAKE_PREFIX_PATH=${CMAKE_PREFIX_PATH}:/opt/ros/iron /usr/bin/cmake --build /workspace/ros2_ws/build/cobot_fds -- -j8 -l8
