[0.098s] DEBUG:colcon:Command line arguments: ['/usr/bin/colcon', 'build']
[0.098s] DEBUG:colcon:Parsed command line arguments: Namespace(log_base=None, log_level=None, verb_name='build', build_base='build', install_base='install', merge_install=False, symlink_install=False, test_result_base=None, continue_on_error=False, executor='parallel', parallel_workers=8, event_handlers=None, ignore_user_meta=False, metas=['./colcon.meta'], base_paths=['.'], packages_ignore=None, packages_ignore_regex=None, paths=None, packages_up_to=None, packages_up_to_regex=None, packages_above=None, packages_above_and_dependencies=None, packages_above_depth=None, packages_select_by_dep=None, packages_skip_by_dep=None, packages_skip_up_to=None, packages_select_build_failed=False, packages_skip_build_finished=False, packages_select_test_failures=False, packages_skip_test_passed=False, packages_select=None, packages_skip=None, packages_select_regex=None, packages_skip_regex=None, packages_start=None, packages_end=None, cmake_args=None, cmake_target=None, cmake_target_skip_unavailable=False, cmake_clean_cache=False, cmake_clean_first=False, cmake_force_configure=False, ament_cmake_args=None, catkin_cmake_args=None, catkin_skip_building_tests=False, mixin_files=None, mixin=None, verb_parser=<colcon_mixin.mixin.mixin_argument.MixinArgumentDecorator object at 0x7f6c940161a0>, verb_extension=<colcon_core.verb.build.BuildVerb object at 0x7f6c9412a830>, main=<bound method BuildVerb.main of <colcon_core.verb.build.BuildVerb object at 0x7f6c9412a830>>, mixin_verb=('build',))
[0.196s] Level 1:colcon.colcon_core.package_discovery:discover_packages(colcon_meta) check parameters
[0.197s] INFO:colcon.colcon_metadata.package_discovery.colcon_meta:Using configuration from '/root/.colcon/metadata/default/Gazebo.meta'
[0.197s] INFO:colcon.colcon_metadata.package_discovery.colcon_meta:Using configuration from '/root/.colcon/metadata/default/fastrtps.meta'
[0.197s] Level 1:colcon.colcon_core.package_discovery:discover_packages(recursive) check parameters
[0.198s] Level 1:colcon.colcon_core.package_discovery:discover_packages(ignore) check parameters
[0.198s] Level 1:colcon.colcon_core.package_discovery:discover_packages(path) check parameters
[0.198s] Level 1:colcon.colcon_core.package_discovery:discover_packages(colcon_meta) discover
[0.198s] Level 1:colcon.colcon_core.package_discovery:discover_packages(recursive) discover
[0.198s] INFO:colcon.colcon_core.package_discovery:Crawling recursively for packages in '/workspace/ros2'
[0.198s] Level 1:colcon.colcon_core.package_identification:_identify(.) by extensions ['ignore', 'ignore_ament_install']
[0.198s] Level 1:colcon.colcon_core.package_identification:_identify(.) by extension 'ignore'
[0.198s] Level 1:colcon.colcon_core.package_identification:_identify(.) by extension 'ignore_ament_install'
[0.198s] Level 1:colcon.colcon_core.package_identification:_identify(.) by extensions ['colcon_pkg']
[0.198s] Level 1:colcon.colcon_core.package_identification:_identify(.) by extension 'colcon_pkg'
[0.198s] Level 1:colcon.colcon_core.package_identification:_identify(.) by extensions ['colcon_meta']
[0.198s] Level 1:colcon.colcon_core.package_identification:_identify(.) by extension 'colcon_meta'
[0.198s] Level 1:colcon.colcon_core.package_identification:_identify(.) by extensions ['ros']
[0.198s] Level 1:colcon.colcon_core.package_identification:_identify(.) by extension 'ros'
[0.208s] Level 1:colcon.colcon_core.package_identification:_identify(.) by extensions ['cmake', 'python']
[0.208s] Level 1:colcon.colcon_core.package_identification:_identify(.) by extension 'cmake'
[0.208s] Level 1:colcon.colcon_core.package_identification:_identify(.) by extension 'python'
[0.208s] Level 1:colcon.colcon_core.package_identification:_identify(.) by extensions ['python_setup_py']
[0.208s] Level 1:colcon.colcon_core.package_identification:_identify(.) by extension 'python_setup_py'
[0.208s] Level 1:colcon.colcon_core.package_identification:_identify(build) by extensions ['ignore', 'ignore_ament_install']
[0.208s] Level 1:colcon.colcon_core.package_identification:_identify(build) by extension 'ignore'
[0.208s] Level 1:colcon.colcon_core.package_identification:_identify(build) ignored
[0.208s] Level 1:colcon.colcon_core.package_identification:_identify(hardware) by extensions ['ignore', 'ignore_ament_install']
[0.208s] Level 1:colcon.colcon_core.package_identification:_identify(hardware) by extension 'ignore'
[0.208s] Level 1:colcon.colcon_core.package_identification:_identify(hardware) by extension 'ignore_ament_install'
[0.209s] Level 1:colcon.colcon_core.package_identification:_identify(hardware) by extensions ['colcon_pkg']
[0.209s] Level 1:colcon.colcon_core.package_identification:_identify(hardware) by extension 'colcon_pkg'
[0.209s] Level 1:colcon.colcon_core.package_identification:_identify(hardware) by extensions ['colcon_meta']
[0.209s] Level 1:colcon.colcon_core.package_identification:_identify(hardware) by extension 'colcon_meta'
[0.209s] Level 1:colcon.colcon_core.package_identification:_identify(hardware) by extensions ['ros']
[0.209s] Level 1:colcon.colcon_core.package_identification:_identify(hardware) by extension 'ros'
[0.209s] Level 1:colcon.colcon_core.package_identification:_identify(hardware) by extensions ['cmake', 'python']
[0.209s] Level 1:colcon.colcon_core.package_identification:_identify(hardware) by extension 'cmake'
[0.209s] Level 1:colcon.colcon_core.package_identification:_identify(hardware) by extension 'python'
[0.209s] Level 1:colcon.colcon_core.package_identification:_identify(hardware) by extensions ['python_setup_py']
[0.209s] Level 1:colcon.colcon_core.package_identification:_identify(hardware) by extension 'python_setup_py'
[0.209s] Level 1:colcon.colcon_core.package_identification:_identify(hardware/cobot_drive) by extensions ['ignore', 'ignore_ament_install']
[0.209s] Level 1:colcon.colcon_core.package_identification:_identify(hardware/cobot_drive) by extension 'ignore'
[0.209s] Level 1:colcon.colcon_core.package_identification:_identify(hardware/cobot_drive) by extension 'ignore_ament_install'
[0.209s] Level 1:colcon.colcon_core.package_identification:_identify(hardware/cobot_drive) by extensions ['colcon_pkg']
[0.209s] Level 1:colcon.colcon_core.package_identification:_identify(hardware/cobot_drive) by extension 'colcon_pkg'
[0.209s] Level 1:colcon.colcon_core.package_identification:_identify(hardware/cobot_drive) by extensions ['colcon_meta']
[0.209s] Level 1:colcon.colcon_core.package_identification:_identify(hardware/cobot_drive) by extension 'colcon_meta'
[0.209s] Level 1:colcon.colcon_core.package_identification:_identify(hardware/cobot_drive) by extensions ['ros']
[0.209s] Level 1:colcon.colcon_core.package_identification:_identify(hardware/cobot_drive) by extension 'ros'
[0.212s] DEBUG:colcon.colcon_core.package_identification:Package 'hardware/cobot_drive' with type 'ros.ament_cmake' and name 'cobot_drive'
[0.212s] Level 1:colcon.colcon_core.package_identification:_identify(hardware/urg_node) by extensions ['ignore', 'ignore_ament_install']
[0.212s] Level 1:colcon.colcon_core.package_identification:_identify(hardware/urg_node) by extension 'ignore'
[0.212s] Level 1:colcon.colcon_core.package_identification:_identify(hardware/urg_node) by extension 'ignore_ament_install'
[0.212s] Level 1:colcon.colcon_core.package_identification:_identify(hardware/urg_node) by extensions ['colcon_pkg']
[0.212s] Level 1:colcon.colcon_core.package_identification:_identify(hardware/urg_node) by extension 'colcon_pkg'
[0.212s] Level 1:colcon.colcon_core.package_identification:_identify(hardware/urg_node) by extensions ['colcon_meta']
[0.212s] Level 1:colcon.colcon_core.package_identification:_identify(hardware/urg_node) by extension 'colcon_meta'
[0.212s] Level 1:colcon.colcon_core.package_identification:_identify(hardware/urg_node) by extensions ['ros']
[0.212s] Level 1:colcon.colcon_core.package_identification:_identify(hardware/urg_node) by extension 'ros'
[0.214s] DEBUG:colcon.colcon_core.package_identification:Package 'hardware/urg_node' with type 'ros.ament_cmake' and name 'urg_node'
[0.214s] Level 1:colcon.colcon_core.package_identification:_identify(hardware/urg_node2) by extensions ['ignore', 'ignore_ament_install']
[0.214s] Level 1:colcon.colcon_core.package_identification:_identify(hardware/urg_node2) by extension 'ignore'
[0.214s] Level 1:colcon.colcon_core.package_identification:_identify(hardware/urg_node2) by extension 'ignore_ament_install'
[0.214s] Level 1:colcon.colcon_core.package_identification:_identify(hardware/urg_node2) by extensions ['colcon_pkg']
[0.214s] Level 1:colcon.colcon_core.package_identification:_identify(hardware/urg_node2) by extension 'colcon_pkg'
[0.214s] Level 1:colcon.colcon_core.package_identification:_identify(hardware/urg_node2) by extensions ['colcon_meta']
[0.214s] Level 1:colcon.colcon_core.package_identification:_identify(hardware/urg_node2) by extension 'colcon_meta'
[0.214s] Level 1:colcon.colcon_core.package_identification:_identify(hardware/urg_node2) by extensions ['ros']
[0.214s] Level 1:colcon.colcon_core.package_identification:_identify(hardware/urg_node2) by extension 'ros'
[0.215s] DEBUG:colcon.colcon_core.package_identification:Package 'hardware/urg_node2' with type 'ros.ament_cmake' and name 'urg_node2'
[0.215s] Level 1:colcon.colcon_core.package_identification:_identify(install) by extensions ['ignore', 'ignore_ament_install']
[0.215s] Level 1:colcon.colcon_core.package_identification:_identify(install) by extension 'ignore'
[0.215s] Level 1:colcon.colcon_core.package_identification:_identify(install) ignored
[0.215s] Level 1:colcon.colcon_core.package_identification:_identify(log) by extensions ['ignore', 'ignore_ament_install']
[0.215s] Level 1:colcon.colcon_core.package_identification:_identify(log) by extension 'ignore'
[0.215s] Level 1:colcon.colcon_core.package_identification:_identify(log) ignored
[0.215s] Level 1:colcon.colcon_core.package_identification:_identify(messages) by extensions ['ignore', 'ignore_ament_install']
[0.215s] Level 1:colcon.colcon_core.package_identification:_identify(messages) by extension 'ignore'
[0.215s] Level 1:colcon.colcon_core.package_identification:_identify(messages) by extension 'ignore_ament_install'
[0.216s] Level 1:colcon.colcon_core.package_identification:_identify(messages) by extensions ['colcon_pkg']
[0.216s] Level 1:colcon.colcon_core.package_identification:_identify(messages) by extension 'colcon_pkg'
[0.216s] Level 1:colcon.colcon_core.package_identification:_identify(messages) by extensions ['colcon_meta']
[0.216s] Level 1:colcon.colcon_core.package_identification:_identify(messages) by extension 'colcon_meta'
[0.216s] Level 1:colcon.colcon_core.package_identification:_identify(messages) by extensions ['ros']
[0.216s] Level 1:colcon.colcon_core.package_identification:_identify(messages) by extension 'ros'
[0.216s] DEBUG:colcon.colcon_core.package_identification:Package 'messages' with type 'ros.ament_cmake' and name 'messages'
[0.216s] Level 1:colcon.colcon_core.package_discovery:discover_packages(recursive) using defaults
[0.216s] Level 1:colcon.colcon_core.package_discovery:discover_packages(ignore) discover
[0.216s] Level 1:colcon.colcon_core.package_discovery:discover_packages(ignore) using defaults
[0.216s] Level 1:colcon.colcon_core.package_discovery:discover_packages(path) discover
[0.216s] Level 1:colcon.colcon_core.package_discovery:discover_packages(path) using defaults
[0.234s] Level 5:colcon.colcon_core.verb:set package 'messages' build argument 'cmake_args' from command line to 'None'
[0.234s] Level 5:colcon.colcon_core.verb:set package 'messages' build argument 'cmake_target' from command line to 'None'
[0.234s] Level 5:colcon.colcon_core.verb:set package 'messages' build argument 'cmake_target_skip_unavailable' from command line to 'False'
[0.234s] Level 5:colcon.colcon_core.verb:set package 'messages' build argument 'cmake_clean_cache' from command line to 'False'
[0.234s] Level 5:colcon.colcon_core.verb:set package 'messages' build argument 'cmake_clean_first' from command line to 'False'
[0.234s] Level 5:colcon.colcon_core.verb:set package 'messages' build argument 'cmake_force_configure' from command line to 'False'
[0.234s] Level 5:colcon.colcon_core.verb:set package 'messages' build argument 'ament_cmake_args' from command line to 'None'
[0.234s] Level 5:colcon.colcon_core.verb:set package 'messages' build argument 'catkin_cmake_args' from command line to 'None'
[0.234s] Level 5:colcon.colcon_core.verb:set package 'messages' build argument 'catkin_skip_building_tests' from command line to 'False'
[0.234s] DEBUG:colcon.colcon_core.verb:Building package 'messages' with the following arguments: {'ament_cmake_args': None, 'build_base': '/workspace/ros2/build/messages', 'catkin_cmake_args': None, 'catkin_skip_building_tests': False, 'cmake_args': None, 'cmake_clean_cache': False, 'cmake_clean_first': False, 'cmake_force_configure': False, 'cmake_target': None, 'cmake_target_skip_unavailable': False, 'install_base': '/workspace/ros2/install/messages', 'merge_install': False, 'path': '/workspace/ros2/messages', 'symlink_install': False, 'test_result_base': None}
[0.234s] Level 5:colcon.colcon_core.verb:set package 'urg_node' build argument 'cmake_args' from command line to 'None'
[0.234s] Level 5:colcon.colcon_core.verb:set package 'urg_node' build argument 'cmake_target' from command line to 'None'
[0.234s] Level 5:colcon.colcon_core.verb:set package 'urg_node' build argument 'cmake_target_skip_unavailable' from command line to 'False'
[0.234s] Level 5:colcon.colcon_core.verb:set package 'urg_node' build argument 'cmake_clean_cache' from command line to 'False'
[0.234s] Level 5:colcon.colcon_core.verb:set package 'urg_node' build argument 'cmake_clean_first' from command line to 'False'
[0.235s] Level 5:colcon.colcon_core.verb:set package 'urg_node' build argument 'cmake_force_configure' from command line to 'False'
[0.235s] Level 5:colcon.colcon_core.verb:set package 'urg_node' build argument 'ament_cmake_args' from command line to 'None'
[0.235s] Level 5:colcon.colcon_core.verb:set package 'urg_node' build argument 'catkin_cmake_args' from command line to 'None'
[0.235s] Level 5:colcon.colcon_core.verb:set package 'urg_node' build argument 'catkin_skip_building_tests' from command line to 'False'
[0.235s] DEBUG:colcon.colcon_core.verb:Building package 'urg_node' with the following arguments: {'ament_cmake_args': None, 'build_base': '/workspace/ros2/build/urg_node', 'catkin_cmake_args': None, 'catkin_skip_building_tests': False, 'cmake_args': None, 'cmake_clean_cache': False, 'cmake_clean_first': False, 'cmake_force_configure': False, 'cmake_target': None, 'cmake_target_skip_unavailable': False, 'install_base': '/workspace/ros2/install/urg_node', 'merge_install': False, 'path': '/workspace/ros2/hardware/urg_node', 'symlink_install': False, 'test_result_base': None}
[0.235s] Level 5:colcon.colcon_core.verb:set package 'urg_node2' build argument 'cmake_args' from command line to 'None'
[0.235s] Level 5:colcon.colcon_core.verb:set package 'urg_node2' build argument 'cmake_target' from command line to 'None'
[0.235s] Level 5:colcon.colcon_core.verb:set package 'urg_node2' build argument 'cmake_target_skip_unavailable' from command line to 'False'
[0.235s] Level 5:colcon.colcon_core.verb:set package 'urg_node2' build argument 'cmake_clean_cache' from command line to 'False'
[0.235s] Level 5:colcon.colcon_core.verb:set package 'urg_node2' build argument 'cmake_clean_first' from command line to 'False'
[0.235s] Level 5:colcon.colcon_core.verb:set package 'urg_node2' build argument 'cmake_force_configure' from command line to 'False'
[0.235s] Level 5:colcon.colcon_core.verb:set package 'urg_node2' build argument 'ament_cmake_args' from command line to 'None'
[0.235s] Level 5:colcon.colcon_core.verb:set package 'urg_node2' build argument 'catkin_cmake_args' from command line to 'None'
[0.235s] Level 5:colcon.colcon_core.verb:set package 'urg_node2' build argument 'catkin_skip_building_tests' from command line to 'False'
[0.235s] DEBUG:colcon.colcon_core.verb:Building package 'urg_node2' with the following arguments: {'ament_cmake_args': None, 'build_base': '/workspace/ros2/build/urg_node2', 'catkin_cmake_args': None, 'catkin_skip_building_tests': False, 'cmake_args': None, 'cmake_clean_cache': False, 'cmake_clean_first': False, 'cmake_force_configure': False, 'cmake_target': None, 'cmake_target_skip_unavailable': False, 'install_base': '/workspace/ros2/install/urg_node2', 'merge_install': False, 'path': '/workspace/ros2/hardware/urg_node2', 'symlink_install': False, 'test_result_base': None}
[0.235s] Level 5:colcon.colcon_core.verb:set package 'cobot_drive' build argument 'cmake_args' from command line to 'None'
[0.235s] Level 5:colcon.colcon_core.verb:set package 'cobot_drive' build argument 'cmake_target' from command line to 'None'
[0.236s] Level 5:colcon.colcon_core.verb:set package 'cobot_drive' build argument 'cmake_target_skip_unavailable' from command line to 'False'
[0.236s] Level 5:colcon.colcon_core.verb:set package 'cobot_drive' build argument 'cmake_clean_cache' from command line to 'False'
[0.236s] Level 5:colcon.colcon_core.verb:set package 'cobot_drive' build argument 'cmake_clean_first' from command line to 'False'
[0.236s] Level 5:colcon.colcon_core.verb:set package 'cobot_drive' build argument 'cmake_force_configure' from command line to 'False'
[0.236s] Level 5:colcon.colcon_core.verb:set package 'cobot_drive' build argument 'ament_cmake_args' from command line to 'None'
[0.236s] Level 5:colcon.colcon_core.verb:set package 'cobot_drive' build argument 'catkin_cmake_args' from command line to 'None'
[0.236s] Level 5:colcon.colcon_core.verb:set package 'cobot_drive' build argument 'catkin_skip_building_tests' from command line to 'False'
[0.236s] DEBUG:colcon.colcon_core.verb:Building package 'cobot_drive' with the following arguments: {'ament_cmake_args': None, 'build_base': '/workspace/ros2/build/cobot_drive', 'catkin_cmake_args': None, 'catkin_skip_building_tests': False, 'cmake_args': None, 'cmake_clean_cache': False, 'cmake_clean_first': False, 'cmake_force_configure': False, 'cmake_target': None, 'cmake_target_skip_unavailable': False, 'install_base': '/workspace/ros2/install/cobot_drive', 'merge_install': False, 'path': '/workspace/ros2/hardware/cobot_drive', 'symlink_install': False, 'test_result_base': None}
[0.236s] INFO:colcon.colcon_core.executor:Executing jobs using 'parallel' executor
[0.237s] DEBUG:colcon.colcon_parallel_executor.executor.parallel:run_until_complete
[0.237s] INFO:colcon.colcon_ros.task.ament_cmake.build:Building ROS package in '/workspace/ros2/messages' with build type 'ament_cmake'
[0.238s] INFO:colcon.colcon_cmake.task.cmake.build:Building CMake package in '/workspace/ros2/messages'
[0.240s] INFO:colcon.colcon_core.plugin_system:Skipping extension 'colcon_core.shell.bat': Not used on non-Windows systems
[0.240s] INFO:colcon.colcon_core.shell:Skip shell extension 'powershell' for command environment: Not usable outside of PowerShell
[0.240s] DEBUG:colcon.colcon_core.shell:Skip shell extension 'dsv' for command environment
[0.243s] INFO:colcon.colcon_ros.task.ament_cmake.build:Building ROS package in '/workspace/ros2/hardware/urg_node' with build type 'ament_cmake'
[0.243s] INFO:colcon.colcon_cmake.task.cmake.build:Building CMake package in '/workspace/ros2/hardware/urg_node'
[0.244s] INFO:colcon.colcon_core.shell:Skip shell extension 'powershell' for command environment: Not usable outside of PowerShell
[0.244s] DEBUG:colcon.colcon_core.shell:Skip shell extension 'dsv' for command environment
[0.247s] INFO:colcon.colcon_ros.task.ament_cmake.build:Building ROS package in '/workspace/ros2/hardware/urg_node2' with build type 'ament_cmake'
[0.247s] INFO:colcon.colcon_cmake.task.cmake.build:Building CMake package in '/workspace/ros2/hardware/urg_node2'
[0.247s] INFO:colcon.colcon_core.shell:Skip shell extension 'powershell' for command environment: Not usable outside of PowerShell
[0.247s] DEBUG:colcon.colcon_core.shell:Skip shell extension 'dsv' for command environment
[0.259s] DEBUG:colcon.colcon_core.event_handler.log_command:Invoking command in '/workspace/ros2/build/messages': CMAKE_PREFIX_PATH=${CMAKE_PREFIX_PATH}:/opt/ros/iron /usr/bin/cmake --build /workspace/ros2/build/messages -- -j8 -l8
[0.265s] DEBUG:colcon.colcon_core.event_handler.log_command:Invoking command in '/workspace/ros2/build/urg_node': CMAKE_PREFIX_PATH=${CMAKE_PREFIX_PATH}:/opt/ros/iron /usr/bin/cmake --build /workspace/ros2/build/urg_node -- -j8 -l8
[0.265s] DEBUG:colcon.colcon_core.event_handler.log_command:Invoking command in '/workspace/ros2/build/urg_node2': CMAKE_PREFIX_PATH=${CMAKE_PREFIX_PATH}:/opt/ros/iron /usr/bin/cmake /workspace/ros2/hardware/urg_node2 -DCMAKE_INSTALL_PREFIX=/workspace/ros2/install/urg_node2
[0.396s] DEBUG:colcon.colcon_core.event_handler.log_command:Invoked command in '/workspace/ros2/build/urg_node' returned '0': CMAKE_PREFIX_PATH=${CMAKE_PREFIX_PATH}:/opt/ros/iron /usr/bin/cmake --build /workspace/ros2/build/urg_node -- -j8 -l8
[0.440s] DEBUG:colcon.colcon_core.event_handler.log_command:Invoking command in '/workspace/ros2/build/urg_node': CMAKE_PREFIX_PATH=${CMAKE_PREFIX_PATH}:/opt/ros/iron /usr/bin/cmake --install /workspace/ros2/build/urg_node
[0.451s] Level 1:colcon.colcon_core.environment:create_environment_scripts_only(urg_node)
[0.454s] DEBUG:colcon.colcon_core.event_handler.log_command:Invoked command in '/workspace/ros2/build/urg_node' returned '0': CMAKE_PREFIX_PATH=${CMAKE_PREFIX_PATH}:/opt/ros/iron /usr/bin/cmake --install /workspace/ros2/build/urg_node
[0.457s] Level 1:colcon.colcon_core.environment:checking '/workspace/ros2/install/urg_node' for CMake module files
[0.458s] Level 1:colcon.colcon_core.environment:checking '/workspace/ros2/install/urg_node' for CMake config files
[0.458s] Level 1:colcon.colcon_core.shell:create_environment_hook('urg_node', 'cmake_prefix_path')
[0.459s] INFO:colcon.colcon_core.shell:Creating environment hook '/workspace/ros2/install/urg_node/share/urg_node/hook/cmake_prefix_path.ps1'
[0.459s] INFO:colcon.colcon_core.shell:Creating environment descriptor '/workspace/ros2/install/urg_node/share/urg_node/hook/cmake_prefix_path.dsv'
[0.460s] INFO:colcon.colcon_core.shell:Creating environment hook '/workspace/ros2/install/urg_node/share/urg_node/hook/cmake_prefix_path.sh'
[0.461s] Level 1:colcon.colcon_core.environment:checking '/workspace/ros2/install/urg_node/lib'
[0.462s] Level 1:colcon.colcon_core.shell:create_environment_hook('urg_node', 'ld_library_path_lib')
[0.462s] INFO:colcon.colcon_core.shell:Creating environment hook '/workspace/ros2/install/urg_node/share/urg_node/hook/ld_library_path_lib.ps1'
[0.462s] INFO:colcon.colcon_core.shell:Creating environment descriptor '/workspace/ros2/install/urg_node/share/urg_node/hook/ld_library_path_lib.dsv'
[0.463s] INFO:colcon.colcon_core.shell:Creating environment hook '/workspace/ros2/install/urg_node/share/urg_node/hook/ld_library_path_lib.sh'
[0.464s] Level 1:colcon.colcon_core.environment:checking '/workspace/ros2/install/urg_node/bin'
[0.464s] Level 1:colcon.colcon_core.environment:checking '/workspace/ros2/install/urg_node/lib/pkgconfig/urg_node.pc'
[0.466s] Level 1:colcon.colcon_core.environment:checking '/workspace/ros2/install/urg_node/lib/python3.10/site-packages'
[0.466s] Level 1:colcon.colcon_core.environment:checking '/workspace/ros2/install/urg_node/bin'
[0.467s] INFO:colcon.colcon_core.shell:Creating package script '/workspace/ros2/install/urg_node/share/urg_node/package.ps1'
[0.468s] INFO:colcon.colcon_core.shell:Creating package descriptor '/workspace/ros2/install/urg_node/share/urg_node/package.dsv'
[0.468s] INFO:colcon.colcon_core.shell:Creating package script '/workspace/ros2/install/urg_node/share/urg_node/package.sh'
[0.469s] INFO:colcon.colcon_core.shell:Creating package script '/workspace/ros2/install/urg_node/share/urg_node/package.bash'
[0.470s] INFO:colcon.colcon_core.shell:Creating package script '/workspace/ros2/install/urg_node/share/urg_node/package.zsh'
[0.471s] Level 1:colcon.colcon_core.environment:create_file_with_runtime_dependencies(/workspace/ros2/install/urg_node/share/colcon-core/packages/urg_node)
[0.498s] Level 1:colcon.colcon_core.environment:create_environment_scripts_only(urg_node)
[0.498s] Level 1:colcon.colcon_core.environment:checking '/workspace/ros2/install/urg_node' for CMake module files
[0.499s] Level 1:colcon.colcon_core.environment:checking '/workspace/ros2/install/urg_node' for CMake config files
[0.500s] Level 1:colcon.colcon_core.shell:create_environment_hook('urg_node', 'cmake_prefix_path')
[0.500s] INFO:colcon.colcon_core.shell:Creating environment hook '/workspace/ros2/install/urg_node/share/urg_node/hook/cmake_prefix_path.ps1'
[0.501s] INFO:colcon.colcon_core.shell:Creating environment descriptor '/workspace/ros2/install/urg_node/share/urg_node/hook/cmake_prefix_path.dsv'
[0.502s] INFO:colcon.colcon_core.shell:Creating environment hook '/workspace/ros2/install/urg_node/share/urg_node/hook/cmake_prefix_path.sh'
[0.503s] Level 1:colcon.colcon_core.environment:checking '/workspace/ros2/install/urg_node/lib'
[0.503s] Level 1:colcon.colcon_core.shell:create_environment_hook('urg_node', 'ld_library_path_lib')
[0.503s] INFO:colcon.colcon_core.shell:Creating environment hook '/workspace/ros2/install/urg_node/share/urg_node/hook/ld_library_path_lib.ps1'
[0.504s] INFO:colcon.colcon_core.shell:Creating environment descriptor '/workspace/ros2/install/urg_node/share/urg_node/hook/ld_library_path_lib.dsv'
[0.504s] INFO:colcon.colcon_core.shell:Creating environment hook '/workspace/ros2/install/urg_node/share/urg_node/hook/ld_library_path_lib.sh'
[0.504s] Level 1:colcon.colcon_core.environment:checking '/workspace/ros2/install/urg_node/bin'
[0.504s] Level 1:colcon.colcon_core.environment:checking '/workspace/ros2/install/urg_node/lib/pkgconfig/urg_node.pc'
[0.505s] Level 1:colcon.colcon_core.environment:checking '/workspace/ros2/install/urg_node/lib/python3.10/site-packages'
[0.505s] Level 1:colcon.colcon_core.environment:checking '/workspace/ros2/install/urg_node/bin'
[0.505s] INFO:colcon.colcon_core.shell:Creating package script '/workspace/ros2/install/urg_node/share/urg_node/package.ps1'
[0.506s] INFO:colcon.colcon_core.shell:Creating package descriptor '/workspace/ros2/install/urg_node/share/urg_node/package.dsv'
[0.506s] INFO:colcon.colcon_core.shell:Creating package script '/workspace/ros2/install/urg_node/share/urg_node/package.sh'
[0.506s] INFO:colcon.colcon_core.shell:Creating package script '/workspace/ros2/install/urg_node/share/urg_node/package.bash'
[0.507s] INFO:colcon.colcon_core.shell:Creating package script '/workspace/ros2/install/urg_node/share/urg_node/package.zsh'
[0.507s] Level 1:colcon.colcon_core.environment:create_file_with_runtime_dependencies(/workspace/ros2/install/urg_node/share/colcon-core/packages/urg_node)
[0.580s] DEBUG:colcon.colcon_core.event_handler.log_command:Invoked command in '/workspace/ros2/build/messages' returned '0': CMAKE_PREFIX_PATH=${CMAKE_PREFIX_PATH}:/opt/ros/iron /usr/bin/cmake --build /workspace/ros2/build/messages -- -j8 -l8
[0.666s] DEBUG:colcon.colcon_core.event_handler.log_command:Invoking command in '/workspace/ros2/build/messages': CMAKE_PREFIX_PATH=${CMAKE_PREFIX_PATH}:/opt/ros/iron /usr/bin/cmake --install /workspace/ros2/build/messages
[0.724s] Level 1:colcon.colcon_core.environment:create_environment_scripts_only(messages)
[0.724s] DEBUG:colcon.colcon_core.event_handler.log_command:Invoked command in '/workspace/ros2/build/messages' returned '0': CMAKE_PREFIX_PATH=${CMAKE_PREFIX_PATH}:/opt/ros/iron /usr/bin/cmake --install /workspace/ros2/build/messages
[0.725s] Level 1:colcon.colcon_core.environment:checking '/workspace/ros2/install/messages' for CMake module files
[0.726s] Level 1:colcon.colcon_core.environment:checking '/workspace/ros2/install/messages' for CMake config files
[0.727s] Level 1:colcon.colcon_core.shell:create_environment_hook('messages', 'cmake_prefix_path')
[0.727s] INFO:colcon.colcon_core.shell:Creating environment hook '/workspace/ros2/install/messages/share/messages/hook/cmake_prefix_path.ps1'
[0.728s] INFO:colcon.colcon_core.shell:Creating environment descriptor '/workspace/ros2/install/messages/share/messages/hook/cmake_prefix_path.dsv'
[0.728s] INFO:colcon.colcon_core.shell:Creating environment hook '/workspace/ros2/install/messages/share/messages/hook/cmake_prefix_path.sh'
[0.728s] Level 1:colcon.colcon_core.environment:checking '/workspace/ros2/install/messages/lib'
[0.729s] Level 1:colcon.colcon_core.shell:create_environment_hook('messages', 'ld_library_path_lib')
[0.729s] INFO:colcon.colcon_core.shell:Creating environment hook '/workspace/ros2/install/messages/share/messages/hook/ld_library_path_lib.ps1'
[0.729s] INFO:colcon.colcon_core.shell:Creating environment descriptor '/workspace/ros2/install/messages/share/messages/hook/ld_library_path_lib.dsv'
[0.729s] INFO:colcon.colcon_core.shell:Creating environment hook '/workspace/ros2/install/messages/share/messages/hook/ld_library_path_lib.sh'
[0.730s] Level 1:colcon.colcon_core.environment:checking '/workspace/ros2/install/messages/bin'
[0.730s] Level 1:colcon.colcon_core.environment:checking '/workspace/ros2/install/messages/lib/pkgconfig/messages.pc'
[0.730s] Level 1:colcon.colcon_core.environment:checking '/workspace/ros2/install/messages/lib/python3.10/site-packages'
[0.730s] Level 1:colcon.colcon_core.shell:create_environment_hook('messages', 'pythonpath')
[0.730s] INFO:colcon.colcon_core.shell:Creating environment hook '/workspace/ros2/install/messages/share/messages/hook/pythonpath.ps1'
[0.731s] INFO:colcon.colcon_core.shell:Creating environment descriptor '/workspace/ros2/install/messages/share/messages/hook/pythonpath.dsv'
[0.731s] INFO:colcon.colcon_core.shell:Creating environment hook '/workspace/ros2/install/messages/share/messages/hook/pythonpath.sh'
[0.732s] Level 1:colcon.colcon_core.environment:checking '/workspace/ros2/install/messages/bin'
[0.732s] INFO:colcon.colcon_core.shell:Creating package script '/workspace/ros2/install/messages/share/messages/package.ps1'
[0.733s] INFO:colcon.colcon_core.shell:Creating package descriptor '/workspace/ros2/install/messages/share/messages/package.dsv'
[0.734s] INFO:colcon.colcon_core.shell:Creating package script '/workspace/ros2/install/messages/share/messages/package.sh'
[0.734s] INFO:colcon.colcon_core.shell:Creating package script '/workspace/ros2/install/messages/share/messages/package.bash'
[0.734s] INFO:colcon.colcon_core.shell:Creating package script '/workspace/ros2/install/messages/share/messages/package.zsh'
[0.735s] Level 1:colcon.colcon_core.environment:create_file_with_runtime_dependencies(/workspace/ros2/install/messages/share/colcon-core/packages/messages)
[0.821s] Level 1:colcon.colcon_core.environment:create_environment_scripts_only(messages)
[0.822s] Level 1:colcon.colcon_core.environment:checking '/workspace/ros2/install/messages' for CMake module files
[0.823s] Level 1:colcon.colcon_core.environment:checking '/workspace/ros2/install/messages' for CMake config files
[0.824s] Level 1:colcon.colcon_core.shell:create_environment_hook('messages', 'cmake_prefix_path')
[0.824s] INFO:colcon.colcon_core.shell:Creating environment hook '/workspace/ros2/install/messages/share/messages/hook/cmake_prefix_path.ps1'
[0.825s] INFO:colcon.colcon_core.shell:Creating environment descriptor '/workspace/ros2/install/messages/share/messages/hook/cmake_prefix_path.dsv'
[0.826s] INFO:colcon.colcon_core.shell:Creating environment hook '/workspace/ros2/install/messages/share/messages/hook/cmake_prefix_path.sh'
[0.827s] Level 1:colcon.colcon_core.environment:checking '/workspace/ros2/install/messages/lib'
[0.827s] Level 1:colcon.colcon_core.shell:create_environment_hook('messages', 'ld_library_path_lib')
[0.828s] INFO:colcon.colcon_core.shell:Creating environment hook '/workspace/ros2/install/messages/share/messages/hook/ld_library_path_lib.ps1'
[0.828s] INFO:colcon.colcon_core.shell:Creating environment descriptor '/workspace/ros2/install/messages/share/messages/hook/ld_library_path_lib.dsv'
[0.829s] INFO:colcon.colcon_core.shell:Creating environment hook '/workspace/ros2/install/messages/share/messages/hook/ld_library_path_lib.sh'
[0.830s] Level 1:colcon.colcon_core.environment:checking '/workspace/ros2/install/messages/bin'
[0.830s] Level 1:colcon.colcon_core.environment:checking '/workspace/ros2/install/messages/lib/pkgconfig/messages.pc'
[0.831s] Level 1:colcon.colcon_core.environment:checking '/workspace/ros2/install/messages/lib/python3.10/site-packages'
[0.831s] Level 1:colcon.colcon_core.shell:create_environment_hook('messages', 'pythonpath')
[0.831s] INFO:colcon.colcon_core.shell:Creating environment hook '/workspace/ros2/install/messages/share/messages/hook/pythonpath.ps1'
[0.832s] INFO:colcon.colcon_core.shell:Creating environment descriptor '/workspace/ros2/install/messages/share/messages/hook/pythonpath.dsv'
[0.832s] INFO:colcon.colcon_core.shell:Creating environment hook '/workspace/ros2/install/messages/share/messages/hook/pythonpath.sh'
[0.833s] Level 1:colcon.colcon_core.environment:checking '/workspace/ros2/install/messages/bin'
[0.834s] INFO:colcon.colcon_core.shell:Creating package script '/workspace/ros2/install/messages/share/messages/package.ps1'
[0.834s] INFO:colcon.colcon_core.shell:Creating package descriptor '/workspace/ros2/install/messages/share/messages/package.dsv'
[0.835s] INFO:colcon.colcon_core.shell:Creating package script '/workspace/ros2/install/messages/share/messages/package.sh'
[0.835s] INFO:colcon.colcon_core.shell:Creating package script '/workspace/ros2/install/messages/share/messages/package.bash'
[0.836s] INFO:colcon.colcon_core.shell:Creating package script '/workspace/ros2/install/messages/share/messages/package.zsh'
[0.836s] Level 1:colcon.colcon_core.environment:create_file_with_runtime_dependencies(/workspace/ros2/install/messages/share/colcon-core/packages/messages)
[0.837s] INFO:colcon.colcon_ros.task.ament_cmake.build:Building ROS package in '/workspace/ros2/hardware/cobot_drive' with build type 'ament_cmake'
[0.837s] INFO:colcon.colcon_cmake.task.cmake.build:Building CMake package in '/workspace/ros2/hardware/cobot_drive'
[0.837s] INFO:colcon.colcon_core.shell:Skip shell extension 'powershell' for command environment: Not usable outside of PowerShell
[0.837s] DEBUG:colcon.colcon_core.shell:Skip shell extension 'dsv' for command environment
[0.854s] DEBUG:colcon.colcon_core.event_handler.log_command:Invoking command in '/workspace/ros2/build/cobot_drive': CMAKE_PREFIX_PATH=/workspace/ros2/install/messages:/workspace/ros2/install/urg_node:/workspace/ros2/install/cobot_drive:/opt/ros/iron LD_LIBRARY_PATH=/workspace/ros2/install/messages/lib:/workspace/ros2/install/urg_node/lib:/opt/ros/iron/lib/x86_64-linux-gnu:/opt/ros/iron/lib /usr/bin/cmake --build /workspace/ros2/build/cobot_drive -- -j8 -l8
[0.964s] DEBUG:colcon.colcon_core.event_handler.log_command:Invoked command in '/workspace/ros2/build/cobot_drive' returned '0': CMAKE_PREFIX_PATH=/workspace/ros2/install/messages:/workspace/ros2/install/urg_node:/workspace/ros2/install/cobot_drive:/opt/ros/iron LD_LIBRARY_PATH=/workspace/ros2/install/messages/lib:/workspace/ros2/install/urg_node/lib:/opt/ros/iron/lib/x86_64-linux-gnu:/opt/ros/iron/lib /usr/bin/cmake --build /workspace/ros2/build/cobot_drive -- -j8 -l8
[1.005s] DEBUG:colcon.colcon_core.event_handler.log_command:Invoking command in '/workspace/ros2/build/cobot_drive': CMAKE_PREFIX_PATH=/workspace/ros2/install/messages:/workspace/ros2/install/urg_node:/workspace/ros2/install/cobot_drive:/opt/ros/iron LD_LIBRARY_PATH=/workspace/ros2/install/messages/lib:/workspace/ros2/install/urg_node/lib:/opt/ros/iron/lib/x86_64-linux-gnu:/opt/ros/iron/lib /usr/bin/cmake --install /workspace/ros2/build/cobot_drive
[1.020s] Level 1:colcon.colcon_core.environment:create_environment_scripts_only(cobot_drive)
[1.020s] Level 1:colcon.colcon_core.environment:checking '/workspace/ros2/install/cobot_drive' for CMake module files
[1.021s] DEBUG:colcon.colcon_core.event_handler.log_command:Invoked command in '/workspace/ros2/build/cobot_drive' returned '0': CMAKE_PREFIX_PATH=/workspace/ros2/install/messages:/workspace/ros2/install/urg_node:/workspace/ros2/install/cobot_drive:/opt/ros/iron LD_LIBRARY_PATH=/workspace/ros2/install/messages/lib:/workspace/ros2/install/urg_node/lib:/opt/ros/iron/lib/x86_64-linux-gnu:/opt/ros/iron/lib /usr/bin/cmake --install /workspace/ros2/build/cobot_drive
[1.021s] Level 1:colcon.colcon_core.environment:checking '/workspace/ros2/install/cobot_drive' for CMake config files
[1.022s] Level 1:colcon.colcon_core.shell:create_environment_hook('cobot_drive', 'cmake_prefix_path')
[1.022s] INFO:colcon.colcon_core.shell:Creating environment hook '/workspace/ros2/install/cobot_drive/share/cobot_drive/hook/cmake_prefix_path.ps1'
[1.022s] INFO:colcon.colcon_core.shell:Creating environment descriptor '/workspace/ros2/install/cobot_drive/share/cobot_drive/hook/cmake_prefix_path.dsv'
[1.023s] INFO:colcon.colcon_core.shell:Creating environment hook '/workspace/ros2/install/cobot_drive/share/cobot_drive/hook/cmake_prefix_path.sh'
[1.024s] Level 1:colcon.colcon_core.environment:checking '/workspace/ros2/install/cobot_drive/lib'
[1.024s] Level 1:colcon.colcon_core.environment:checking '/workspace/ros2/install/cobot_drive/bin'
[1.024s] Level 1:colcon.colcon_core.environment:checking '/workspace/ros2/install/cobot_drive/lib/pkgconfig/cobot_drive.pc'
[1.024s] Level 1:colcon.colcon_core.environment:checking '/workspace/ros2/install/cobot_drive/lib/python3.10/site-packages'
[1.024s] Level 1:colcon.colcon_core.environment:checking '/workspace/ros2/install/cobot_drive/bin'
[1.025s] INFO:colcon.colcon_core.shell:Creating package script '/workspace/ros2/install/cobot_drive/share/cobot_drive/package.ps1'
[1.025s] INFO:colcon.colcon_core.shell:Creating package descriptor '/workspace/ros2/install/cobot_drive/share/cobot_drive/package.dsv'
[1.025s] INFO:colcon.colcon_core.shell:Creating package script '/workspace/ros2/install/cobot_drive/share/cobot_drive/package.sh'
[1.026s] INFO:colcon.colcon_core.shell:Creating package script '/workspace/ros2/install/cobot_drive/share/cobot_drive/package.bash'
[1.026s] INFO:colcon.colcon_core.shell:Creating package script '/workspace/ros2/install/cobot_drive/share/cobot_drive/package.zsh'
[1.026s] Level 1:colcon.colcon_core.environment:create_file_with_runtime_dependencies(/workspace/ros2/install/cobot_drive/share/colcon-core/packages/cobot_drive)
[1.078s] Level 1:colcon.colcon_core.environment:create_environment_scripts_only(cobot_drive)
[1.078s] Level 1:colcon.colcon_core.environment:checking '/workspace/ros2/install/cobot_drive' for CMake module files
[1.079s] Level 1:colcon.colcon_core.environment:checking '/workspace/ros2/install/cobot_drive' for CMake config files
[1.080s] Level 1:colcon.colcon_core.shell:create_environment_hook('cobot_drive', 'cmake_prefix_path')
[1.080s] INFO:colcon.colcon_core.shell:Creating environment hook '/workspace/ros2/install/cobot_drive/share/cobot_drive/hook/cmake_prefix_path.ps1'
[1.087s] INFO:colcon.colcon_core.shell:Creating environment descriptor '/workspace/ros2/install/cobot_drive/share/cobot_drive/hook/cmake_prefix_path.dsv'
[1.087s] INFO:colcon.colcon_core.shell:Creating environment hook '/workspace/ros2/install/cobot_drive/share/cobot_drive/hook/cmake_prefix_path.sh'
[1.088s] Level 1:colcon.colcon_core.environment:checking '/workspace/ros2/install/cobot_drive/lib'
[1.088s] Level 1:colcon.colcon_core.environment:checking '/workspace/ros2/install/cobot_drive/bin'
[1.088s] Level 1:colcon.colcon_core.environment:checking '/workspace/ros2/install/cobot_drive/lib/pkgconfig/cobot_drive.pc'
[1.089s] Level 1:colcon.colcon_core.environment:checking '/workspace/ros2/install/cobot_drive/lib/python3.10/site-packages'
[1.089s] Level 1:colcon.colcon_core.environment:checking '/workspace/ros2/install/cobot_drive/bin'
[1.089s] INFO:colcon.colcon_core.shell:Creating package script '/workspace/ros2/install/cobot_drive/share/cobot_drive/package.ps1'
[1.090s] INFO:colcon.colcon_core.shell:Creating package descriptor '/workspace/ros2/install/cobot_drive/share/cobot_drive/package.dsv'
[1.091s] INFO:colcon.colcon_core.shell:Creating package script '/workspace/ros2/install/cobot_drive/share/cobot_drive/package.sh'
[1.091s] INFO:colcon.colcon_core.shell:Creating package script '/workspace/ros2/install/cobot_drive/share/cobot_drive/package.bash'
[1.092s] INFO:colcon.colcon_core.shell:Creating package script '/workspace/ros2/install/cobot_drive/share/cobot_drive/package.zsh'
[1.092s] Level 1:colcon.colcon_core.environment:create_file_with_runtime_dependencies(/workspace/ros2/install/cobot_drive/share/colcon-core/packages/cobot_drive)
[2.506s] DEBUG:colcon.colcon_core.event_handler.log_command:Invoked command in '/workspace/ros2/build/urg_node2' returned '1': CMAKE_PREFIX_PATH=${CMAKE_PREFIX_PATH}:/opt/ros/iron /usr/bin/cmake /workspace/ros2/hardware/urg_node2 -DCMAKE_INSTALL_PREFIX=/workspace/ros2/install/urg_node2
[2.522s] Level 1:colcon.colcon_core.environment:create_environment_scripts_only(urg_node2)
[2.523s] Level 1:colcon.colcon_core.environment:checking '/workspace/ros2/install/urg_node2' for CMake module files
[2.524s] Level 1:colcon.colcon_core.environment:checking '/workspace/ros2/install/urg_node2' for CMake config files
[2.524s] Level 1:colcon.colcon_core.environment:checking '/workspace/ros2/install/urg_node2/bin'
[2.524s] Level 1:colcon.colcon_core.environment:checking '/workspace/ros2/install/urg_node2/lib/pkgconfig/urg_node2.pc'
[2.525s] Level 1:colcon.colcon_core.environment:checking '/workspace/ros2/install/urg_node2/lib/python3.10/site-packages'
[2.525s] Level 1:colcon.colcon_core.environment:checking '/workspace/ros2/install/urg_node2/bin'
[2.526s] INFO:colcon.colcon_core.shell:Creating package script '/workspace/ros2/install/urg_node2/share/urg_node2/package.ps1'
[2.527s] INFO:colcon.colcon_core.shell:Creating package descriptor '/workspace/ros2/install/urg_node2/share/urg_node2/package.dsv'
[2.527s] INFO:colcon.colcon_core.shell:Creating package script '/workspace/ros2/install/urg_node2/share/urg_node2/package.sh'
[2.528s] INFO:colcon.colcon_core.shell:Creating package script '/workspace/ros2/install/urg_node2/share/urg_node2/package.bash'
[2.528s] INFO:colcon.colcon_core.shell:Creating package script '/workspace/ros2/install/urg_node2/share/urg_node2/package.zsh'
[2.529s] Level 1:colcon.colcon_core.environment:create_file_with_runtime_dependencies(/workspace/ros2/install/urg_node2/share/colcon-core/packages/urg_node2)
[2.539s] DEBUG:colcon.colcon_parallel_executor.executor.parallel:closing loop
[2.540s] DEBUG:colcon.colcon_parallel_executor.executor.parallel:loop closed
[2.540s] DEBUG:colcon.colcon_parallel_executor.executor.parallel:run_until_complete finished with '1'
[2.540s] DEBUG:colcon.colcon_core.event_reactor:joining thread
[2.546s] INFO:colcon.colcon_core.plugin_system:Skipping extension 'colcon_notification.desktop_notification.notify_send': Could not find 'notify-send'
[2.546s] INFO:colcon.colcon_core.plugin_system:Skipping extension 'colcon_notification.desktop_notification.terminal_notifier': Not used on non-Darwin systems
[2.546s] INFO:colcon.colcon_core.plugin_system:Skipping extension 'colcon_notification.desktop_notification.win32': Not used on non-Windows systems
[2.546s] INFO:colcon.colcon_notification.desktop_notification:Sending desktop notification using 'notify2'
[2.547s] DEBUG:colcon.colcon_notification.desktop_notification.notify2:Failed to initialize notify2: org.freedesktop.DBus.Error.InvalidFileContent: D-Bus library appears to be incorrectly set up: see the manual page for dbus-uuidgen to correct this issue. (Failed to open "/var/lib/dbus/machine-id": No such file or directory; UUID file '/etc/machine-id' should contain a hex string of length 32, not length 0, with no other text)
[2.547s] DEBUG:colcon.colcon_core.event_reactor:joined thread
[2.547s] INFO:colcon.colcon_core.shell:Creating prefix script '/workspace/ros2/install/local_setup.ps1'
[2.549s] INFO:colcon.colcon_core.shell:Creating prefix util module '/workspace/ros2/install/_local_setup_util_ps1.py'
[2.552s] INFO:colcon.colcon_core.shell:Creating prefix chain script '/workspace/ros2/install/setup.ps1'
[2.554s] INFO:colcon.colcon_core.shell:Creating prefix script '/workspace/ros2/install/local_setup.sh'
[2.555s] INFO:colcon.colcon_core.shell:Creating prefix util module '/workspace/ros2/install/_local_setup_util_sh.py'
[2.555s] INFO:colcon.colcon_core.shell:Creating prefix chain script '/workspace/ros2/install/setup.sh'
[2.557s] INFO:colcon.colcon_core.shell:Creating prefix script '/workspace/ros2/install/local_setup.bash'
[2.557s] INFO:colcon.colcon_core.shell:Creating prefix chain script '/workspace/ros2/install/setup.bash'
[2.559s] INFO:colcon.colcon_core.shell:Creating prefix script '/workspace/ros2/install/local_setup.zsh'
[2.559s] INFO:colcon.colcon_core.shell:Creating prefix chain script '/workspace/ros2/install/setup.zsh'
