[0.012s] Invoking command in '/workspace/ros2_ws/build/cobot_fds': CMAKE_PREFIX_PATH=/opt/ros/iron /usr/bin/cmake /workspace/ros2_ws/cobot_fds -DCMAKE_INSTALL_PREFIX=/workspace/ros2_ws/install/cobot_fds
[0.091s] -- The C compiler identification is GNU 11.4.0
[0.160s] -- The CXX compiler identification is GNU 11.4.0
[0.173s] -- Detecting C compiler ABI info
[0.263s] -- Detecting C compiler ABI info - done
[0.280s] -- Check for working C compiler: /usr/bin/cc - skipped
[0.280s] -- Detecting C compile features
[0.281s] -- Detecting C compile features - done
[0.284s] -- Detecting CXX compiler ABI info
[0.373s] -- Detecting CXX compiler ABI info - done
[0.389s] -- Check for working CXX compiler: /usr/bin/c++ - skipped
[0.389s] -- Detecting CXX compile features
[0.390s] -- Detecting CXX compile features - done
[0.391s] -- Found ament_cmake: 2.0.5 (/opt/ros/iron/share/ament_cmake/cmake)
[0.559s] -- Found Python3: /usr/bin/python3.10 (found version "3.10.12") found components: Interpreter 
[0.668s] -- Found ament_lint_auto: 0.14.3 (/opt/ros/iron/share/ament_lint_auto/cmake)
[0.754s] -- Added test 'lint_cmake' to check CMake code style
[0.755s] -- Added test 'xmllint' to check XML markup files
[0.756s] -- Configuring done
[0.758s] -- Generating done
[0.759s] -- Build files have been written to: /workspace/ros2_ws/build/cobot_fds
[0.764s] Invoked command in '/workspace/ros2_ws/build/cobot_fds' returned '0': CMAKE_PREFIX_PATH=/opt/ros/iron /usr/bin/cmake /workspace/ros2_ws/cobot_fds -DCMAKE_INSTALL_PREFIX=/workspace/ros2_ws/install/cobot_fds
[0.768s] Invoking command in '/workspace/ros2_ws/build/cobot_fds': CMAKE_PREFIX_PATH=/opt/ros/iron /usr/bin/cmake --build /workspace/ros2_ws/build/cobot_fds -- -j8 -l8
[0.823s] Invoked command in '/workspace/ros2_ws/build/cobot_fds' returned '0': CMAKE_PREFIX_PATH=/opt/ros/iron /usr/bin/cmake --build /workspace/ros2_ws/build/cobot_fds -- -j8 -l8
[0.867s] Invoking command in '/workspace/ros2_ws/build/cobot_fds': CMAKE_PREFIX_PATH=/opt/ros/iron /usr/bin/cmake --install /workspace/ros2_ws/build/cobot_fds
[0.877s] -- Install configuration: ""
[0.878s] -- Installing: /workspace/ros2_ws/install/cobot_fds/share/ament_index/resource_index/package_run_dependencies/cobot_fds
[0.878s] -- Installing: /workspace/ros2_ws/install/cobot_fds/share/ament_index/resource_index/parent_prefix_path/cobot_fds
[0.878s] -- Installing: /workspace/ros2_ws/install/cobot_fds/share/cobot_fds/environment/ament_prefix_path.sh
[0.879s] -- Installing: /workspace/ros2_ws/install/cobot_fds/share/cobot_fds/environment/ament_prefix_path.dsv
[0.879s] -- Installing: /workspace/ros2_ws/install/cobot_fds/share/cobot_fds/environment/path.sh
[0.879s] -- Installing: /workspace/ros2_ws/install/cobot_fds/share/cobot_fds/environment/path.dsv
[0.879s] -- Installing: /workspace/ros2_ws/install/cobot_fds/share/cobot_fds/local_setup.bash
[0.879s] -- Installing: /workspace/ros2_ws/install/cobot_fds/share/cobot_fds/local_setup.sh
[0.880s] -- Installing: /workspace/ros2_ws/install/cobot_fds/share/cobot_fds/local_setup.zsh
[0.880s] -- Installing: /workspace/ros2_ws/install/cobot_fds/share/cobot_fds/local_setup.dsv
[0.880s] -- Installing: /workspace/ros2_ws/install/cobot_fds/share/cobot_fds/package.dsv
[0.880s] -- Installing: /workspace/ros2_ws/install/cobot_fds/share/ament_index/resource_index/packages/cobot_fds
[0.880s] -- Installing: /workspace/ros2_ws/install/cobot_fds/share/cobot_fds/cmake/cobot_fdsConfig.cmake
[0.881s] -- Installing: /workspace/ros2_ws/install/cobot_fds/share/cobot_fds/cmake/cobot_fdsConfig-version.cmake
[0.881s] -- Installing: /workspace/ros2_ws/install/cobot_fds/share/cobot_fds/package.xml
[0.883s] Invoked command in '/workspace/ros2_ws/build/cobot_fds' returned '0': CMAKE_PREFIX_PATH=/opt/ros/iron /usr/bin/cmake --install /workspace/ros2_ws/build/cobot_fds
