[0.015s] Invoking command in '/workspace/ros2/build/cobot_drive': CMAKE_PREFIX_PATH=/opt/ros/iron /usr/bin/cmake /workspace/ros2/hardware/cobot_drive -DCMAKE_INSTALL_PREFIX=/workspace/ros2/install/cobot_drive
[0.029s] -- Found ament_cmake: 2.0.5 (/opt/ros/iron/share/ament_cmake/cmake)
[0.182s] -- Found rclcpp: 21.0.6 (/opt/ros/iron/share/rclcpp/cmake)
[0.204s] -- Found rosidl_generator_c: 4.0.1 (/opt/ros/iron/share/rosidl_generator_c/cmake)
[0.213s] -- Found rosidl_generator_cpp: 4.0.1 (/opt/ros/iron/share/rosidl_generator_cpp/cmake)
[0.226s] -- Using all available rosidl_typesupport_c: rosidl_typesupport_fastrtps_c;rosidl_typesupport_introspection_c
[0.241s] -- Using all available rosidl_typesupport_cpp: rosidl_typesupport_fastrtps_cpp;rosidl_typesupport_introspection_cpp
[0.391s] -- Found rmw_implementation_cmake: 7.1.0 (/opt/ros/iron/share/rmw_implementation_cmake/cmake)
[0.392s] -- Found rmw_fastrtps_cpp: 7.1.3 (/opt/ros/iron/share/rmw_fastrtps_cpp/cmake)
[0.509s] -- Using RMW implementation 'rmw_fastrtps_cpp' as default
[0.698s] -- Found std_msgs: 5.0.0 (/opt/ros/iron/share/std_msgs/cmake)
[0.734s] -- Found tf2_ros: 0.31.6 (/opt/ros/iron/share/tf2_ros/cmake)
[1.252s] -- Found nav_msgs: 5.0.0 (/opt/ros/iron/share/nav_msgs/cmake)
[1.383s] [31mCMake Error at CMakeLists.txt:17 (find_package):
[1.383s]   By not providing "Findmessages.cmake" in CMAKE_MODULE_PATH this project has
[1.384s]   asked CMake to find a package configuration file provided by "messages",
[1.384s]   but CMake did not find one.
[1.384s] 
[1.384s]   Could not find a package configuration file provided by "messages" with any
[1.384s]   of the following names:
[1.384s] 
[1.384s]     messagesConfig.cmake
[1.384s]     messages-config.cmake
[1.385s] 
[1.385s]   Add the installation prefix of "messages" to CMAKE_PREFIX_PATH or set
[1.385s]   "messages_DIR" to a directory containing one of the above files.  If
[1.385s]   "messages" provides a separate development package or SDK, be sure it has
[1.385s]   been installed.
[1.385s] 
[1.385s] [0m
[1.385s] -- Configuring incomplete, errors occurred!
[1.386s] See also "/workspace/ros2/build/cobot_drive/CMakeFiles/CMakeOutput.log".
