[  2%] Built target messages__rosidl_generator_type_description
[  2%] Built target ament_cmake_python_copy_messages
[  5%] Built target messages__cpp
[ 20%] Built target messages__rosidl_generator_c
[ 29%] Built target messages__rosidl_typesupport_introspection_c
[ 38%] Built target messages__rosidl_typesupport_c
[ 47%] Built target messages__rosidl_typesupport_cpp
[ 55%] Built target messages__rosidl_typesupport_fastrtps_cpp
[ 64%] Built target messages__rosidl_typesupport_introspection_cpp
[ 73%] Built target messages__rosidl_typesupport_fastrtps_c
[ 73%] Built target messages
[ 76%] Built target messages__py
[ 82%] Built target messages__rosidl_generator_py
[ 88%] Built target messages__rosidl_typesupport_c__pyext
[ 94%] Built target messages__rosidl_typesupport_introspection_c__pyext
[100%] Built target messages__rosidl_typesupport_fastrtps_c__pyext
running egg_info
writing messages.egg-info/PKG-INFO
writing dependency_links to messages.egg-info/dependency_links.txt
writing top-level names to messages.egg-info/top_level.txt
reading manifest file 'messages.egg-info/SOURCES.txt'
writing manifest file 'messages.egg-info/SOURCES.txt'
[100%] Built target ament_cmake_python_build_messages_egg
-- Install configuration: ""
-- Up-to-date: /workspace/ros2_ws/install/messages/share/ament_index/resource_index/rosidl_interfaces/messages
-- Up-to-date: /workspace/ros2_ws/install/messages/share/messages/msg/CobotRawStatus.json
-- Up-to-date: /workspace/ros2_ws/install/messages/include/messages/messages
-- Up-to-date: /workspace/ros2_ws/install/messages/include/messages/messages/msg
-- Up-to-date: /workspace/ros2_ws/install/messages/include/messages/messages/msg/rosidl_generator_c__visibility_control.h
-- Up-to-date: /workspace/ros2_ws/install/messages/include/messages/messages/msg/detail
-- Up-to-date: /workspace/ros2_ws/install/messages/include/messages/messages/msg/detail/cobot_raw_status__type_support.c
-- Up-to-date: /workspace/ros2_ws/install/messages/include/messages/messages/msg/detail/cobot_raw_status__struct.h
-- Up-to-date: /workspace/ros2_ws/install/messages/include/messages/messages/msg/detail/cobot_raw_status__functions.h
-- Up-to-date: /workspace/ros2_ws/install/messages/include/messages/messages/msg/detail/cobot_raw_status__functions.c
-- Up-to-date: /workspace/ros2_ws/install/messages/include/messages/messages/msg/detail/cobot_raw_status__description.c
-- Up-to-date: /workspace/ros2_ws/install/messages/include/messages/messages/msg/detail/cobot_raw_status__type_support.h
-- Up-to-date: /workspace/ros2_ws/install/messages/include/messages/messages/msg/cobot_raw_status.h
-- Up-to-date: /workspace/ros2_ws/install/messages/share/messages/environment/library_path.sh
-- Up-to-date: /workspace/ros2_ws/install/messages/share/messages/environment/library_path.dsv
-- Up-to-date: /workspace/ros2_ws/install/messages/lib/libmessages__rosidl_generator_c.so
-- Up-to-date: /workspace/ros2_ws/install/messages/include/messages/messages
-- Up-to-date: /workspace/ros2_ws/install/messages/include/messages/messages/msg
-- Up-to-date: /workspace/ros2_ws/install/messages/include/messages/messages/msg/detail
-- Up-to-date: /workspace/ros2_ws/install/messages/include/messages/messages/msg/detail/cobot_raw_status__rosidl_typesupport_fastrtps_c.h
-- Up-to-date: /workspace/ros2_ws/install/messages/include/messages/messages/msg/rosidl_typesupport_fastrtps_c__visibility_control.h
-- Up-to-date: /workspace/ros2_ws/install/messages/lib/libmessages__rosidl_typesupport_fastrtps_c.so
-- Up-to-date: /workspace/ros2_ws/install/messages/include/messages/messages
-- Up-to-date: /workspace/ros2_ws/install/messages/include/messages/messages/msg
-- Up-to-date: /workspace/ros2_ws/install/messages/include/messages/messages/msg/rosidl_typesupport_introspection_c__visibility_control.h
-- Up-to-date: /workspace/ros2_ws/install/messages/include/messages/messages/msg/detail
-- Up-to-date: /workspace/ros2_ws/install/messages/include/messages/messages/msg/detail/cobot_raw_status__type_support.c
-- Up-to-date: /workspace/ros2_ws/install/messages/include/messages/messages/msg/detail/cobot_raw_status__rosidl_typesupport_introspection_c.h
-- Up-to-date: /workspace/ros2_ws/install/messages/lib/libmessages__rosidl_typesupport_introspection_c.so
-- Up-to-date: /workspace/ros2_ws/install/messages/lib/libmessages__rosidl_typesupport_c.so
-- Up-to-date: /workspace/ros2_ws/install/messages/include/messages/messages
-- Up-to-date: /workspace/ros2_ws/install/messages/include/messages/messages/msg
-- Up-to-date: /workspace/ros2_ws/install/messages/include/messages/messages/msg/cobot_raw_status.hpp
-- Up-to-date: /workspace/ros2_ws/install/messages/include/messages/messages/msg/detail
-- Up-to-date: /workspace/ros2_ws/install/messages/include/messages/messages/msg/detail/cobot_raw_status__builder.hpp
-- Up-to-date: /workspace/ros2_ws/install/messages/include/messages/messages/msg/detail/cobot_raw_status__struct.hpp
-- Up-to-date: /workspace/ros2_ws/install/messages/include/messages/messages/msg/detail/cobot_raw_status__traits.hpp
-- Up-to-date: /workspace/ros2_ws/install/messages/include/messages/messages
-- Up-to-date: /workspace/ros2_ws/install/messages/include/messages/messages/msg
-- Up-to-date: /workspace/ros2_ws/install/messages/include/messages/messages/msg/rosidl_typesupport_fastrtps_cpp__visibility_control.h
-- Up-to-date: /workspace/ros2_ws/install/messages/include/messages/messages/msg/detail
-- Up-to-date: /workspace/ros2_ws/install/messages/include/messages/messages/msg/detail/dds_fastrtps
-- Up-to-date: /workspace/ros2_ws/install/messages/include/messages/messages/msg/detail/cobot_raw_status__rosidl_typesupport_fastrtps_cpp.hpp
-- Up-to-date: /workspace/ros2_ws/install/messages/lib/libmessages__rosidl_typesupport_fastrtps_cpp.so
-- Up-to-date: /workspace/ros2_ws/install/messages/include/messages/messages
-- Up-to-date: /workspace/ros2_ws/install/messages/include/messages/messages/msg
-- Up-to-date: /workspace/ros2_ws/install/messages/include/messages/messages/msg/detail
-- Up-to-date: /workspace/ros2_ws/install/messages/include/messages/messages/msg/detail/cobot_raw_status__rosidl_typesupport_introspection_cpp.hpp
-- Up-to-date: /workspace/ros2_ws/install/messages/include/messages/messages/msg/detail/cobot_raw_status__type_support.cpp
-- Up-to-date: /workspace/ros2_ws/install/messages/lib/libmessages__rosidl_typesupport_introspection_cpp.so
-- Up-to-date: /workspace/ros2_ws/install/messages/lib/libmessages__rosidl_typesupport_cpp.so
-- Up-to-date: /workspace/ros2_ws/install/messages/share/messages/environment/pythonpath.sh
-- Up-to-date: /workspace/ros2_ws/install/messages/share/messages/environment/pythonpath.dsv
-- Up-to-date: /workspace/ros2_ws/install/messages/lib/python3.10/site-packages/messages-0.0.0-py3.10.egg-info
-- Installing: /workspace/ros2_ws/install/messages/lib/python3.10/site-packages/messages-0.0.0-py3.10.egg-info/SOURCES.txt
-- Installing: /workspace/ros2_ws/install/messages/lib/python3.10/site-packages/messages-0.0.0-py3.10.egg-info/PKG-INFO
-- Installing: /workspace/ros2_ws/install/messages/lib/python3.10/site-packages/messages-0.0.0-py3.10.egg-info/top_level.txt
-- Installing: /workspace/ros2_ws/install/messages/lib/python3.10/site-packages/messages-0.0.0-py3.10.egg-info/dependency_links.txt
-- Up-to-date: /workspace/ros2_ws/install/messages/lib/python3.10/site-packages/messages
-- Up-to-date: /workspace/ros2_ws/install/messages/lib/python3.10/site-packages/messages/messages_s__rosidl_typesupport_fastrtps_c.cpython-310-x86_64-linux-gnu.so
-- Up-to-date: /workspace/ros2_ws/install/messages/lib/python3.10/site-packages/messages/_messages_s.ep.rosidl_typesupport_fastrtps_c.c
-- Up-to-date: /workspace/ros2_ws/install/messages/lib/python3.10/site-packages/messages/_messages_s.ep.rosidl_typesupport_c.c
-- Up-to-date: /workspace/ros2_ws/install/messages/lib/python3.10/site-packages/messages/msg
-- Up-to-date: /workspace/ros2_ws/install/messages/lib/python3.10/site-packages/messages/msg/_cobot_raw_status.py
-- Up-to-date: /workspace/ros2_ws/install/messages/lib/python3.10/site-packages/messages/msg/_cobot_raw_status_s.c
-- Up-to-date: /workspace/ros2_ws/install/messages/lib/python3.10/site-packages/messages/msg/__init__.py
-- Up-to-date: /workspace/ros2_ws/install/messages/lib/python3.10/site-packages/messages/__init__.py
-- Up-to-date: /workspace/ros2_ws/install/messages/lib/python3.10/site-packages/messages/messages_s__rosidl_typesupport_c.cpython-310-x86_64-linux-gnu.so
-- Up-to-date: /workspace/ros2_ws/install/messages/lib/python3.10/site-packages/messages/_messages_s.ep.rosidl_typesupport_introspection_c.c
-- Up-to-date: /workspace/ros2_ws/install/messages/lib/python3.10/site-packages/messages/libmessages__rosidl_generator_py.so
-- Up-to-date: /workspace/ros2_ws/install/messages/lib/python3.10/site-packages/messages/messages_s__rosidl_typesupport_introspection_c.cpython-310-x86_64-linux-gnu.so
Listing '/workspace/ros2_ws/install/messages/lib/python3.10/site-packages/messages'...
Listing '/workspace/ros2_ws/install/messages/lib/python3.10/site-packages/messages/msg'...
-- Up-to-date: /workspace/ros2_ws/install/messages/lib/python3.10/site-packages/messages/messages_s__rosidl_typesupport_fastrtps_c.cpython-310-x86_64-linux-gnu.so
-- Up-to-date: /workspace/ros2_ws/install/messages/lib/python3.10/site-packages/messages/messages_s__rosidl_typesupport_introspection_c.cpython-310-x86_64-linux-gnu.so
-- Up-to-date: /workspace/ros2_ws/install/messages/lib/python3.10/site-packages/messages/messages_s__rosidl_typesupport_c.cpython-310-x86_64-linux-gnu.so
-- Up-to-date: /workspace/ros2_ws/install/messages/lib/libmessages__rosidl_generator_py.so
-- Up-to-date: /workspace/ros2_ws/install/messages/share/messages/msg/CobotRawStatus.idl
-- Up-to-date: /workspace/ros2_ws/install/messages/share/messages/msg/CobotRawStatus.msg
-- Up-to-date: /workspace/ros2_ws/install/messages/share/ament_index/resource_index/package_run_dependencies/messages
-- Up-to-date: /workspace/ros2_ws/install/messages/share/ament_index/resource_index/parent_prefix_path/messages
-- Up-to-date: /workspace/ros2_ws/install/messages/share/messages/environment/ament_prefix_path.sh
-- Up-to-date: /workspace/ros2_ws/install/messages/share/messages/environment/ament_prefix_path.dsv
-- Up-to-date: /workspace/ros2_ws/install/messages/share/messages/environment/path.sh
-- Up-to-date: /workspace/ros2_ws/install/messages/share/messages/environment/path.dsv
-- Up-to-date: /workspace/ros2_ws/install/messages/share/messages/local_setup.bash
-- Up-to-date: /workspace/ros2_ws/install/messages/share/messages/local_setup.sh
-- Up-to-date: /workspace/ros2_ws/install/messages/share/messages/local_setup.zsh
-- Up-to-date: /workspace/ros2_ws/install/messages/share/messages/local_setup.dsv
-- Installing: /workspace/ros2_ws/install/messages/share/messages/package.dsv
-- Up-to-date: /workspace/ros2_ws/install/messages/share/ament_index/resource_index/packages/messages
-- Up-to-date: /workspace/ros2_ws/install/messages/share/messages/cmake/export_messages__rosidl_generator_cExport.cmake
-- Up-to-date: /workspace/ros2_ws/install/messages/share/messages/cmake/export_messages__rosidl_generator_cExport-noconfig.cmake
-- Up-to-date: /workspace/ros2_ws/install/messages/share/messages/cmake/export_messages__rosidl_typesupport_fastrtps_cExport.cmake
-- Up-to-date: /workspace/ros2_ws/install/messages/share/messages/cmake/export_messages__rosidl_typesupport_fastrtps_cExport-noconfig.cmake
-- Up-to-date: /workspace/ros2_ws/install/messages/share/messages/cmake/messages__rosidl_typesupport_introspection_cExport.cmake
-- Up-to-date: /workspace/ros2_ws/install/messages/share/messages/cmake/messages__rosidl_typesupport_introspection_cExport-noconfig.cmake
-- Up-to-date: /workspace/ros2_ws/install/messages/share/messages/cmake/messages__rosidl_typesupport_cExport.cmake
-- Up-to-date: /workspace/ros2_ws/install/messages/share/messages/cmake/messages__rosidl_typesupport_cExport-noconfig.cmake
-- Up-to-date: /workspace/ros2_ws/install/messages/share/messages/cmake/export_messages__rosidl_generator_cppExport.cmake
-- Up-to-date: /workspace/ros2_ws/install/messages/share/messages/cmake/export_messages__rosidl_typesupport_fastrtps_cppExport.cmake
-- Up-to-date: /workspace/ros2_ws/install/messages/share/messages/cmake/export_messages__rosidl_typesupport_fastrtps_cppExport-noconfig.cmake
-- Up-to-date: /workspace/ros2_ws/install/messages/share/messages/cmake/messages__rosidl_typesupport_introspection_cppExport.cmake
-- Up-to-date: /workspace/ros2_ws/install/messages/share/messages/cmake/messages__rosidl_typesupport_introspection_cppExport-noconfig.cmake
-- Up-to-date: /workspace/ros2_ws/install/messages/share/messages/cmake/messages__rosidl_typesupport_cppExport.cmake
-- Up-to-date: /workspace/ros2_ws/install/messages/share/messages/cmake/messages__rosidl_typesupport_cppExport-noconfig.cmake
-- Up-to-date: /workspace/ros2_ws/install/messages/share/messages/cmake/export_messages__rosidl_generator_pyExport.cmake
-- Up-to-date: /workspace/ros2_ws/install/messages/share/messages/cmake/export_messages__rosidl_generator_pyExport-noconfig.cmake
-- Up-to-date: /workspace/ros2_ws/install/messages/share/messages/cmake/rosidl_cmake-extras.cmake
-- Up-to-date: /workspace/ros2_ws/install/messages/share/messages/cmake/ament_cmake_export_dependencies-extras.cmake
-- Up-to-date: /workspace/ros2_ws/install/messages/share/messages/cmake/ament_cmake_export_include_directories-extras.cmake
-- Up-to-date: /workspace/ros2_ws/install/messages/share/messages/cmake/ament_cmake_export_libraries-extras.cmake
-- Up-to-date: /workspace/ros2_ws/install/messages/share/messages/cmake/ament_cmake_export_targets-extras.cmake
-- Up-to-date: /workspace/ros2_ws/install/messages/share/messages/cmake/rosidl_cmake_export_typesupport_targets-extras.cmake
-- Up-to-date: /workspace/ros2_ws/install/messages/share/messages/cmake/rosidl_cmake_export_typesupport_libraries-extras.cmake
-- Up-to-date: /workspace/ros2_ws/install/messages/share/messages/cmake/messagesConfig.cmake
-- Up-to-date: /workspace/ros2_ws/install/messages/share/messages/cmake/messagesConfig-version.cmake
-- Up-to-date: /workspace/ros2_ws/install/messages/share/messages/package.xml
