[0.012s] Invoking command in '/workspace/ros2/build/messages': CMAKE_PREFIX_PATH=/opt/ros/iron /usr/bin/cmake --build /workspace/ros2/build/messages -- -j8 -l8
[0.079s] [  2%] Built target messages__rosidl_generator_type_description
[0.085s] [  2%] Built target ament_cmake_python_copy_messages
[0.097s] [  5%] Built target messages__cpp
[0.102s] [ 20%] Built target messages__rosidl_generator_c
[0.129s] [ 35%] Built target messages__rosidl_typesupport_cpp
[0.129s] [ 38%] Built target messages__rosidl_typesupport_fastrtps_c
[0.130s] [ 47%] Built target messages__rosidl_typesupport_introspection_c
[0.134s] [ 55%] Built target messages__rosidl_typesupport_c
[0.137s] [ 64%] Built target messages__rosidl_typesupport_introspection_cpp
[0.138s] [ 73%] Built target messages__rosidl_typesupport_fastrtps_cpp
[0.163s] [ 73%] Built target messages
[0.185s] [ 76%] Built target messages__py
[0.215s] [ 82%] Built target messages__rosidl_generator_py
[0.244s] [ 88%] Built target messages__rosidl_typesupport_fastrtps_c__pyext
[0.249s] [ 94%] Built target messages__rosidl_typesupport_introspection_c__pyext
[0.250s] [100%] Built target messages__rosidl_typesupport_c__pyext
[0.267s] running egg_info
[0.268s] writing messages.egg-info/PKG-INFO
[0.268s] writing dependency_links to messages.egg-info/dependency_links.txt
[0.269s] writing top-level names to messages.egg-info/top_level.txt
[0.270s] reading manifest file 'messages.egg-info/SOURCES.txt'
[0.270s] writing manifest file 'messages.egg-info/SOURCES.txt'
[0.302s] [100%] Built target ament_cmake_python_build_messages_egg
[0.316s] Invoked command in '/workspace/ros2/build/messages' returned '0': CMAKE_PREFIX_PATH=/opt/ros/iron /usr/bin/cmake --build /workspace/ros2/build/messages -- -j8 -l8
[0.398s] Invoking command in '/workspace/ros2/build/messages': CMAKE_PREFIX_PATH=/opt/ros/iron /usr/bin/cmake --install /workspace/ros2/build/messages
[0.408s] -- Install configuration: ""
[0.409s] -- Installing: /workspace/ros2/install/messages/share/ament_index/resource_index/rosidl_interfaces/messages
[0.409s] -- Installing: /workspace/ros2/install/messages/share/messages/msg/CobotRawStatus.json
[0.409s] -- Installing: /workspace/ros2/install/messages/include/messages/messages
[0.409s] -- Installing: /workspace/ros2/install/messages/include/messages/messages/msg
[0.409s] -- Installing: /workspace/ros2/install/messages/include/messages/messages/msg/rosidl_generator_c__visibility_control.h
[0.410s] -- Installing: /workspace/ros2/install/messages/include/messages/messages/msg/detail
[0.410s] -- Installing: /workspace/ros2/install/messages/include/messages/messages/msg/detail/cobot_raw_status__type_support.c
[0.410s] -- Installing: /workspace/ros2/install/messages/include/messages/messages/msg/detail/cobot_raw_status__struct.h
[0.410s] -- Installing: /workspace/ros2/install/messages/include/messages/messages/msg/detail/cobot_raw_status__functions.h
[0.410s] -- Installing: /workspace/ros2/install/messages/include/messages/messages/msg/detail/cobot_raw_status__functions.c
[0.410s] -- Installing: /workspace/ros2/install/messages/include/messages/messages/msg/detail/cobot_raw_status__description.c
[0.410s] -- Installing: /workspace/ros2/install/messages/include/messages/messages/msg/detail/cobot_raw_status__type_support.h
[0.411s] -- Installing: /workspace/ros2/install/messages/include/messages/messages/msg/cobot_raw_status.h
[0.411s] -- Installing: /workspace/ros2/install/messages/share/messages/environment/library_path.sh
[0.411s] -- Installing: /workspace/ros2/install/messages/share/messages/environment/library_path.dsv
[0.412s] -- Installing: /workspace/ros2/install/messages/lib/libmessages__rosidl_generator_c.so
[0.412s] -- Set runtime path of "/workspace/ros2/install/messages/lib/libmessages__rosidl_generator_c.so" to ""
[0.412s] -- Up-to-date: /workspace/ros2/install/messages/include/messages/messages
[0.412s] -- Up-to-date: /workspace/ros2/install/messages/include/messages/messages/msg
[0.412s] -- Up-to-date: /workspace/ros2/install/messages/include/messages/messages/msg/detail
[0.413s] -- Installing: /workspace/ros2/install/messages/include/messages/messages/msg/detail/cobot_raw_status__rosidl_typesupport_fastrtps_c.h
[0.413s] -- Installing: /workspace/ros2/install/messages/include/messages/messages/msg/rosidl_typesupport_fastrtps_c__visibility_control.h
[0.413s] -- Installing: /workspace/ros2/install/messages/lib/libmessages__rosidl_typesupport_fastrtps_c.so
[0.413s] -- Set runtime path of "/workspace/ros2/install/messages/lib/libmessages__rosidl_typesupport_fastrtps_c.so" to ""
[0.413s] -- Up-to-date: /workspace/ros2/install/messages/include/messages/messages
[0.413s] -- Up-to-date: /workspace/ros2/install/messages/include/messages/messages/msg
[0.414s] -- Installing: /workspace/ros2/install/messages/include/messages/messages/msg/rosidl_typesupport_introspection_c__visibility_control.h
[0.414s] -- Up-to-date: /workspace/ros2/install/messages/include/messages/messages/msg/detail
[0.414s] -- Installing: /workspace/ros2/install/messages/include/messages/messages/msg/detail/cobot_raw_status__type_support.c
[0.414s] -- Installing: /workspace/ros2/install/messages/include/messages/messages/msg/detail/cobot_raw_status__rosidl_typesupport_introspection_c.h
[0.414s] -- Installing: /workspace/ros2/install/messages/lib/libmessages__rosidl_typesupport_introspection_c.so
[0.414s] -- Set runtime path of "/workspace/ros2/install/messages/lib/libmessages__rosidl_typesupport_introspection_c.so" to ""
[0.415s] -- Installing: /workspace/ros2/install/messages/lib/libmessages__rosidl_typesupport_c.so
[0.415s] -- Set runtime path of "/workspace/ros2/install/messages/lib/libmessages__rosidl_typesupport_c.so" to ""
[0.415s] -- Up-to-date: /workspace/ros2/install/messages/include/messages/messages
[0.415s] -- Up-to-date: /workspace/ros2/install/messages/include/messages/messages/msg
[0.415s] -- Installing: /workspace/ros2/install/messages/include/messages/messages/msg/cobot_raw_status.hpp
[0.416s] -- Up-to-date: /workspace/ros2/install/messages/include/messages/messages/msg/detail
[0.416s] -- Installing: /workspace/ros2/install/messages/include/messages/messages/msg/detail/cobot_raw_status__builder.hpp
[0.416s] -- Installing: /workspace/ros2/install/messages/include/messages/messages/msg/detail/cobot_raw_status__struct.hpp
[0.416s] -- Installing: /workspace/ros2/install/messages/include/messages/messages/msg/detail/cobot_raw_status__traits.hpp
[0.416s] -- Up-to-date: /workspace/ros2/install/messages/include/messages/messages
[0.416s] -- Up-to-date: /workspace/ros2/install/messages/include/messages/messages/msg
[0.417s] -- Installing: /workspace/ros2/install/messages/include/messages/messages/msg/rosidl_typesupport_fastrtps_cpp__visibility_control.h
[0.417s] -- Up-to-date: /workspace/ros2/install/messages/include/messages/messages/msg/detail
[0.417s] -- Installing: /workspace/ros2/install/messages/include/messages/messages/msg/detail/dds_fastrtps
[0.417s] -- Installing: /workspace/ros2/install/messages/include/messages/messages/msg/detail/cobot_raw_status__rosidl_typesupport_fastrtps_cpp.hpp
[0.417s] -- Installing: /workspace/ros2/install/messages/lib/libmessages__rosidl_typesupport_fastrtps_cpp.so
[0.417s] -- Set runtime path of "/workspace/ros2/install/messages/lib/libmessages__rosidl_typesupport_fastrtps_cpp.so" to ""
[0.417s] -- Up-to-date: /workspace/ros2/install/messages/include/messages/messages
[0.417s] -- Up-to-date: /workspace/ros2/install/messages/include/messages/messages/msg
[0.417s] -- Up-to-date: /workspace/ros2/install/messages/include/messages/messages/msg/detail
[0.418s] -- Installing: /workspace/ros2/install/messages/include/messages/messages/msg/detail/cobot_raw_status__rosidl_typesupport_introspection_cpp.hpp
[0.418s] -- Installing: /workspace/ros2/install/messages/include/messages/messages/msg/detail/cobot_raw_status__type_support.cpp
[0.418s] -- Installing: /workspace/ros2/install/messages/lib/libmessages__rosidl_typesupport_introspection_cpp.so
[0.418s] -- Set runtime path of "/workspace/ros2/install/messages/lib/libmessages__rosidl_typesupport_introspection_cpp.so" to ""
[0.418s] -- Installing: /workspace/ros2/install/messages/lib/libmessages__rosidl_typesupport_cpp.so
[0.418s] -- Set runtime path of "/workspace/ros2/install/messages/lib/libmessages__rosidl_typesupport_cpp.so" to ""
[0.419s] -- Installing: /workspace/ros2/install/messages/share/messages/environment/pythonpath.sh
[0.419s] -- Installing: /workspace/ros2/install/messages/share/messages/environment/pythonpath.dsv
[0.419s] -- Installing: /workspace/ros2/install/messages/lib/python3.10/site-packages/messages-0.0.0-py3.10.egg-info
[0.419s] -- Installing: /workspace/ros2/install/messages/lib/python3.10/site-packages/messages-0.0.0-py3.10.egg-info/SOURCES.txt
[0.419s] -- Installing: /workspace/ros2/install/messages/lib/python3.10/site-packages/messages-0.0.0-py3.10.egg-info/PKG-INFO
[0.419s] -- Installing: /workspace/ros2/install/messages/lib/python3.10/site-packages/messages-0.0.0-py3.10.egg-info/top_level.txt
[0.419s] -- Installing: /workspace/ros2/install/messages/lib/python3.10/site-packages/messages-0.0.0-py3.10.egg-info/dependency_links.txt
[0.419s] -- Installing: /workspace/ros2/install/messages/lib/python3.10/site-packages/messages
[0.420s] -- Installing: /workspace/ros2/install/messages/lib/python3.10/site-packages/messages/messages_s__rosidl_typesupport_fastrtps_c.cpython-310-x86_64-linux-gnu.so
[0.420s] -- Installing: /workspace/ros2/install/messages/lib/python3.10/site-packages/messages/_messages_s.ep.rosidl_typesupport_fastrtps_c.c
[0.420s] -- Installing: /workspace/ros2/install/messages/lib/python3.10/site-packages/messages/_messages_s.ep.rosidl_typesupport_c.c
[0.420s] -- Installing: /workspace/ros2/install/messages/lib/python3.10/site-packages/messages/msg
[0.420s] -- Installing: /workspace/ros2/install/messages/lib/python3.10/site-packages/messages/msg/_cobot_raw_status.py
[0.420s] -- Installing: /workspace/ros2/install/messages/lib/python3.10/site-packages/messages/msg/_cobot_raw_status_s.c
[0.420s] -- Installing: /workspace/ros2/install/messages/lib/python3.10/site-packages/messages/msg/__init__.py
[0.420s] -- Installing: /workspace/ros2/install/messages/lib/python3.10/site-packages/messages/__init__.py
[0.420s] -- Installing: /workspace/ros2/install/messages/lib/python3.10/site-packages/messages/messages_s__rosidl_typesupport_c.cpython-310-x86_64-linux-gnu.so
[0.420s] -- Installing: /workspace/ros2/install/messages/lib/python3.10/site-packages/messages/_messages_s.ep.rosidl_typesupport_introspection_c.c
[0.420s] -- Installing: /workspace/ros2/install/messages/lib/python3.10/site-packages/messages/libmessages__rosidl_generator_py.so
[0.420s] -- Installing: /workspace/ros2/install/messages/lib/python3.10/site-packages/messages/messages_s__rosidl_typesupport_introspection_c.cpython-310-x86_64-linux-gnu.so
[0.446s] Listing '/workspace/ros2/install/messages/lib/python3.10/site-packages/messages'...
[0.446s] Compiling '/workspace/ros2/install/messages/lib/python3.10/site-packages/messages/__init__.py'...
[0.446s] Listing '/workspace/ros2/install/messages/lib/python3.10/site-packages/messages/msg'...
[0.447s] Compiling '/workspace/ros2/install/messages/lib/python3.10/site-packages/messages/msg/__init__.py'...
[0.447s] Compiling '/workspace/ros2/install/messages/lib/python3.10/site-packages/messages/msg/_cobot_raw_status.py'...
[0.452s] -- Installing: /workspace/ros2/install/messages/lib/python3.10/site-packages/messages/messages_s__rosidl_typesupport_fastrtps_c.cpython-310-x86_64-linux-gnu.so
[0.453s] -- Set runtime path of "/workspace/ros2/install/messages/lib/python3.10/site-packages/messages/messages_s__rosidl_typesupport_fastrtps_c.cpython-310-x86_64-linux-gnu.so" to ""
[0.453s] -- Installing: /workspace/ros2/install/messages/lib/python3.10/site-packages/messages/messages_s__rosidl_typesupport_introspection_c.cpython-310-x86_64-linux-gnu.so
[0.453s] -- Set runtime path of "/workspace/ros2/install/messages/lib/python3.10/site-packages/messages/messages_s__rosidl_typesupport_introspection_c.cpython-310-x86_64-linux-gnu.so" to ""
[0.455s] -- Installing: /workspace/ros2/install/messages/lib/python3.10/site-packages/messages/messages_s__rosidl_typesupport_c.cpython-310-x86_64-linux-gnu.so
[0.455s] -- Set runtime path of "/workspace/ros2/install/messages/lib/python3.10/site-packages/messages/messages_s__rosidl_typesupport_c.cpython-310-x86_64-linux-gnu.so" to ""
[0.456s] -- Installing: /workspace/ros2/install/messages/lib/libmessages__rosidl_generator_py.so
[0.456s] -- Set runtime path of "/workspace/ros2/install/messages/lib/libmessages__rosidl_generator_py.so" to ""
[0.456s] -- Installing: /workspace/ros2/install/messages/share/messages/msg/CobotRawStatus.idl
[0.456s] -- Installing: /workspace/ros2/install/messages/share/messages/msg/CobotRawStatus.msg
[0.456s] -- Installing: /workspace/ros2/install/messages/share/ament_index/resource_index/package_run_dependencies/messages
[0.456s] -- Installing: /workspace/ros2/install/messages/share/ament_index/resource_index/parent_prefix_path/messages
[0.457s] -- Installing: /workspace/ros2/install/messages/share/messages/environment/ament_prefix_path.sh
[0.457s] -- Installing: /workspace/ros2/install/messages/share/messages/environment/ament_prefix_path.dsv
[0.457s] -- Installing: /workspace/ros2/install/messages/share/messages/environment/path.sh
[0.457s] -- Installing: /workspace/ros2/install/messages/share/messages/environment/path.dsv
[0.457s] -- Installing: /workspace/ros2/install/messages/share/messages/local_setup.bash
[0.458s] -- Installing: /workspace/ros2/install/messages/share/messages/local_setup.sh
[0.458s] -- Installing: /workspace/ros2/install/messages/share/messages/local_setup.zsh
[0.458s] -- Installing: /workspace/ros2/install/messages/share/messages/local_setup.dsv
[0.458s] -- Installing: /workspace/ros2/install/messages/share/messages/package.dsv
[0.458s] -- Installing: /workspace/ros2/install/messages/share/ament_index/resource_index/packages/messages
[0.458s] -- Installing: /workspace/ros2/install/messages/share/messages/cmake/export_messages__rosidl_generator_cExport.cmake
[0.459s] -- Installing: /workspace/ros2/install/messages/share/messages/cmake/export_messages__rosidl_generator_cExport-noconfig.cmake
[0.459s] -- Installing: /workspace/ros2/install/messages/share/messages/cmake/export_messages__rosidl_typesupport_fastrtps_cExport.cmake
[0.459s] -- Installing: /workspace/ros2/install/messages/share/messages/cmake/export_messages__rosidl_typesupport_fastrtps_cExport-noconfig.cmake
[0.459s] -- Installing: /workspace/ros2/install/messages/share/messages/cmake/messages__rosidl_typesupport_introspection_cExport.cmake
[0.459s] -- Installing: /workspace/ros2/install/messages/share/messages/cmake/messages__rosidl_typesupport_introspection_cExport-noconfig.cmake
[0.460s] -- Installing: /workspace/ros2/install/messages/share/messages/cmake/messages__rosidl_typesupport_cExport.cmake
[0.460s] -- Installing: /workspace/ros2/install/messages/share/messages/cmake/messages__rosidl_typesupport_cExport-noconfig.cmake
[0.460s] -- Installing: /workspace/ros2/install/messages/share/messages/cmake/export_messages__rosidl_generator_cppExport.cmake
[0.460s] -- Installing: /workspace/ros2/install/messages/share/messages/cmake/export_messages__rosidl_typesupport_fastrtps_cppExport.cmake
[0.460s] -- Installing: /workspace/ros2/install/messages/share/messages/cmake/export_messages__rosidl_typesupport_fastrtps_cppExport-noconfig.cmake
[0.460s] -- Installing: /workspace/ros2/install/messages/share/messages/cmake/messages__rosidl_typesupport_introspection_cppExport.cmake
[0.461s] -- Installing: /workspace/ros2/install/messages/share/messages/cmake/messages__rosidl_typesupport_introspection_cppExport-noconfig.cmake
[0.461s] -- Installing: /workspace/ros2/install/messages/share/messages/cmake/messages__rosidl_typesupport_cppExport.cmake
[0.461s] -- Installing: /workspace/ros2/install/messages/share/messages/cmake/messages__rosidl_typesupport_cppExport-noconfig.cmake
[0.461s] -- Installing: /workspace/ros2/install/messages/share/messages/cmake/export_messages__rosidl_generator_pyExport.cmake
[0.461s] -- Installing: /workspace/ros2/install/messages/share/messages/cmake/export_messages__rosidl_generator_pyExport-noconfig.cmake
[0.461s] -- Installing: /workspace/ros2/install/messages/share/messages/cmake/rosidl_cmake-extras.cmake
[0.462s] -- Installing: /workspace/ros2/install/messages/share/messages/cmake/ament_cmake_export_dependencies-extras.cmake
[0.462s] -- Installing: /workspace/ros2/install/messages/share/messages/cmake/ament_cmake_export_include_directories-extras.cmake
[0.462s] -- Installing: /workspace/ros2/install/messages/share/messages/cmake/ament_cmake_export_libraries-extras.cmake
[0.462s] -- Installing: /workspace/ros2/install/messages/share/messages/cmake/ament_cmake_export_targets-extras.cmake
[0.462s] -- Installing: /workspace/ros2/install/messages/share/messages/cmake/rosidl_cmake_export_typesupport_targets-extras.cmake
[0.463s] -- Installing: /workspace/ros2/install/messages/share/messages/cmake/rosidl_cmake_export_typesupport_libraries-extras.cmake
[0.463s] -- Installing: /workspace/ros2/install/messages/share/messages/cmake/messagesConfig.cmake
[0.463s] -- Installing: /workspace/ros2/install/messages/share/messages/cmake/messagesConfig-version.cmake
[0.463s] -- Installing: /workspace/ros2/install/messages/share/messages/package.xml
[0.477s] Invoked command in '/workspace/ros2/build/messages' returned '0': CMAKE_PREFIX_PATH=/opt/ros/iron /usr/bin/cmake --install /workspace/ros2/build/messages
