[0.021s] Invoking command in '/workspace/ros2/build/urg_node2': CMAKE_PREFIX_PATH=/opt/ros/iron /usr/bin/cmake --build /workspace/ros2/build/urg_node2 -- -j8 -l8
[0.085s] [ 45%] Built target urg_c
[0.092s] [ 55%] Built target gtest_main
[0.092s] [ 65%] Built target gtest
[0.106s] [ 75%] Built target urg_node2_node
[0.115s] [ 85%] Built target urg_node2
[0.119s] [100%] Built target urg_node2_test
[0.137s] Invoked command in '/workspace/ros2/build/urg_node2' returned '0': CMAKE_PREFIX_PATH=/opt/ros/iron /usr/bin/cmake --build /workspace/ros2/build/urg_node2 -- -j8 -l8
[0.202s] Invoking command in '/workspace/ros2/build/urg_node2': CMAKE_PREFIX_PATH=/opt/ros/iron /usr/bin/cmake --install /workspace/ros2/build/urg_node2
[0.211s] -- Install configuration: ""
[0.212s] -- Up-to-date: /workspace/ros2/install/urg_node2/lib/urg_node2/urg_node2_node
[0.212s] -- Up-to-date: /workspace/ros2/install/urg_node2/lib/liburg_node2.so
[0.212s] -- Up-to-date: /workspace/ros2/install/urg_node2/lib/liburg_c.so
[0.213s] -- Up-to-date: /workspace/ros2/install/urg_node2/share/urg_node2/launch
[0.213s] -- Up-to-date: /workspace/ros2/install/urg_node2/share/urg_node2/launch/urg_node2_2lidar.launch.py
[0.213s] -- Up-to-date: /workspace/ros2/install/urg_node2/share/urg_node2/launch/urg_node2_component.launch.py
[0.213s] -- Up-to-date: /workspace/ros2/install/urg_node2/share/urg_node2/launch/urg_node2.launch.py
[0.216s] -- Up-to-date: /workspace/ros2/install/urg_node2/share/urg_node2/config
[0.216s] -- Installing: /workspace/ros2/install/urg_node2/share/urg_node2/config/params_serial.yaml
[0.216s] -- Up-to-date: /workspace/ros2/install/urg_node2/share/urg_node2/config/params_ether.yaml
[0.216s] -- Up-to-date: /workspace/ros2/install/urg_node2/share/urg_node2/config/params_ether_2nd.yaml
[0.217s] -- Up-to-date: /workspace/ros2/install/urg_node2/share/ament_index/resource_index/package_run_dependencies/urg_node2
[0.217s] -- Up-to-date: /workspace/ros2/install/urg_node2/share/ament_index/resource_index/parent_prefix_path/urg_node2
[0.217s] -- Up-to-date: /workspace/ros2/install/urg_node2/share/urg_node2/environment/ament_prefix_path.sh
[0.217s] -- Up-to-date: /workspace/ros2/install/urg_node2/share/urg_node2/environment/ament_prefix_path.dsv
[0.217s] -- Up-to-date: /workspace/ros2/install/urg_node2/share/urg_node2/environment/path.sh
[0.217s] -- Up-to-date: /workspace/ros2/install/urg_node2/share/urg_node2/environment/path.dsv
[0.218s] -- Up-to-date: /workspace/ros2/install/urg_node2/share/urg_node2/local_setup.bash
[0.218s] -- Up-to-date: /workspace/ros2/install/urg_node2/share/urg_node2/local_setup.sh
[0.218s] -- Up-to-date: /workspace/ros2/install/urg_node2/share/urg_node2/local_setup.zsh
[0.218s] -- Up-to-date: /workspace/ros2/install/urg_node2/share/urg_node2/local_setup.dsv
[0.218s] -- Installing: /workspace/ros2/install/urg_node2/share/urg_node2/package.dsv
[0.218s] -- Up-to-date: /workspace/ros2/install/urg_node2/share/ament_index/resource_index/packages/urg_node2
[0.218s] -- Up-to-date: /workspace/ros2/install/urg_node2/share/ament_index/resource_index/rclcpp_components/urg_node2
[0.219s] -- Up-to-date: /workspace/ros2/install/urg_node2/share/urg_node2/cmake/urg_node2Config.cmake
[0.219s] -- Up-to-date: /workspace/ros2/install/urg_node2/share/urg_node2/cmake/urg_node2Config-version.cmake
[0.219s] -- Up-to-date: /workspace/ros2/install/urg_node2/share/urg_node2/package.xml
[0.220s] Invoked command in '/workspace/ros2/build/urg_node2' returned '0': CMAKE_PREFIX_PATH=/opt/ros/iron /usr/bin/cmake --install /workspace/ros2/build/urg_node2
