[0.097s] DEBUG:colcon:Command line arguments: ['/usr/bin/colcon', 'build']
[0.097s] DEBUG:colcon:Parsed command line arguments: Namespace(log_base=None, log_level=None, verb_name='build', build_base='build', install_base='install', merge_install=False, symlink_install=False, test_result_base=None, continue_on_error=False, executor='parallel', parallel_workers=8, event_handlers=None, ignore_user_meta=False, metas=['./colcon.meta'], base_paths=['.'], packages_ignore=None, packages_ignore_regex=None, paths=None, packages_up_to=None, packages_up_to_regex=None, packages_above=None, packages_above_and_dependencies=None, packages_above_depth=None, packages_select_by_dep=None, packages_skip_by_dep=None, packages_skip_up_to=None, packages_select_build_failed=False, packages_skip_build_finished=False, packages_select_test_failures=False, packages_skip_test_passed=False, packages_select=None, packages_skip=None, packages_select_regex=None, packages_skip_regex=None, packages_start=None, packages_end=None, cmake_args=None, cmake_target=None, cmake_target_skip_unavailable=False, cmake_clean_cache=False, cmake_clean_first=False, cmake_force_configure=False, ament_cmake_args=None, catkin_cmake_args=None, catkin_skip_building_tests=False, mixin_files=None, mixin=None, verb_parser=<colcon_mixin.mixin.mixin_argument.MixinArgumentDecorator object at 0x7f78b8572140>, verb_extension=<colcon_core.verb.build.BuildVerb object at 0x7f78b86ae7d0>, main=<bound method BuildVerb.main of <colcon_core.verb.build.BuildVerb object at 0x7f78b86ae7d0>>, mixin_verb=('build',))
[0.193s] Level 1:colcon.colcon_core.package_discovery:discover_packages(colcon_meta) check parameters
[0.194s] INFO:colcon.colcon_metadata.package_discovery.colcon_meta:Using configuration from '/root/.colcon/metadata/default/Gazebo.meta'
[0.194s] INFO:colcon.colcon_metadata.package_discovery.colcon_meta:Using configuration from '/root/.colcon/metadata/default/fastrtps.meta'
[0.194s] Level 1:colcon.colcon_core.package_discovery:discover_packages(recursive) check parameters
[0.195s] Level 1:colcon.colcon_core.package_discovery:discover_packages(ignore) check parameters
[0.195s] Level 1:colcon.colcon_core.package_discovery:discover_packages(path) check parameters
[0.195s] Level 1:colcon.colcon_core.package_discovery:discover_packages(colcon_meta) discover
[0.195s] Level 1:colcon.colcon_core.package_discovery:discover_packages(recursive) discover
[0.195s] INFO:colcon.colcon_core.package_discovery:Crawling recursively for packages in '/workspace/ros2_ws'
[0.195s] Level 1:colcon.colcon_core.package_identification:_identify(.) by extensions ['ignore', 'ignore_ament_install']
[0.195s] Level 1:colcon.colcon_core.package_identification:_identify(.) by extension 'ignore'
[0.195s] Level 1:colcon.colcon_core.package_identification:_identify(.) by extension 'ignore_ament_install'
[0.195s] Level 1:colcon.colcon_core.package_identification:_identify(.) by extensions ['colcon_pkg']
[0.195s] Level 1:colcon.colcon_core.package_identification:_identify(.) by extension 'colcon_pkg'
[0.195s] Level 1:colcon.colcon_core.package_identification:_identify(.) by extensions ['colcon_meta']
[0.195s] Level 1:colcon.colcon_core.package_identification:_identify(.) by extension 'colcon_meta'
[0.195s] Level 1:colcon.colcon_core.package_identification:_identify(.) by extensions ['ros']
[0.195s] Level 1:colcon.colcon_core.package_identification:_identify(.) by extension 'ros'
[0.205s] Level 1:colcon.colcon_core.package_identification:_identify(.) by extensions ['cmake', 'python']
[0.205s] Level 1:colcon.colcon_core.package_identification:_identify(.) by extension 'cmake'
[0.205s] Level 1:colcon.colcon_core.package_identification:_identify(.) by extension 'python'
[0.205s] Level 1:colcon.colcon_core.package_identification:_identify(.) by extensions ['python_setup_py']
[0.205s] Level 1:colcon.colcon_core.package_identification:_identify(.) by extension 'python_setup_py'
[0.205s] Level 1:colcon.colcon_core.package_identification:_identify(build) by extensions ['ignore', 'ignore_ament_install']
[0.205s] Level 1:colcon.colcon_core.package_identification:_identify(build) by extension 'ignore'
[0.205s] Level 1:colcon.colcon_core.package_identification:_identify(build) ignored
[0.205s] Level 1:colcon.colcon_core.package_identification:_identify(cobot_fds) by extensions ['ignore', 'ignore_ament_install']
[0.205s] Level 1:colcon.colcon_core.package_identification:_identify(cobot_fds) by extension 'ignore'
[0.205s] Level 1:colcon.colcon_core.package_identification:_identify(cobot_fds) by extension 'ignore_ament_install'
[0.205s] Level 1:colcon.colcon_core.package_identification:_identify(cobot_fds) by extensions ['colcon_pkg']
[0.205s] Level 1:colcon.colcon_core.package_identification:_identify(cobot_fds) by extension 'colcon_pkg'
[0.205s] Level 1:colcon.colcon_core.package_identification:_identify(cobot_fds) by extensions ['colcon_meta']
[0.205s] Level 1:colcon.colcon_core.package_identification:_identify(cobot_fds) by extension 'colcon_meta'
[0.205s] Level 1:colcon.colcon_core.package_identification:_identify(cobot_fds) by extensions ['ros']
[0.205s] Level 1:colcon.colcon_core.package_identification:_identify(cobot_fds) by extension 'ros'
[0.208s] DEBUG:colcon.colcon_core.package_identification:Package 'cobot_fds' with type 'ros.ament_cmake' and name 'cobot_fds'
[0.208s] Level 1:colcon.colcon_core.package_identification:_identify(install) by extensions ['ignore', 'ignore_ament_install']
[0.208s] Level 1:colcon.colcon_core.package_identification:_identify(install) by extension 'ignore'
[0.208s] Level 1:colcon.colcon_core.package_identification:_identify(install) ignored
[0.208s] Level 1:colcon.colcon_core.package_identification:_identify(log) by extensions ['ignore', 'ignore_ament_install']
[0.208s] Level 1:colcon.colcon_core.package_identification:_identify(log) by extension 'ignore'
[0.208s] Level 1:colcon.colcon_core.package_identification:_identify(log) ignored
[0.208s] Level 1:colcon.colcon_core.package_identification:_identify(messages) by extensions ['ignore', 'ignore_ament_install']
[0.208s] Level 1:colcon.colcon_core.package_identification:_identify(messages) by extension 'ignore'
[0.209s] Level 1:colcon.colcon_core.package_identification:_identify(messages) by extension 'ignore_ament_install'
[0.209s] Level 1:colcon.colcon_core.package_identification:_identify(messages) by extensions ['colcon_pkg']
[0.209s] Level 1:colcon.colcon_core.package_identification:_identify(messages) by extension 'colcon_pkg'
[0.209s] Level 1:colcon.colcon_core.package_identification:_identify(messages) by extensions ['colcon_meta']
[0.209s] Level 1:colcon.colcon_core.package_identification:_identify(messages) by extension 'colcon_meta'
[0.209s] Level 1:colcon.colcon_core.package_identification:_identify(messages) by extensions ['ros']
[0.209s] Level 1:colcon.colcon_core.package_identification:_identify(messages) by extension 'ros'
[0.209s] DEBUG:colcon.colcon_core.package_identification:Package 'messages' with type 'ros.ament_cmake' and name 'messages'
[0.209s] Level 1:colcon.colcon_core.package_discovery:discover_packages(recursive) using defaults
[0.209s] Level 1:colcon.colcon_core.package_discovery:discover_packages(ignore) discover
[0.210s] Level 1:colcon.colcon_core.package_discovery:discover_packages(ignore) using defaults
[0.210s] Level 1:colcon.colcon_core.package_discovery:discover_packages(path) discover
[0.210s] Level 1:colcon.colcon_core.package_discovery:discover_packages(path) using defaults
[0.227s] Level 5:colcon.colcon_core.verb:set package 'cobot_fds' build argument 'cmake_args' from command line to 'None'
[0.227s] Level 5:colcon.colcon_core.verb:set package 'cobot_fds' build argument 'cmake_target' from command line to 'None'
[0.227s] Level 5:colcon.colcon_core.verb:set package 'cobot_fds' build argument 'cmake_target_skip_unavailable' from command line to 'False'
[0.227s] Level 5:colcon.colcon_core.verb:set package 'cobot_fds' build argument 'cmake_clean_cache' from command line to 'False'
[0.227s] Level 5:colcon.colcon_core.verb:set package 'cobot_fds' build argument 'cmake_clean_first' from command line to 'False'
[0.227s] Level 5:colcon.colcon_core.verb:set package 'cobot_fds' build argument 'cmake_force_configure' from command line to 'False'
[0.227s] Level 5:colcon.colcon_core.verb:set package 'cobot_fds' build argument 'ament_cmake_args' from command line to 'None'
[0.228s] Level 5:colcon.colcon_core.verb:set package 'cobot_fds' build argument 'catkin_cmake_args' from command line to 'None'
[0.228s] Level 5:colcon.colcon_core.verb:set package 'cobot_fds' build argument 'catkin_skip_building_tests' from command line to 'False'
[0.228s] DEBUG:colcon.colcon_core.verb:Building package 'cobot_fds' with the following arguments: {'ament_cmake_args': None, 'build_base': '/workspace/ros2_ws/build/cobot_fds', 'catkin_cmake_args': None, 'catkin_skip_building_tests': False, 'cmake_args': None, 'cmake_clean_cache': False, 'cmake_clean_first': False, 'cmake_force_configure': False, 'cmake_target': None, 'cmake_target_skip_unavailable': False, 'install_base': '/workspace/ros2_ws/install/cobot_fds', 'merge_install': False, 'path': '/workspace/ros2_ws/cobot_fds', 'symlink_install': False, 'test_result_base': None}
[0.228s] Level 5:colcon.colcon_core.verb:set package 'messages' build argument 'cmake_args' from command line to 'None'
[0.228s] Level 5:colcon.colcon_core.verb:set package 'messages' build argument 'cmake_target' from command line to 'None'
[0.228s] Level 5:colcon.colcon_core.verb:set package 'messages' build argument 'cmake_target_skip_unavailable' from command line to 'False'
[0.228s] Level 5:colcon.colcon_core.verb:set package 'messages' build argument 'cmake_clean_cache' from command line to 'False'
[0.228s] Level 5:colcon.colcon_core.verb:set package 'messages' build argument 'cmake_clean_first' from command line to 'False'
[0.228s] Level 5:colcon.colcon_core.verb:set package 'messages' build argument 'cmake_force_configure' from command line to 'False'
[0.228s] Level 5:colcon.colcon_core.verb:set package 'messages' build argument 'ament_cmake_args' from command line to 'None'
[0.228s] Level 5:colcon.colcon_core.verb:set package 'messages' build argument 'catkin_cmake_args' from command line to 'None'
[0.228s] Level 5:colcon.colcon_core.verb:set package 'messages' build argument 'catkin_skip_building_tests' from command line to 'False'
[0.228s] DEBUG:colcon.colcon_core.verb:Building package 'messages' with the following arguments: {'ament_cmake_args': None, 'build_base': '/workspace/ros2_ws/build/messages', 'catkin_cmake_args': None, 'catkin_skip_building_tests': False, 'cmake_args': None, 'cmake_clean_cache': False, 'cmake_clean_first': False, 'cmake_force_configure': False, 'cmake_target': None, 'cmake_target_skip_unavailable': False, 'install_base': '/workspace/ros2_ws/install/messages', 'merge_install': False, 'path': '/workspace/ros2_ws/messages', 'symlink_install': False, 'test_result_base': None}
[0.228s] INFO:colcon.colcon_core.executor:Executing jobs using 'parallel' executor
[0.229s] DEBUG:colcon.colcon_parallel_executor.executor.parallel:run_until_complete
[0.230s] INFO:colcon.colcon_ros.task.ament_cmake.build:Building ROS package in '/workspace/ros2_ws/cobot_fds' with build type 'ament_cmake'
[0.230s] INFO:colcon.colcon_cmake.task.cmake.build:Building CMake package in '/workspace/ros2_ws/cobot_fds'
[0.232s] INFO:colcon.colcon_core.plugin_system:Skipping extension 'colcon_core.shell.bat': Not used on non-Windows systems
[0.232s] INFO:colcon.colcon_core.shell:Skip shell extension 'powershell' for command environment: Not usable outside of PowerShell
[0.232s] DEBUG:colcon.colcon_core.shell:Skip shell extension 'dsv' for command environment
[0.236s] INFO:colcon.colcon_ros.task.ament_cmake.build:Building ROS package in '/workspace/ros2_ws/messages' with build type 'ament_cmake'
[0.236s] INFO:colcon.colcon_cmake.task.cmake.build:Building CMake package in '/workspace/ros2_ws/messages'
[0.236s] INFO:colcon.colcon_core.shell:Skip shell extension 'powershell' for command environment: Not usable outside of PowerShell
[0.236s] DEBUG:colcon.colcon_core.shell:Skip shell extension 'dsv' for command environment
[0.245s] DEBUG:colcon.colcon_core.event_handler.log_command:Invoking command in '/workspace/ros2_ws/build/cobot_fds': CMAKE_PREFIX_PATH=${CMAKE_PREFIX_PATH}:/opt/ros/iron /usr/bin/cmake --build /workspace/ros2_ws/build/cobot_fds -- -j8 -l8
[0.250s] DEBUG:colcon.colcon_core.event_handler.log_command:Invoking command in '/workspace/ros2_ws/build/messages': CMAKE_PREFIX_PATH=${CMAKE_PREFIX_PATH}:/opt/ros/iron /usr/bin/cmake --build /workspace/ros2_ws/build/messages -- -j8 -l8
[0.551s] DEBUG:colcon.colcon_core.event_handler.log_command:Invoked command in '/workspace/ros2_ws/build/messages' returned '0': CMAKE_PREFIX_PATH=${CMAKE_PREFIX_PATH}:/opt/ros/iron /usr/bin/cmake --build /workspace/ros2_ws/build/messages -- -j8 -l8
[0.650s] DEBUG:colcon.colcon_core.event_handler.log_command:Invoking command in '/workspace/ros2_ws/build/messages': CMAKE_PREFIX_PATH=${CMAKE_PREFIX_PATH}:/opt/ros/iron /usr/bin/cmake --install /workspace/ros2_ws/build/messages
[0.712s] Level 1:colcon.colcon_core.environment:create_environment_scripts_only(messages)
[0.717s] Level 1:colcon.colcon_core.environment:checking '/workspace/ros2_ws/install/messages' for CMake module files
[0.718s] DEBUG:colcon.colcon_core.event_handler.log_command:Invoked command in '/workspace/ros2_ws/build/messages' returned '0': CMAKE_PREFIX_PATH=${CMAKE_PREFIX_PATH}:/opt/ros/iron /usr/bin/cmake --install /workspace/ros2_ws/build/messages
[0.718s] Level 1:colcon.colcon_core.environment:checking '/workspace/ros2_ws/install/messages' for CMake config files
[0.719s] Level 1:colcon.colcon_core.shell:create_environment_hook('messages', 'cmake_prefix_path')
[0.719s] INFO:colcon.colcon_core.shell:Creating environment hook '/workspace/ros2_ws/install/messages/share/messages/hook/cmake_prefix_path.ps1'
[0.720s] INFO:colcon.colcon_core.shell:Creating environment descriptor '/workspace/ros2_ws/install/messages/share/messages/hook/cmake_prefix_path.dsv'
[0.721s] INFO:colcon.colcon_core.shell:Creating environment hook '/workspace/ros2_ws/install/messages/share/messages/hook/cmake_prefix_path.sh'
[0.722s] Level 1:colcon.colcon_core.environment:checking '/workspace/ros2_ws/install/messages/lib'
[0.722s] Level 1:colcon.colcon_core.shell:create_environment_hook('messages', 'ld_library_path_lib')
[0.722s] INFO:colcon.colcon_core.shell:Creating environment hook '/workspace/ros2_ws/install/messages/share/messages/hook/ld_library_path_lib.ps1'
[0.723s] INFO:colcon.colcon_core.shell:Creating environment descriptor '/workspace/ros2_ws/install/messages/share/messages/hook/ld_library_path_lib.dsv'
[0.724s] INFO:colcon.colcon_core.shell:Creating environment hook '/workspace/ros2_ws/install/messages/share/messages/hook/ld_library_path_lib.sh'
[0.724s] Level 1:colcon.colcon_core.environment:checking '/workspace/ros2_ws/install/messages/bin'
[0.724s] Level 1:colcon.colcon_core.environment:checking '/workspace/ros2_ws/install/messages/lib/pkgconfig/messages.pc'
[0.727s] Level 1:colcon.colcon_core.environment:checking '/workspace/ros2_ws/install/messages/lib/python3.10/site-packages'
[0.727s] Level 1:colcon.colcon_core.shell:create_environment_hook('messages', 'pythonpath')
[0.727s] INFO:colcon.colcon_core.shell:Creating environment hook '/workspace/ros2_ws/install/messages/share/messages/hook/pythonpath.ps1'
[0.728s] INFO:colcon.colcon_core.shell:Creating environment descriptor '/workspace/ros2_ws/install/messages/share/messages/hook/pythonpath.dsv'
[0.728s] INFO:colcon.colcon_core.shell:Creating environment hook '/workspace/ros2_ws/install/messages/share/messages/hook/pythonpath.sh'
[0.729s] Level 1:colcon.colcon_core.environment:checking '/workspace/ros2_ws/install/messages/bin'
[0.729s] INFO:colcon.colcon_core.shell:Creating package script '/workspace/ros2_ws/install/messages/share/messages/package.ps1'
[0.731s] INFO:colcon.colcon_core.shell:Creating package descriptor '/workspace/ros2_ws/install/messages/share/messages/package.dsv'
[0.732s] INFO:colcon.colcon_core.shell:Creating package script '/workspace/ros2_ws/install/messages/share/messages/package.sh'
[0.733s] INFO:colcon.colcon_core.shell:Creating package script '/workspace/ros2_ws/install/messages/share/messages/package.bash'
[0.733s] INFO:colcon.colcon_core.shell:Creating package script '/workspace/ros2_ws/install/messages/share/messages/package.zsh'
[0.734s] Level 1:colcon.colcon_core.environment:create_file_with_runtime_dependencies(/workspace/ros2_ws/install/messages/share/colcon-core/packages/messages)
[0.819s] Level 1:colcon.colcon_core.environment:create_environment_scripts_only(messages)
[0.820s] Level 1:colcon.colcon_core.environment:checking '/workspace/ros2_ws/install/messages' for CMake module files
[0.821s] Level 1:colcon.colcon_core.environment:checking '/workspace/ros2_ws/install/messages' for CMake config files
[0.822s] Level 1:colcon.colcon_core.shell:create_environment_hook('messages', 'cmake_prefix_path')
[0.822s] INFO:colcon.colcon_core.shell:Creating environment hook '/workspace/ros2_ws/install/messages/share/messages/hook/cmake_prefix_path.ps1'
[0.823s] INFO:colcon.colcon_core.shell:Creating environment descriptor '/workspace/ros2_ws/install/messages/share/messages/hook/cmake_prefix_path.dsv'
[0.823s] INFO:colcon.colcon_core.shell:Creating environment hook '/workspace/ros2_ws/install/messages/share/messages/hook/cmake_prefix_path.sh'
[0.824s] Level 1:colcon.colcon_core.environment:checking '/workspace/ros2_ws/install/messages/lib'
[0.825s] Level 1:colcon.colcon_core.shell:create_environment_hook('messages', 'ld_library_path_lib')
[0.825s] INFO:colcon.colcon_core.shell:Creating environment hook '/workspace/ros2_ws/install/messages/share/messages/hook/ld_library_path_lib.ps1'
[0.826s] INFO:colcon.colcon_core.shell:Creating environment descriptor '/workspace/ros2_ws/install/messages/share/messages/hook/ld_library_path_lib.dsv'
[0.826s] INFO:colcon.colcon_core.shell:Creating environment hook '/workspace/ros2_ws/install/messages/share/messages/hook/ld_library_path_lib.sh'
[0.826s] Level 1:colcon.colcon_core.environment:checking '/workspace/ros2_ws/install/messages/bin'
[0.826s] Level 1:colcon.colcon_core.environment:checking '/workspace/ros2_ws/install/messages/lib/pkgconfig/messages.pc'
[0.827s] Level 1:colcon.colcon_core.environment:checking '/workspace/ros2_ws/install/messages/lib/python3.10/site-packages'
[0.827s] Level 1:colcon.colcon_core.shell:create_environment_hook('messages', 'pythonpath')
[0.827s] INFO:colcon.colcon_core.shell:Creating environment hook '/workspace/ros2_ws/install/messages/share/messages/hook/pythonpath.ps1'
[0.827s] INFO:colcon.colcon_core.shell:Creating environment descriptor '/workspace/ros2_ws/install/messages/share/messages/hook/pythonpath.dsv'
[0.828s] INFO:colcon.colcon_core.shell:Creating environment hook '/workspace/ros2_ws/install/messages/share/messages/hook/pythonpath.sh'
[0.828s] Level 1:colcon.colcon_core.environment:checking '/workspace/ros2_ws/install/messages/bin'
[0.828s] INFO:colcon.colcon_core.shell:Creating package script '/workspace/ros2_ws/install/messages/share/messages/package.ps1'
[0.829s] INFO:colcon.colcon_core.shell:Creating package descriptor '/workspace/ros2_ws/install/messages/share/messages/package.dsv'
[0.829s] INFO:colcon.colcon_core.shell:Creating package script '/workspace/ros2_ws/install/messages/share/messages/package.sh'
[0.830s] INFO:colcon.colcon_core.shell:Creating package script '/workspace/ros2_ws/install/messages/share/messages/package.bash'
[0.830s] INFO:colcon.colcon_core.shell:Creating package script '/workspace/ros2_ws/install/messages/share/messages/package.zsh'
[0.831s] Level 1:colcon.colcon_core.environment:create_file_with_runtime_dependencies(/workspace/ros2_ws/install/messages/share/colcon-core/packages/messages)
[5.040s] DEBUG:colcon.colcon_core.event_handler.log_command:Invoked command in '/workspace/ros2_ws/build/cobot_fds' returned '2': CMAKE_PREFIX_PATH=${CMAKE_PREFIX_PATH}:/opt/ros/iron /usr/bin/cmake --build /workspace/ros2_ws/build/cobot_fds -- -j8 -l8
[5.077s] Level 1:colcon.colcon_core.environment:create_environment_scripts_only(cobot_fds)
[5.078s] Level 1:colcon.colcon_core.environment:checking '/workspace/ros2_ws/install/cobot_fds' for CMake module files
[5.079s] Level 1:colcon.colcon_core.environment:checking '/workspace/ros2_ws/install/cobot_fds' for CMake config files
[5.079s] Level 1:colcon.colcon_core.shell:create_environment_hook('cobot_fds', 'cmake_prefix_path')
[5.079s] INFO:colcon.colcon_core.shell:Creating environment hook '/workspace/ros2_ws/install/cobot_fds/share/cobot_fds/hook/cmake_prefix_path.ps1'
[5.080s] INFO:colcon.colcon_core.shell:Creating environment descriptor '/workspace/ros2_ws/install/cobot_fds/share/cobot_fds/hook/cmake_prefix_path.dsv'
[5.081s] INFO:colcon.colcon_core.shell:Creating environment hook '/workspace/ros2_ws/install/cobot_fds/share/cobot_fds/hook/cmake_prefix_path.sh'
[5.081s] Level 1:colcon.colcon_core.environment:checking '/workspace/ros2_ws/install/cobot_fds/bin'
[5.082s] Level 1:colcon.colcon_core.environment:checking '/workspace/ros2_ws/install/cobot_fds/lib/pkgconfig/cobot_fds.pc'
[5.082s] Level 1:colcon.colcon_core.environment:checking '/workspace/ros2_ws/install/cobot_fds/lib/python3.10/site-packages'
[5.083s] Level 1:colcon.colcon_core.environment:checking '/workspace/ros2_ws/install/cobot_fds/bin'
[5.083s] INFO:colcon.colcon_core.shell:Creating package script '/workspace/ros2_ws/install/cobot_fds/share/cobot_fds/package.ps1'
[5.084s] INFO:colcon.colcon_core.shell:Creating package descriptor '/workspace/ros2_ws/install/cobot_fds/share/cobot_fds/package.dsv'
[5.085s] INFO:colcon.colcon_core.shell:Creating package script '/workspace/ros2_ws/install/cobot_fds/share/cobot_fds/package.sh'
[5.085s] INFO:colcon.colcon_core.shell:Creating package script '/workspace/ros2_ws/install/cobot_fds/share/cobot_fds/package.bash'
[5.086s] INFO:colcon.colcon_core.shell:Creating package script '/workspace/ros2_ws/install/cobot_fds/share/cobot_fds/package.zsh'
[5.087s] Level 1:colcon.colcon_core.environment:create_file_with_runtime_dependencies(/workspace/ros2_ws/install/cobot_fds/share/colcon-core/packages/cobot_fds)
[5.097s] DEBUG:colcon.colcon_parallel_executor.executor.parallel:closing loop
[5.098s] DEBUG:colcon.colcon_parallel_executor.executor.parallel:loop closed
[5.098s] DEBUG:colcon.colcon_parallel_executor.executor.parallel:run_until_complete finished with '2'
[5.098s] DEBUG:colcon.colcon_core.event_reactor:joining thread
[5.107s] INFO:colcon.colcon_core.plugin_system:Skipping extension 'colcon_notification.desktop_notification.notify_send': Could not find 'notify-send'
[5.107s] INFO:colcon.colcon_core.plugin_system:Skipping extension 'colcon_notification.desktop_notification.terminal_notifier': Not used on non-Darwin systems
[5.107s] INFO:colcon.colcon_core.plugin_system:Skipping extension 'colcon_notification.desktop_notification.win32': Not used on non-Windows systems
[5.107s] INFO:colcon.colcon_notification.desktop_notification:Sending desktop notification using 'notify2'
[5.107s] DEBUG:colcon.colcon_notification.desktop_notification.notify2:Failed to initialize notify2: org.freedesktop.DBus.Error.NotSupported: Unable to autolaunch a dbus-daemon without a $DISPLAY for X11
[5.107s] DEBUG:colcon.colcon_core.event_reactor:joined thread
[5.108s] INFO:colcon.colcon_core.shell:Creating prefix script '/workspace/ros2_ws/install/local_setup.ps1'
[5.110s] INFO:colcon.colcon_core.shell:Creating prefix util module '/workspace/ros2_ws/install/_local_setup_util_ps1.py'
[5.113s] INFO:colcon.colcon_core.shell:Creating prefix chain script '/workspace/ros2_ws/install/setup.ps1'
[5.115s] INFO:colcon.colcon_core.shell:Creating prefix script '/workspace/ros2_ws/install/local_setup.sh'
[5.116s] INFO:colcon.colcon_core.shell:Creating prefix util module '/workspace/ros2_ws/install/_local_setup_util_sh.py'
[5.117s] INFO:colcon.colcon_core.shell:Creating prefix chain script '/workspace/ros2_ws/install/setup.sh'
[5.119s] INFO:colcon.colcon_core.shell:Creating prefix script '/workspace/ros2_ws/install/local_setup.bash'
[5.119s] INFO:colcon.colcon_core.shell:Creating prefix chain script '/workspace/ros2_ws/install/setup.bash'
[5.120s] INFO:colcon.colcon_core.shell:Creating prefix script '/workspace/ros2_ws/install/local_setup.zsh'
[5.121s] INFO:colcon.colcon_core.shell:Creating prefix chain script '/workspace/ros2_ws/install/setup.zsh'
