[35m[1mConsolidate compiler generated dependencies of target cobot_drive_main[0m
[ 20%] [32mBuilding CXX object CMakeFiles/cobot_drive_main.dir/src/cobot_drive_main.cpp.o[0m
[01m[K/workspace/ros2_ws/cobot_fds/src/cobot_drive_main.cpp:[m[K In constructor ‘[01m[KcobotDriveMain::cobotDriveMain()[m[K’:
[01m[K/workspace/ros2_ws/cobot_fds/src/cobot_drive_main.cpp:53:10:[m[K [01;35m[Kwarning: [m[Kformat not a string literal and no format arguments [[01;35m[K-Wformat-security[m[K]
   53 |   printf([01;35m[KserialPort[m[K);
      |          [01;35m[K^~~~~~~~~~[m[K
In file included from [01m[K/workspace/ros2_ws/cobot_fds/include/cobot_drive_main.hpp:3[m[K,
                 from [01m[K/workspace/ros2_ws/cobot_fds/src/cobot_drive_main.cpp:22[m[K:
[01m[K/workspace/ros2_ws/cobot_fds/include/drive.h:[m[K At global scope:
[01m[K/workspace/ros2_ws/cobot_fds/include/drive.h:47:17:[m[K [01;35m[Kwarning: [m[K‘[01m[Kvector2d normalize(const vector2d&, double)[m[K’ defined but not used [[01;35m[K-Wunused-function[m[K]
   47 | static vector2d [01;35m[Knormalize[m[K(const vector2d& v, double len) {
      |                 [01;35m[K^~~~~~~~~[m[K
[ 40%] [32m[1mLinking CXX executable cobot_drive_main[0m
[100%] Built target cobot_drive_main
-- Install configuration: ""
-- Installing: /workspace/ros2_ws/install/cobot_fds/lib/cobot_fds/cobot_drive_main
-- Set runtime path of "/workspace/ros2_ws/install/cobot_fds/lib/cobot_fds/cobot_drive_main" to ""
-- Up-to-date: /workspace/ros2_ws/install/cobot_fds/share/ament_index/resource_index/package_run_dependencies/cobot_fds
-- Up-to-date: /workspace/ros2_ws/install/cobot_fds/share/ament_index/resource_index/parent_prefix_path/cobot_fds
-- Up-to-date: /workspace/ros2_ws/install/cobot_fds/share/cobot_fds/environment/ament_prefix_path.sh
-- Up-to-date: /workspace/ros2_ws/install/cobot_fds/share/cobot_fds/environment/ament_prefix_path.dsv
-- Up-to-date: /workspace/ros2_ws/install/cobot_fds/share/cobot_fds/environment/path.sh
-- Up-to-date: /workspace/ros2_ws/install/cobot_fds/share/cobot_fds/environment/path.dsv
-- Up-to-date: /workspace/ros2_ws/install/cobot_fds/share/cobot_fds/local_setup.bash
-- Up-to-date: /workspace/ros2_ws/install/cobot_fds/share/cobot_fds/local_setup.sh
-- Up-to-date: /workspace/ros2_ws/install/cobot_fds/share/cobot_fds/local_setup.zsh
-- Up-to-date: /workspace/ros2_ws/install/cobot_fds/share/cobot_fds/local_setup.dsv
-- Installing: /workspace/ros2_ws/install/cobot_fds/share/cobot_fds/package.dsv
-- Up-to-date: /workspace/ros2_ws/install/cobot_fds/share/ament_index/resource_index/packages/cobot_fds
-- Up-to-date: /workspace/ros2_ws/install/cobot_fds/share/cobot_fds/cmake/cobot_fdsConfig.cmake
-- Up-to-date: /workspace/ros2_ws/install/cobot_fds/share/cobot_fds/cmake/cobot_fdsConfig-version.cmake
-- Up-to-date: /workspace/ros2_ws/install/cobot_fds/share/cobot_fds/package.xml
