[0.097s] DEBUG:colcon:Command line arguments: ['/usr/bin/colcon', 'build']
[0.097s] DEBUG:colcon:Parsed command line arguments: Namespace(log_base=None, log_level=None, verb_name='build', build_base='build', install_base='install', merge_install=False, symlink_install=False, test_result_base=None, continue_on_error=False, executor='parallel', parallel_workers=8, event_handlers=None, ignore_user_meta=False, metas=['./colcon.meta'], base_paths=['.'], packages_ignore=None, packages_ignore_regex=None, paths=None, packages_up_to=None, packages_up_to_regex=None, packages_above=None, packages_above_and_dependencies=None, packages_above_depth=None, packages_select_by_dep=None, packages_skip_by_dep=None, packages_skip_up_to=None, packages_select_build_failed=False, packages_skip_build_finished=False, packages_select_test_failures=False, packages_skip_test_passed=False, packages_select=None, packages_skip=None, packages_select_regex=None, packages_skip_regex=None, packages_start=None, packages_end=None, cmake_args=None, cmake_target=None, cmake_target_skip_unavailable=False, cmake_clean_cache=False, cmake_clean_first=False, cmake_force_configure=False, ament_cmake_args=None, catkin_cmake_args=None, catkin_skip_building_tests=False, mixin_files=None, mixin=None, verb_parser=<colcon_mixin.mixin.mixin_argument.MixinArgumentDecorator object at 0x7f1c02ca5f60>, verb_extension=<colcon_core.verb.build.BuildVerb object at 0x7f1c02dba5f0>, main=<bound method BuildVerb.main of <colcon_core.verb.build.BuildVerb object at 0x7f1c02dba5f0>>, mixin_verb=('build',))
[0.194s] Level 1:colcon.colcon_core.package_discovery:discover_packages(colcon_meta) check parameters
[0.195s] INFO:colcon.colcon_metadata.package_discovery.colcon_meta:Using configuration from '/root/.colcon/metadata/default/Gazebo.meta'
[0.195s] INFO:colcon.colcon_metadata.package_discovery.colcon_meta:Using configuration from '/root/.colcon/metadata/default/fastrtps.meta'
[0.195s] Level 1:colcon.colcon_core.package_discovery:discover_packages(recursive) check parameters
[0.195s] Level 1:colcon.colcon_core.package_discovery:discover_packages(ignore) check parameters
[0.195s] Level 1:colcon.colcon_core.package_discovery:discover_packages(path) check parameters
[0.195s] Level 1:colcon.colcon_core.package_discovery:discover_packages(colcon_meta) discover
[0.195s] Level 1:colcon.colcon_core.package_discovery:discover_packages(recursive) discover
[0.195s] INFO:colcon.colcon_core.package_discovery:Crawling recursively for packages in '/workspace/ros2'
[0.196s] Level 1:colcon.colcon_core.package_identification:_identify(.) by extensions ['ignore', 'ignore_ament_install']
[0.196s] Level 1:colcon.colcon_core.package_identification:_identify(.) by extension 'ignore'
[0.196s] Level 1:colcon.colcon_core.package_identification:_identify(.) by extension 'ignore_ament_install'
[0.196s] Level 1:colcon.colcon_core.package_identification:_identify(.) by extensions ['colcon_pkg']
[0.196s] Level 1:colcon.colcon_core.package_identification:_identify(.) by extension 'colcon_pkg'
[0.196s] Level 1:colcon.colcon_core.package_identification:_identify(.) by extensions ['colcon_meta']
[0.196s] Level 1:colcon.colcon_core.package_identification:_identify(.) by extension 'colcon_meta'
[0.196s] Level 1:colcon.colcon_core.package_identification:_identify(.) by extensions ['ros']
[0.196s] Level 1:colcon.colcon_core.package_identification:_identify(.) by extension 'ros'
[0.205s] Level 1:colcon.colcon_core.package_identification:_identify(.) by extensions ['cmake', 'python']
[0.205s] Level 1:colcon.colcon_core.package_identification:_identify(.) by extension 'cmake'
[0.205s] Level 1:colcon.colcon_core.package_identification:_identify(.) by extension 'python'
[0.205s] Level 1:colcon.colcon_core.package_identification:_identify(.) by extensions ['python_setup_py']
[0.205s] Level 1:colcon.colcon_core.package_identification:_identify(.) by extension 'python_setup_py'
[0.205s] Level 1:colcon.colcon_core.package_identification:_identify(build) by extensions ['ignore', 'ignore_ament_install']
[0.205s] Level 1:colcon.colcon_core.package_identification:_identify(build) by extension 'ignore'
[0.206s] Level 1:colcon.colcon_core.package_identification:_identify(build) ignored
[0.206s] Level 1:colcon.colcon_core.package_identification:_identify(hardware) by extensions ['ignore', 'ignore_ament_install']
[0.206s] Level 1:colcon.colcon_core.package_identification:_identify(hardware) by extension 'ignore'
[0.206s] Level 1:colcon.colcon_core.package_identification:_identify(hardware) by extension 'ignore_ament_install'
[0.206s] Level 1:colcon.colcon_core.package_identification:_identify(hardware) by extensions ['colcon_pkg']
[0.206s] Level 1:colcon.colcon_core.package_identification:_identify(hardware) by extension 'colcon_pkg'
[0.206s] Level 1:colcon.colcon_core.package_identification:_identify(hardware) by extensions ['colcon_meta']
[0.206s] Level 1:colcon.colcon_core.package_identification:_identify(hardware) by extension 'colcon_meta'
[0.206s] Level 1:colcon.colcon_core.package_identification:_identify(hardware) by extensions ['ros']
[0.206s] Level 1:colcon.colcon_core.package_identification:_identify(hardware) by extension 'ros'
[0.206s] Level 1:colcon.colcon_core.package_identification:_identify(hardware) by extensions ['cmake', 'python']
[0.206s] Level 1:colcon.colcon_core.package_identification:_identify(hardware) by extension 'cmake'
[0.206s] Level 1:colcon.colcon_core.package_identification:_identify(hardware) by extension 'python'
[0.206s] Level 1:colcon.colcon_core.package_identification:_identify(hardware) by extensions ['python_setup_py']
[0.206s] Level 1:colcon.colcon_core.package_identification:_identify(hardware) by extension 'python_setup_py'
[0.206s] Level 1:colcon.colcon_core.package_identification:_identify(hardware/cobot_drive) by extensions ['ignore', 'ignore_ament_install']
[0.206s] Level 1:colcon.colcon_core.package_identification:_identify(hardware/cobot_drive) by extension 'ignore'
[0.206s] Level 1:colcon.colcon_core.package_identification:_identify(hardware/cobot_drive) by extension 'ignore_ament_install'
[0.206s] Level 1:colcon.colcon_core.package_identification:_identify(hardware/cobot_drive) by extensions ['colcon_pkg']
[0.206s] Level 1:colcon.colcon_core.package_identification:_identify(hardware/cobot_drive) by extension 'colcon_pkg'
[0.206s] Level 1:colcon.colcon_core.package_identification:_identify(hardware/cobot_drive) by extensions ['colcon_meta']
[0.207s] Level 1:colcon.colcon_core.package_identification:_identify(hardware/cobot_drive) by extension 'colcon_meta'
[0.207s] Level 1:colcon.colcon_core.package_identification:_identify(hardware/cobot_drive) by extensions ['ros']
[0.207s] Level 1:colcon.colcon_core.package_identification:_identify(hardware/cobot_drive) by extension 'ros'
[0.209s] DEBUG:colcon.colcon_core.package_identification:Package 'hardware/cobot_drive' with type 'ros.ament_cmake' and name 'cobot_drive'
[0.209s] Level 1:colcon.colcon_core.package_identification:_identify(hardware/urg_node) by extensions ['ignore', 'ignore_ament_install']
[0.209s] Level 1:colcon.colcon_core.package_identification:_identify(hardware/urg_node) by extension 'ignore'
[0.209s] Level 1:colcon.colcon_core.package_identification:_identify(hardware/urg_node) by extension 'ignore_ament_install'
[0.209s] Level 1:colcon.colcon_core.package_identification:_identify(hardware/urg_node) by extensions ['colcon_pkg']
[0.209s] Level 1:colcon.colcon_core.package_identification:_identify(hardware/urg_node) by extension 'colcon_pkg'
[0.209s] Level 1:colcon.colcon_core.package_identification:_identify(hardware/urg_node) by extensions ['colcon_meta']
[0.209s] Level 1:colcon.colcon_core.package_identification:_identify(hardware/urg_node) by extension 'colcon_meta'
[0.209s] Level 1:colcon.colcon_core.package_identification:_identify(hardware/urg_node) by extensions ['ros']
[0.209s] Level 1:colcon.colcon_core.package_identification:_identify(hardware/urg_node) by extension 'ros'
[0.211s] DEBUG:colcon.colcon_core.package_identification:Package 'hardware/urg_node' with type 'ros.ament_cmake' and name 'urg_node'
[0.211s] Level 1:colcon.colcon_core.package_identification:_identify(install) by extensions ['ignore', 'ignore_ament_install']
[0.211s] Level 1:colcon.colcon_core.package_identification:_identify(install) by extension 'ignore'
[0.211s] Level 1:colcon.colcon_core.package_identification:_identify(install) ignored
[0.211s] Level 1:colcon.colcon_core.package_identification:_identify(log) by extensions ['ignore', 'ignore_ament_install']
[0.211s] Level 1:colcon.colcon_core.package_identification:_identify(log) by extension 'ignore'
[0.211s] Level 1:colcon.colcon_core.package_identification:_identify(log) ignored
[0.211s] Level 1:colcon.colcon_core.package_identification:_identify(messages) by extensions ['ignore', 'ignore_ament_install']
[0.211s] Level 1:colcon.colcon_core.package_identification:_identify(messages) by extension 'ignore'
[0.211s] Level 1:colcon.colcon_core.package_identification:_identify(messages) by extension 'ignore_ament_install'
[0.211s] Level 1:colcon.colcon_core.package_identification:_identify(messages) by extensions ['colcon_pkg']
[0.211s] Level 1:colcon.colcon_core.package_identification:_identify(messages) by extension 'colcon_pkg'
[0.211s] Level 1:colcon.colcon_core.package_identification:_identify(messages) by extensions ['colcon_meta']
[0.211s] Level 1:colcon.colcon_core.package_identification:_identify(messages) by extension 'colcon_meta'
[0.211s] Level 1:colcon.colcon_core.package_identification:_identify(messages) by extensions ['ros']
[0.211s] Level 1:colcon.colcon_core.package_identification:_identify(messages) by extension 'ros'
[0.212s] DEBUG:colcon.colcon_core.package_identification:Package 'messages' with type 'ros.ament_cmake' and name 'messages'
[0.212s] Level 1:colcon.colcon_core.package_discovery:discover_packages(recursive) using defaults
[0.212s] Level 1:colcon.colcon_core.package_discovery:discover_packages(ignore) discover
[0.212s] Level 1:colcon.colcon_core.package_discovery:discover_packages(ignore) using defaults
[0.212s] Level 1:colcon.colcon_core.package_discovery:discover_packages(path) discover
[0.212s] Level 1:colcon.colcon_core.package_discovery:discover_packages(path) using defaults
[0.229s] Level 5:colcon.colcon_core.verb:set package 'messages' build argument 'cmake_args' from command line to 'None'
[0.230s] Level 5:colcon.colcon_core.verb:set package 'messages' build argument 'cmake_target' from command line to 'None'
[0.230s] Level 5:colcon.colcon_core.verb:set package 'messages' build argument 'cmake_target_skip_unavailable' from command line to 'False'
[0.230s] Level 5:colcon.colcon_core.verb:set package 'messages' build argument 'cmake_clean_cache' from command line to 'False'
[0.230s] Level 5:colcon.colcon_core.verb:set package 'messages' build argument 'cmake_clean_first' from command line to 'False'
[0.230s] Level 5:colcon.colcon_core.verb:set package 'messages' build argument 'cmake_force_configure' from command line to 'False'
[0.230s] Level 5:colcon.colcon_core.verb:set package 'messages' build argument 'ament_cmake_args' from command line to 'None'
[0.230s] Level 5:colcon.colcon_core.verb:set package 'messages' build argument 'catkin_cmake_args' from command line to 'None'
[0.230s] Level 5:colcon.colcon_core.verb:set package 'messages' build argument 'catkin_skip_building_tests' from command line to 'False'
[0.230s] DEBUG:colcon.colcon_core.verb:Building package 'messages' with the following arguments: {'ament_cmake_args': None, 'build_base': '/workspace/ros2/build/messages', 'catkin_cmake_args': None, 'catkin_skip_building_tests': False, 'cmake_args': None, 'cmake_clean_cache': False, 'cmake_clean_first': False, 'cmake_force_configure': False, 'cmake_target': None, 'cmake_target_skip_unavailable': False, 'install_base': '/workspace/ros2/install/messages', 'merge_install': False, 'path': '/workspace/ros2/messages', 'symlink_install': False, 'test_result_base': None}
[0.230s] Level 5:colcon.colcon_core.verb:set package 'urg_node' build argument 'cmake_args' from command line to 'None'
[0.230s] Level 5:colcon.colcon_core.verb:set package 'urg_node' build argument 'cmake_target' from command line to 'None'
[0.230s] Level 5:colcon.colcon_core.verb:set package 'urg_node' build argument 'cmake_target_skip_unavailable' from command line to 'False'
[0.230s] Level 5:colcon.colcon_core.verb:set package 'urg_node' build argument 'cmake_clean_cache' from command line to 'False'
[0.230s] Level 5:colcon.colcon_core.verb:set package 'urg_node' build argument 'cmake_clean_first' from command line to 'False'
[0.230s] Level 5:colcon.colcon_core.verb:set package 'urg_node' build argument 'cmake_force_configure' from command line to 'False'
[0.230s] Level 5:colcon.colcon_core.verb:set package 'urg_node' build argument 'ament_cmake_args' from command line to 'None'
[0.230s] Level 5:colcon.colcon_core.verb:set package 'urg_node' build argument 'catkin_cmake_args' from command line to 'None'
[0.230s] Level 5:colcon.colcon_core.verb:set package 'urg_node' build argument 'catkin_skip_building_tests' from command line to 'False'
[0.230s] DEBUG:colcon.colcon_core.verb:Building package 'urg_node' with the following arguments: {'ament_cmake_args': None, 'build_base': '/workspace/ros2/build/urg_node', 'catkin_cmake_args': None, 'catkin_skip_building_tests': False, 'cmake_args': None, 'cmake_clean_cache': False, 'cmake_clean_first': False, 'cmake_force_configure': False, 'cmake_target': None, 'cmake_target_skip_unavailable': False, 'install_base': '/workspace/ros2/install/urg_node', 'merge_install': False, 'path': '/workspace/ros2/hardware/urg_node', 'symlink_install': False, 'test_result_base': None}
[0.231s] Level 5:colcon.colcon_core.verb:set package 'cobot_drive' build argument 'cmake_args' from command line to 'None'
[0.231s] Level 5:colcon.colcon_core.verb:set package 'cobot_drive' build argument 'cmake_target' from command line to 'None'
[0.231s] Level 5:colcon.colcon_core.verb:set package 'cobot_drive' build argument 'cmake_target_skip_unavailable' from command line to 'False'
[0.231s] Level 5:colcon.colcon_core.verb:set package 'cobot_drive' build argument 'cmake_clean_cache' from command line to 'False'
[0.231s] Level 5:colcon.colcon_core.verb:set package 'cobot_drive' build argument 'cmake_clean_first' from command line to 'False'
[0.231s] Level 5:colcon.colcon_core.verb:set package 'cobot_drive' build argument 'cmake_force_configure' from command line to 'False'
[0.231s] Level 5:colcon.colcon_core.verb:set package 'cobot_drive' build argument 'ament_cmake_args' from command line to 'None'
[0.231s] Level 5:colcon.colcon_core.verb:set package 'cobot_drive' build argument 'catkin_cmake_args' from command line to 'None'
[0.231s] Level 5:colcon.colcon_core.verb:set package 'cobot_drive' build argument 'catkin_skip_building_tests' from command line to 'False'
[0.231s] DEBUG:colcon.colcon_core.verb:Building package 'cobot_drive' with the following arguments: {'ament_cmake_args': None, 'build_base': '/workspace/ros2/build/cobot_drive', 'catkin_cmake_args': None, 'catkin_skip_building_tests': False, 'cmake_args': None, 'cmake_clean_cache': False, 'cmake_clean_first': False, 'cmake_force_configure': False, 'cmake_target': None, 'cmake_target_skip_unavailable': False, 'install_base': '/workspace/ros2/install/cobot_drive', 'merge_install': False, 'path': '/workspace/ros2/hardware/cobot_drive', 'symlink_install': False, 'test_result_base': None}
[0.231s] INFO:colcon.colcon_core.executor:Executing jobs using 'parallel' executor
[0.232s] DEBUG:colcon.colcon_parallel_executor.executor.parallel:run_until_complete
[0.232s] INFO:colcon.colcon_ros.task.ament_cmake.build:Building ROS package in '/workspace/ros2/messages' with build type 'ament_cmake'
[0.233s] INFO:colcon.colcon_cmake.task.cmake.build:Building CMake package in '/workspace/ros2/messages'
[0.234s] INFO:colcon.colcon_core.plugin_system:Skipping extension 'colcon_core.shell.bat': Not used on non-Windows systems
[0.235s] INFO:colcon.colcon_core.shell:Skip shell extension 'powershell' for command environment: Not usable outside of PowerShell
[0.235s] DEBUG:colcon.colcon_core.shell:Skip shell extension 'dsv' for command environment
[0.238s] INFO:colcon.colcon_ros.task.ament_cmake.build:Building ROS package in '/workspace/ros2/hardware/urg_node' with build type 'ament_cmake'
[0.238s] INFO:colcon.colcon_cmake.task.cmake.build:Building CMake package in '/workspace/ros2/hardware/urg_node'
[0.238s] INFO:colcon.colcon_core.shell:Skip shell extension 'powershell' for command environment: Not usable outside of PowerShell
[0.238s] DEBUG:colcon.colcon_core.shell:Skip shell extension 'dsv' for command environment
[0.247s] DEBUG:colcon.colcon_core.event_handler.log_command:Invoking command in '/workspace/ros2/build/messages': CMAKE_PREFIX_PATH=/opt/ros/iron /usr/bin/cmake --build /workspace/ros2/build/messages -- -j8 -l8
[0.252s] DEBUG:colcon.colcon_core.event_handler.log_command:Invoking command in '/workspace/ros2/build/urg_node': CMAKE_PREFIX_PATH=/opt/ros/iron /usr/bin/cmake --build /workspace/ros2/build/urg_node -- -j8 -l8
[0.560s] DEBUG:colcon.colcon_core.event_handler.log_command:Invoked command in '/workspace/ros2/build/messages' returned '0': CMAKE_PREFIX_PATH=/opt/ros/iron /usr/bin/cmake --build /workspace/ros2/build/messages -- -j8 -l8
[0.656s] DEBUG:colcon.colcon_core.event_handler.log_command:Invoking command in '/workspace/ros2/build/messages': CMAKE_PREFIX_PATH=/opt/ros/iron /usr/bin/cmake --install /workspace/ros2/build/messages
[0.726s] Level 1:colcon.colcon_core.environment:create_environment_scripts_only(messages)
[0.727s] DEBUG:colcon.colcon_core.event_handler.log_command:Invoked command in '/workspace/ros2/build/messages' returned '0': CMAKE_PREFIX_PATH=/opt/ros/iron /usr/bin/cmake --install /workspace/ros2/build/messages
[0.730s] Level 1:colcon.colcon_core.environment:checking '/workspace/ros2/install/messages' for CMake module files
[0.731s] Level 1:colcon.colcon_core.environment:checking '/workspace/ros2/install/messages' for CMake config files
[0.731s] Level 1:colcon.colcon_core.shell:create_environment_hook('messages', 'cmake_prefix_path')
[0.732s] INFO:colcon.colcon_core.shell:Creating environment hook '/workspace/ros2/install/messages/share/messages/hook/cmake_prefix_path.ps1'
[0.734s] INFO:colcon.colcon_core.shell:Creating environment descriptor '/workspace/ros2/install/messages/share/messages/hook/cmake_prefix_path.dsv'
[0.735s] INFO:colcon.colcon_core.shell:Creating environment hook '/workspace/ros2/install/messages/share/messages/hook/cmake_prefix_path.sh'
[0.737s] Level 1:colcon.colcon_core.environment:checking '/workspace/ros2/install/messages/lib'
[0.737s] Level 1:colcon.colcon_core.shell:create_environment_hook('messages', 'ld_library_path_lib')
[0.738s] INFO:colcon.colcon_core.shell:Creating environment hook '/workspace/ros2/install/messages/share/messages/hook/ld_library_path_lib.ps1'
[0.739s] INFO:colcon.colcon_core.shell:Creating environment descriptor '/workspace/ros2/install/messages/share/messages/hook/ld_library_path_lib.dsv'
[0.739s] INFO:colcon.colcon_core.shell:Creating environment hook '/workspace/ros2/install/messages/share/messages/hook/ld_library_path_lib.sh'
[0.740s] Level 1:colcon.colcon_core.environment:checking '/workspace/ros2/install/messages/bin'
[0.740s] Level 1:colcon.colcon_core.environment:checking '/workspace/ros2/install/messages/lib/pkgconfig/messages.pc'
[0.743s] Level 1:colcon.colcon_core.environment:checking '/workspace/ros2/install/messages/lib/python3.10/site-packages'
[0.743s] Level 1:colcon.colcon_core.shell:create_environment_hook('messages', 'pythonpath')
[0.744s] INFO:colcon.colcon_core.shell:Creating environment hook '/workspace/ros2/install/messages/share/messages/hook/pythonpath.ps1'
[0.745s] INFO:colcon.colcon_core.shell:Creating environment descriptor '/workspace/ros2/install/messages/share/messages/hook/pythonpath.dsv'
[0.745s] INFO:colcon.colcon_core.shell:Creating environment hook '/workspace/ros2/install/messages/share/messages/hook/pythonpath.sh'
[0.746s] Level 1:colcon.colcon_core.environment:checking '/workspace/ros2/install/messages/bin'
[0.746s] INFO:colcon.colcon_core.shell:Creating package script '/workspace/ros2/install/messages/share/messages/package.ps1'
[0.747s] INFO:colcon.colcon_core.shell:Creating package descriptor '/workspace/ros2/install/messages/share/messages/package.dsv'
[0.748s] INFO:colcon.colcon_core.shell:Creating package script '/workspace/ros2/install/messages/share/messages/package.sh'
[0.751s] INFO:colcon.colcon_core.shell:Creating package script '/workspace/ros2/install/messages/share/messages/package.bash'
[0.753s] INFO:colcon.colcon_core.shell:Creating package script '/workspace/ros2/install/messages/share/messages/package.zsh'
[0.757s] Level 1:colcon.colcon_core.environment:create_file_with_runtime_dependencies(/workspace/ros2/install/messages/share/colcon-core/packages/messages)
[0.847s] Level 1:colcon.colcon_core.environment:create_environment_scripts_only(messages)
[0.847s] Level 1:colcon.colcon_core.environment:checking '/workspace/ros2/install/messages' for CMake module files
[0.848s] Level 1:colcon.colcon_core.environment:checking '/workspace/ros2/install/messages' for CMake config files
[0.849s] Level 1:colcon.colcon_core.shell:create_environment_hook('messages', 'cmake_prefix_path')
[0.849s] INFO:colcon.colcon_core.shell:Creating environment hook '/workspace/ros2/install/messages/share/messages/hook/cmake_prefix_path.ps1'
[0.850s] INFO:colcon.colcon_core.shell:Creating environment descriptor '/workspace/ros2/install/messages/share/messages/hook/cmake_prefix_path.dsv'
[0.850s] INFO:colcon.colcon_core.shell:Creating environment hook '/workspace/ros2/install/messages/share/messages/hook/cmake_prefix_path.sh'
[0.851s] Level 1:colcon.colcon_core.environment:checking '/workspace/ros2/install/messages/lib'
[0.851s] Level 1:colcon.colcon_core.shell:create_environment_hook('messages', 'ld_library_path_lib')
[0.851s] INFO:colcon.colcon_core.shell:Creating environment hook '/workspace/ros2/install/messages/share/messages/hook/ld_library_path_lib.ps1'
[0.852s] INFO:colcon.colcon_core.shell:Creating environment descriptor '/workspace/ros2/install/messages/share/messages/hook/ld_library_path_lib.dsv'
[0.852s] INFO:colcon.colcon_core.shell:Creating environment hook '/workspace/ros2/install/messages/share/messages/hook/ld_library_path_lib.sh'
[0.853s] Level 1:colcon.colcon_core.environment:checking '/workspace/ros2/install/messages/bin'
[0.853s] Level 1:colcon.colcon_core.environment:checking '/workspace/ros2/install/messages/lib/pkgconfig/messages.pc'
[0.853s] Level 1:colcon.colcon_core.environment:checking '/workspace/ros2/install/messages/lib/python3.10/site-packages'
[0.853s] Level 1:colcon.colcon_core.shell:create_environment_hook('messages', 'pythonpath')
[0.853s] INFO:colcon.colcon_core.shell:Creating environment hook '/workspace/ros2/install/messages/share/messages/hook/pythonpath.ps1'
[0.854s] INFO:colcon.colcon_core.shell:Creating environment descriptor '/workspace/ros2/install/messages/share/messages/hook/pythonpath.dsv'
[0.854s] INFO:colcon.colcon_core.shell:Creating environment hook '/workspace/ros2/install/messages/share/messages/hook/pythonpath.sh'
[0.855s] Level 1:colcon.colcon_core.environment:checking '/workspace/ros2/install/messages/bin'
[0.856s] INFO:colcon.colcon_core.shell:Creating package script '/workspace/ros2/install/messages/share/messages/package.ps1'
[0.856s] INFO:colcon.colcon_core.shell:Creating package descriptor '/workspace/ros2/install/messages/share/messages/package.dsv'
[0.857s] INFO:colcon.colcon_core.shell:Creating package script '/workspace/ros2/install/messages/share/messages/package.sh'
[0.858s] INFO:colcon.colcon_core.shell:Creating package script '/workspace/ros2/install/messages/share/messages/package.bash'
[0.858s] INFO:colcon.colcon_core.shell:Creating package script '/workspace/ros2/install/messages/share/messages/package.zsh'
[0.859s] Level 1:colcon.colcon_core.environment:create_file_with_runtime_dependencies(/workspace/ros2/install/messages/share/colcon-core/packages/messages)
[0.859s] INFO:colcon.colcon_ros.task.ament_cmake.build:Building ROS package in '/workspace/ros2/hardware/cobot_drive' with build type 'ament_cmake'
[0.860s] INFO:colcon.colcon_cmake.task.cmake.build:Building CMake package in '/workspace/ros2/hardware/cobot_drive'
[0.861s] INFO:colcon.colcon_core.shell:Skip shell extension 'powershell' for command environment: Not usable outside of PowerShell
[0.861s] DEBUG:colcon.colcon_core.shell:Skip shell extension 'dsv' for command environment
[0.875s] DEBUG:colcon.colcon_core.event_handler.log_command:Invoking command in '/workspace/ros2/build/cobot_drive': AMENT_PREFIX_PATH=/workspace/ros2/install/messages:${AMENT_PREFIX_PATH} CMAKE_PREFIX_PATH=/workspace/ros2/install/messages:/opt/ros/iron LD_LIBRARY_PATH=/workspace/ros2/install/messages/lib:${LD_LIBRARY_PATH} PYTHONPATH=/workspace/ros2/install/messages/lib/python3.10/site-packages:${PYTHONPATH} /usr/bin/cmake /workspace/ros2/hardware/cobot_drive -DCMAKE_INSTALL_PREFIX=/workspace/ros2/install/cobot_drive
[2.790s] DEBUG:colcon.colcon_core.event_handler.log_command:Invoked command in '/workspace/ros2/build/cobot_drive' returned '0': AMENT_PREFIX_PATH=/workspace/ros2/install/messages:${AMENT_PREFIX_PATH} CMAKE_PREFIX_PATH=/workspace/ros2/install/messages:/opt/ros/iron LD_LIBRARY_PATH=/workspace/ros2/install/messages/lib:${LD_LIBRARY_PATH} PYTHONPATH=/workspace/ros2/install/messages/lib/python3.10/site-packages:${PYTHONPATH} /usr/bin/cmake /workspace/ros2/hardware/cobot_drive -DCMAKE_INSTALL_PREFIX=/workspace/ros2/install/cobot_drive
[2.791s] DEBUG:colcon.colcon_core.event_handler.log_command:Invoking command in '/workspace/ros2/build/cobot_drive': AMENT_PREFIX_PATH=/workspace/ros2/install/messages:${AMENT_PREFIX_PATH} CMAKE_PREFIX_PATH=/workspace/ros2/install/messages:/opt/ros/iron LD_LIBRARY_PATH=/workspace/ros2/install/messages/lib:${LD_LIBRARY_PATH} PYTHONPATH=/workspace/ros2/install/messages/lib/python3.10/site-packages:${PYTHONPATH} /usr/bin/cmake --build /workspace/ros2/build/cobot_drive -- -j8 -l8
[12.085s] DEBUG:colcon.colcon_core.event_handler.log_command:Invoked command in '/workspace/ros2/build/urg_node' returned '0': CMAKE_PREFIX_PATH=/opt/ros/iron /usr/bin/cmake --build /workspace/ros2/build/urg_node -- -j8 -l8
[12.127s] DEBUG:colcon.colcon_core.event_handler.log_command:Invoking command in '/workspace/ros2/build/urg_node': CMAKE_PREFIX_PATH=/opt/ros/iron /usr/bin/cmake --install /workspace/ros2/build/urg_node
[12.151s] Level 1:colcon.colcon_core.environment:create_environment_scripts_only(urg_node)
[12.152s] Level 1:colcon.colcon_core.environment:checking '/workspace/ros2/install/urg_node' for CMake module files
[12.152s] DEBUG:colcon.colcon_core.event_handler.log_command:Invoked command in '/workspace/ros2/build/urg_node' returned '0': CMAKE_PREFIX_PATH=/opt/ros/iron /usr/bin/cmake --install /workspace/ros2/build/urg_node
[12.153s] Level 1:colcon.colcon_core.environment:checking '/workspace/ros2/install/urg_node' for CMake config files
[12.154s] Level 1:colcon.colcon_core.shell:create_environment_hook('urg_node', 'cmake_prefix_path')
[12.154s] INFO:colcon.colcon_core.shell:Creating environment hook '/workspace/ros2/install/urg_node/share/urg_node/hook/cmake_prefix_path.ps1'
[12.155s] INFO:colcon.colcon_core.shell:Creating environment descriptor '/workspace/ros2/install/urg_node/share/urg_node/hook/cmake_prefix_path.dsv'
[12.156s] INFO:colcon.colcon_core.shell:Creating environment hook '/workspace/ros2/install/urg_node/share/urg_node/hook/cmake_prefix_path.sh'
[12.157s] Level 1:colcon.colcon_core.environment:checking '/workspace/ros2/install/urg_node/lib'
[12.157s] Level 1:colcon.colcon_core.shell:create_environment_hook('urg_node', 'ld_library_path_lib')
[12.157s] INFO:colcon.colcon_core.shell:Creating environment hook '/workspace/ros2/install/urg_node/share/urg_node/hook/ld_library_path_lib.ps1'
[12.158s] INFO:colcon.colcon_core.shell:Creating environment descriptor '/workspace/ros2/install/urg_node/share/urg_node/hook/ld_library_path_lib.dsv'
[12.159s] INFO:colcon.colcon_core.shell:Creating environment hook '/workspace/ros2/install/urg_node/share/urg_node/hook/ld_library_path_lib.sh'
[12.159s] Level 1:colcon.colcon_core.environment:checking '/workspace/ros2/install/urg_node/bin'
[12.160s] Level 1:colcon.colcon_core.environment:checking '/workspace/ros2/install/urg_node/lib/pkgconfig/urg_node.pc'
[12.160s] Level 1:colcon.colcon_core.environment:checking '/workspace/ros2/install/urg_node/lib/python3.10/site-packages'
[12.161s] Level 1:colcon.colcon_core.environment:checking '/workspace/ros2/install/urg_node/bin'
[12.161s] INFO:colcon.colcon_core.shell:Creating package script '/workspace/ros2/install/urg_node/share/urg_node/package.ps1'
[12.162s] INFO:colcon.colcon_core.shell:Creating package descriptor '/workspace/ros2/install/urg_node/share/urg_node/package.dsv'
[12.162s] INFO:colcon.colcon_core.shell:Creating package script '/workspace/ros2/install/urg_node/share/urg_node/package.sh'
[12.163s] INFO:colcon.colcon_core.shell:Creating package script '/workspace/ros2/install/urg_node/share/urg_node/package.bash'
[12.163s] INFO:colcon.colcon_core.shell:Creating package script '/workspace/ros2/install/urg_node/share/urg_node/package.zsh'
[12.163s] Level 1:colcon.colcon_core.environment:create_file_with_runtime_dependencies(/workspace/ros2/install/urg_node/share/colcon-core/packages/urg_node)
[12.208s] Level 1:colcon.colcon_core.environment:create_environment_scripts_only(urg_node)
[12.208s] Level 1:colcon.colcon_core.environment:checking '/workspace/ros2/install/urg_node' for CMake module files
[12.209s] Level 1:colcon.colcon_core.environment:checking '/workspace/ros2/install/urg_node' for CMake config files
[12.210s] Level 1:colcon.colcon_core.shell:create_environment_hook('urg_node', 'cmake_prefix_path')
[12.210s] INFO:colcon.colcon_core.shell:Creating environment hook '/workspace/ros2/install/urg_node/share/urg_node/hook/cmake_prefix_path.ps1'
[12.211s] INFO:colcon.colcon_core.shell:Creating environment descriptor '/workspace/ros2/install/urg_node/share/urg_node/hook/cmake_prefix_path.dsv'
[12.211s] INFO:colcon.colcon_core.shell:Creating environment hook '/workspace/ros2/install/urg_node/share/urg_node/hook/cmake_prefix_path.sh'
[12.212s] Level 1:colcon.colcon_core.environment:checking '/workspace/ros2/install/urg_node/lib'
[12.212s] Level 1:colcon.colcon_core.shell:create_environment_hook('urg_node', 'ld_library_path_lib')
[12.213s] INFO:colcon.colcon_core.shell:Creating environment hook '/workspace/ros2/install/urg_node/share/urg_node/hook/ld_library_path_lib.ps1'
[12.214s] INFO:colcon.colcon_core.shell:Creating environment descriptor '/workspace/ros2/install/urg_node/share/urg_node/hook/ld_library_path_lib.dsv'
[12.214s] INFO:colcon.colcon_core.shell:Creating environment hook '/workspace/ros2/install/urg_node/share/urg_node/hook/ld_library_path_lib.sh'
[12.215s] Level 1:colcon.colcon_core.environment:checking '/workspace/ros2/install/urg_node/bin'
[12.215s] Level 1:colcon.colcon_core.environment:checking '/workspace/ros2/install/urg_node/lib/pkgconfig/urg_node.pc'
[12.215s] Level 1:colcon.colcon_core.environment:checking '/workspace/ros2/install/urg_node/lib/python3.10/site-packages'
[12.216s] Level 1:colcon.colcon_core.environment:checking '/workspace/ros2/install/urg_node/bin'
[12.216s] INFO:colcon.colcon_core.shell:Creating package script '/workspace/ros2/install/urg_node/share/urg_node/package.ps1'
[12.217s] INFO:colcon.colcon_core.shell:Creating package descriptor '/workspace/ros2/install/urg_node/share/urg_node/package.dsv'
[12.217s] INFO:colcon.colcon_core.shell:Creating package script '/workspace/ros2/install/urg_node/share/urg_node/package.sh'
[12.218s] INFO:colcon.colcon_core.shell:Creating package script '/workspace/ros2/install/urg_node/share/urg_node/package.bash'
[12.218s] INFO:colcon.colcon_core.shell:Creating package script '/workspace/ros2/install/urg_node/share/urg_node/package.zsh'
[12.218s] Level 1:colcon.colcon_core.environment:create_file_with_runtime_dependencies(/workspace/ros2/install/urg_node/share/colcon-core/packages/urg_node)
[12.826s] DEBUG:colcon.colcon_core.event_handler.log_command:Invoked command in '/workspace/ros2/build/cobot_drive' returned '0': AMENT_PREFIX_PATH=/workspace/ros2/install/messages:${AMENT_PREFIX_PATH} CMAKE_PREFIX_PATH=/workspace/ros2/install/messages:/opt/ros/iron LD_LIBRARY_PATH=/workspace/ros2/install/messages/lib:${LD_LIBRARY_PATH} PYTHONPATH=/workspace/ros2/install/messages/lib/python3.10/site-packages:${PYTHONPATH} /usr/bin/cmake --build /workspace/ros2/build/cobot_drive -- -j8 -l8
[12.865s] DEBUG:colcon.colcon_core.event_handler.log_command:Invoking command in '/workspace/ros2/build/cobot_drive': AMENT_PREFIX_PATH=/workspace/ros2/install/messages:${AMENT_PREFIX_PATH} CMAKE_PREFIX_PATH=/workspace/ros2/install/messages:/opt/ros/iron LD_LIBRARY_PATH=/workspace/ros2/install/messages/lib:${LD_LIBRARY_PATH} PYTHONPATH=/workspace/ros2/install/messages/lib/python3.10/site-packages:${PYTHONPATH} /usr/bin/cmake --install /workspace/ros2/build/cobot_drive
[12.882s] Level 1:colcon.colcon_core.environment:create_environment_scripts_only(cobot_drive)
[12.883s] Level 1:colcon.colcon_core.environment:checking '/workspace/ros2/install/cobot_drive' for CMake module files
[12.884s] DEBUG:colcon.colcon_core.event_handler.log_command:Invoked command in '/workspace/ros2/build/cobot_drive' returned '0': AMENT_PREFIX_PATH=/workspace/ros2/install/messages:${AMENT_PREFIX_PATH} CMAKE_PREFIX_PATH=/workspace/ros2/install/messages:/opt/ros/iron LD_LIBRARY_PATH=/workspace/ros2/install/messages/lib:${LD_LIBRARY_PATH} PYTHONPATH=/workspace/ros2/install/messages/lib/python3.10/site-packages:${PYTHONPATH} /usr/bin/cmake --install /workspace/ros2/build/cobot_drive
[12.885s] Level 1:colcon.colcon_core.environment:checking '/workspace/ros2/install/cobot_drive' for CMake config files
[12.886s] Level 1:colcon.colcon_core.shell:create_environment_hook('cobot_drive', 'cmake_prefix_path')
[12.886s] INFO:colcon.colcon_core.shell:Creating environment hook '/workspace/ros2/install/cobot_drive/share/cobot_drive/hook/cmake_prefix_path.ps1'
[12.887s] INFO:colcon.colcon_core.shell:Creating environment descriptor '/workspace/ros2/install/cobot_drive/share/cobot_drive/hook/cmake_prefix_path.dsv'
[12.888s] INFO:colcon.colcon_core.shell:Creating environment hook '/workspace/ros2/install/cobot_drive/share/cobot_drive/hook/cmake_prefix_path.sh'
[12.889s] Level 1:colcon.colcon_core.environment:checking '/workspace/ros2/install/cobot_drive/lib'
[12.889s] Level 1:colcon.colcon_core.environment:checking '/workspace/ros2/install/cobot_drive/bin'
[12.889s] Level 1:colcon.colcon_core.environment:checking '/workspace/ros2/install/cobot_drive/lib/pkgconfig/cobot_drive.pc'
[12.890s] Level 1:colcon.colcon_core.environment:checking '/workspace/ros2/install/cobot_drive/lib/python3.10/site-packages'
[12.891s] Level 1:colcon.colcon_core.environment:checking '/workspace/ros2/install/cobot_drive/bin'
[12.891s] INFO:colcon.colcon_core.shell:Creating package script '/workspace/ros2/install/cobot_drive/share/cobot_drive/package.ps1'
[12.892s] INFO:colcon.colcon_core.shell:Creating package descriptor '/workspace/ros2/install/cobot_drive/share/cobot_drive/package.dsv'
[12.893s] INFO:colcon.colcon_core.shell:Creating package script '/workspace/ros2/install/cobot_drive/share/cobot_drive/package.sh'
[12.893s] INFO:colcon.colcon_core.shell:Creating package script '/workspace/ros2/install/cobot_drive/share/cobot_drive/package.bash'
[12.893s] INFO:colcon.colcon_core.shell:Creating package script '/workspace/ros2/install/cobot_drive/share/cobot_drive/package.zsh'
[12.893s] Level 1:colcon.colcon_core.environment:create_file_with_runtime_dependencies(/workspace/ros2/install/cobot_drive/share/colcon-core/packages/cobot_drive)
[12.932s] Level 1:colcon.colcon_core.environment:create_environment_scripts_only(cobot_drive)
[12.933s] Level 1:colcon.colcon_core.environment:checking '/workspace/ros2/install/cobot_drive' for CMake module files
[12.934s] Level 1:colcon.colcon_core.environment:checking '/workspace/ros2/install/cobot_drive' for CMake config files
[12.935s] Level 1:colcon.colcon_core.shell:create_environment_hook('cobot_drive', 'cmake_prefix_path')
[12.935s] INFO:colcon.colcon_core.shell:Creating environment hook '/workspace/ros2/install/cobot_drive/share/cobot_drive/hook/cmake_prefix_path.ps1'
[12.936s] INFO:colcon.colcon_core.shell:Creating environment descriptor '/workspace/ros2/install/cobot_drive/share/cobot_drive/hook/cmake_prefix_path.dsv'
[12.937s] INFO:colcon.colcon_core.shell:Creating environment hook '/workspace/ros2/install/cobot_drive/share/cobot_drive/hook/cmake_prefix_path.sh'
[12.938s] Level 1:colcon.colcon_core.environment:checking '/workspace/ros2/install/cobot_drive/lib'
[12.938s] Level 1:colcon.colcon_core.environment:checking '/workspace/ros2/install/cobot_drive/bin'
[12.938s] Level 1:colcon.colcon_core.environment:checking '/workspace/ros2/install/cobot_drive/lib/pkgconfig/cobot_drive.pc'
[12.939s] Level 1:colcon.colcon_core.environment:checking '/workspace/ros2/install/cobot_drive/lib/python3.10/site-packages'
[12.939s] Level 1:colcon.colcon_core.environment:checking '/workspace/ros2/install/cobot_drive/bin'
[12.939s] INFO:colcon.colcon_core.shell:Creating package script '/workspace/ros2/install/cobot_drive/share/cobot_drive/package.ps1'
[12.939s] INFO:colcon.colcon_core.shell:Creating package descriptor '/workspace/ros2/install/cobot_drive/share/cobot_drive/package.dsv'
[12.940s] INFO:colcon.colcon_core.shell:Creating package script '/workspace/ros2/install/cobot_drive/share/cobot_drive/package.sh'
[12.940s] INFO:colcon.colcon_core.shell:Creating package script '/workspace/ros2/install/cobot_drive/share/cobot_drive/package.bash'
[12.940s] INFO:colcon.colcon_core.shell:Creating package script '/workspace/ros2/install/cobot_drive/share/cobot_drive/package.zsh'
[12.941s] Level 1:colcon.colcon_core.environment:create_file_with_runtime_dependencies(/workspace/ros2/install/cobot_drive/share/colcon-core/packages/cobot_drive)
[12.941s] DEBUG:colcon.colcon_parallel_executor.executor.parallel:closing loop
[12.941s] DEBUG:colcon.colcon_parallel_executor.executor.parallel:loop closed
[12.941s] DEBUG:colcon.colcon_parallel_executor.executor.parallel:run_until_complete finished with '0'
[12.941s] DEBUG:colcon.colcon_core.event_reactor:joining thread
[12.951s] INFO:colcon.colcon_core.plugin_system:Skipping extension 'colcon_notification.desktop_notification.notify_send': Could not find 'notify-send'
[12.951s] INFO:colcon.colcon_core.plugin_system:Skipping extension 'colcon_notification.desktop_notification.terminal_notifier': Not used on non-Darwin systems
[12.951s] INFO:colcon.colcon_core.plugin_system:Skipping extension 'colcon_notification.desktop_notification.win32': Not used on non-Windows systems
[12.951s] INFO:colcon.colcon_notification.desktop_notification:Sending desktop notification using 'notify2'
[12.951s] DEBUG:colcon.colcon_notification.desktop_notification.notify2:Failed to initialize notify2: org.freedesktop.DBus.Error.InvalidFileContent: D-Bus library appears to be incorrectly set up: see the manual page for dbus-uuidgen to correct this issue. (Failed to open "/var/lib/dbus/machine-id": No such file or directory; UUID file '/etc/machine-id' should contain a hex string of length 32, not length 0, with no other text)
[12.952s] DEBUG:colcon.colcon_core.event_reactor:joined thread
[12.952s] INFO:colcon.colcon_core.shell:Creating prefix script '/workspace/ros2/install/local_setup.ps1'
[12.954s] INFO:colcon.colcon_core.shell:Creating prefix util module '/workspace/ros2/install/_local_setup_util_ps1.py'
[12.957s] INFO:colcon.colcon_core.shell:Creating prefix chain script '/workspace/ros2/install/setup.ps1'
[12.959s] INFO:colcon.colcon_core.shell:Creating prefix script '/workspace/ros2/install/local_setup.sh'
[12.960s] INFO:colcon.colcon_core.shell:Creating prefix util module '/workspace/ros2/install/_local_setup_util_sh.py'
[12.960s] INFO:colcon.colcon_core.shell:Creating prefix chain script '/workspace/ros2/install/setup.sh'
[12.961s] INFO:colcon.colcon_core.shell:Creating prefix script '/workspace/ros2/install/local_setup.bash'
[12.962s] INFO:colcon.colcon_core.shell:Creating prefix chain script '/workspace/ros2/install/setup.bash'
[12.963s] INFO:colcon.colcon_core.shell:Creating prefix script '/workspace/ros2/install/local_setup.zsh'
[12.963s] INFO:colcon.colcon_core.shell:Creating prefix chain script '/workspace/ros2/install/setup.zsh'
