[0.020s] Invoking command in '/workspace/ros2_ws/build/messages': CMAKE_PREFIX_PATH=${CMAKE_PREFIX_PATH}:/opt/ros/iron /usr/bin/cmake --build /workspace/ros2_ws/build/messages -- -j8 -l8
[0.083s] [  2%] Built target messages__rosidl_generator_type_description
[0.100s] [  2%] Built target ament_cmake_python_copy_messages
[0.109s] [  5%] Built target messages__cpp
[0.115s] [ 20%] Built target messages__rosidl_generator_c
[0.145s] [ 38%] Built target messages__rosidl_typesupport_introspection_c
[0.145s] [ 38%] Built target messages__rosidl_typesupport_fastrtps_c
[0.153s] [ 47%] Built target messages__rosidl_typesupport_cpp
[0.157s] [ 55%] Built target messages__rosidl_typesupport_c
[0.159s] [ 73%] Built target messages__rosidl_typesupport_introspection_cpp
[0.159s] [ 73%] Built target messages__rosidl_typesupport_fastrtps_cpp
[0.189s] [ 73%] Built target messages
[0.221s] [ 76%] Built target messages__py
[0.258s] [ 82%] Built target messages__rosidl_generator_py
[0.288s] [ 88%] Built target messages__rosidl_typesupport_c__pyext
[0.288s] [ 94%] Built target messages__rosidl_typesupport_fastrtps_c__pyext
[0.291s] [100%] Built target messages__rosidl_typesupport_introspection_c__pyext
[0.327s] running egg_info
[0.327s] writing messages.egg-info/PKG-INFO
[0.328s] writing dependency_links to messages.egg-info/dependency_links.txt
[0.328s] writing top-level names to messages.egg-info/top_level.txt
[0.330s] reading manifest file 'messages.egg-info/SOURCES.txt'
[0.331s] writing manifest file 'messages.egg-info/SOURCES.txt'
[0.368s] [100%] Built target ament_cmake_python_build_messages_egg
[0.384s] Invoked command in '/workspace/ros2_ws/build/messages' returned '0': CMAKE_PREFIX_PATH=${CMAKE_PREFIX_PATH}:/opt/ros/iron /usr/bin/cmake --build /workspace/ros2_ws/build/messages -- -j8 -l8
[0.484s] Invoking command in '/workspace/ros2_ws/build/messages': CMAKE_PREFIX_PATH=${CMAKE_PREFIX_PATH}:/opt/ros/iron /usr/bin/cmake --install /workspace/ros2_ws/build/messages
[0.496s] -- Install configuration: ""
[0.497s] -- Up-to-date: /workspace/ros2_ws/install/messages/share/ament_index/resource_index/rosidl_interfaces/messages
[0.497s] -- Up-to-date: /workspace/ros2_ws/install/messages/share/messages/msg/CobotRawStatus.json
[0.497s] -- Up-to-date: /workspace/ros2_ws/install/messages/include/messages/messages
[0.498s] -- Up-to-date: /workspace/ros2_ws/install/messages/include/messages/messages/msg
[0.498s] -- Up-to-date: /workspace/ros2_ws/install/messages/include/messages/messages/msg/rosidl_generator_c__visibility_control.h
[0.498s] -- Up-to-date: /workspace/ros2_ws/install/messages/include/messages/messages/msg/detail
[0.498s] -- Up-to-date: /workspace/ros2_ws/install/messages/include/messages/messages/msg/detail/cobot_raw_status__type_support.c
[0.498s] -- Up-to-date: /workspace/ros2_ws/install/messages/include/messages/messages/msg/detail/cobot_raw_status__struct.h
[0.499s] -- Up-to-date: /workspace/ros2_ws/install/messages/include/messages/messages/msg/detail/cobot_raw_status__functions.h
[0.499s] -- Up-to-date: /workspace/ros2_ws/install/messages/include/messages/messages/msg/detail/cobot_raw_status__functions.c
[0.499s] -- Up-to-date: /workspace/ros2_ws/install/messages/include/messages/messages/msg/detail/cobot_raw_status__description.c
[0.500s] -- Up-to-date: /workspace/ros2_ws/install/messages/include/messages/messages/msg/detail/cobot_raw_status__type_support.h
[0.500s] -- Up-to-date: /workspace/ros2_ws/install/messages/include/messages/messages/msg/cobot_raw_status.h
[0.500s] -- Up-to-date: /workspace/ros2_ws/install/messages/share/messages/environment/library_path.sh
[0.500s] -- Up-to-date: /workspace/ros2_ws/install/messages/share/messages/environment/library_path.dsv
[0.500s] -- Up-to-date: /workspace/ros2_ws/install/messages/lib/libmessages__rosidl_generator_c.so
[0.500s] -- Up-to-date: /workspace/ros2_ws/install/messages/include/messages/messages
[0.501s] -- Up-to-date: /workspace/ros2_ws/install/messages/include/messages/messages/msg
[0.501s] -- Up-to-date: /workspace/ros2_ws/install/messages/include/messages/messages/msg/detail
[0.501s] -- Up-to-date: /workspace/ros2_ws/install/messages/include/messages/messages/msg/detail/cobot_raw_status__rosidl_typesupport_fastrtps_c.h
[0.501s] -- Up-to-date: /workspace/ros2_ws/install/messages/include/messages/messages/msg/rosidl_typesupport_fastrtps_c__visibility_control.h
[0.502s] -- Up-to-date: /workspace/ros2_ws/install/messages/lib/libmessages__rosidl_typesupport_fastrtps_c.so
[0.502s] -- Up-to-date: /workspace/ros2_ws/install/messages/include/messages/messages
[0.503s] -- Up-to-date: /workspace/ros2_ws/install/messages/include/messages/messages/msg
[0.503s] -- Up-to-date: /workspace/ros2_ws/install/messages/include/messages/messages/msg/rosidl_typesupport_introspection_c__visibility_control.h
[0.504s] -- Up-to-date: /workspace/ros2_ws/install/messages/include/messages/messages/msg/detail
[0.504s] -- Up-to-date: /workspace/ros2_ws/install/messages/include/messages/messages/msg/detail/cobot_raw_status__type_support.c
[0.504s] -- Up-to-date: /workspace/ros2_ws/install/messages/include/messages/messages/msg/detail/cobot_raw_status__rosidl_typesupport_introspection_c.h
[0.504s] -- Up-to-date: /workspace/ros2_ws/install/messages/lib/libmessages__rosidl_typesupport_introspection_c.so
[0.505s] -- Up-to-date: /workspace/ros2_ws/install/messages/lib/libmessages__rosidl_typesupport_c.so
[0.505s] -- Up-to-date: /workspace/ros2_ws/install/messages/include/messages/messages
[0.505s] -- Up-to-date: /workspace/ros2_ws/install/messages/include/messages/messages/msg
[0.505s] -- Up-to-date: /workspace/ros2_ws/install/messages/include/messages/messages/msg/cobot_raw_status.hpp
[0.505s] -- Up-to-date: /workspace/ros2_ws/install/messages/include/messages/messages/msg/detail
[0.505s] -- Up-to-date: /workspace/ros2_ws/install/messages/include/messages/messages/msg/detail/cobot_raw_status__builder.hpp
[0.505s] -- Up-to-date: /workspace/ros2_ws/install/messages/include/messages/messages/msg/detail/cobot_raw_status__struct.hpp
[0.506s] -- Up-to-date: /workspace/ros2_ws/install/messages/include/messages/messages/msg/detail/cobot_raw_status__traits.hpp
[0.506s] -- Up-to-date: /workspace/ros2_ws/install/messages/include/messages/messages
[0.506s] -- Up-to-date: /workspace/ros2_ws/install/messages/include/messages/messages/msg
[0.506s] -- Up-to-date: /workspace/ros2_ws/install/messages/include/messages/messages/msg/rosidl_typesupport_fastrtps_cpp__visibility_control.h
[0.506s] -- Up-to-date: /workspace/ros2_ws/install/messages/include/messages/messages/msg/detail
[0.506s] -- Up-to-date: /workspace/ros2_ws/install/messages/include/messages/messages/msg/detail/dds_fastrtps
[0.507s] -- Up-to-date: /workspace/ros2_ws/install/messages/include/messages/messages/msg/detail/cobot_raw_status__rosidl_typesupport_fastrtps_cpp.hpp
[0.507s] -- Up-to-date: /workspace/ros2_ws/install/messages/lib/libmessages__rosidl_typesupport_fastrtps_cpp.so
[0.507s] -- Up-to-date: /workspace/ros2_ws/install/messages/include/messages/messages
[0.507s] -- Up-to-date: /workspace/ros2_ws/install/messages/include/messages/messages/msg
[0.507s] -- Up-to-date: /workspace/ros2_ws/install/messages/include/messages/messages/msg/detail
[0.507s] -- Up-to-date: /workspace/ros2_ws/install/messages/include/messages/messages/msg/detail/cobot_raw_status__rosidl_typesupport_introspection_cpp.hpp
[0.508s] -- Up-to-date: /workspace/ros2_ws/install/messages/include/messages/messages/msg/detail/cobot_raw_status__type_support.cpp
[0.508s] -- Up-to-date: /workspace/ros2_ws/install/messages/lib/libmessages__rosidl_typesupport_introspection_cpp.so
[0.508s] -- Up-to-date: /workspace/ros2_ws/install/messages/lib/libmessages__rosidl_typesupport_cpp.so
[0.508s] -- Up-to-date: /workspace/ros2_ws/install/messages/share/messages/environment/pythonpath.sh
[0.508s] -- Up-to-date: /workspace/ros2_ws/install/messages/share/messages/environment/pythonpath.dsv
[0.508s] -- Up-to-date: /workspace/ros2_ws/install/messages/lib/python3.10/site-packages/messages-0.0.0-py3.10.egg-info
[0.508s] -- Installing: /workspace/ros2_ws/install/messages/lib/python3.10/site-packages/messages-0.0.0-py3.10.egg-info/SOURCES.txt
[0.509s] -- Installing: /workspace/ros2_ws/install/messages/lib/python3.10/site-packages/messages-0.0.0-py3.10.egg-info/PKG-INFO
[0.509s] -- Installing: /workspace/ros2_ws/install/messages/lib/python3.10/site-packages/messages-0.0.0-py3.10.egg-info/top_level.txt
[0.509s] -- Installing: /workspace/ros2_ws/install/messages/lib/python3.10/site-packages/messages-0.0.0-py3.10.egg-info/dependency_links.txt
[0.509s] -- Up-to-date: /workspace/ros2_ws/install/messages/lib/python3.10/site-packages/messages
[0.509s] -- Up-to-date: /workspace/ros2_ws/install/messages/lib/python3.10/site-packages/messages/messages_s__rosidl_typesupport_fastrtps_c.cpython-310-x86_64-linux-gnu.so
[0.509s] -- Up-to-date: /workspace/ros2_ws/install/messages/lib/python3.10/site-packages/messages/_messages_s.ep.rosidl_typesupport_fastrtps_c.c
[0.510s] -- Up-to-date: /workspace/ros2_ws/install/messages/lib/python3.10/site-packages/messages/_messages_s.ep.rosidl_typesupport_c.c
[0.510s] -- Up-to-date: /workspace/ros2_ws/install/messages/lib/python3.10/site-packages/messages/msg
[0.510s] -- Up-to-date: /workspace/ros2_ws/install/messages/lib/python3.10/site-packages/messages/msg/_cobot_raw_status.py
[0.510s] -- Up-to-date: /workspace/ros2_ws/install/messages/lib/python3.10/site-packages/messages/msg/_cobot_raw_status_s.c
[0.510s] -- Up-to-date: /workspace/ros2_ws/install/messages/lib/python3.10/site-packages/messages/msg/__init__.py
[0.510s] -- Up-to-date: /workspace/ros2_ws/install/messages/lib/python3.10/site-packages/messages/__init__.py
[0.510s] -- Up-to-date: /workspace/ros2_ws/install/messages/lib/python3.10/site-packages/messages/messages_s__rosidl_typesupport_c.cpython-310-x86_64-linux-gnu.so
[0.511s] -- Up-to-date: /workspace/ros2_ws/install/messages/lib/python3.10/site-packages/messages/_messages_s.ep.rosidl_typesupport_introspection_c.c
[0.511s] -- Up-to-date: /workspace/ros2_ws/install/messages/lib/python3.10/site-packages/messages/libmessages__rosidl_generator_py.so
[0.511s] -- Up-to-date: /workspace/ros2_ws/install/messages/lib/python3.10/site-packages/messages/messages_s__rosidl_typesupport_introspection_c.cpython-310-x86_64-linux-gnu.so
[0.538s] Listing '/workspace/ros2_ws/install/messages/lib/python3.10/site-packages/messages'...
[0.538s] Listing '/workspace/ros2_ws/install/messages/lib/python3.10/site-packages/messages/msg'...
[0.543s] -- Up-to-date: /workspace/ros2_ws/install/messages/lib/python3.10/site-packages/messages/messages_s__rosidl_typesupport_fastrtps_c.cpython-310-x86_64-linux-gnu.so
[0.543s] -- Up-to-date: /workspace/ros2_ws/install/messages/lib/python3.10/site-packages/messages/messages_s__rosidl_typesupport_introspection_c.cpython-310-x86_64-linux-gnu.so
[0.544s] -- Up-to-date: /workspace/ros2_ws/install/messages/lib/python3.10/site-packages/messages/messages_s__rosidl_typesupport_c.cpython-310-x86_64-linux-gnu.so
[0.544s] -- Up-to-date: /workspace/ros2_ws/install/messages/lib/libmessages__rosidl_generator_py.so
[0.544s] -- Up-to-date: /workspace/ros2_ws/install/messages/share/messages/msg/CobotRawStatus.idl
[0.545s] -- Up-to-date: /workspace/ros2_ws/install/messages/share/messages/msg/CobotRawStatus.msg
[0.545s] -- Up-to-date: /workspace/ros2_ws/install/messages/share/ament_index/resource_index/package_run_dependencies/messages
[0.545s] -- Up-to-date: /workspace/ros2_ws/install/messages/share/ament_index/resource_index/parent_prefix_path/messages
[0.545s] -- Up-to-date: /workspace/ros2_ws/install/messages/share/messages/environment/ament_prefix_path.sh
[0.546s] -- Up-to-date: /workspace/ros2_ws/install/messages/share/messages/environment/ament_prefix_path.dsv
[0.546s] -- Up-to-date: /workspace/ros2_ws/install/messages/share/messages/environment/path.sh
[0.546s] -- Up-to-date: /workspace/ros2_ws/install/messages/share/messages/environment/path.dsv
[0.546s] -- Up-to-date: /workspace/ros2_ws/install/messages/share/messages/local_setup.bash
[0.546s] -- Up-to-date: /workspace/ros2_ws/install/messages/share/messages/local_setup.sh
[0.546s] -- Up-to-date: /workspace/ros2_ws/install/messages/share/messages/local_setup.zsh
[0.547s] -- Up-to-date: /workspace/ros2_ws/install/messages/share/messages/local_setup.dsv
[0.547s] -- Installing: /workspace/ros2_ws/install/messages/share/messages/package.dsv
[0.547s] -- Up-to-date: /workspace/ros2_ws/install/messages/share/ament_index/resource_index/packages/messages
[0.547s] -- Up-to-date: /workspace/ros2_ws/install/messages/share/messages/cmake/export_messages__rosidl_generator_cExport.cmake
[0.547s] -- Up-to-date: /workspace/ros2_ws/install/messages/share/messages/cmake/export_messages__rosidl_generator_cExport-noconfig.cmake
[0.548s] -- Up-to-date: /workspace/ros2_ws/install/messages/share/messages/cmake/export_messages__rosidl_typesupport_fastrtps_cExport.cmake
[0.548s] -- Up-to-date: /workspace/ros2_ws/install/messages/share/messages/cmake/export_messages__rosidl_typesupport_fastrtps_cExport-noconfig.cmake
[0.548s] -- Up-to-date: /workspace/ros2_ws/install/messages/share/messages/cmake/messages__rosidl_typesupport_introspection_cExport.cmake
[0.548s] -- Up-to-date: /workspace/ros2_ws/install/messages/share/messages/cmake/messages__rosidl_typesupport_introspection_cExport-noconfig.cmake
[0.548s] -- Up-to-date: /workspace/ros2_ws/install/messages/share/messages/cmake/messages__rosidl_typesupport_cExport.cmake
[0.548s] -- Up-to-date: /workspace/ros2_ws/install/messages/share/messages/cmake/messages__rosidl_typesupport_cExport-noconfig.cmake
[0.549s] -- Up-to-date: /workspace/ros2_ws/install/messages/share/messages/cmake/export_messages__rosidl_generator_cppExport.cmake
[0.549s] -- Up-to-date: /workspace/ros2_ws/install/messages/share/messages/cmake/export_messages__rosidl_typesupport_fastrtps_cppExport.cmake
[0.549s] -- Up-to-date: /workspace/ros2_ws/install/messages/share/messages/cmake/export_messages__rosidl_typesupport_fastrtps_cppExport-noconfig.cmake
[0.549s] -- Up-to-date: /workspace/ros2_ws/install/messages/share/messages/cmake/messages__rosidl_typesupport_introspection_cppExport.cmake
[0.550s] -- Up-to-date: /workspace/ros2_ws/install/messages/share/messages/cmake/messages__rosidl_typesupport_introspection_cppExport-noconfig.cmake
[0.550s] -- Up-to-date: /workspace/ros2_ws/install/messages/share/messages/cmake/messages__rosidl_typesupport_cppExport.cmake
[0.550s] -- Up-to-date: /workspace/ros2_ws/install/messages/share/messages/cmake/messages__rosidl_typesupport_cppExport-noconfig.cmake
[0.550s] -- Up-to-date: /workspace/ros2_ws/install/messages/share/messages/cmake/export_messages__rosidl_generator_pyExport.cmake
[0.550s] -- Up-to-date: /workspace/ros2_ws/install/messages/share/messages/cmake/export_messages__rosidl_generator_pyExport-noconfig.cmake
[0.550s] -- Up-to-date: /workspace/ros2_ws/install/messages/share/messages/cmake/rosidl_cmake-extras.cmake
[0.550s] -- Up-to-date: /workspace/ros2_ws/install/messages/share/messages/cmake/ament_cmake_export_dependencies-extras.cmake
[0.551s] -- Up-to-date: /workspace/ros2_ws/install/messages/share/messages/cmake/ament_cmake_export_include_directories-extras.cmake
[0.551s] -- Up-to-date: /workspace/ros2_ws/install/messages/share/messages/cmake/ament_cmake_export_libraries-extras.cmake
[0.551s] -- Up-to-date: /workspace/ros2_ws/install/messages/share/messages/cmake/ament_cmake_export_targets-extras.cmake
[0.551s] -- Up-to-date: /workspace/ros2_ws/install/messages/share/messages/cmake/rosidl_cmake_export_typesupport_targets-extras.cmake
[0.551s] -- Up-to-date: /workspace/ros2_ws/install/messages/share/messages/cmake/rosidl_cmake_export_typesupport_libraries-extras.cmake
[0.551s] -- Up-to-date: /workspace/ros2_ws/install/messages/share/messages/cmake/messagesConfig.cmake
[0.551s] -- Up-to-date: /workspace/ros2_ws/install/messages/share/messages/cmake/messagesConfig-version.cmake
[0.552s] -- Up-to-date: /workspace/ros2_ws/install/messages/share/messages/package.xml
[0.553s] Invoked command in '/workspace/ros2_ws/build/messages' returned '0': CMAKE_PREFIX_PATH=${CMAKE_PREFIX_PATH}:/opt/ros/iron /usr/bin/cmake --install /workspace/ros2_ws/build/messages
