[0.014s] Invoking command in '/workspace/ros2_ws/build/messages': CMAKE_PREFIX_PATH=${CMAKE_PREFIX_PATH}:/opt/ros/iron /usr/bin/cmake --build /workspace/ros2_ws/build/messages -- -j8 -l8
[0.074s] [  2%] Built target messages__rosidl_generator_type_description
[0.089s] [  2%] Built target ament_cmake_python_copy_messages
[0.097s] [ 17%] Built target messages__rosidl_generator_c
[0.103s] [ 20%] Built target messages__cpp
[0.121s] [ 29%] Built target messages__rosidl_typesupport_introspection_c
[0.127s] [ 38%] Built target messages__rosidl_typesupport_fastrtps_c
[0.128s] [ 47%] Built target messages__rosidl_typesupport_c
[0.136s] [ 58%] Built target messages__rosidl_typesupport_fastrtps_cpp
[0.137s] [ 64%] Built target messages__rosidl_typesupport_cpp
[0.145s] [ 73%] Built target messages__rosidl_typesupport_introspection_cpp
[0.175s] [ 73%] Built target messages
[0.203s] [ 76%] Built target messages__py
[0.237s] [ 82%] Built target messages__rosidl_generator_py
[0.260s] [ 88%] Built target messages__rosidl_typesupport_fastrtps_c__pyext
[0.266s] [ 94%] Built target messages__rosidl_typesupport_introspection_c__pyext
[0.270s] [100%] Built target messages__rosidl_typesupport_c__pyext
[0.307s] running egg_info
[0.308s] writing messages.egg-info/PKG-INFO
[0.308s] writing dependency_links to messages.egg-info/dependency_links.txt
[0.308s] writing top-level names to messages.egg-info/top_level.txt
[0.310s] reading manifest file 'messages.egg-info/SOURCES.txt'
[0.310s] writing manifest file 'messages.egg-info/SOURCES.txt'
[0.346s] [100%] Built target ament_cmake_python_build_messages_egg
