-- Found ament_cmake: 2.0.5 (/opt/ros/iron/share/ament_cmake/cmake)
-- Found rclcpp: 21.0.6 (/opt/ros/iron/share/rclcpp/cmake)
-- Found rosidl_generator_c: 4.0.1 (/opt/ros/iron/share/rosidl_generator_c/cmake)
-- Found rosidl_generator_cpp: 4.0.1 (/opt/ros/iron/share/rosidl_generator_cpp/cmake)
-- Using all available rosidl_typesupport_c: rosidl_typesupport_fastrtps_c;rosidl_typesupport_introspection_c
-- Using all available rosidl_typesupport_cpp: rosidl_typesupport_fastrtps_cpp;rosidl_typesupport_introspection_cpp
-- Found rmw_implementation_cmake: 7.1.0 (/opt/ros/iron/share/rmw_implementation_cmake/cmake)
-- Found rmw_fastrtps_cpp: 7.1.3 (/opt/ros/iron/share/rmw_fastrtps_cpp/cmake)
-- Using RMW implementation 'rmw_fastrtps_cpp' as default
-- Found std_msgs: 5.0.0 (/opt/ros/iron/share/std_msgs/cmake)
-- Found tf2_ros: 0.31.6 (/opt/ros/iron/share/tf2_ros/cmake)
-- Found nav_msgs: 5.0.0 (/opt/ros/iron/share/nav_msgs/cmake)
-- Found messages: 0.0.0 (/workspace/ros2/install/messages/share/messages/cmake)
-- Found ament_lint_auto: 0.14.3 (/opt/ros/iron/share/ament_lint_auto/cmake)
-- Added test 'copyright' to check source files copyright and LICENSE
-- Added test 'cppcheck' to perform static code analysis on C / C++ code
-- Configured cppcheck include dirs: /workspace/ros2/hardware/cobot_drive/include
-- Configured cppcheck exclude dirs and/or files: 
-- Added test 'cpplint' to check C / C++ code against the Google style
-- Configured cpplint exclude dirs and/or files: 
-- Added test 'flake8' to check Python code syntax and style conventions
-- Configured 'flake8' exclude dirs and/or files: 
-- Added test 'lint_cmake' to check CMake code style
-- Added test 'pep257' to check Python code against some of the docstring style conventions in PEP 257
-- Added test 'uncrustify' to check C / C++ code style
-- Configured uncrustify additional arguments: 
-- Added test 'xmllint' to check XML markup files
-- Configuring done
-- Generating done
-- Build files have been written to: /workspace/ros2/build/cobot_drive
[ 20%] [32mBuilding CXX object CMakeFiles/cobot_drive_main.dir/src/cobot_drive_main.cpp.o[0m
[ 40%] [32mBuilding CXX object CMakeFiles/cobot_drive_main.dir/src/fcs.cpp.o[0m
[ 60%] [32mBuilding CXX object CMakeFiles/cobot_drive_main.dir/src/drive.cpp.o[0m
[ 80%] [32mBuilding CXX object CMakeFiles/cobot_drive_main.dir/src/serial.cpp.o[0m
[01m[K/workspace/ros2/hardware/cobot_drive/src/drive.cpp:[m[K In member function ‘[01m[Kvoid CobotDrive::SerialReceive()[m[K’:
[01m[K/workspace/ros2/hardware/cobot_drive/src/drive.cpp:266:35:[m[K [01;35m[Kwarning: [m[Kformat ‘[01m[K%f[m[K’ expects argument of type ‘[01m[Kdouble[m[K’, but argument 3 has type ‘[01m[Kclock_t[m[K’ {aka ‘[01m[Klong int[m[K’} [[01;35m[K-Wformat=[m[K]
  266 |       printf("Rcv %d bytes (dT=[01;35m[K%.3f[m[K) \n",len,[32m[Kt-tLast[m[K);
      |                                [01;35m[K~~~^[m[K          [32m[K~~~~~~~[m[K
      |                                   [01;35m[K|[m[K           [32m[K|[m[K
      |                                   [01;35m[Kdouble[m[K      [32m[Kclock_t {aka long int}[m[K
      |                                [32m[K%.3ld[m[K
[01m[K/workspace/ros2/hardware/cobot_drive/src/drive.cpp:245:16:[m[K [01;35m[Kwarning: [m[Kunused variable ‘[01m[Kt_start[m[K’ [[01;35m[K-Wunused-variable[m[K]
  245 |   const double [01;35m[Kt_start[m[K = debug_serial ? tLast : 0.0;
      |                [01;35m[K^~~~~~~[m[K
In file included from [01m[K/workspace/ros2/hardware/cobot_drive/include/cobot_drive_main.hpp:3[m[K,
                 from [01m[K/workspace/ros2/hardware/cobot_drive/src/cobot_drive_main.cpp:22[m[K:
[01m[K/workspace/ros2/hardware/cobot_drive/include/drive.h:47:17:[m[K [01;35m[Kwarning: [m[K‘[01m[Kvector2d normalize(const vector2d&, double)[m[K’ defined but not used [[01;35m[K-Wunused-function[m[K]
   47 | static vector2d [01;35m[Knormalize[m[K(const vector2d& v, double len) {
      |                 [01;35m[K^~~~~~~~~[m[K
[100%] [32m[1mLinking CXX executable cobot_drive_main[0m
[100%] Built target cobot_drive_main
-- Install configuration: ""
-- Installing: /workspace/ros2/install/cobot_drive/lib/cobot_drive/cobot_drive_main
-- Set runtime path of "/workspace/ros2/install/cobot_drive/lib/cobot_drive/cobot_drive_main" to ""
-- Installing: /workspace/ros2/install/cobot_drive/share/cobot_drive//launch
-- Installing: /workspace/ros2/install/cobot_drive/share/cobot_drive//launch/pipe_launch.py
-- Installing: /workspace/ros2/install/cobot_drive/share/ament_index/resource_index/package_run_dependencies/cobot_drive
-- Installing: /workspace/ros2/install/cobot_drive/share/ament_index/resource_index/parent_prefix_path/cobot_drive
-- Installing: /workspace/ros2/install/cobot_drive/share/cobot_drive/environment/ament_prefix_path.sh
-- Installing: /workspace/ros2/install/cobot_drive/share/cobot_drive/environment/ament_prefix_path.dsv
-- Installing: /workspace/ros2/install/cobot_drive/share/cobot_drive/environment/path.sh
-- Installing: /workspace/ros2/install/cobot_drive/share/cobot_drive/environment/path.dsv
-- Installing: /workspace/ros2/install/cobot_drive/share/cobot_drive/local_setup.bash
-- Installing: /workspace/ros2/install/cobot_drive/share/cobot_drive/local_setup.sh
-- Installing: /workspace/ros2/install/cobot_drive/share/cobot_drive/local_setup.zsh
-- Installing: /workspace/ros2/install/cobot_drive/share/cobot_drive/local_setup.dsv
-- Installing: /workspace/ros2/install/cobot_drive/share/cobot_drive/package.dsv
-- Installing: /workspace/ros2/install/cobot_drive/share/ament_index/resource_index/packages/cobot_drive
-- Installing: /workspace/ros2/install/cobot_drive/share/cobot_drive/cmake/cobot_driveConfig.cmake
-- Installing: /workspace/ros2/install/cobot_drive/share/cobot_drive/cmake/cobot_driveConfig-version.cmake
-- Installing: /workspace/ros2/install/cobot_drive/share/cobot_drive/package.xml
