[0.012s] Invoking command in '/workspace/ros2/build/cobot_drive': AMENT_PREFIX_PATH=/workspace/ros2/install/messages:${AMENT_PREFIX_PATH} CMAKE_PREFIX_PATH=/workspace/ros2/install/messages:/opt/ros/iron LD_LIBRARY_PATH=/workspace/ros2/install/messages/lib:${LD_LIBRARY_PATH} PYTHONPATH=/workspace/ros2/install/messages/lib/python3.10/site-packages:${PYTHONPATH} /usr/bin/cmake /workspace/ros2/hardware/cobot_drive -DCMAKE_INSTALL_PREFIX=/workspace/ros2/install/cobot_drive
[0.028s] -- Found ament_cmake: 2.0.5 (/opt/ros/iron/share/ament_cmake/cmake)
[0.223s] -- Found rclcpp: 21.0.6 (/opt/ros/iron/share/rclcpp/cmake)
[0.256s] -- Found rosidl_generator_c: 4.0.1 (/opt/ros/iron/share/rosidl_generator_c/cmake)
[0.268s] -- Found rosidl_generator_cpp: 4.0.1 (/opt/ros/iron/share/rosidl_generator_cpp/cmake)
[0.285s] -- Using all available rosidl_typesupport_c: rosidl_typesupport_fastrtps_c;rosidl_typesupport_introspection_c
[0.307s] -- Using all available rosidl_typesupport_cpp: rosidl_typesupport_fastrtps_cpp;rosidl_typesupport_introspection_cpp
[0.518s] -- Found rmw_implementation_cmake: 7.1.0 (/opt/ros/iron/share/rmw_implementation_cmake/cmake)
[0.520s] -- Found rmw_fastrtps_cpp: 7.1.3 (/opt/ros/iron/share/rmw_fastrtps_cpp/cmake)
[0.661s] -- Using RMW implementation 'rmw_fastrtps_cpp' as default
[0.892s] -- Found std_msgs: 5.0.0 (/opt/ros/iron/share/std_msgs/cmake)
[0.933s] -- Found tf2_ros: 0.31.6 (/opt/ros/iron/share/tf2_ros/cmake)
[1.558s] -- Found nav_msgs: 5.0.0 (/opt/ros/iron/share/nav_msgs/cmake)
[1.715s] -- Found messages: 0.0.0 (/workspace/ros2/install/messages/share/messages/cmake)
[1.773s] -- Found ament_lint_auto: 0.14.3 (/opt/ros/iron/share/ament_lint_auto/cmake)
[1.883s] -- Added test 'copyright' to check source files copyright and LICENSE
[1.885s] -- Added test 'cppcheck' to perform static code analysis on C / C++ code
[1.885s] -- Configured cppcheck include dirs: /workspace/ros2/hardware/cobot_drive/include
[1.886s] -- Configured cppcheck exclude dirs and/or files: 
[1.887s] -- Added test 'cpplint' to check C / C++ code against the Google style
[1.887s] -- Configured cpplint exclude dirs and/or files: 
[1.888s] -- Added test 'flake8' to check Python code syntax and style conventions
[1.888s] -- Configured 'flake8' exclude dirs and/or files: 
[1.888s] -- Added test 'lint_cmake' to check CMake code style
[1.889s] -- Added test 'pep257' to check Python code against some of the docstring style conventions in PEP 257
[1.891s] -- Added test 'uncrustify' to check C / C++ code style
[1.891s] -- Configured uncrustify additional arguments: 
[1.891s] -- Added test 'xmllint' to check XML markup files
[1.893s] -- Configuring done
[1.912s] -- Generating done
[1.914s] -- Build files have been written to: /workspace/ros2/build/cobot_drive
[1.927s] Invoked command in '/workspace/ros2/build/cobot_drive' returned '0': AMENT_PREFIX_PATH=/workspace/ros2/install/messages:${AMENT_PREFIX_PATH} CMAKE_PREFIX_PATH=/workspace/ros2/install/messages:/opt/ros/iron LD_LIBRARY_PATH=/workspace/ros2/install/messages/lib:${LD_LIBRARY_PATH} PYTHONPATH=/workspace/ros2/install/messages/lib/python3.10/site-packages:${PYTHONPATH} /usr/bin/cmake /workspace/ros2/hardware/cobot_drive -DCMAKE_INSTALL_PREFIX=/workspace/ros2/install/cobot_drive
[1.927s] Invoking command in '/workspace/ros2/build/cobot_drive': AMENT_PREFIX_PATH=/workspace/ros2/install/messages:${AMENT_PREFIX_PATH} CMAKE_PREFIX_PATH=/workspace/ros2/install/messages:/opt/ros/iron LD_LIBRARY_PATH=/workspace/ros2/install/messages/lib:${LD_LIBRARY_PATH} PYTHONPATH=/workspace/ros2/install/messages/lib/python3.10/site-packages:${PYTHONPATH} /usr/bin/cmake --build /workspace/ros2/build/cobot_drive -- -j8 -l8
[1.999s] [ 20%] [32mBuilding CXX object CMakeFiles/cobot_drive_main.dir/src/cobot_drive_main.cpp.o[0m
[2.000s] [ 40%] [32mBuilding CXX object CMakeFiles/cobot_drive_main.dir/src/fcs.cpp.o[0m
[2.002s] [ 60%] [32mBuilding CXX object CMakeFiles/cobot_drive_main.dir/src/drive.cpp.o[0m
[2.010s] [ 80%] [32mBuilding CXX object CMakeFiles/cobot_drive_main.dir/src/serial.cpp.o[0m
[3.486s] [01m[K/workspace/ros2/hardware/cobot_drive/src/drive.cpp:[m[K In member function ‘[01m[Kvoid CobotDrive::SerialReceive()[m[K’:
[3.486s] [01m[K/workspace/ros2/hardware/cobot_drive/src/drive.cpp:266:35:[m[K [01;35m[Kwarning: [m[Kformat ‘[01m[K%f[m[K’ expects argument of type ‘[01m[Kdouble[m[K’, but argument 3 has type ‘[01m[Kclock_t[m[K’ {aka ‘[01m[Klong int[m[K’} [[01;35m[K-Wformat=[m[K]
[3.487s]   266 |       printf("Rcv %d bytes (dT=[01;35m[K%.3f[m[K) \n",len,[32m[Kt-tLast[m[K);
[3.487s]       |                                [01;35m[K~~~^[m[K          [32m[K~~~~~~~[m[K
[3.487s]       |                                   [01;35m[K|[m[K           [32m[K|[m[K
[3.487s]       |                                   [01;35m[Kdouble[m[K      [32m[Kclock_t {aka long int}[m[K
[3.488s]       |                                [32m[K%.3ld[m[K
[3.488s] [01m[K/workspace/ros2/hardware/cobot_drive/src/drive.cpp:245:16:[m[K [01;35m[Kwarning: [m[Kunused variable ‘[01m[Kt_start[m[K’ [[01;35m[K-Wunused-variable[m[K]
[3.488s]   245 |   const double [01;35m[Kt_start[m[K = debug_serial ? tLast : 0.0;
[3.488s]       |                [01;35m[K^~~~~~~[m[K
[8.069s] In file included from [01m[K/workspace/ros2/hardware/cobot_drive/include/cobot_drive_main.hpp:3[m[K,
[8.069s]                  from [01m[K/workspace/ros2/hardware/cobot_drive/src/cobot_drive_main.cpp:22[m[K:
[8.069s] [01m[K/workspace/ros2/hardware/cobot_drive/include/drive.h:47:17:[m[K [01;35m[Kwarning: [m[K‘[01m[Kvector2d normalize(const vector2d&, double)[m[K’ defined but not used [[01;35m[K-Wunused-function[m[K]
[8.069s]    47 | static vector2d [01;35m[Knormalize[m[K(const vector2d& v, double len) {
[8.070s]       |                 [01;35m[K^~~~~~~~~[m[K
[11.471s] [100%] [32m[1mLinking CXX executable cobot_drive_main[0m
[11.947s] [100%] Built target cobot_drive_main
[11.963s] Invoked command in '/workspace/ros2/build/cobot_drive' returned '0': AMENT_PREFIX_PATH=/workspace/ros2/install/messages:${AMENT_PREFIX_PATH} CMAKE_PREFIX_PATH=/workspace/ros2/install/messages:/opt/ros/iron LD_LIBRARY_PATH=/workspace/ros2/install/messages/lib:${LD_LIBRARY_PATH} PYTHONPATH=/workspace/ros2/install/messages/lib/python3.10/site-packages:${PYTHONPATH} /usr/bin/cmake --build /workspace/ros2/build/cobot_drive -- -j8 -l8
[12.001s] Invoking command in '/workspace/ros2/build/cobot_drive': AMENT_PREFIX_PATH=/workspace/ros2/install/messages:${AMENT_PREFIX_PATH} CMAKE_PREFIX_PATH=/workspace/ros2/install/messages:/opt/ros/iron LD_LIBRARY_PATH=/workspace/ros2/install/messages/lib:${LD_LIBRARY_PATH} PYTHONPATH=/workspace/ros2/install/messages/lib/python3.10/site-packages:${PYTHONPATH} /usr/bin/cmake --install /workspace/ros2/build/cobot_drive
[12.011s] -- Install configuration: ""
[12.011s] -- Installing: /workspace/ros2/install/cobot_drive/lib/cobot_drive/cobot_drive_main
[12.015s] -- Set runtime path of "/workspace/ros2/install/cobot_drive/lib/cobot_drive/cobot_drive_main" to ""
[12.015s] -- Installing: /workspace/ros2/install/cobot_drive/share/cobot_drive//launch
[12.015s] -- Installing: /workspace/ros2/install/cobot_drive/share/cobot_drive//launch/pipe_launch.py
[12.016s] -- Installing: /workspace/ros2/install/cobot_drive/share/ament_index/resource_index/package_run_dependencies/cobot_drive
[12.016s] -- Installing: /workspace/ros2/install/cobot_drive/share/ament_index/resource_index/parent_prefix_path/cobot_drive
[12.016s] -- Installing: /workspace/ros2/install/cobot_drive/share/cobot_drive/environment/ament_prefix_path.sh
[12.016s] -- Installing: /workspace/ros2/install/cobot_drive/share/cobot_drive/environment/ament_prefix_path.dsv
[12.017s] -- Installing: /workspace/ros2/install/cobot_drive/share/cobot_drive/environment/path.sh
[12.017s] -- Installing: /workspace/ros2/install/cobot_drive/share/cobot_drive/environment/path.dsv
[12.017s] -- Installing: /workspace/ros2/install/cobot_drive/share/cobot_drive/local_setup.bash
[12.017s] -- Installing: /workspace/ros2/install/cobot_drive/share/cobot_drive/local_setup.sh
[12.017s] -- Installing: /workspace/ros2/install/cobot_drive/share/cobot_drive/local_setup.zsh
[12.017s] -- Installing: /workspace/ros2/install/cobot_drive/share/cobot_drive/local_setup.dsv
[12.018s] -- Installing: /workspace/ros2/install/cobot_drive/share/cobot_drive/package.dsv
[12.018s] -- Installing: /workspace/ros2/install/cobot_drive/share/ament_index/resource_index/packages/cobot_drive
[12.018s] -- Installing: /workspace/ros2/install/cobot_drive/share/cobot_drive/cmake/cobot_driveConfig.cmake
[12.018s] -- Installing: /workspace/ros2/install/cobot_drive/share/cobot_drive/cmake/cobot_driveConfig-version.cmake
[12.018s] -- Installing: /workspace/ros2/install/cobot_drive/share/cobot_drive/package.xml
[12.020s] Invoked command in '/workspace/ros2/build/cobot_drive' returned '0': AMENT_PREFIX_PATH=/workspace/ros2/install/messages:${AMENT_PREFIX_PATH} CMAKE_PREFIX_PATH=/workspace/ros2/install/messages:/opt/ros/iron LD_LIBRARY_PATH=/workspace/ros2/install/messages/lib:${LD_LIBRARY_PATH} PYTHONPATH=/workspace/ros2/install/messages/lib/python3.10/site-packages:${PYTHONPATH} /usr/bin/cmake --install /workspace/ros2/build/cobot_drive
