[0.111s] DEBUG:colcon:Command line arguments: ['/usr/bin/colcon', 'build']
[0.111s] DEBUG:colcon:Parsed command line arguments: Namespace(log_base=None, log_level=None, verb_name='build', build_base='build', install_base='install', merge_install=False, symlink_install=False, test_result_base=None, continue_on_error=False, executor='parallel', parallel_workers=8, event_handlers=None, ignore_user_meta=False, metas=['./colcon.meta'], base_paths=['.'], packages_ignore=None, packages_ignore_regex=None, paths=None, packages_up_to=None, packages_up_to_regex=None, packages_above=None, packages_above_and_dependencies=None, packages_above_depth=None, packages_select_by_dep=None, packages_skip_by_dep=None, packages_skip_up_to=None, packages_select_build_failed=False, packages_skip_build_finished=False, packages_select_test_failures=False, packages_skip_test_passed=False, packages_select=None, packages_skip=None, packages_select_regex=None, packages_skip_regex=None, packages_start=None, packages_end=None, cmake_args=None, cmake_target=None, cmake_target_skip_unavailable=False, cmake_clean_cache=False, cmake_clean_first=False, cmake_force_configure=False, ament_cmake_args=None, catkin_cmake_args=None, catkin_skip_building_tests=False, mixin_files=None, mixin=None, verb_parser=<colcon_mixin.mixin.mixin_argument.MixinArgumentDecorator object at 0x7f73109ca140>, verb_extension=<colcon_core.verb.build.BuildVerb object at 0x7f7310ada7d0>, main=<bound method BuildVerb.main of <colcon_core.verb.build.BuildVerb object at 0x7f7310ada7d0>>, mixin_verb=('build',))
[0.230s] Level 1:colcon.colcon_core.package_discovery:discover_packages(colcon_meta) check parameters
[0.231s] INFO:colcon.colcon_metadata.package_discovery.colcon_meta:Using configuration from '/root/.colcon/metadata/default/Gazebo.meta'
[0.231s] INFO:colcon.colcon_metadata.package_discovery.colcon_meta:Using configuration from '/root/.colcon/metadata/default/fastrtps.meta'
[0.231s] Level 1:colcon.colcon_core.package_discovery:discover_packages(recursive) check parameters
[0.231s] Level 1:colcon.colcon_core.package_discovery:discover_packages(ignore) check parameters
[0.231s] Level 1:colcon.colcon_core.package_discovery:discover_packages(path) check parameters
[0.231s] Level 1:colcon.colcon_core.package_discovery:discover_packages(colcon_meta) discover
[0.231s] Level 1:colcon.colcon_core.package_discovery:discover_packages(recursive) discover
[0.231s] INFO:colcon.colcon_core.package_discovery:Crawling recursively for packages in '/workspace/ros2_ws'
[0.232s] Level 1:colcon.colcon_core.package_identification:_identify(.) by extensions ['ignore', 'ignore_ament_install']
[0.232s] Level 1:colcon.colcon_core.package_identification:_identify(.) by extension 'ignore'
[0.232s] Level 1:colcon.colcon_core.package_identification:_identify(.) by extension 'ignore_ament_install'
[0.232s] Level 1:colcon.colcon_core.package_identification:_identify(.) by extensions ['colcon_pkg']
[0.232s] Level 1:colcon.colcon_core.package_identification:_identify(.) by extension 'colcon_pkg'
[0.232s] Level 1:colcon.colcon_core.package_identification:_identify(.) by extensions ['colcon_meta']
[0.232s] Level 1:colcon.colcon_core.package_identification:_identify(.) by extension 'colcon_meta'
[0.232s] Level 1:colcon.colcon_core.package_identification:_identify(.) by extensions ['ros']
[0.232s] Level 1:colcon.colcon_core.package_identification:_identify(.) by extension 'ros'
[0.243s] Level 1:colcon.colcon_core.package_identification:_identify(.) by extensions ['cmake', 'python']
[0.243s] Level 1:colcon.colcon_core.package_identification:_identify(.) by extension 'cmake'
[0.243s] Level 1:colcon.colcon_core.package_identification:_identify(.) by extension 'python'
[0.243s] Level 1:colcon.colcon_core.package_identification:_identify(.) by extensions ['python_setup_py']
[0.244s] Level 1:colcon.colcon_core.package_identification:_identify(.) by extension 'python_setup_py'
[0.244s] Level 1:colcon.colcon_core.package_identification:_identify(build) by extensions ['ignore', 'ignore_ament_install']
[0.244s] Level 1:colcon.colcon_core.package_identification:_identify(build) by extension 'ignore'
[0.244s] Level 1:colcon.colcon_core.package_identification:_identify(build) ignored
[0.244s] Level 1:colcon.colcon_core.package_identification:_identify(cobot_fds) by extensions ['ignore', 'ignore_ament_install']
[0.244s] Level 1:colcon.colcon_core.package_identification:_identify(cobot_fds) by extension 'ignore'
[0.244s] Level 1:colcon.colcon_core.package_identification:_identify(cobot_fds) by extension 'ignore_ament_install'
[0.244s] Level 1:colcon.colcon_core.package_identification:_identify(cobot_fds) by extensions ['colcon_pkg']
[0.244s] Level 1:colcon.colcon_core.package_identification:_identify(cobot_fds) by extension 'colcon_pkg'
[0.244s] Level 1:colcon.colcon_core.package_identification:_identify(cobot_fds) by extensions ['colcon_meta']
[0.244s] Level 1:colcon.colcon_core.package_identification:_identify(cobot_fds) by extension 'colcon_meta'
[0.244s] Level 1:colcon.colcon_core.package_identification:_identify(cobot_fds) by extensions ['ros']
[0.244s] Level 1:colcon.colcon_core.package_identification:_identify(cobot_fds) by extension 'ros'
[0.247s] DEBUG:colcon.colcon_core.package_identification:Package 'cobot_fds' with type 'ros.ament_cmake' and name 'cobot_fds'
[0.247s] Level 1:colcon.colcon_core.package_identification:_identify(install) by extensions ['ignore', 'ignore_ament_install']
[0.248s] Level 1:colcon.colcon_core.package_identification:_identify(install) by extension 'ignore'
[0.248s] Level 1:colcon.colcon_core.package_identification:_identify(install) ignored
[0.248s] Level 1:colcon.colcon_core.package_identification:_identify(log) by extensions ['ignore', 'ignore_ament_install']
[0.248s] Level 1:colcon.colcon_core.package_identification:_identify(log) by extension 'ignore'
[0.248s] Level 1:colcon.colcon_core.package_identification:_identify(log) ignored
[0.248s] Level 1:colcon.colcon_core.package_identification:_identify(messages) by extensions ['ignore', 'ignore_ament_install']
[0.248s] Level 1:colcon.colcon_core.package_identification:_identify(messages) by extension 'ignore'
[0.248s] Level 1:colcon.colcon_core.package_identification:_identify(messages) by extension 'ignore_ament_install'
[0.248s] Level 1:colcon.colcon_core.package_identification:_identify(messages) by extensions ['colcon_pkg']
[0.248s] Level 1:colcon.colcon_core.package_identification:_identify(messages) by extension 'colcon_pkg'
[0.249s] Level 1:colcon.colcon_core.package_identification:_identify(messages) by extensions ['colcon_meta']
[0.249s] Level 1:colcon.colcon_core.package_identification:_identify(messages) by extension 'colcon_meta'
[0.249s] Level 1:colcon.colcon_core.package_identification:_identify(messages) by extensions ['ros']
[0.249s] Level 1:colcon.colcon_core.package_identification:_identify(messages) by extension 'ros'
[0.249s] DEBUG:colcon.colcon_core.package_identification:Package 'messages' with type 'ros.ament_cmake' and name 'messages'
[0.249s] Level 1:colcon.colcon_core.package_discovery:discover_packages(recursive) using defaults
[0.249s] Level 1:colcon.colcon_core.package_discovery:discover_packages(ignore) discover
[0.249s] Level 1:colcon.colcon_core.package_discovery:discover_packages(ignore) using defaults
[0.249s] Level 1:colcon.colcon_core.package_discovery:discover_packages(path) discover
[0.249s] Level 1:colcon.colcon_core.package_discovery:discover_packages(path) using defaults
[0.270s] Level 5:colcon.colcon_core.verb:set package 'cobot_fds' build argument 'cmake_args' from command line to 'None'
[0.271s] Level 5:colcon.colcon_core.verb:set package 'cobot_fds' build argument 'cmake_target' from command line to 'None'
[0.271s] Level 5:colcon.colcon_core.verb:set package 'cobot_fds' build argument 'cmake_target_skip_unavailable' from command line to 'False'
[0.271s] Level 5:colcon.colcon_core.verb:set package 'cobot_fds' build argument 'cmake_clean_cache' from command line to 'False'
[0.271s] Level 5:colcon.colcon_core.verb:set package 'cobot_fds' build argument 'cmake_clean_first' from command line to 'False'
[0.271s] Level 5:colcon.colcon_core.verb:set package 'cobot_fds' build argument 'cmake_force_configure' from command line to 'False'
[0.271s] Level 5:colcon.colcon_core.verb:set package 'cobot_fds' build argument 'ament_cmake_args' from command line to 'None'
[0.271s] Level 5:colcon.colcon_core.verb:set package 'cobot_fds' build argument 'catkin_cmake_args' from command line to 'None'
[0.271s] Level 5:colcon.colcon_core.verb:set package 'cobot_fds' build argument 'catkin_skip_building_tests' from command line to 'False'
[0.271s] DEBUG:colcon.colcon_core.verb:Building package 'cobot_fds' with the following arguments: {'ament_cmake_args': None, 'build_base': '/workspace/ros2_ws/build/cobot_fds', 'catkin_cmake_args': None, 'catkin_skip_building_tests': False, 'cmake_args': None, 'cmake_clean_cache': False, 'cmake_clean_first': False, 'cmake_force_configure': False, 'cmake_target': None, 'cmake_target_skip_unavailable': False, 'install_base': '/workspace/ros2_ws/install/cobot_fds', 'merge_install': False, 'path': '/workspace/ros2_ws/cobot_fds', 'symlink_install': False, 'test_result_base': None}
[0.271s] Level 5:colcon.colcon_core.verb:set package 'messages' build argument 'cmake_args' from command line to 'None'
[0.271s] Level 5:colcon.colcon_core.verb:set package 'messages' build argument 'cmake_target' from command line to 'None'
[0.271s] Level 5:colcon.colcon_core.verb:set package 'messages' build argument 'cmake_target_skip_unavailable' from command line to 'False'
[0.271s] Level 5:colcon.colcon_core.verb:set package 'messages' build argument 'cmake_clean_cache' from command line to 'False'
[0.271s] Level 5:colcon.colcon_core.verb:set package 'messages' build argument 'cmake_clean_first' from command line to 'False'
[0.271s] Level 5:colcon.colcon_core.verb:set package 'messages' build argument 'cmake_force_configure' from command line to 'False'
[0.271s] Level 5:colcon.colcon_core.verb:set package 'messages' build argument 'ament_cmake_args' from command line to 'None'
[0.271s] Level 5:colcon.colcon_core.verb:set package 'messages' build argument 'catkin_cmake_args' from command line to 'None'
[0.271s] Level 5:colcon.colcon_core.verb:set package 'messages' build argument 'catkin_skip_building_tests' from command line to 'False'
[0.271s] DEBUG:colcon.colcon_core.verb:Building package 'messages' with the following arguments: {'ament_cmake_args': None, 'build_base': '/workspace/ros2_ws/build/messages', 'catkin_cmake_args': None, 'catkin_skip_building_tests': False, 'cmake_args': None, 'cmake_clean_cache': False, 'cmake_clean_first': False, 'cmake_force_configure': False, 'cmake_target': None, 'cmake_target_skip_unavailable': False, 'install_base': '/workspace/ros2_ws/install/messages', 'merge_install': False, 'path': '/workspace/ros2_ws/messages', 'symlink_install': False, 'test_result_base': None}
[0.272s] INFO:colcon.colcon_core.executor:Executing jobs using 'parallel' executor
[0.273s] DEBUG:colcon.colcon_parallel_executor.executor.parallel:run_until_complete
[0.273s] INFO:colcon.colcon_ros.task.ament_cmake.build:Building ROS package in '/workspace/ros2_ws/cobot_fds' with build type 'ament_cmake'
[0.273s] INFO:colcon.colcon_cmake.task.cmake.build:Building CMake package in '/workspace/ros2_ws/cobot_fds'
[0.276s] INFO:colcon.colcon_core.plugin_system:Skipping extension 'colcon_core.shell.bat': Not used on non-Windows systems
[0.276s] INFO:colcon.colcon_core.shell:Skip shell extension 'powershell' for command environment: Not usable outside of PowerShell
[0.276s] DEBUG:colcon.colcon_core.shell:Skip shell extension 'dsv' for command environment
[0.280s] INFO:colcon.colcon_ros.task.ament_cmake.build:Building ROS package in '/workspace/ros2_ws/messages' with build type 'ament_cmake'
[0.281s] INFO:colcon.colcon_cmake.task.cmake.build:Building CMake package in '/workspace/ros2_ws/messages'
[0.281s] INFO:colcon.colcon_core.shell:Skip shell extension 'powershell' for command environment: Not usable outside of PowerShell
[0.281s] DEBUG:colcon.colcon_core.shell:Skip shell extension 'dsv' for command environment
[0.290s] DEBUG:colcon.colcon_core.event_handler.log_command:Invoking command in '/workspace/ros2_ws/build/cobot_fds': CMAKE_PREFIX_PATH=${CMAKE_PREFIX_PATH}:/opt/ros/iron /usr/bin/cmake --build /workspace/ros2_ws/build/cobot_fds -- -j8 -l8
[0.295s] DEBUG:colcon.colcon_core.event_handler.log_command:Invoking command in '/workspace/ros2_ws/build/messages': CMAKE_PREFIX_PATH=${CMAKE_PREFIX_PATH}:/opt/ros/iron /usr/bin/cmake --build /workspace/ros2_ws/build/messages -- -j8 -l8
[0.661s] DEBUG:colcon.colcon_core.event_handler.log_command:Invoked command in '/workspace/ros2_ws/build/messages' returned '0': CMAKE_PREFIX_PATH=${CMAKE_PREFIX_PATH}:/opt/ros/iron /usr/bin/cmake --build /workspace/ros2_ws/build/messages -- -j8 -l8
[0.762s] DEBUG:colcon.colcon_core.event_handler.log_command:Invoking command in '/workspace/ros2_ws/build/messages': CMAKE_PREFIX_PATH=${CMAKE_PREFIX_PATH}:/opt/ros/iron /usr/bin/cmake --install /workspace/ros2_ws/build/messages
[0.833s] Level 1:colcon.colcon_core.environment:create_environment_scripts_only(messages)
[0.834s] DEBUG:colcon.colcon_core.event_handler.log_command:Invoked command in '/workspace/ros2_ws/build/messages' returned '0': CMAKE_PREFIX_PATH=${CMAKE_PREFIX_PATH}:/opt/ros/iron /usr/bin/cmake --install /workspace/ros2_ws/build/messages
[0.838s] Level 1:colcon.colcon_core.environment:checking '/workspace/ros2_ws/install/messages' for CMake module files
[0.839s] Level 1:colcon.colcon_core.environment:checking '/workspace/ros2_ws/install/messages' for CMake config files
[0.840s] Level 1:colcon.colcon_core.shell:create_environment_hook('messages', 'cmake_prefix_path')
[0.841s] INFO:colcon.colcon_core.shell:Creating environment hook '/workspace/ros2_ws/install/messages/share/messages/hook/cmake_prefix_path.ps1'
[0.842s] INFO:colcon.colcon_core.shell:Creating environment descriptor '/workspace/ros2_ws/install/messages/share/messages/hook/cmake_prefix_path.dsv'
[0.843s] INFO:colcon.colcon_core.shell:Creating environment hook '/workspace/ros2_ws/install/messages/share/messages/hook/cmake_prefix_path.sh'
[0.844s] Level 1:colcon.colcon_core.environment:checking '/workspace/ros2_ws/install/messages/lib'
[0.844s] Level 1:colcon.colcon_core.shell:create_environment_hook('messages', 'ld_library_path_lib')
[0.845s] INFO:colcon.colcon_core.shell:Creating environment hook '/workspace/ros2_ws/install/messages/share/messages/hook/ld_library_path_lib.ps1'
[0.845s] INFO:colcon.colcon_core.shell:Creating environment descriptor '/workspace/ros2_ws/install/messages/share/messages/hook/ld_library_path_lib.dsv'
[0.846s] INFO:colcon.colcon_core.shell:Creating environment hook '/workspace/ros2_ws/install/messages/share/messages/hook/ld_library_path_lib.sh'
[0.846s] Level 1:colcon.colcon_core.environment:checking '/workspace/ros2_ws/install/messages/bin'
[0.847s] Level 1:colcon.colcon_core.environment:checking '/workspace/ros2_ws/install/messages/lib/pkgconfig/messages.pc'
[0.849s] Level 1:colcon.colcon_core.environment:checking '/workspace/ros2_ws/install/messages/lib/python3.10/site-packages'
[0.849s] Level 1:colcon.colcon_core.shell:create_environment_hook('messages', 'pythonpath')
[0.849s] INFO:colcon.colcon_core.shell:Creating environment hook '/workspace/ros2_ws/install/messages/share/messages/hook/pythonpath.ps1'
[0.850s] INFO:colcon.colcon_core.shell:Creating environment descriptor '/workspace/ros2_ws/install/messages/share/messages/hook/pythonpath.dsv'
[0.850s] INFO:colcon.colcon_core.shell:Creating environment hook '/workspace/ros2_ws/install/messages/share/messages/hook/pythonpath.sh'
[0.851s] Level 1:colcon.colcon_core.environment:checking '/workspace/ros2_ws/install/messages/bin'
[0.851s] INFO:colcon.colcon_core.shell:Creating package script '/workspace/ros2_ws/install/messages/share/messages/package.ps1'
[0.852s] INFO:colcon.colcon_core.shell:Creating package descriptor '/workspace/ros2_ws/install/messages/share/messages/package.dsv'
[0.853s] INFO:colcon.colcon_core.shell:Creating package script '/workspace/ros2_ws/install/messages/share/messages/package.sh'
[0.854s] INFO:colcon.colcon_core.shell:Creating package script '/workspace/ros2_ws/install/messages/share/messages/package.bash'
[0.855s] INFO:colcon.colcon_core.shell:Creating package script '/workspace/ros2_ws/install/messages/share/messages/package.zsh'
[0.856s] Level 1:colcon.colcon_core.environment:create_file_with_runtime_dependencies(/workspace/ros2_ws/install/messages/share/colcon-core/packages/messages)
[0.954s] Level 1:colcon.colcon_core.environment:create_environment_scripts_only(messages)
[0.954s] Level 1:colcon.colcon_core.environment:checking '/workspace/ros2_ws/install/messages' for CMake module files
[0.955s] Level 1:colcon.colcon_core.environment:checking '/workspace/ros2_ws/install/messages' for CMake config files
[0.956s] Level 1:colcon.colcon_core.shell:create_environment_hook('messages', 'cmake_prefix_path')
[0.956s] INFO:colcon.colcon_core.shell:Creating environment hook '/workspace/ros2_ws/install/messages/share/messages/hook/cmake_prefix_path.ps1'
[0.957s] INFO:colcon.colcon_core.shell:Creating environment descriptor '/workspace/ros2_ws/install/messages/share/messages/hook/cmake_prefix_path.dsv'
[0.958s] INFO:colcon.colcon_core.shell:Creating environment hook '/workspace/ros2_ws/install/messages/share/messages/hook/cmake_prefix_path.sh'
[0.959s] Level 1:colcon.colcon_core.environment:checking '/workspace/ros2_ws/install/messages/lib'
[0.959s] Level 1:colcon.colcon_core.shell:create_environment_hook('messages', 'ld_library_path_lib')
[0.960s] INFO:colcon.colcon_core.shell:Creating environment hook '/workspace/ros2_ws/install/messages/share/messages/hook/ld_library_path_lib.ps1'
[0.962s] INFO:colcon.colcon_core.shell:Creating environment descriptor '/workspace/ros2_ws/install/messages/share/messages/hook/ld_library_path_lib.dsv'
[0.962s] INFO:colcon.colcon_core.shell:Creating environment hook '/workspace/ros2_ws/install/messages/share/messages/hook/ld_library_path_lib.sh'
[0.963s] Level 1:colcon.colcon_core.environment:checking '/workspace/ros2_ws/install/messages/bin'
[0.963s] Level 1:colcon.colcon_core.environment:checking '/workspace/ros2_ws/install/messages/lib/pkgconfig/messages.pc'
[0.964s] Level 1:colcon.colcon_core.environment:checking '/workspace/ros2_ws/install/messages/lib/python3.10/site-packages'
[0.964s] Level 1:colcon.colcon_core.shell:create_environment_hook('messages', 'pythonpath')
[0.964s] INFO:colcon.colcon_core.shell:Creating environment hook '/workspace/ros2_ws/install/messages/share/messages/hook/pythonpath.ps1'
[0.965s] INFO:colcon.colcon_core.shell:Creating environment descriptor '/workspace/ros2_ws/install/messages/share/messages/hook/pythonpath.dsv'
[0.965s] INFO:colcon.colcon_core.shell:Creating environment hook '/workspace/ros2_ws/install/messages/share/messages/hook/pythonpath.sh'
[0.967s] Level 1:colcon.colcon_core.environment:checking '/workspace/ros2_ws/install/messages/bin'
[0.967s] INFO:colcon.colcon_core.shell:Creating package script '/workspace/ros2_ws/install/messages/share/messages/package.ps1'
[0.968s] INFO:colcon.colcon_core.shell:Creating package descriptor '/workspace/ros2_ws/install/messages/share/messages/package.dsv'
[0.969s] INFO:colcon.colcon_core.shell:Creating package script '/workspace/ros2_ws/install/messages/share/messages/package.sh'
[0.970s] INFO:colcon.colcon_core.shell:Creating package script '/workspace/ros2_ws/install/messages/share/messages/package.bash'
[0.970s] INFO:colcon.colcon_core.shell:Creating package script '/workspace/ros2_ws/install/messages/share/messages/package.zsh'
[0.971s] Level 1:colcon.colcon_core.environment:create_file_with_runtime_dependencies(/workspace/ros2_ws/install/messages/share/colcon-core/packages/messages)
[9.515s] DEBUG:colcon.colcon_core.event_handler.log_command:Invoked command in '/workspace/ros2_ws/build/cobot_fds' returned '0': CMAKE_PREFIX_PATH=${CMAKE_PREFIX_PATH}:/opt/ros/iron /usr/bin/cmake --build /workspace/ros2_ws/build/cobot_fds -- -j8 -l8
[9.564s] DEBUG:colcon.colcon_core.event_handler.log_command:Invoking command in '/workspace/ros2_ws/build/cobot_fds': CMAKE_PREFIX_PATH=${CMAKE_PREFIX_PATH}:/opt/ros/iron /usr/bin/cmake --install /workspace/ros2_ws/build/cobot_fds
[9.586s] Level 1:colcon.colcon_core.environment:create_environment_scripts_only(cobot_fds)
[9.586s] Level 1:colcon.colcon_core.environment:checking '/workspace/ros2_ws/install/cobot_fds' for CMake module files
[9.587s] DEBUG:colcon.colcon_core.event_handler.log_command:Invoked command in '/workspace/ros2_ws/build/cobot_fds' returned '0': CMAKE_PREFIX_PATH=${CMAKE_PREFIX_PATH}:/opt/ros/iron /usr/bin/cmake --install /workspace/ros2_ws/build/cobot_fds
[9.588s] Level 1:colcon.colcon_core.environment:checking '/workspace/ros2_ws/install/cobot_fds' for CMake config files
[9.589s] Level 1:colcon.colcon_core.shell:create_environment_hook('cobot_fds', 'cmake_prefix_path')
[9.589s] INFO:colcon.colcon_core.shell:Creating environment hook '/workspace/ros2_ws/install/cobot_fds/share/cobot_fds/hook/cmake_prefix_path.ps1'
[9.590s] INFO:colcon.colcon_core.shell:Creating environment descriptor '/workspace/ros2_ws/install/cobot_fds/share/cobot_fds/hook/cmake_prefix_path.dsv'
[9.591s] INFO:colcon.colcon_core.shell:Creating environment hook '/workspace/ros2_ws/install/cobot_fds/share/cobot_fds/hook/cmake_prefix_path.sh'
[9.592s] Level 1:colcon.colcon_core.environment:checking '/workspace/ros2_ws/install/cobot_fds/lib'
[9.592s] Level 1:colcon.colcon_core.environment:checking '/workspace/ros2_ws/install/cobot_fds/bin'
[9.593s] Level 1:colcon.colcon_core.environment:checking '/workspace/ros2_ws/install/cobot_fds/lib/pkgconfig/cobot_fds.pc'
[9.593s] Level 1:colcon.colcon_core.environment:checking '/workspace/ros2_ws/install/cobot_fds/lib/python3.10/site-packages'
[9.593s] Level 1:colcon.colcon_core.environment:checking '/workspace/ros2_ws/install/cobot_fds/bin'
[9.593s] INFO:colcon.colcon_core.shell:Creating package script '/workspace/ros2_ws/install/cobot_fds/share/cobot_fds/package.ps1'
[9.594s] INFO:colcon.colcon_core.shell:Creating package descriptor '/workspace/ros2_ws/install/cobot_fds/share/cobot_fds/package.dsv'
[9.594s] INFO:colcon.colcon_core.shell:Creating package script '/workspace/ros2_ws/install/cobot_fds/share/cobot_fds/package.sh'
[9.594s] INFO:colcon.colcon_core.shell:Creating package script '/workspace/ros2_ws/install/cobot_fds/share/cobot_fds/package.bash'
[9.595s] INFO:colcon.colcon_core.shell:Creating package script '/workspace/ros2_ws/install/cobot_fds/share/cobot_fds/package.zsh'
[9.595s] Level 1:colcon.colcon_core.environment:create_file_with_runtime_dependencies(/workspace/ros2_ws/install/cobot_fds/share/colcon-core/packages/cobot_fds)
[9.633s] Level 1:colcon.colcon_core.environment:create_environment_scripts_only(cobot_fds)
[9.634s] Level 1:colcon.colcon_core.environment:checking '/workspace/ros2_ws/install/cobot_fds' for CMake module files
[9.635s] Level 1:colcon.colcon_core.environment:checking '/workspace/ros2_ws/install/cobot_fds' for CMake config files
[9.636s] Level 1:colcon.colcon_core.shell:create_environment_hook('cobot_fds', 'cmake_prefix_path')
[9.636s] INFO:colcon.colcon_core.shell:Creating environment hook '/workspace/ros2_ws/install/cobot_fds/share/cobot_fds/hook/cmake_prefix_path.ps1'
[9.637s] INFO:colcon.colcon_core.shell:Creating environment descriptor '/workspace/ros2_ws/install/cobot_fds/share/cobot_fds/hook/cmake_prefix_path.dsv'
[9.638s] INFO:colcon.colcon_core.shell:Creating environment hook '/workspace/ros2_ws/install/cobot_fds/share/cobot_fds/hook/cmake_prefix_path.sh'
[9.639s] Level 1:colcon.colcon_core.environment:checking '/workspace/ros2_ws/install/cobot_fds/lib'
[9.639s] Level 1:colcon.colcon_core.environment:checking '/workspace/ros2_ws/install/cobot_fds/bin'
[9.639s] Level 1:colcon.colcon_core.environment:checking '/workspace/ros2_ws/install/cobot_fds/lib/pkgconfig/cobot_fds.pc'
[9.640s] Level 1:colcon.colcon_core.environment:checking '/workspace/ros2_ws/install/cobot_fds/lib/python3.10/site-packages'
[9.640s] Level 1:colcon.colcon_core.environment:checking '/workspace/ros2_ws/install/cobot_fds/bin'
[9.641s] INFO:colcon.colcon_core.shell:Creating package script '/workspace/ros2_ws/install/cobot_fds/share/cobot_fds/package.ps1'
[9.642s] INFO:colcon.colcon_core.shell:Creating package descriptor '/workspace/ros2_ws/install/cobot_fds/share/cobot_fds/package.dsv'
[9.643s] INFO:colcon.colcon_core.shell:Creating package script '/workspace/ros2_ws/install/cobot_fds/share/cobot_fds/package.sh'
[9.644s] INFO:colcon.colcon_core.shell:Creating package script '/workspace/ros2_ws/install/cobot_fds/share/cobot_fds/package.bash'
[9.645s] INFO:colcon.colcon_core.shell:Creating package script '/workspace/ros2_ws/install/cobot_fds/share/cobot_fds/package.zsh'
[9.645s] Level 1:colcon.colcon_core.environment:create_file_with_runtime_dependencies(/workspace/ros2_ws/install/cobot_fds/share/colcon-core/packages/cobot_fds)
[9.645s] DEBUG:colcon.colcon_parallel_executor.executor.parallel:closing loop
[9.646s] DEBUG:colcon.colcon_parallel_executor.executor.parallel:loop closed
[9.647s] DEBUG:colcon.colcon_parallel_executor.executor.parallel:run_until_complete finished with '0'
[9.647s] DEBUG:colcon.colcon_core.event_reactor:joining thread
[9.656s] INFO:colcon.colcon_core.plugin_system:Skipping extension 'colcon_notification.desktop_notification.notify_send': Could not find 'notify-send'
[9.656s] INFO:colcon.colcon_core.plugin_system:Skipping extension 'colcon_notification.desktop_notification.terminal_notifier': Not used on non-Darwin systems
[9.656s] INFO:colcon.colcon_core.plugin_system:Skipping extension 'colcon_notification.desktop_notification.win32': Not used on non-Windows systems
[9.657s] INFO:colcon.colcon_notification.desktop_notification:Sending desktop notification using 'notify2'
[9.657s] DEBUG:colcon.colcon_notification.desktop_notification.notify2:Failed to initialize notify2: org.freedesktop.DBus.Error.NotSupported: Unable to autolaunch a dbus-daemon without a $DISPLAY for X11
[9.657s] DEBUG:colcon.colcon_core.event_reactor:joined thread
[9.658s] INFO:colcon.colcon_core.shell:Creating prefix script '/workspace/ros2_ws/install/local_setup.ps1'
[9.660s] INFO:colcon.colcon_core.shell:Creating prefix util module '/workspace/ros2_ws/install/_local_setup_util_ps1.py'
[9.664s] INFO:colcon.colcon_core.shell:Creating prefix chain script '/workspace/ros2_ws/install/setup.ps1'
[9.667s] INFO:colcon.colcon_core.shell:Creating prefix script '/workspace/ros2_ws/install/local_setup.sh'
[9.668s] INFO:colcon.colcon_core.shell:Creating prefix util module '/workspace/ros2_ws/install/_local_setup_util_sh.py'
[9.669s] INFO:colcon.colcon_core.shell:Creating prefix chain script '/workspace/ros2_ws/install/setup.sh'
[9.671s] INFO:colcon.colcon_core.shell:Creating prefix script '/workspace/ros2_ws/install/local_setup.bash'
[9.672s] INFO:colcon.colcon_core.shell:Creating prefix chain script '/workspace/ros2_ws/install/setup.bash'
[9.674s] INFO:colcon.colcon_core.shell:Creating prefix script '/workspace/ros2_ws/install/local_setup.zsh'
[9.674s] INFO:colcon.colcon_core.shell:Creating prefix chain script '/workspace/ros2_ws/install/setup.zsh'
