[0.011s] Invoking command in '/workspace/ros2_ws/build/messages': CMAKE_PREFIX_PATH=/opt/ros/iron /usr/bin/cmake /workspace/ros2_ws/messages -DCMAKE_INSTALL_PREFIX=/workspace/ros2_ws/install/messages
[0.095s] -- The C compiler identification is GNU 11.4.0
[0.161s] -- The CXX compiler identification is GNU 11.4.0
[0.174s] -- Detecting C compiler ABI info
[0.263s] -- Detecting C compiler ABI info - done
[0.275s] -- Check for working C compiler: /usr/bin/cc - skipped
[0.276s] -- Detecting C compile features
[0.276s] -- Detecting C compile features - done
[0.278s] -- Detecting CXX compiler ABI info
[0.376s] -- Detecting CXX compiler ABI info - done
[0.388s] -- Check for working CXX compiler: /usr/bin/c++ - skipped
[0.389s] -- Detecting CXX compile features
[0.389s] -- Detecting CXX compile features - done
[0.390s] -- Found ament_cmake: 2.0.5 (/opt/ros/iron/share/ament_cmake/cmake)
[0.554s] -- Found Python3: /usr/bin/python3.10 (found version "3.10.12") found components: Interpreter 
[0.652s] -- Found rosidl_default_generators: 1.5.0 (/opt/ros/iron/share/rosidl_default_generators/cmake)
[0.660s] -- Using all available rosidl_typesupport_c: rosidl_typesupport_fastrtps_c;rosidl_typesupport_introspection_c
[0.692s] -- Using all available rosidl_typesupport_cpp: rosidl_typesupport_fastrtps_cpp;rosidl_typesupport_introspection_cpp
[0.725s] -- Found rosidl_adapter: 4.0.1 (/opt/ros/iron/share/rosidl_adapter/cmake)
[0.835s] [31mCMake Error at /opt/ros/iron/share/rosidl_adapter/cmake/rosidl_adapt_interfaces.cmake:57 (message):
[0.835s]   execute_process(/usr/bin/python3.10 -m rosidl_adapter --package-name
[0.835s]   messages --arguments-file
[0.835s]   /workspace/ros2_ws/build/messages/rosidl_adapter__arguments__messages.json
[0.835s]   --output-dir /workspace/ros2_ws/build/messages/rosidl_adapter/messages
[0.835s]   --output-file
[0.836s]   /workspace/ros2_ws/build/messages/rosidl_adapter/messages.idls) returned
[0.836s]   error code 1:
[0.836s] 
[0.836s]   Error processing 'float32 VBatt' of 'messages/CobotRawStatus': ''VBatt' is
[0.836s]   an invalid field name.  It should have the pattern
[0.836s]   '^(?!.*__)(?!.*_$)[a-z][a-z0-9_]*$''
[0.837s] 
[0.837s]   Traceback (most recent call last):
[0.837s] 
[0.837s]     File "/usr/lib/python3.10/runpy.py", line 196, in _run_module_as_main
[0.837s]       return _run_code(code, main_globals, None,
[0.837s]     File "/usr/lib/python3.10/runpy.py", line 86, in _run_code
[0.838s]       exec(code, run_globals)
[0.838s]     File "/opt/ros/iron/lib/python3.10/site-packages/rosidl_adapter/__main__.py", line 19, in <module>
[0.838s]       sys.exit(main())
[0.838s]     File "/opt/ros/iron/lib/python3.10/site-packages/rosidl_adapter/main.py", line 53, in main
[0.838s]       abs_idl_file = convert_to_idl(
[0.838s]     File "/opt/ros/iron/lib/python3.10/site-packages/rosidl_adapter/__init__.py", line 19, in convert_to_idl
[0.839s]       return convert_msg_to_idl(
[0.839s]     File "/opt/ros/iron/lib/python3.10/site-packages/rosidl_adapter/msg/__init__.py", line 28, in convert_msg_to_idl
[0.839s]       msg = parse_message_string(package_name, input_file.stem, content)
[0.839s]     File "/opt/ros/iron/lib/python3.10/site-packages/rosidl_adapter/parser.py", line 520, in parse_message_string
[0.839s]       fields.append(Field(
[0.839s]     File "/opt/ros/iron/lib/python3.10/site-packages/rosidl_adapter/parser.py", line 355, in __init__
[0.839s]       raise NameError(
[0.840s] 
[0.840s]   NameError: 'VBatt' is an invalid field name.  It should have the pattern
[0.840s]   '^(?!.*__)(?!.*_$)[a-z][a-z0-9_]*$'
[0.840s] 
[0.840s] Call Stack (most recent call first):
[0.841s]   /opt/ros/iron/share/rosidl_cmake/cmake/rosidl_generate_interfaces.cmake:132 (rosidl_adapt_interfaces)
[0.841s]   CMakeLists.txt:12 (rosidl_generate_interfaces)
[0.841s] 
[0.841s] [0m
[0.841s] -- Configuring incomplete, errors occurred!
[0.842s] See also "/workspace/ros2_ws/build/messages/CMakeFiles/CMakeOutput.log".
[0.843s] Invoked command in '/workspace/ros2_ws/build/messages' returned '1': CMAKE_PREFIX_PATH=/opt/ros/iron /usr/bin/cmake /workspace/ros2_ws/messages -DCMAKE_INSTALL_PREFIX=/workspace/ros2_ws/install/messages
