[35m[1mConsolidate compiler generated dependencies of target cobot_drive_main[0m
[100%] Built target cobot_drive_main
-- Install configuration: ""
-- Up-to-date: /workspace/ros2/install/cobot_drive/lib/cobot_drive/cobot_drive_main
-- Up-to-date: /workspace/ros2/install/cobot_drive/share/cobot_drive//launch
-- Up-to-date: /workspace/ros2/install/cobot_drive/share/cobot_drive//launch/pipe_launch.py
-- Up-to-date: /workspace/ros2/install/cobot_drive/share/ament_index/resource_index/package_run_dependencies/cobot_drive
-- Up-to-date: /workspace/ros2/install/cobot_drive/share/ament_index/resource_index/parent_prefix_path/cobot_drive
-- Up-to-date: /workspace/ros2/install/cobot_drive/share/cobot_drive/environment/ament_prefix_path.sh
-- Up-to-date: /workspace/ros2/install/cobot_drive/share/cobot_drive/environment/ament_prefix_path.dsv
-- Up-to-date: /workspace/ros2/install/cobot_drive/share/cobot_drive/environment/path.sh
-- Up-to-date: /workspace/ros2/install/cobot_drive/share/cobot_drive/environment/path.dsv
-- Up-to-date: /workspace/ros2/install/cobot_drive/share/cobot_drive/local_setup.bash
-- Up-to-date: /workspace/ros2/install/cobot_drive/share/cobot_drive/local_setup.sh
-- Up-to-date: /workspace/ros2/install/cobot_drive/share/cobot_drive/local_setup.zsh
-- Up-to-date: /workspace/ros2/install/cobot_drive/share/cobot_drive/local_setup.dsv
-- Installing: /workspace/ros2/install/cobot_drive/share/cobot_drive/package.dsv
-- Up-to-date: /workspace/ros2/install/cobot_drive/share/ament_index/resource_index/packages/cobot_drive
-- Up-to-date: /workspace/ros2/install/cobot_drive/share/cobot_drive/cmake/cobot_driveConfig.cmake
-- Up-to-date: /workspace/ros2/install/cobot_drive/share/cobot_drive/cmake/cobot_driveConfig-version.cmake
-- Up-to-date: /workspace/ros2/install/cobot_drive/share/cobot_drive/package.xml
